[ 2016-12-25T09:37:06+08:00 ] 127.0.0.1 /html5-xidian/Public/home/images/live.png
INFO: [ app_init ] --START--
INFO: Run Behavior\BuildLiteBehavior [ RunTime:0.000020s ]
INFO: [ app_init ] --END-- [ RunTime:0.000739s ]
ERR: 无法加载模块:Public

[ 2016-12-25T09:38:00+08:00 ] 127.0.0.1 /html5-xidian/Public/home/images/live.png
INFO: [ app_init ] --START--
INFO: Run Behavior\BuildLiteBehavior [ RunTime:0.000029s ]
INFO: [ app_init ] --END-- [ RunTime:0.000729s ]
ERR: 无法加载模块:Public

[ 2016-12-25T09:58:59+08:00 ] 127.0.0.1 /html5-xidian/Public/home/images/live.png
INFO: [ app_init ] --START--
INFO: Run Behavior\BuildLiteBehavior [ RunTime:0.000017s ]
INFO: [ app_init ] --END-- [ RunTime:0.000511s ]
ERR: 无法加载模块:Public

[ 2016-12-25T10:00:11+08:00 ] 127.0.0.1 /html5-xidian/Public/home/images/live.png
INFO: [ app_init ] --START--
INFO: Run Behavior\BuildLiteBehavior [ RunTime:0.000034s ]
INFO: [ app_init ] --END-- [ RunTime:0.000992s ]
ERR: 无法加载模块:Public

[ 2016-12-25T10:19:23+08:00 ] 127.0.0.1 /html5-xidian/Public/home/images/live.png
INFO: [ app_init ] --START--
INFO: Run Behavior\BuildLiteBehavior [ RunTime:0.000015s ]
INFO: [ app_init ] --END-- [ RunTime:0.000415s ]
ERR: 无法加载模块:Public

[ 2016-12-25T10:30:21+08:00 ] 127.0.0.1 /html5-xidian/Public/home/images/live.png
INFO: [ app_init ] --START--
INFO: Run Behavior\BuildLiteBehavior [ RunTime:0.000037s ]
INFO: [ app_init ] --END-- [ RunTime:0.000796s ]
ERR: 无法加载模块:Public

[ 2016-12-25T11:45:10+08:00 ] 127.0.0.1 /html5-xidian/Public/home/images/live.png
INFO: [ app_init ] --START--
INFO: Run Behavior\BuildLiteBehavior [ RunTime:0.000036s ]
INFO: [ app_init ] --END-- [ RunTime:0.001352s ]
ERR: 无法加载模块:Public

[ 2016-12-25T19:55:33+08:00 ] 127.0.0.1 /html5-xidian/Public/uploads/2016-12-25/585fa7ab2c679.jpg
INFO: [ app_init ] --START--
INFO: Run Behavior\BuildLiteBehavior [ RunTime:0.000032s ]
INFO: [ app_init ] --END-- [ RunTime:0.000769s ]
ERR: 无法加载模块:Public

[ 2016-12-25T19:55:33+08:00 ] 127.0.0.1 /html5-xidian/Public/uploads/2016-12-25/585fa66748245.jpg
INFO: [ app_init ] --START--
INFO: Run Behavior\BuildLiteBehavior [ RunTime:0.000024s ]
INFO: [ app_init ] --END-- [ RunTime:0.000595s ]
ERR: 无法加载模块:Public

[ 2016-12-25T19:55:33+08:00 ] 127.0.0.1 /html5-xidian/Public/uploads/2016-12-25/585faa49f37ef.jpg
INFO: [ app_init ] --START--
INFO: Run Behavior\BuildLiteBehavior [ RunTime:0.000027s ]
INFO: [ app_init ] --END-- [ RunTime:0.000608s ]
ERR: 无法加载模块:Public

[ 2016-12-25T19:55:33+08:00 ] 127.0.0.1 /html5-xidian/Public/uploads/2016-12-25/585fa9cc74c86.jpg
INFO: [ app_init ] --START--
INFO: Run Behavior\BuildLiteBehavior [ RunTime:0.000028s ]
INFO: [ app_init ] --END-- [ RunTime:0.000753s ]
ERR: 无法加载模块:Public

[ 2016-12-25T19:55:33+08:00 ] 127.0.0.1 /html5-xidian/Public/uploads/2016-12-25/585fab4ab520e.jpg
INFO: [ app_init ] --START--
INFO: Run Behavior\BuildLiteBehavior [ RunTime:0.000030s ]
INFO: [ app_init ] --END-- [ RunTime:0.000975s ]
ERR: 无法加载模块:Public

[ 2016-12-25T19:55:33+08:00 ] 127.0.0.1 /html5-xidian/Public/uploads/2016-12-25/585fa7ab2c679.jpg
INFO: [ app_init ] --START--
INFO: Run Behavior\BuildLiteBehavior [ RunTime:0.000028s ]
INFO: [ app_init ] --END-- [ RunTime:0.000589s ]
ERR: 无法加载模块:Public

[ 2016-12-25T19:55:33+08:00 ] 127.0.0.1 /html5-xidian/Public/uploads/2016-12-25/585fa6f07e647.jpg
INFO: [ app_init ] --START--
INFO: Run Behavior\BuildLiteBehavior [ RunTime:0.000027s ]
INFO: [ app_init ] --END-- [ RunTime:0.000632s ]
ERR: 无法加载模块:Public

[ 2016-12-25T19:55:33+08:00 ] 127.0.0.1 /html5-xidian/Public/uploads/2016-12-25/585fa93c9adc2.jpg
INFO: [ app_init ] --START--
INFO: Run Behavior\BuildLiteBehavior [ RunTime:0.000028s ]
INFO: [ app_init ] --END-- [ RunTime:0.000647s ]
ERR: 无法加载模块:Public

[ 2016-12-25T19:55:33+08:00 ] 127.0.0.1 /html5-xidian/Public/uploads/2016-12-25/585fa66748245.jpg
INFO: [ app_init ] --START--
INFO: Run Behavior\BuildLiteBehavior [ RunTime:0.000028s ]
INFO: [ app_init ] --END-- [ RunTime:0.001554s ]
ERR: 无法加载模块:Public

[ 2016-12-25T19:55:33+08:00 ] 127.0.0.1 /html5-xidian/Public/uploads/2016-12-25/585fa8d49fabd.jpg
INFO: [ app_init ] --START--
INFO: Run Behavior\BuildLiteBehavior [ RunTime:0.000031s ]
INFO: [ app_init ] --END-- [ RunTime:0.000676s ]
ERR: 无法加载模块:Public

[ 2016-12-25T19:55:33+08:00 ] 127.0.0.1 /html5-xidian/Public/uploads/2016-12-25/585fa859c7622.jpg
INFO: [ app_init ] --START--
INFO: Run Behavior\BuildLiteBehavior [ RunTime:0.000031s ]
INFO: [ app_init ] --END-- [ RunTime:0.000737s ]
ERR: 无法加载模块:Public

[ 2016-12-25T19:59:19+08:00 ] 127.0.0.1 /html5-xidian/Public/uploads/2016-12-25/585f86efe1c17.jpg
INFO: [ app_init ] --START--
INFO: Run Behavior\BuildLiteBehavior [ RunTime:0.000031s ]
INFO: [ app_init ] --END-- [ RunTime:0.000703s ]
ERR: 无法加载模块:Public

[ 2016-12-25T19:59:19+08:00 ] 127.0.0.1 /html5-xidian/Public/uploads/2016-12-25/585f855d3d7df.jpg
INFO: [ app_init ] --START--
INFO: Run Behavior\BuildLiteBehavior [ RunTime:0.000027s ]
INFO: [ app_init ] --END-- [ RunTime:0.000622s ]
ERR: 无法加载模块:Public

[ 2016-12-25T19:59:20+08:00 ] 127.0.0.1 /html5-xidian/Public/uploads/2016-12-25/585f85d3053c6.jpg
INFO: [ app_init ] --START--
INFO: Run Behavior\BuildLiteBehavior [ RunTime:0.000030s ]
INFO: [ app_init ] --END-- [ RunTime:0.000890s ]
ERR: 无法加载模块:Public

[ 2016-12-25T19:59:20+08:00 ] 127.0.0.1 /html5-xidian/Public/uploads/2016-12-25/585f85a08a32b.jpg
INFO: [ app_init ] --START--
INFO: Run Behavior\BuildLiteBehavior [ RunTime:0.000031s ]
INFO: [ app_init ] --END-- [ RunTime:0.000670s ]
ERR: 无法加载模块:Public

[ 2016-12-25T19:59:20+08:00 ] 127.0.0.1 /html5-xidian/Public/uploads/2016-12-25/585f861b7c7f0.jpg
INFO: [ app_init ] --START--
INFO: Run Behavior\BuildLiteBehavior [ RunTime:0.000025s ]
INFO: [ app_init ] --END-- [ RunTime:0.000450s ]
ERR: 无法加载模块:Public

[ 2016-12-25T19:59:20+08:00 ] 127.0.0.1 /html5-xidian/Public/uploads/2016-12-25/585f83dd01fd9.jpg
INFO: [ app_init ] --START--
INFO: Run Behavior\BuildLiteBehavior [ RunTime:0.000029s ]
INFO: [ app_init ] --END-- [ RunTime:0.000661s ]
ERR: 无法加载模块:Public

[ 2016-12-25T19:59:20+08:00 ] 127.0.0.1 /html5-xidian/Public/uploads/2016-12-25/585f87a6276d1.jpg
INFO: [ app_init ] --START--
INFO: Run Behavior\BuildLiteBehavior [ RunTime:0.000029s ]
INFO: [ app_init ] --END-- [ RunTime:0.001083s ]
ERR: 无法加载模块:Public

[ 2016-12-25T19:59:20+08:00 ] 127.0.0.1 /html5-xidian/Public/uploads/2016-12-25/585f874c31c88.jpg
INFO: [ app_init ] --START--
INFO: Run Behavior\BuildLiteBehavior [ RunTime:0.000031s ]
INFO: [ app_init ] --END-- [ RunTime:0.001092s ]
ERR: 无法加载模块:Public

[ 2016-12-25T19:59:20+08:00 ] 127.0.0.1 /html5-xidian/Public/uploads/2016-12-25/585f881bd1013.jpg
INFO: [ app_init ] --START--
INFO: Run Behavior\BuildLiteBehavior [ RunTime:0.000032s ]
INFO: [ app_init ] --END-- [ RunTime:0.001553s ]
ERR: 无法加载模块:Public

[ 2016-12-25T19:59:20+08:00 ] 127.0.0.1 /html5-xidian/Public/uploads/2016-12-25/585f87db0ae67.jpg
INFO: [ app_init ] --START--
INFO: Run Behavior\BuildLiteBehavior [ RunTime:0.000027s ]
INFO: [ app_init ] --END-- [ RunTime:0.000880s ]
ERR: 无法加载模块:Public

[ 2016-12-25T19:59:20+08:00 ] 127.0.0.1 /html5-xidian/Public/uploads/2016-12-25/585f8847850de.jpg
INFO: [ app_init ] --START--
INFO: Run Behavior\BuildLiteBehavior [ RunTime:0.000017s ]
INFO: [ app_init ] --END-- [ RunTime:0.000520s ]
ERR: 无法加载模块:Public

[ 2016-12-25T19:59:20+08:00 ] 127.0.0.1 /html5-xidian/Public/uploads/2016-12-25/585f887fee4ff.jpg
INFO: [ app_init ] --START--
INFO: Run Behavior\BuildLiteBehavior [ RunTime:0.000019s ]
INFO: [ app_init ] --END-- [ RunTime:0.000462s ]
ERR: 无法加载模块:Public

[ 2016-12-25T19:59:20+08:00 ] 127.0.0.1 /html5-xidian/Public/uploads/2016-12-25/585f88a8aeabd.jpg
INFO: [ app_init ] --START--
INFO: Run Behavior\BuildLiteBehavior [ RunTime:0.000029s ]
INFO: [ app_init ] --END-- [ RunTime:0.000580s ]
ERR: 无法加载模块:Public

[ 2016-12-25T19:59:20+08:00 ] 127.0.0.1 /html5-xidian/Public/uploads/2016-12-25/585f88d3dbfb5.jpg
INFO: [ app_init ] --START--
INFO: Run Behavior\BuildLiteBehavior [ RunTime:0.000025s ]
INFO: [ app_init ] --END-- [ RunTime:0.000448s ]
ERR: 无法加载模块:Public

[ 2016-12-25T19:59:20+08:00 ] 127.0.0.1 /html5-xidian/Public/uploads/2016-12-25/585f893bbaba3.jpg
INFO: [ app_init ] --START--
INFO: Run Behavior\BuildLiteBehavior [ RunTime:0.000026s ]
INFO: [ app_init ] --END-- [ RunTime:0.000463s ]
ERR: 无法加载模块:Public

[ 2016-12-25T19:59:20+08:00 ] 127.0.0.1 /html5-xidian/Public/uploads/2016-12-25/585f88fe210f7.jpg
INFO: [ app_init ] --START--
INFO: Run Behavior\BuildLiteBehavior [ RunTime:0.000020s ]
INFO: [ app_init ] --END-- [ RunTime:0.000528s ]
ERR: 无法加载模块:Public

[ 2016-12-25T19:59:20+08:00 ] 127.0.0.1 /html5-xidian/Public/uploads/2016-12-25/585f8963e705e.jpg
INFO: [ app_init ] --START--
INFO: Run Behavior\BuildLiteBehavior [ RunTime:0.000031s ]
INFO: [ app_init ] --END-- [ RunTime:0.000715s ]
ERR: 无法加载模块:Public

[ 2016-12-25T19:59:20+08:00 ] 127.0.0.1 /html5-xidian/Public/uploads/2016-12-25/585f898fa8e9d.jpg
INFO: [ app_init ] --START--
INFO: Run Behavior\BuildLiteBehavior [ RunTime:0.000039s ]
INFO: [ app_init ] --END-- [ RunTime:0.000946s ]
ERR: 无法加载模块:Public

[ 2016-12-25T19:59:20+08:00 ] 127.0.0.1 /html5-xidian/Public/uploads/2016-12-25/585f89ede2e95.jpg
INFO: [ app_init ] --START--
INFO: Run Behavior\BuildLiteBehavior [ RunTime:0.000029s ]
INFO: [ app_init ] --END-- [ RunTime:0.000627s ]
ERR: 无法加载模块:Public

[ 2016-12-25T19:59:20+08:00 ] 127.0.0.1 /html5-xidian/Public/uploads/2016-12-25/585f89c69d931.jpg
INFO: [ app_init ] --START--
INFO: Run Behavior\BuildLiteBehavior [ RunTime:0.000028s ]
INFO: [ app_init ] --END-- [ RunTime:0.000790s ]
ERR: 无法加载模块:Public

[ 2016-12-25T19:59:20+08:00 ] 127.0.0.1 /html5-xidian/Public/uploads/2016-12-25/585f8a9d0f605.jpg
INFO: [ app_init ] --START--
INFO: Run Behavior\BuildLiteBehavior [ RunTime:0.000031s ]
INFO: [ app_init ] --END-- [ RunTime:0.002004s ]
ERR: 无法加载模块:Public

[ 2016-12-25T19:59:20+08:00 ] 127.0.0.1 /html5-xidian/Public/uploads/2016-12-25/585f8a70cc2a8.jpg
INFO: [ app_init ] --START--
INFO: Run Behavior\BuildLiteBehavior [ RunTime:0.000034s ]
INFO: [ app_init ] --END-- [ RunTime:0.001558s ]
ERR: 无法加载模块:Public

[ 2016-12-25T19:59:20+08:00 ] 127.0.0.1 /html5-xidian/Public/uploads/2016-12-25/585f8a4d4a615.jpg
INFO: [ app_init ] --START--
INFO: Run Behavior\BuildLiteBehavior [ RunTime:0.000037s ]
INFO: [ app_init ] --END-- [ RunTime:0.001977s ]
ERR: 无法加载模块:Public

[ 2016-12-25T19:59:20+08:00 ] 127.0.0.1 /html5-xidian/Public/uploads/2016-12-25/585f8a2073e2a.jpg
INFO: [ app_init ] --START--
INFO: Run Behavior\BuildLiteBehavior [ RunTime:0.000034s ]
INFO: [ app_init ] --END-- [ RunTime:0.001489s ]
ERR: 无法加载模块:Public

[ 2016-12-25T19:59:24+08:00 ] 127.0.0.1 /html5-xidian/Public/uploads/2016-12-25/585fa6f07e647.jpg
INFO: [ app_init ] --START--
INFO: Run Behavior\BuildLiteBehavior [ RunTime:0.000027s ]
INFO: [ app_init ] --END-- [ RunTime:0.001184s ]
ERR: 无法加载模块:Public

[ 2016-12-25T19:59:24+08:00 ] 127.0.0.1 /html5-xidian/Public/uploads/2016-12-25/585fa66748245.jpg
INFO: [ app_init ] --START--
INFO: Run Behavior\BuildLiteBehavior [ RunTime:0.000033s ]
INFO: [ app_init ] --END-- [ RunTime:0.001116s ]
ERR: 无法加载模块:Public

[ 2016-12-25T19:59:24+08:00 ] 127.0.0.1 /html5-xidian/Public/uploads/2016-12-25/585fa7ab2c679.jpg
INFO: [ app_init ] --START--
INFO: Run Behavior\BuildLiteBehavior [ RunTime:0.000046s ]
INFO: [ app_init ] --END-- [ RunTime:0.001038s ]
ERR: 无法加载模块:Public

[ 2016-12-25T19:59:24+08:00 ] 127.0.0.1 /html5-xidian/Public/uploads/2016-12-25/585fa93c9adc2.jpg
INFO: [ app_init ] --START--
INFO: Run Behavior\BuildLiteBehavior [ RunTime:0.000026s ]
INFO: [ app_init ] --END-- [ RunTime:0.000817s ]
ERR: 无法加载模块:Public

[ 2016-12-25T19:59:24+08:00 ] 127.0.0.1 /html5-xidian/Public/uploads/2016-12-25/585fa859c7622.jpg
INFO: [ app_init ] --START--
INFO: Run Behavior\BuildLiteBehavior [ RunTime:0.000026s ]
INFO: [ app_init ] --END-- [ RunTime:0.000606s ]
ERR: 无法加载模块:Public

[ 2016-12-25T19:59:24+08:00 ] 127.0.0.1 /html5-xidian/Public/uploads/2016-12-25/585fa9cc74c86.jpg
INFO: [ app_init ] --START--
INFO: Run Behavior\BuildLiteBehavior [ RunTime:0.000028s ]
INFO: [ app_init ] --END-- [ RunTime:0.001120s ]
ERR: 无法加载模块:Public

[ 2016-12-25T19:59:24+08:00 ] 127.0.0.1 /html5-xidian/Public/uploads/2016-12-25/585faa49f37ef.jpg
INFO: [ app_init ] --START--
INFO: Run Behavior\BuildLiteBehavior [ RunTime:0.000031s ]
INFO: [ app_init ] --END-- [ RunTime:0.001025s ]
ERR: 无法加载模块:Public

[ 2016-12-25T19:59:24+08:00 ] 127.0.0.1 /html5-xidian/Public/uploads/2016-12-25/585fab4ab520e.jpg
INFO: [ app_init ] --START--
INFO: Run Behavior\BuildLiteBehavior [ RunTime:0.000031s ]
INFO: [ app_init ] --END-- [ RunTime:0.000701s ]
ERR: 无法加载模块:Public

[ 2016-12-25T19:59:24+08:00 ] 127.0.0.1 /html5-xidian/Public/uploads/2016-12-25/585fa8d49fabd.jpg
INFO: [ app_init ] --START--
INFO: Run Behavior\BuildLiteBehavior [ RunTime:0.000043s ]
INFO: [ app_init ] --END-- [ RunTime:0.000596s ]
ERR: 无法加载模块:Public

[ 2016-12-25T19:59:24+08:00 ] 127.0.0.1 /html5-xidian/Public/uploads/2016-12-25/585fa859c7622.jpg
INFO: [ app_init ] --START--
INFO: Run Behavior\BuildLiteBehavior [ RunTime:0.000029s ]
INFO: [ app_init ] --END-- [ RunTime:0.000828s ]
ERR: 无法加载模块:Public

[ 2016-12-25T19:59:24+08:00 ] 127.0.0.1 /html5-xidian/Public/uploads/2016-12-25/585fa6f07e647.jpg
INFO: [ app_init ] --START--
INFO: Run Behavior\BuildLiteBehavior [ RunTime:0.000025s ]
INFO: [ app_init ] --END-- [ RunTime:0.000625s ]
ERR: 无法加载模块:Public

[ 2016-12-25T19:59:24+08:00 ] 127.0.0.1 /html5-xidian/Public/uploads/2016-12-25/585fa93c9adc2.jpg
INFO: [ app_init ] --START--
INFO: Run Behavior\BuildLiteBehavior [ RunTime:0.000034s ]
INFO: [ app_init ] --END-- [ RunTime:0.000821s ]
ERR: 无法加载模块:Public

[ 2016-12-25T19:59:24+08:00 ] 127.0.0.1 /html5-xidian/Public/uploads/2016-12-25/585fa7ab2c679.jpg
INFO: [ app_init ] --START--
INFO: Run Behavior\BuildLiteBehavior [ RunTime:0.000028s ]
INFO: [ app_init ] --END-- [ RunTime:0.001856s ]
ERR: 无法加载模块:Public

[ 2016-12-25T19:59:24+08:00 ] 127.0.0.1 /html5-xidian/Public/uploads/2016-12-25/585fa66748245.jpg
INFO: [ app_init ] --START--
INFO: Run Behavior\BuildLiteBehavior [ RunTime:0.000028s ]
INFO: [ app_init ] --END-- [ RunTime:0.000657s ]
ERR: 无法加载模块:Public

[ 2016-12-25T19:59:24+08:00 ] 127.0.0.1 /html5-xidian/Public/uploads/2016-12-25/585fa9cc74c86.jpg
INFO: [ app_init ] --START--
INFO: Run Behavior\BuildLiteBehavior [ RunTime:0.000047s ]
INFO: [ app_init ] --END-- [ RunTime:0.000658s ]
ERR: 无法加载模块:Public

[ 2016-12-25T19:59:24+08:00 ] 127.0.0.1 /html5-xidian/Public/uploads/2016-12-25/585faa49f37ef.jpg
INFO: [ app_init ] --START--
INFO: Run Behavior\BuildLiteBehavior [ RunTime:0.000030s ]
INFO: [ app_init ] --END-- [ RunTime:0.000526s ]
ERR: 无法加载模块:Public

[ 2016-12-25T19:59:24+08:00 ] 127.0.0.1 /html5-xidian/Public/uploads/2016-12-25/585fab4ab520e.jpg
INFO: [ app_init ] --START--
INFO: Run Behavior\BuildLiteBehavior [ RunTime:0.000025s ]
INFO: [ app_init ] --END-- [ RunTime:0.000646s ]
ERR: 无法加载模块:Public

[ 2016-12-25T20:00:51+08:00 ] 127.0.0.1 /html5-xidian/Public/home/js/food_templet.js
INFO: [ app_init ] --START--
INFO: Run Behavior\BuildLiteBehavior [ RunTime:0.000032s ]
INFO: [ app_init ] --END-- [ RunTime:0.000721s ]
ERR: 无法加载模块:Public

[ 2016-12-25T20:02:16+08:00 ] 127.0.0.1 /html5-xidian/Public/home/js/food_templet.js
INFO: [ app_init ] --START--
INFO: Run Behavior\BuildLiteBehavior [ RunTime:0.000031s ]
INFO: [ app_init ] --END-- [ RunTime:0.000699s ]
ERR: 无法加载模块:Public

[ 2016-12-25T20:02:26+08:00 ] 127.0.0.1 /html5-xidian/Public/home/js/food_templet.js
INFO: [ app_init ] --START--
INFO: Run Behavior\BuildLiteBehavior [ RunTime:0.000029s ]
INFO: [ app_init ] --END-- [ RunTime:0.000725s ]
ERR: 无法加载模块:Public

[ 2016-12-25T20:02:32+08:00 ] 127.0.0.1 /html5-xidian/Public/home/images/live.png
INFO: [ app_init ] --START--
INFO: Run Behavior\BuildLiteBehavior [ RunTime:0.000032s ]
INFO: [ app_init ] --END-- [ RunTime:0.000841s ]
ERR: 无法加载模块:Public

[ 2016-12-25T20:36:27+08:00 ] 127.0.0.1 /html5-xidian/Public/home/images/live.png
INFO: [ app_init ] --START--
INFO: Run Behavior\BuildLiteBehavior [ RunTime:0.000016s ]
INFO: [ app_init ] --END-- [ RunTime:0.000485s ]
ERR: 无法加载模块:Public

[ 2016-12-25T21:15:38+08:00 ] 127.0.0.1 /html5-xidian/Public/home/js/food_templet.js
INFO: [ app_init ] --START--
INFO: Run Behavior\BuildLiteBehavior [ RunTime:0.000031s ]
INFO: [ app_init ] --END-- [ RunTime:0.000796s ]
ERR: 无法加载模块:Public

[ 2016-12-25T21:15:54+08:00 ] 127.0.0.1 /html5-xidian/Public/home/js/food_templet.js
INFO: [ app_init ] --START--
INFO: Run Behavior\BuildLiteBehavior [ RunTime:0.000032s ]
INFO: [ app_init ] --END-- [ RunTime:0.000951s ]
ERR: 无法加载模块:Public

[ 2016-12-25T21:38:47+08:00 ] 127.0.0.1 /html5-xidian/Public/home/images/live.png
INFO: [ app_init ] --START--
INFO: Run Behavior\BuildLiteBehavior [ RunTime:0.000032s ]
INFO: [ app_init ] --END-- [ RunTime:0.000736s ]
ERR: 无法加载模块:Public

[ 2016-12-25T21:42:05+08:00 ] 127.0.0.1 /html5-xidian/Public/home/images/live.png
INFO: [ app_init ] --START--
INFO: Run Behavior\BuildLiteBehavior [ RunTime:0.000015s ]
INFO: [ app_init ] --END-- [ RunTime:0.000441s ]
ERR: 无法加载模块:Public

[ 2016-12-25T21:44:48+08:00 ] 127.0.0.1 /html5-xidian/Public/home/images/live.png
INFO: [ app_init ] --START--
INFO: Run Behavior\BuildLiteBehavior [ RunTime:0.000030s ]
INFO: [ app_init ] --END-- [ RunTime:0.000809s ]
ERR: 无法加载模块:Public

[ 2016-12-25T21:46:42+08:00 ] 127.0.0.1 /html5-xidian/Public/home/images/live.png
INFO: [ app_init ] --START--
INFO: Run Behavior\BuildLiteBehavior [ RunTime:0.000016s ]
INFO: [ app_init ] --END-- [ RunTime:0.000434s ]
ERR: 无法加载模块:Public

[ 2016-12-25T21:47:24+08:00 ] 127.0.0.1 /html5-xidian/Public/home/images/live.png
INFO: [ app_init ] --START--
INFO: Run Behavior\BuildLiteBehavior [ RunTime:0.000029s ]
INFO: [ app_init ] --END-- [ RunTime:0.000632s ]
ERR: 无法加载模块:Public

[ 2016-12-25T21:53:06+08:00 ] 127.0.0.1 /html5-xidian/Public/home/images/live.png
INFO: [ app_init ] --START--
INFO: Run Behavior\BuildLiteBehavior [ RunTime:0.000029s ]
INFO: [ app_init ] --END-- [ RunTime:0.000910s ]
ERR: 无法加载模块:Public

[ 2016-12-25T21:53:22+08:00 ] 127.0.0.1 /html5-xidian/Public/home/images/live.png
INFO: [ app_init ] --START--
INFO: Run Behavior\BuildLiteBehavior [ RunTime:0.000028s ]
INFO: [ app_init ] --END-- [ RunTime:0.000710s ]
ERR: 无法加载模块:Public

[ 2016-12-25T21:53:45+08:00 ] 127.0.0.1 /html5-xidian/Public/home/images/live.png
INFO: [ app_init ] --START--
INFO: Run Behavior\BuildLiteBehavior [ RunTime:0.000016s ]
INFO: [ app_init ] --END-- [ RunTime:0.000454s ]
ERR: 无法加载模块:Public

[ 2016-12-25T21:53:56+08:00 ] 127.0.0.1 /html5-xidian/Public/home/images/live.png
INFO: [ app_init ] --START--
INFO: Run Behavior\BuildLiteBehavior [ RunTime:0.000037s ]
INFO: [ app_init ] --END-- [ RunTime:0.001130s ]
ERR: 无法加载模块:Public

[ 2016-12-25T21:54:09+08:00 ] 127.0.0.1 /html5-xidian/Public/home/images/live.png
INFO: [ app_init ] --START--
INFO: Run Behavior\BuildLiteBehavior [ RunTime:0.000014s ]
INFO: [ app_init ] --END-- [ RunTime:0.000457s ]
ERR: 无法加载模块:Public

[ 2016-12-25T21:54:35+08:00 ] 127.0.0.1 /html5-xidian/Public/home/images/live.png
INFO: [ app_init ] --START--
INFO: Run Behavior\BuildLiteBehavior [ RunTime:0.000025s ]
INFO: [ app_init ] --END-- [ RunTime:0.000646s ]
ERR: 无法加载模块:Public

[ 2016-12-25T21:54:52+08:00 ] 127.0.0.1 /html5-xidian/Public/home/images/live.png
INFO: [ app_init ] --START--
INFO: Run Behavior\BuildLiteBehavior [ RunTime:0.000025s ]
INFO: [ app_init ] --END-- [ RunTime:0.000570s ]
ERR: 无法加载模块:Public

[ 2016-12-25T21:55:05+08:00 ] 127.0.0.1 /html5-xidian/Public/home/images/live.png
INFO: [ app_init ] --START--
INFO: Run Behavior\BuildLiteBehavior [ RunTime:0.000022s ]
INFO: [ app_init ] --END-- [ RunTime:0.000478s ]
ERR: 无法加载模块:Public

[ 2016-12-25T21:55:19+08:00 ] 127.0.0.1 /html5-xidian/Public/home/images/live.png
INFO: [ app_init ] --START--
INFO: Run Behavior\BuildLiteBehavior [ RunTime:0.000022s ]
INFO: [ app_init ] --END-- [ RunTime:0.000519s ]
ERR: 无法加载模块:Public

[ 2016-12-25T21:56:59+08:00 ] 127.0.0.1 /html5-xidian/Public/home/images/live.png
INFO: [ app_init ] --START--
INFO: Run Behavior\BuildLiteBehavior [ RunTime:0.000027s ]
INFO: [ app_init ] --END-- [ RunTime:0.001160s ]
ERR: 无法加载模块:Public

[ 2016-12-25T21:58:08+08:00 ] 127.0.0.1 /html5-xidian/Public/home/images/live.png
INFO: [ app_init ] --START--
INFO: Run Behavior\BuildLiteBehavior [ RunTime:0.000032s ]
INFO: [ app_init ] --END-- [ RunTime:0.001106s ]
ERR: 无法加载模块:Public

[ 2016-12-25T22:42:28+08:00 ] 127.0.0.1 /html5-xidian/Public/home/js/food_templet.js
INFO: [ app_init ] --START--
INFO: Run Behavior\BuildLiteBehavior [ RunTime:0.000023s ]
INFO: [ app_init ] --END-- [ RunTime:0.000653s ]
ERR: 无法加载模块:Public

[ 2016-12-25T22:42:37+08:00 ] 127.0.0.1 /html5-xidian/Public/home/images/live.png
INFO: [ app_init ] --START--
INFO: Run Behavior\BuildLiteBehavior [ RunTime:0.000023s ]
INFO: [ app_init ] --END-- [ RunTime:0.000584s ]
ERR: 无法加载模块:Public

