[ 2016-12-07T10:25:20+08:00 ] 127.0.0.1 /html5-xidian/Public/home/js/food_list_cartoon.js
INFO: [ app_init ] --START--
INFO: Run Behavior\BuildLiteBehavior [ RunTime:0.000030s ]
INFO: [ app_init ] --END-- [ RunTime:0.000866s ]
ERR: 无法加载模块:Public

[ 2016-12-07T10:40:44+08:00 ] 127.0.0.1 /html5-xidian/Public/home/js/food_list_cartoon.js
INFO: [ app_init ] --START--
INFO: Run Behavior\BuildLiteBehavior [ RunTime:0.000017s ]
INFO: [ app_init ] --END-- [ RunTime:0.000484s ]
ERR: 无法加载模块:Public

[ 2016-12-07T10:40:54+08:00 ] 127.0.0.1 /html5-xidian/Public/home/js/food_list_cartoon.js
INFO: [ app_init ] --START--
INFO: Run Behavior\BuildLiteBehavior [ RunTime:0.000037s ]
INFO: [ app_init ] --END-- [ RunTime:0.002113s ]
ERR: 无法加载模块:Public

[ 2016-12-07T18:14:30+08:00 ] 127.0.0.1 /html5-xidian/Public/home/js/food_list_cartoon.js
INFO: [ app_init ] --START--
INFO: Run Behavior\BuildLiteBehavior [ RunTime:0.000030s ]
INFO: [ app_init ] --END-- [ RunTime:0.001065s ]
ERR: 无法加载模块:Public

[ 2016-12-07T18:14:43+08:00 ] 127.0.0.1 /html5-xidian/Public/home/js/food_list_cartoon.js
INFO: [ app_init ] --START--
INFO: Run Behavior\BuildLiteBehavior [ RunTime:0.000028s ]
INFO: [ app_init ] --END-- [ RunTime:0.000719s ]
ERR: 无法加载模块:Public

[ 2016-12-07T18:14:51+08:00 ] 127.0.0.1 /html5-xidian/Public/home/js/food_list_cartoon.js
INFO: [ app_init ] --START--
INFO: Run Behavior\BuildLiteBehavior [ RunTime:0.000017s ]
INFO: [ app_init ] --END-- [ RunTime:0.000412s ]
ERR: 无法加载模块:Public

