[ 2016-12-15T08:25:21+08:00 ] 127.0.0.1 /html5-xidian/Public/home/js/food_templet.js
INFO: [ app_init ] --START--
INFO: Run Behavior\BuildLiteBehavior [ RunTime:0.000016s ]
INFO: [ app_init ] --END-- [ RunTime:0.000420s ]
ERR: 无法加载模块:Public

[ 2016-12-15T08:26:26+08:00 ] 127.0.0.1 /html5-xidian/Public/home/js/food_templet.js
INFO: [ app_init ] --START--
INFO: Run Behavior\BuildLiteBehavior [ RunTime:0.000014s ]
INFO: [ app_init ] --END-- [ RunTime:0.000415s ]
ERR: 无法加载模块:Public

[ 2016-12-15T08:26:34+08:00 ] 127.0.0.1 /html5-xidian/Public/home/js/food_templet.js
INFO: [ app_init ] --START--
INFO: Run Behavior\BuildLiteBehavior [ RunTime:0.000027s ]
INFO: [ app_init ] --END-- [ RunTime:0.000691s ]
ERR: 无法加载模块:Public

[ 2016-12-15T08:26:38+08:00 ] 127.0.0.1 /html5-xidian/Public/home/js/food_templet.js
INFO: [ app_init ] --START--
INFO: Run Behavior\BuildLiteBehavior [ RunTime:0.000028s ]
INFO: [ app_init ] --END-- [ RunTime:0.000665s ]
ERR: 无法加载模块:Public

[ 2016-12-15T08:27:25+08:00 ] 127.0.0.1 /html5-xidian/Public/home/js/food_templet.js
INFO: [ app_init ] --START--
INFO: Run Behavior\BuildLiteBehavior [ RunTime:0.000016s ]
INFO: [ app_init ] --END-- [ RunTime:0.000530s ]
ERR: 无法加载模块:Public

[ 2016-12-15T08:27:56+08:00 ] 127.0.0.1 /html5-xidian/Public/home/js/food_templet.js
INFO: [ app_init ] --START--
INFO: Run Behavior\BuildLiteBehavior [ RunTime:0.000016s ]
INFO: [ app_init ] --END-- [ RunTime:0.000467s ]
ERR: 无法加载模块:Public

[ 2016-12-15T08:28:08+08:00 ] 127.0.0.1 /html5-xidian/Public/home/js/food_templet.js
INFO: [ app_init ] --START--
INFO: Run Behavior\BuildLiteBehavior [ RunTime:0.000031s ]
INFO: [ app_init ] --END-- [ RunTime:0.000764s ]
ERR: 无法加载模块:Public

[ 2016-12-15T08:30:28+08:00 ] 127.0.0.1 /html5-xidian/Public/home/js/food_templet.js
INFO: [ app_init ] --START--
INFO: Run Behavior\BuildLiteBehavior [ RunTime:0.000032s ]
INFO: [ app_init ] --END-- [ RunTime:0.001562s ]
ERR: 无法加载模块:Public

[ 2016-12-15T08:33:14+08:00 ] 127.0.0.1 /html5-xidian/Public/home/js/food_templet.js
INFO: [ app_init ] --START--
INFO: Run Behavior\BuildLiteBehavior [ RunTime:0.000029s ]
INFO: [ app_init ] --END-- [ RunTime:0.001114s ]
ERR: 无法加载模块:Public

