[ 2016-12-08T09:41:16+08:00 ] 127.0.0.1 /html5-xidian/Public/home/js/food_list_cartoon.js
INFO: [ app_init ] --START--
INFO: Run Behavior\BuildLiteBehavior [ RunTime:0.000028s ]
INFO: [ app_init ] --END-- [ RunTime:0.000810s ]
ERR: 无法加载模块:Public

[ 2016-12-08T09:42:58+08:00 ] 127.0.0.1 /html5-xidian/Public/home/js/food_list_cartoon.js
INFO: [ app_init ] --START--
INFO: Run Behavior\BuildLiteBehavior [ RunTime:0.000030s ]
INFO: [ app_init ] --END-- [ RunTime:0.000676s ]
ERR: 无法加载模块:Public

[ 2016-12-08T09:43:30+08:00 ] 127.0.0.1 /html5-xidian/Public/home/js/food_list_cartoon.js
INFO: [ app_init ] --START--
INFO: Run Behavior\BuildLiteBehavior [ RunTime:0.000030s ]
INFO: [ app_init ] --END-- [ RunTime:0.000754s ]
ERR: 无法加载模块:Public

[ 2016-12-08T10:28:54+08:00 ] 127.0.0.1 /html5-xidian/Public/home/js/food_list_cartoon.js
INFO: [ app_init ] --START--
INFO: Run Behavior\BuildLiteBehavior [ RunTime:0.000026s ]
INFO: [ app_init ] --END-- [ RunTime:0.000628s ]
ERR: 无法加载模块:Public

[ 2016-12-08T10:48:14+08:00 ] 127.0.0.1 /html5-xidian/Public/home/js/food_list_cartoon.js
INFO: [ app_init ] --START--
INFO: Run Behavior\BuildLiteBehavior [ RunTime:0.000062s ]
INFO: [ app_init ] --END-- [ RunTime:0.002053s ]
ERR: 无法加载模块:Public

