[ 2016-12-14T08:05:22+08:00 ] 127.0.0.1 /html5-xidian/Public/home/js/food_templet.js
INFO: [ app_init ] --START--
INFO: Run Behavior\BuildLiteBehavior [ RunTime:0.000033s ]
INFO: [ app_init ] --END-- [ RunTime:0.001244s ]
ERR: 无法加载模块:Public

[ 2016-12-14T08:07:00+08:00 ] 127.0.0.1 /html5-xidian/Public/home/js/food_templet.js
INFO: [ app_init ] --START--
INFO: Run Behavior\BuildLiteBehavior [ RunTime:0.000032s ]
INFO: [ app_init ] --END-- [ RunTime:0.000939s ]
ERR: 无法加载模块:Public

[ 2016-12-14T08:09:39+08:00 ] 127.0.0.1 /html5-xidian/Public/home/js/food_templet.js
INFO: [ app_init ] --START--
INFO: Run Behavior\BuildLiteBehavior [ RunTime:0.000031s ]
INFO: [ app_init ] --END-- [ RunTime:0.000823s ]
ERR: 无法加载模块:Public

[ 2016-12-14T08:14:21+08:00 ] 127.0.0.1 /html5-xidian/Public/home/js/food_templet.js
INFO: [ app_init ] --START--
INFO: Run Behavior\BuildLiteBehavior [ RunTime:0.000035s ]
INFO: [ app_init ] --END-- [ RunTime:0.001860s ]
ERR: 无法加载模块:Public

[ 2016-12-14T08:15:46+08:00 ] 127.0.0.1 /html5-xidian/Public/home/js/food_templet.js
INFO: [ app_init ] --START--
INFO: Run Behavior\BuildLiteBehavior [ RunTime:0.000034s ]
INFO: [ app_init ] --END-- [ RunTime:0.000829s ]
ERR: 无法加载模块:Public

[ 2016-12-14T08:15:53+08:00 ] 127.0.0.1 /html5-xidian/Public/home/js/food_templet.js
INFO: [ app_init ] --START--
INFO: Run Behavior\BuildLiteBehavior [ RunTime:0.000031s ]
INFO: [ app_init ] --END-- [ RunTime:0.000796s ]
ERR: 无法加载模块:Public

[ 2016-12-14T08:16:03+08:00 ] 127.0.0.1 /html5-xidian/Public/home/js/food_templet.js
INFO: [ app_init ] --START--
INFO: Run Behavior\BuildLiteBehavior [ RunTime:0.000047s ]
INFO: [ app_init ] --END-- [ RunTime:0.000909s ]
ERR: 无法加载模块:Public

[ 2016-12-14T08:17:12+08:00 ] 127.0.0.1 /html5-xidian/Public/home/js/food_templet.js
INFO: [ app_init ] --START--
INFO: Run Behavior\BuildLiteBehavior [ RunTime:0.000028s ]
INFO: [ app_init ] --END-- [ RunTime:0.000911s ]
ERR: 无法加载模块:Public

[ 2016-12-14T08:17:21+08:00 ] 127.0.0.1 /html5-xidian/Public/home/js/food_templet.js
INFO: [ app_init ] --START--
INFO: Run Behavior\BuildLiteBehavior [ RunTime:0.000031s ]
INFO: [ app_init ] --END-- [ RunTime:0.000884s ]
ERR: 无法加载模块:Public

[ 2016-12-14T09:20:36+08:00 ] 127.0.0.1 /html5-xidian/Public/home/images/home_pic6.jpg
INFO: [ app_init ] --START--
INFO: Run Behavior\BuildLiteBehavior [ RunTime:0.000019s ]
INFO: [ app_init ] --END-- [ RunTime:0.000546s ]
ERR: 无法加载模块:Public

[ 2016-12-14T09:20:36+08:00 ] 127.0.0.1 /html5-xidian/Public/home/images/home_pic5.jpg
INFO: [ app_init ] --START--
INFO: Run Behavior\BuildLiteBehavior [ RunTime:0.000135s ]
INFO: [ app_init ] --END-- [ RunTime:0.000848s ]
ERR: 无法加载模块:Public

[ 2016-12-14T09:20:36+08:00 ] 127.0.0.1 /html5-xidian/Public/home/images/home_pic4.jpg
INFO: [ app_init ] --START--
INFO: Run Behavior\BuildLiteBehavior [ RunTime:0.000034s ]
INFO: [ app_init ] --END-- [ RunTime:0.001183s ]
ERR: 无法加载模块:Public

[ 2016-12-14T09:20:44+08:00 ] 127.0.0.1 /html5-xidian/Public/home/images/home_pic6.jpg
INFO: [ app_init ] --START--
INFO: Run Behavior\BuildLiteBehavior [ RunTime:0.000028s ]
INFO: [ app_init ] --END-- [ RunTime:0.000715s ]
ERR: 无法加载模块:Public

[ 2016-12-14T09:20:44+08:00 ] 127.0.0.1 /html5-xidian/Public/home/images/home_pic5.jpg
INFO: [ app_init ] --START--
INFO: Run Behavior\BuildLiteBehavior [ RunTime:0.000033s ]
INFO: [ app_init ] --END-- [ RunTime:0.001083s ]
ERR: 无法加载模块:Public

[ 2016-12-14T09:20:44+08:00 ] 127.0.0.1 /html5-xidian/Public/home/images/home_pic4.jpg
INFO: [ app_init ] --START--
INFO: Run Behavior\BuildLiteBehavior [ RunTime:0.000016s ]
INFO: [ app_init ] --END-- [ RunTime:0.000424s ]
ERR: 无法加载模块:Public

[ 2016-12-14T09:20:50+08:00 ] 127.0.0.1 /html5-xidian/Public/home/js/food_templet.js
INFO: [ app_init ] --START--
INFO: Run Behavior\BuildLiteBehavior [ RunTime:0.000017s ]
INFO: [ app_init ] --END-- [ RunTime:0.000569s ]
ERR: 无法加载模块:Public

[ 2016-12-14T09:20:59+08:00 ] 127.0.0.1 /html5-xidian/Public/home/images/home_pic6.jpg
INFO: [ app_init ] --START--
INFO: Run Behavior\BuildLiteBehavior [ RunTime:0.000049s ]
INFO: [ app_init ] --END-- [ RunTime:0.000878s ]
ERR: 无法加载模块:Public

[ 2016-12-14T09:20:59+08:00 ] 127.0.0.1 /html5-xidian/Public/home/images/home_pic5.jpg
INFO: [ app_init ] --START--
INFO: Run Behavior\BuildLiteBehavior [ RunTime:0.000111s ]
INFO: [ app_init ] --END-- [ RunTime:0.000781s ]
ERR: 无法加载模块:Public

[ 2016-12-14T09:20:59+08:00 ] 127.0.0.1 /html5-xidian/Public/home/images/home_pic4.jpg
INFO: [ app_init ] --START--
INFO: Run Behavior\BuildLiteBehavior [ RunTime:0.000029s ]
INFO: [ app_init ] --END-- [ RunTime:0.000730s ]
ERR: 无法加载模块:Public

[ 2016-12-14T09:21:11+08:00 ] 127.0.0.1 /html5-xidian/Public/home/images/home_pic6.jpg
INFO: [ app_init ] --START--
INFO: Run Behavior\BuildLiteBehavior [ RunTime:0.000033s ]
INFO: [ app_init ] --END-- [ RunTime:0.001245s ]
ERR: 无法加载模块:Public

[ 2016-12-14T09:21:11+08:00 ] 127.0.0.1 /html5-xidian/Public/home/images/home_pic5.jpg
INFO: [ app_init ] --START--
INFO: Run Behavior\BuildLiteBehavior [ RunTime:0.000029s ]
INFO: [ app_init ] --END-- [ RunTime:0.000887s ]
ERR: 无法加载模块:Public

[ 2016-12-14T09:21:11+08:00 ] 127.0.0.1 /html5-xidian/Public/home/images/home_pic4.jpg
INFO: [ app_init ] --START--
INFO: Run Behavior\BuildLiteBehavior [ RunTime:0.000059s ]
INFO: [ app_init ] --END-- [ RunTime:0.000848s ]
ERR: 无法加载模块:Public

[ 2016-12-14T09:23:32+08:00 ] 127.0.0.1 /html5-xidian/Public/home/js/food_templet.js
INFO: [ app_init ] --START--
INFO: Run Behavior\BuildLiteBehavior [ RunTime:0.000030s ]
INFO: [ app_init ] --END-- [ RunTime:0.000997s ]
ERR: 无法加载模块:Public

[ 2016-12-14T09:31:43+08:00 ] 127.0.0.1 /html5-xidian/Public/home/js/food_templet.js
INFO: [ app_init ] --START--
INFO: Run Behavior\BuildLiteBehavior [ RunTime:0.000019s ]
INFO: [ app_init ] --END-- [ RunTime:0.000737s ]
ERR: 无法加载模块:Public

[ 2016-12-14T09:32:38+08:00 ] 127.0.0.1 /html5-xidian/Public/home/js/food_templet.js
INFO: [ app_init ] --START--
INFO: Run Behavior\BuildLiteBehavior [ RunTime:0.000033s ]
INFO: [ app_init ] --END-- [ RunTime:0.002185s ]
ERR: 无法加载模块:Public

[ 2016-12-14T09:33:04+08:00 ] 127.0.0.1 /html5-xidian/Public/home/js/food_templet.js
INFO: [ app_init ] --START--
INFO: Run Behavior\BuildLiteBehavior [ RunTime:0.000028s ]
INFO: [ app_init ] --END-- [ RunTime:0.000769s ]
ERR: 无法加载模块:Public

[ 2016-12-14T09:36:35+08:00 ] 127.0.0.1 /html5-xidian/Public/home/js/food_templet.js
INFO: [ app_init ] --START--
INFO: Run Behavior\BuildLiteBehavior [ RunTime:0.000032s ]
INFO: [ app_init ] --END-- [ RunTime:0.000752s ]
ERR: 无法加载模块:Public

[ 2016-12-14T09:36:46+08:00 ] 127.0.0.1 /html5-xidian/Public/home/js/food_templet.js
INFO: [ app_init ] --START--
INFO: Run Behavior\BuildLiteBehavior [ RunTime:0.000029s ]
INFO: [ app_init ] --END-- [ RunTime:0.000799s ]
ERR: 无法加载模块:Public

[ 2016-12-14T09:36:53+08:00 ] 127.0.0.1 /html5-xidian/Public/home/js/food_templet.js
INFO: [ app_init ] --START--
INFO: Run Behavior\BuildLiteBehavior [ RunTime:0.000029s ]
INFO: [ app_init ] --END-- [ RunTime:0.000716s ]
ERR: 无法加载模块:Public

[ 2016-12-14T10:50:10+08:00 ] 127.0.0.1 /html5-xidian/Public/admin/css/jq22.css.css
INFO: [ app_init ] --START--
INFO: Run Behavior\BuildLiteBehavior [ RunTime:0.000015s ]
INFO: [ app_init ] --END-- [ RunTime:0.000464s ]
ERR: 无法加载模块:Public

[ 2016-12-14T10:50:10+08:00 ] 127.0.0.1 /html5-xidian/Public/admin/js/jq22.js.js
INFO: [ app_init ] --START--
INFO: Run Behavior\BuildLiteBehavior [ RunTime:0.000030s ]
INFO: [ app_init ] --END-- [ RunTime:0.000834s ]
ERR: 无法加载模块:Public

[ 2016-12-14T10:50:13+08:00 ] 127.0.0.1 /html5-xidian/Public/admin/js/jq22.js.js
INFO: [ app_init ] --START--
INFO: Run Behavior\BuildLiteBehavior [ RunTime:0.000053s ]
INFO: [ app_init ] --END-- [ RunTime:0.001257s ]
ERR: 无法加载模块:Public

[ 2016-12-14T10:50:13+08:00 ] 127.0.0.1 /html5-xidian/Public/admin/css/jq22.css.css
INFO: [ app_init ] --START--
INFO: Run Behavior\BuildLiteBehavior [ RunTime:0.000025s ]
INFO: [ app_init ] --END-- [ RunTime:0.001063s ]
ERR: 无法加载模块:Public

[ 2016-12-14T10:50:15+08:00 ] 127.0.0.1 /html5-xidian/Public/admin/css/jq22.css.css
INFO: [ app_init ] --START--
INFO: Run Behavior\BuildLiteBehavior [ RunTime:0.000033s ]
INFO: [ app_init ] --END-- [ RunTime:0.000792s ]
ERR: 无法加载模块:Public

[ 2016-12-14T10:50:15+08:00 ] 127.0.0.1 /html5-xidian/Public/admin/js/jq22.js.js
INFO: [ app_init ] --START--
INFO: Run Behavior\BuildLiteBehavior [ RunTime:0.000054s ]
INFO: [ app_init ] --END-- [ RunTime:0.001108s ]
ERR: 无法加载模块:Public

[ 2016-12-14T10:50:17+08:00 ] 127.0.0.1 /html5-xidian/Public/admin/js/jq22.js.js
INFO: [ app_init ] --START--
INFO: Run Behavior\BuildLiteBehavior [ RunTime:0.000026s ]
INFO: [ app_init ] --END-- [ RunTime:0.000674s ]
ERR: 无法加载模块:Public

[ 2016-12-14T10:50:17+08:00 ] 127.0.0.1 /html5-xidian/Public/admin/css/jq22.css.css
INFO: [ app_init ] --START--
INFO: Run Behavior\BuildLiteBehavior [ RunTime:0.000026s ]
INFO: [ app_init ] --END-- [ RunTime:0.000613s ]
ERR: 无法加载模块:Public

[ 2016-12-14T10:50:20+08:00 ] 127.0.0.1 /html5-xidian/Public/admin/css/jq22.css.css
INFO: [ app_init ] --START--
INFO: Run Behavior\BuildLiteBehavior [ RunTime:0.000051s ]
INFO: [ app_init ] --END-- [ RunTime:0.001125s ]
ERR: 无法加载模块:Public

[ 2016-12-14T10:50:20+08:00 ] 127.0.0.1 /html5-xidian/Public/admin/js/jq22.js.js
INFO: [ app_init ] --START--
INFO: Run Behavior\BuildLiteBehavior [ RunTime:0.000029s ]
INFO: [ app_init ] --END-- [ RunTime:0.000728s ]
ERR: 无法加载模块:Public

[ 2016-12-14T10:50:24+08:00 ] 127.0.0.1 /html5-xidian/Public/admin/css/jq22.css.css
INFO: [ app_init ] --START--
INFO: Run Behavior\BuildLiteBehavior [ RunTime:0.000030s ]
INFO: [ app_init ] --END-- [ RunTime:0.000754s ]
ERR: 无法加载模块:Public

[ 2016-12-14T10:50:24+08:00 ] 127.0.0.1 /html5-xidian/Public/admin/js/jq22.js.js
INFO: [ app_init ] --START--
INFO: Run Behavior\BuildLiteBehavior [ RunTime:0.000039s ]
INFO: [ app_init ] --END-- [ RunTime:0.000863s ]
ERR: 无法加载模块:Public

[ 2016-12-14T10:50:28+08:00 ] 127.0.0.1 /html5-xidian/Public/admin/js/jq22.js.js
INFO: [ app_init ] --START--
INFO: Run Behavior\BuildLiteBehavior [ RunTime:0.000055s ]
INFO: [ app_init ] --END-- [ RunTime:0.001342s ]
ERR: 无法加载模块:Public

[ 2016-12-14T10:50:28+08:00 ] 127.0.0.1 /html5-xidian/Public/admin/css/jq22.css.css
INFO: [ app_init ] --START--
INFO: Run Behavior\BuildLiteBehavior [ RunTime:0.000026s ]
INFO: [ app_init ] --END-- [ RunTime:0.000748s ]
ERR: 无法加载模块:Public

[ 2016-12-14T10:51:57+08:00 ] 127.0.0.1 /html5-xidian/Public/admin/css/jq22.css.css
INFO: [ app_init ] --START--
INFO: Run Behavior\BuildLiteBehavior [ RunTime:0.000030s ]
INFO: [ app_init ] --END-- [ RunTime:0.000918s ]
ERR: 无法加载模块:Public

[ 2016-12-14T10:51:57+08:00 ] 127.0.0.1 /html5-xidian/Public/admin/js/jq22.js.js
INFO: [ app_init ] --START--
INFO: Run Behavior\BuildLiteBehavior [ RunTime:0.000026s ]
INFO: [ app_init ] --END-- [ RunTime:0.000716s ]
ERR: 无法加载模块:Public

[ 2016-12-14T10:52:36+08:00 ] 127.0.0.1 /html5-xidian/Public/admin/css/jq22.css.css
INFO: [ app_init ] --START--
INFO: Run Behavior\BuildLiteBehavior [ RunTime:0.000029s ]
INFO: [ app_init ] --END-- [ RunTime:0.000825s ]
ERR: 无法加载模块:Public

[ 2016-12-14T10:52:36+08:00 ] 127.0.0.1 /html5-xidian/Public/admin/js/jq22.js.js
INFO: [ app_init ] --START--
INFO: Run Behavior\BuildLiteBehavior [ RunTime:0.000031s ]
INFO: [ app_init ] --END-- [ RunTime:0.001719s ]
ERR: 无法加载模块:Public

[ 2016-12-14T10:53:59+08:00 ] 127.0.0.1 /html5-xidian/Public/admin/css/jq22.css.css
INFO: [ app_init ] --START--
INFO: Run Behavior\BuildLiteBehavior [ RunTime:0.000027s ]
INFO: [ app_init ] --END-- [ RunTime:0.000727s ]
ERR: 无法加载模块:Public

[ 2016-12-14T10:53:59+08:00 ] 127.0.0.1 /html5-xidian/Public/admin/js/jq22.js.js
INFO: [ app_init ] --START--
INFO: Run Behavior\BuildLiteBehavior [ RunTime:0.000032s ]
INFO: [ app_init ] --END-- [ RunTime:0.000847s ]
ERR: 无法加载模块:Public

[ 2016-12-14T10:54:49+08:00 ] 127.0.0.1 /html5-xidian/Public/admin/css/jq22.css.css
INFO: [ app_init ] --START--
INFO: Run Behavior\BuildLiteBehavior [ RunTime:0.000034s ]
INFO: [ app_init ] --END-- [ RunTime:0.001022s ]
ERR: 无法加载模块:Public

[ 2016-12-14T10:54:49+08:00 ] 127.0.0.1 /html5-xidian/Public/admin/js/jq22.js.js
INFO: [ app_init ] --START--
INFO: Run Behavior\BuildLiteBehavior [ RunTime:0.000031s ]
INFO: [ app_init ] --END-- [ RunTime:0.002203s ]
ERR: 无法加载模块:Public

[ 2016-12-14T10:56:59+08:00 ] 127.0.0.1 /html5-xidian/Public/admin/css/jq22.css.css
INFO: [ app_init ] --START--
INFO: Run Behavior\BuildLiteBehavior [ RunTime:0.000031s ]
INFO: [ app_init ] --END-- [ RunTime:0.000727s ]
ERR: 无法加载模块:Public

[ 2016-12-14T10:56:59+08:00 ] 127.0.0.1 /html5-xidian/Public/admin/js/jq22.js.js
INFO: [ app_init ] --START--
INFO: Run Behavior\BuildLiteBehavior [ RunTime:0.000030s ]
INFO: [ app_init ] --END-- [ RunTime:0.000893s ]
ERR: 无法加载模块:Public

[ 2016-12-14T10:58:53+08:00 ] 127.0.0.1 /html5-xidian/Public/admin/css/jq22.css.css
INFO: [ app_init ] --START--
INFO: Run Behavior\BuildLiteBehavior [ RunTime:0.000028s ]
INFO: [ app_init ] --END-- [ RunTime:0.000771s ]
ERR: 无法加载模块:Public

[ 2016-12-14T10:58:53+08:00 ] 127.0.0.1 /html5-xidian/Public/admin/js/jq22.js.js
INFO: [ app_init ] --START--
INFO: Run Behavior\BuildLiteBehavior [ RunTime:0.000030s ]
INFO: [ app_init ] --END-- [ RunTime:0.000794s ]
ERR: 无法加载模块:Public

[ 2016-12-14T11:00:13+08:00 ] 127.0.0.1 /html5-xidian/Public/admin/js/jq22.js.js
INFO: [ app_init ] --START--
INFO: Run Behavior\BuildLiteBehavior [ RunTime:0.000030s ]
INFO: [ app_init ] --END-- [ RunTime:0.000845s ]
ERR: 无法加载模块:Public

[ 2016-12-14T11:01:08+08:00 ] 127.0.0.1 /html5-xidian/Public/admin/js/jq22.js.js
INFO: [ app_init ] --START--
INFO: Run Behavior\BuildLiteBehavior [ RunTime:0.000034s ]
INFO: [ app_init ] --END-- [ RunTime:0.001440s ]
ERR: 无法加载模块:Public

[ 2016-12-14T11:01:24+08:00 ] 127.0.0.1 /html5-xidian/Public/admin/js/jq22.js.js
INFO: [ app_init ] --START--
INFO: Run Behavior\BuildLiteBehavior [ RunTime:0.000029s ]
INFO: [ app_init ] --END-- [ RunTime:0.000802s ]
ERR: 无法加载模块:Public

[ 2016-12-14T11:01:51+08:00 ] 127.0.0.1 /html5-xidian/Public/admin/js/jq22.js.js
INFO: [ app_init ] --START--
INFO: Run Behavior\BuildLiteBehavior [ RunTime:0.000032s ]
INFO: [ app_init ] --END-- [ RunTime:0.000989s ]
ERR: 无法加载模块:Public

[ 2016-12-14T11:02:03+08:00 ] 127.0.0.1 /html5-xidian/Public/admin/js/jq22.js.js
INFO: [ app_init ] --START--
INFO: Run Behavior\BuildLiteBehavior [ RunTime:0.000034s ]
INFO: [ app_init ] --END-- [ RunTime:0.001019s ]
ERR: 无法加载模块:Public

[ 2016-12-14T11:02:20+08:00 ] 127.0.0.1 /html5-xidian/Public/admin/js/jq22.js.js
INFO: [ app_init ] --START--
INFO: Run Behavior\BuildLiteBehavior [ RunTime:0.000031s ]
INFO: [ app_init ] --END-- [ RunTime:0.000870s ]
ERR: 无法加载模块:Public

[ 2016-12-14T11:02:39+08:00 ] 127.0.0.1 /html5-xidian/Public/admin/js/jq22.js.js
INFO: [ app_init ] --START--
INFO: Run Behavior\BuildLiteBehavior [ RunTime:0.000031s ]
INFO: [ app_init ] --END-- [ RunTime:0.000867s ]
ERR: 无法加载模块:Public

[ 2016-12-14T11:02:57+08:00 ] 127.0.0.1 /html5-xidian/Public/admin/js/jq22.js.js
INFO: [ app_init ] --START--
INFO: Run Behavior\BuildLiteBehavior [ RunTime:0.000030s ]
INFO: [ app_init ] --END-- [ RunTime:0.000763s ]
ERR: 无法加载模块:Public

[ 2016-12-14T11:05:06+08:00 ] 127.0.0.1 /html5-xidian/Public/admin/js/jq22.js.js
INFO: [ app_init ] --START--
INFO: Run Behavior\BuildLiteBehavior [ RunTime:0.000032s ]
INFO: [ app_init ] --END-- [ RunTime:0.000787s ]
ERR: 无法加载模块:Public

[ 2016-12-14T11:05:47+08:00 ] 127.0.0.1 /html5-xidian/Public/admin/js/jq22.js.js
INFO: [ app_init ] --START--
INFO: Run Behavior\BuildLiteBehavior [ RunTime:0.000031s ]
INFO: [ app_init ] --END-- [ RunTime:0.000851s ]
ERR: 无法加载模块:Public

[ 2016-12-14T11:05:58+08:00 ] 127.0.0.1 /html5-xidian/Public/admin/js/jq22.js.js
INFO: [ app_init ] --START--
INFO: Run Behavior\BuildLiteBehavior [ RunTime:0.000030s ]
INFO: [ app_init ] --END-- [ RunTime:0.000779s ]
ERR: 无法加载模块:Public

[ 2016-12-14T11:06:13+08:00 ] 127.0.0.1 /html5-xidian/Public/admin/js/jq22.js.js
INFO: [ app_init ] --START--
INFO: Run Behavior\BuildLiteBehavior [ RunTime:0.000374s ]
INFO: [ app_init ] --END-- [ RunTime:0.001260s ]
ERR: 无法加载模块:Public

[ 2016-12-14T11:07:27+08:00 ] 127.0.0.1 /html5-xidian/Public/admin/js/jq22.js.js
INFO: [ app_init ] --START--
INFO: Run Behavior\BuildLiteBehavior [ RunTime:0.000029s ]
INFO: [ app_init ] --END-- [ RunTime:0.000769s ]
ERR: 无法加载模块:Public

[ 2016-12-14T11:07:39+08:00 ] 127.0.0.1 /html5-xidian/Public/admin/js/jq22.js.js
INFO: [ app_init ] --START--
INFO: Run Behavior\BuildLiteBehavior [ RunTime:0.000027s ]
INFO: [ app_init ] --END-- [ RunTime:0.000769s ]
ERR: 无法加载模块:Public

[ 2016-12-14T11:08:54+08:00 ] 127.0.0.1 /html5-xidian/Public/admin/js/jq22.js.js
INFO: [ app_init ] --START--
INFO: Run Behavior\BuildLiteBehavior [ RunTime:0.000066s ]
INFO: [ app_init ] --END-- [ RunTime:0.001273s ]
ERR: 无法加载模块:Public

[ 2016-12-14T11:10:22+08:00 ] 127.0.0.1 /html5-xidian/Public/admin/js/jq22.js.js
INFO: [ app_init ] --START--
INFO: Run Behavior\BuildLiteBehavior [ RunTime:0.000034s ]
INFO: [ app_init ] --END-- [ RunTime:0.001738s ]
ERR: 无法加载模块:Public

[ 2016-12-14T11:10:27+08:00 ] 127.0.0.1 /html5-xidian/Public/admin/js/jq22.js.js
INFO: [ app_init ] --START--
INFO: Run Behavior\BuildLiteBehavior [ RunTime:0.000032s ]
INFO: [ app_init ] --END-- [ RunTime:0.000876s ]
ERR: 无法加载模块:Public

[ 2016-12-14T11:11:30+08:00 ] 127.0.0.1 /html5-xidian/Public/admin/js/jq22.js.js
INFO: [ app_init ] --START--
INFO: Run Behavior\BuildLiteBehavior [ RunTime:0.000336s ]
INFO: [ app_init ] --END-- [ RunTime:0.001068s ]
ERR: 无法加载模块:Public

[ 2016-12-14T11:11:40+08:00 ] 127.0.0.1 /html5-xidian/Public/admin/js/jq22.js.js
INFO: [ app_init ] --START--
INFO: Run Behavior\BuildLiteBehavior [ RunTime:0.000046s ]
INFO: [ app_init ] --END-- [ RunTime:0.000828s ]
ERR: 无法加载模块:Public

[ 2016-12-14T11:13:40+08:00 ] 127.0.0.1 /html5-xidian/Public/admin/js/jq22.js.js
INFO: [ app_init ] --START--
INFO: Run Behavior\BuildLiteBehavior [ RunTime:0.000031s ]
INFO: [ app_init ] --END-- [ RunTime:0.000749s ]
ERR: 无法加载模块:Public

[ 2016-12-14T11:14:02+08:00 ] 127.0.0.1 /html5-xidian/Public/admin/js/jq22.js.js
INFO: [ app_init ] --START--
INFO: Run Behavior\BuildLiteBehavior [ RunTime:0.000032s ]
INFO: [ app_init ] --END-- [ RunTime:0.000874s ]
ERR: 无法加载模块:Public

[ 2016-12-14T11:14:11+08:00 ] 127.0.0.1 /html5-xidian/Public/admin/js/jq22.js.js
INFO: [ app_init ] --START--
INFO: Run Behavior\BuildLiteBehavior [ RunTime:0.000032s ]
INFO: [ app_init ] --END-- [ RunTime:0.001388s ]
ERR: 无法加载模块:Public

[ 2016-12-14T11:14:22+08:00 ] 127.0.0.1 /html5-xidian/Public/admin/js/jq22.js.js
INFO: [ app_init ] --START--
INFO: Run Behavior\BuildLiteBehavior [ RunTime:0.000029s ]
INFO: [ app_init ] --END-- [ RunTime:0.000774s ]
ERR: 无法加载模块:Public

[ 2016-12-14T11:14:31+08:00 ] 127.0.0.1 /html5-xidian/Public/admin/js/jq22.js.js
INFO: [ app_init ] --START--
INFO: Run Behavior\BuildLiteBehavior [ RunTime:0.000030s ]
INFO: [ app_init ] --END-- [ RunTime:0.000764s ]
ERR: 无法加载模块:Public

[ 2016-12-14T11:14:41+08:00 ] 127.0.0.1 /html5-xidian/Public/admin/js/jq22.js.js
INFO: [ app_init ] --START--
INFO: Run Behavior\BuildLiteBehavior [ RunTime:0.000029s ]
INFO: [ app_init ] --END-- [ RunTime:0.000742s ]
ERR: 无法加载模块:Public

[ 2016-12-14T11:15:04+08:00 ] 127.0.0.1 /html5-xidian/Public/admin/js/jq22.js.js
INFO: [ app_init ] --START--
INFO: Run Behavior\BuildLiteBehavior [ RunTime:0.000029s ]
INFO: [ app_init ] --END-- [ RunTime:0.000876s ]
ERR: 无法加载模块:Public

