[ 2016-12-12T14:01:31+08:00 ] 127.0.0.1 /html5-xidian/Public/home/css/food_templet.css
INFO: [ app_init ] --START--
INFO: Run Behavior\BuildLiteBehavior [ RunTime:0.000025s ]
INFO: [ app_init ] --END-- [ RunTime:0.000664s ]
ERR: 无法加载模块:Public

[ 2016-12-12T14:01:41+08:00 ] 127.0.0.1 /html5-xidian/Public/home/js/food_templet.js
INFO: [ app_init ] --START--
INFO: Run Behavior\BuildLiteBehavior [ RunTime:0.000015s ]
INFO: [ app_init ] --END-- [ RunTime:0.000398s ]
ERR: 无法加载模块:Public

[ 2016-12-12T14:01:41+08:00 ] 127.0.0.1 /html5-xidian/Public/home/css/food_templet.css
INFO: [ app_init ] --START--
INFO: Run Behavior\BuildLiteBehavior [ RunTime:0.000026s ]
INFO: [ app_init ] --END-- [ RunTime:0.000509s ]
ERR: 无法加载模块:Public

[ 2016-12-12T14:02:09+08:00 ] 127.0.0.1 /html5-xidian/Public/home/js/food_templet.js
INFO: [ app_init ] --START--
INFO: Run Behavior\BuildLiteBehavior [ RunTime:0.000035s ]
INFO: [ app_init ] --END-- [ RunTime:0.001431s ]
ERR: 无法加载模块:Public

[ 2016-12-12T14:02:09+08:00 ] 127.0.0.1 /html5-xidian/Public/home/css/food_templet.css
INFO: [ app_init ] --START--
INFO: Run Behavior\BuildLiteBehavior [ RunTime:0.000016s ]
INFO: [ app_init ] --END-- [ RunTime:0.000505s ]
ERR: 无法加载模块:Public

[ 2016-12-12T14:10:32+08:00 ] 127.0.0.1 /html5-xidian/Public/home/js/food_templet.js
INFO: [ app_init ] --START--
INFO: Run Behavior\BuildLiteBehavior [ RunTime:0.000028s ]
INFO: [ app_init ] --END-- [ RunTime:0.000731s ]
ERR: 无法加载模块:Public

[ 2016-12-12T14:12:16+08:00 ] 127.0.0.1 /html5-xidian/Public/home/js/food_templet.js
INFO: [ app_init ] --START--
INFO: Run Behavior\BuildLiteBehavior [ RunTime:0.000019s ]
INFO: [ app_init ] --END-- [ RunTime:0.000460s ]
ERR: 无法加载模块:Public

[ 2016-12-12T14:14:36+08:00 ] 127.0.0.1 /html5-xidian/Public/home/js/food_templet.js
INFO: [ app_init ] --START--
INFO: Run Behavior\BuildLiteBehavior [ RunTime:0.000016s ]
INFO: [ app_init ] --END-- [ RunTime:0.000468s ]
ERR: 无法加载模块:Public

[ 2016-12-12T14:51:58+08:00 ] 127.0.0.1 /html5-xidian/Public/home/js/food_templet.js
INFO: [ app_init ] --START--
INFO: Run Behavior\BuildLiteBehavior [ RunTime:0.000029s ]
INFO: [ app_init ] --END-- [ RunTime:0.000789s ]
ERR: 无法加载模块:Public

[ 2016-12-12T14:52:04+08:00 ] 127.0.0.1 /html5-xidian/Public/home/js/food_list_cartoon.js
INFO: [ app_init ] --START--
INFO: Run Behavior\BuildLiteBehavior [ RunTime:0.000028s ]
INFO: [ app_init ] --END-- [ RunTime:0.000655s ]
ERR: 无法加载模块:Public

[ 2016-12-12T14:55:40+08:00 ] 127.0.0.1 /html5-xidian/Public/home/js/food_templet.js
INFO: [ app_init ] --START--
INFO: Run Behavior\BuildLiteBehavior [ RunTime:0.000028s ]
INFO: [ app_init ] --END-- [ RunTime:0.000651s ]
ERR: 无法加载模块:Public

[ 2016-12-12T14:55:55+08:00 ] 127.0.0.1 /html5-xidian/Public/home/js/food_list_cartoon.js
INFO: [ app_init ] --START--
INFO: Run Behavior\BuildLiteBehavior [ RunTime:0.000030s ]
INFO: [ app_init ] --END-- [ RunTime:0.000708s ]
ERR: 无法加载模块:Public

[ 2016-12-12T15:41:46+08:00 ] 127.0.0.1 /html5-xidian/Public/home/js/food_list_cartoon.js
INFO: [ app_init ] --START--
INFO: Run Behavior\BuildLiteBehavior [ RunTime:0.000032s ]
INFO: [ app_init ] --END-- [ RunTime:0.000917s ]
ERR: 无法加载模块:Public

[ 2016-12-12T15:46:05+08:00 ] 127.0.0.1 /html5-xidian/Public/home/js/food_list_cartoon.js
INFO: [ app_init ] --START--
INFO: Run Behavior\BuildLiteBehavior [ RunTime:0.000031s ]
INFO: [ app_init ] --END-- [ RunTime:0.000781s ]
ERR: 无法加载模块:Public

[ 2016-12-12T15:46:34+08:00 ] 127.0.0.1 /html5-xidian/Public/home/js/food_list_cartoon.js
INFO: [ app_init ] --START--
INFO: Run Behavior\BuildLiteBehavior [ RunTime:0.000028s ]
INFO: [ app_init ] --END-- [ RunTime:0.000740s ]
ERR: 无法加载模块:Public

[ 2016-12-12T15:47:39+08:00 ] 127.0.0.1 /html5-xidian/Public/home/js/food_list_cartoon.js
INFO: [ app_init ] --START--
INFO: Run Behavior\BuildLiteBehavior [ RunTime:0.000028s ]
INFO: [ app_init ] --END-- [ RunTime:0.000668s ]
ERR: 无法加载模块:Public

[ 2016-12-12T15:47:48+08:00 ] 127.0.0.1 /html5-xidian/Public/home/js/food_list_cartoon.js
INFO: [ app_init ] --START--
INFO: Run Behavior\BuildLiteBehavior [ RunTime:0.000034s ]
INFO: [ app_init ] --END-- [ RunTime:0.000648s ]
ERR: 无法加载模块:Public

[ 2016-12-12T15:49:44+08:00 ] 127.0.0.1 /html5-xidian/Public/home/js/food_list_cartoon.js
INFO: [ app_init ] --START--
INFO: Run Behavior\BuildLiteBehavior [ RunTime:0.000030s ]
INFO: [ app_init ] --END-- [ RunTime:0.000764s ]
ERR: 无法加载模块:Public

[ 2016-12-12T15:50:37+08:00 ] 127.0.0.1 /html5-xidian/Public/home/js/food_list_cartoon.js
INFO: [ app_init ] --START--
INFO: Run Behavior\BuildLiteBehavior [ RunTime:0.000032s ]
INFO: [ app_init ] --END-- [ RunTime:0.000835s ]
ERR: 无法加载模块:Public

[ 2016-12-12T15:50:50+08:00 ] 127.0.0.1 /html5-xidian/Public/home/js/food_list_cartoon.js
INFO: [ app_init ] --START--
INFO: Run Behavior\BuildLiteBehavior [ RunTime:0.000029s ]
INFO: [ app_init ] --END-- [ RunTime:0.000858s ]
ERR: 无法加载模块:Public

[ 2016-12-12T15:50:58+08:00 ] 127.0.0.1 /html5-xidian/Public/home/js/food_list_cartoon.js
INFO: [ app_init ] --START--
INFO: Run Behavior\BuildLiteBehavior [ RunTime:0.000083s ]
INFO: [ app_init ] --END-- [ RunTime:0.001164s ]
ERR: 无法加载模块:Public

[ 2016-12-12T15:51:21+08:00 ] 127.0.0.1 /html5-xidian/Public/home/js/food_list_cartoon.js
INFO: [ app_init ] --START--
INFO: Run Behavior\BuildLiteBehavior [ RunTime:0.000030s ]
INFO: [ app_init ] --END-- [ RunTime:0.000914s ]
ERR: 无法加载模块:Public

[ 2016-12-12T15:51:52+08:00 ] 127.0.0.1 /html5-xidian/Public/home/js/food_list_cartoon.js
INFO: [ app_init ] --START--
INFO: Run Behavior\BuildLiteBehavior [ RunTime:0.000035s ]
INFO: [ app_init ] --END-- [ RunTime:0.001406s ]
ERR: 无法加载模块:Public

[ 2016-12-12T15:54:28+08:00 ] 127.0.0.1 /html5-xidian/Public/home/js/food_templet.js
INFO: [ app_init ] --START--
INFO: Run Behavior\BuildLiteBehavior [ RunTime:0.000028s ]
INFO: [ app_init ] --END-- [ RunTime:0.000736s ]
ERR: 无法加载模块:Public

[ 2016-12-12T15:54:35+08:00 ] 127.0.0.1 /html5-xidian/Public/home/js/food_list_cartoon.js
INFO: [ app_init ] --START--
INFO: Run Behavior\BuildLiteBehavior [ RunTime:0.000017s ]
INFO: [ app_init ] --END-- [ RunTime:0.000495s ]
ERR: 无法加载模块:Public

[ 2016-12-12T15:58:12+08:00 ] 127.0.0.1 /html5-xidian/Public/home/js/food_list_cartoon.js
INFO: [ app_init ] --START--
INFO: Run Behavior\BuildLiteBehavior [ RunTime:0.000029s ]
INFO: [ app_init ] --END-- [ RunTime:0.000774s ]
ERR: 无法加载模块:Public

[ 2016-12-12T15:58:24+08:00 ] 127.0.0.1 /html5-xidian/Public/home/js/food_list_cartoon.js
INFO: [ app_init ] --START--
INFO: Run Behavior\BuildLiteBehavior [ RunTime:0.000028s ]
INFO: [ app_init ] --END-- [ RunTime:0.000820s ]
ERR: 无法加载模块:Public

[ 2016-12-12T15:58:27+08:00 ] 127.0.0.1 /html5-xidian/Public/home/js/food_list_cartoon.js
INFO: [ app_init ] --START--
INFO: Run Behavior\BuildLiteBehavior [ RunTime:0.000050s ]
INFO: [ app_init ] --END-- [ RunTime:0.001111s ]
ERR: 无法加载模块:Public

[ 2016-12-12T15:58:33+08:00 ] 127.0.0.1 /html5-xidian/Public/home/js/food_list_cartoon.js
INFO: [ app_init ] --START--
INFO: Run Behavior\BuildLiteBehavior [ RunTime:0.000026s ]
INFO: [ app_init ] --END-- [ RunTime:0.000560s ]
ERR: 无法加载模块:Public

[ 2016-12-12T16:01:12+08:00 ] 127.0.0.1 /html5-xidian/Public/home/js/food_list_cartoon.js
INFO: [ app_init ] --START--
INFO: Run Behavior\BuildLiteBehavior [ RunTime:0.000033s ]
INFO: [ app_init ] --END-- [ RunTime:0.001249s ]
ERR: 无法加载模块:Public

[ 2016-12-12T16:01:19+08:00 ] 127.0.0.1 /html5-xidian/Public/home/js/food_list_cartoon.js
INFO: [ app_init ] --START--
INFO: Run Behavior\BuildLiteBehavior [ RunTime:0.000033s ]
INFO: [ app_init ] --END-- [ RunTime:0.000874s ]
ERR: 无法加载模块:Public

[ 2016-12-12T16:01:30+08:00 ] 127.0.0.1 /html5-xidian/Public/home/js/food_list_cartoon.js
INFO: [ app_init ] --START--
INFO: Run Behavior\BuildLiteBehavior [ RunTime:0.000030s ]
INFO: [ app_init ] --END-- [ RunTime:0.000853s ]
ERR: 无法加载模块:Public

[ 2016-12-12T16:04:23+08:00 ] 127.0.0.1 /html5-xidian/Public/home/js/food_list_cartoon.js
INFO: [ app_init ] --START--
INFO: Run Behavior\BuildLiteBehavior [ RunTime:0.000034s ]
INFO: [ app_init ] --END-- [ RunTime:0.002715s ]
ERR: 无法加载模块:Public

[ 2016-12-12T16:04:42+08:00 ] 127.0.0.1 /html5-xidian/Public/home/js/food_list_cartoon.js
INFO: [ app_init ] --START--
INFO: Run Behavior\BuildLiteBehavior [ RunTime:0.000030s ]
INFO: [ app_init ] --END-- [ RunTime:0.000736s ]
ERR: 无法加载模块:Public

[ 2016-12-12T16:04:55+08:00 ] 127.0.0.1 /html5-xidian/Public/home/js/food_list_cartoon.js
INFO: [ app_init ] --START--
INFO: Run Behavior\BuildLiteBehavior [ RunTime:0.000029s ]
INFO: [ app_init ] --END-- [ RunTime:0.000941s ]
ERR: 无法加载模块:Public

[ 2016-12-12T16:05:18+08:00 ] 127.0.0.1 /html5-xidian/Public/home/js/food_list_cartoon.js
INFO: [ app_init ] --START--
INFO: Run Behavior\BuildLiteBehavior [ RunTime:0.000028s ]
INFO: [ app_init ] --END-- [ RunTime:0.000696s ]
ERR: 无法加载模块:Public

[ 2016-12-12T16:05:32+08:00 ] 127.0.0.1 /html5-xidian/Public/home/js/food_list_cartoon.js
INFO: [ app_init ] --START--
INFO: Run Behavior\BuildLiteBehavior [ RunTime:0.000030s ]
INFO: [ app_init ] --END-- [ RunTime:0.000705s ]
ERR: 无法加载模块:Public

[ 2016-12-12T16:05:49+08:00 ] 127.0.0.1 /html5-xidian/Public/home/js/food_list_cartoon.js
INFO: [ app_init ] --START--
INFO: Run Behavior\BuildLiteBehavior [ RunTime:0.000032s ]
INFO: [ app_init ] --END-- [ RunTime:0.002338s ]
ERR: 无法加载模块:Public

[ 2016-12-12T16:06:00+08:00 ] 127.0.0.1 /html5-xidian/Public/home/js/food_list_cartoon.js
INFO: [ app_init ] --START--
INFO: Run Behavior\BuildLiteBehavior [ RunTime:0.000032s ]
INFO: [ app_init ] --END-- [ RunTime:0.001204s ]
ERR: 无法加载模块:Public

[ 2016-12-12T16:07:05+08:00 ] 127.0.0.1 /html5-xidian/Public/home/js/food_list_cartoon.js
INFO: [ app_init ] --START--
INFO: Run Behavior\BuildLiteBehavior [ RunTime:0.000028s ]
INFO: [ app_init ] --END-- [ RunTime:0.000794s ]
ERR: 无法加载模块:Public

[ 2016-12-12T16:07:12+08:00 ] 127.0.0.1 /html5-xidian/Public/home/js/food_list_cartoon.js
INFO: [ app_init ] --START--
INFO: Run Behavior\BuildLiteBehavior [ RunTime:0.000028s ]
INFO: [ app_init ] --END-- [ RunTime:0.001100s ]
ERR: 无法加载模块:Public

[ 2016-12-12T16:07:28+08:00 ] 127.0.0.1 /html5-xidian/Public/home/js/food_list_cartoon.js
INFO: [ app_init ] --START--
INFO: Run Behavior\BuildLiteBehavior [ RunTime:0.000029s ]
INFO: [ app_init ] --END-- [ RunTime:0.001091s ]
ERR: 无法加载模块:Public

[ 2016-12-12T16:07:42+08:00 ] 127.0.0.1 /html5-xidian/Public/home/js/food_list_cartoon.js
INFO: [ app_init ] --START--
INFO: Run Behavior\BuildLiteBehavior [ RunTime:0.000030s ]
INFO: [ app_init ] --END-- [ RunTime:0.000714s ]
ERR: 无法加载模块:Public

[ 2016-12-12T16:07:54+08:00 ] 127.0.0.1 /html5-xidian/Public/home/js/food_list_cartoon.js
INFO: [ app_init ] --START--
INFO: Run Behavior\BuildLiteBehavior [ RunTime:0.000028s ]
INFO: [ app_init ] --END-- [ RunTime:0.000696s ]
ERR: 无法加载模块:Public

[ 2016-12-12T16:08:17+08:00 ] 127.0.0.1 /html5-xidian/Public/home/js/food_list_cartoon.js
INFO: [ app_init ] --START--
INFO: Run Behavior\BuildLiteBehavior [ RunTime:0.000033s ]
INFO: [ app_init ] --END-- [ RunTime:0.007110s ]
ERR: 无法加载模块:Public

[ 2016-12-12T16:09:20+08:00 ] 127.0.0.1 /html5-xidian/Public/home/js/food_list_cartoon.js
INFO: [ app_init ] --START--
INFO: Run Behavior\BuildLiteBehavior [ RunTime:0.000030s ]
INFO: [ app_init ] --END-- [ RunTime:0.000811s ]
ERR: 无法加载模块:Public

[ 2016-12-12T16:09:55+08:00 ] 127.0.0.1 /html5-xidian/Public/home/js/food_list_cartoon.js
INFO: [ app_init ] --START--
INFO: Run Behavior\BuildLiteBehavior [ RunTime:0.000029s ]
INFO: [ app_init ] --END-- [ RunTime:0.001037s ]
ERR: 无法加载模块:Public

[ 2016-12-12T16:10:29+08:00 ] 127.0.0.1 /html5-xidian/Public/home/js/food_list_cartoon.js
INFO: [ app_init ] --START--
INFO: Run Behavior\BuildLiteBehavior [ RunTime:0.000034s ]
INFO: [ app_init ] --END-- [ RunTime:0.000924s ]
ERR: 无法加载模块:Public

[ 2016-12-12T16:10:38+08:00 ] 127.0.0.1 /html5-xidian/Public/home/js/food_list_cartoon.js
INFO: [ app_init ] --START--
INFO: Run Behavior\BuildLiteBehavior [ RunTime:0.000079s ]
INFO: [ app_init ] --END-- [ RunTime:0.000768s ]
ERR: 无法加载模块:Public

[ 2016-12-12T16:10:52+08:00 ] 127.0.0.1 /html5-xidian/Public/home/js/food_list_cartoon.js
INFO: [ app_init ] --START--
INFO: Run Behavior\BuildLiteBehavior [ RunTime:0.000029s ]
INFO: [ app_init ] --END-- [ RunTime:0.000784s ]
ERR: 无法加载模块:Public

[ 2016-12-12T16:11:10+08:00 ] 127.0.0.1 /html5-xidian/Public/home/js/food_list_cartoon.js
INFO: [ app_init ] --START--
INFO: Run Behavior\BuildLiteBehavior [ RunTime:0.000029s ]
INFO: [ app_init ] --END-- [ RunTime:0.000740s ]
ERR: 无法加载模块:Public

[ 2016-12-12T16:12:14+08:00 ] 127.0.0.1 /html5-xidian/Public/home/js/food_list_cartoon.js
INFO: [ app_init ] --START--
INFO: Run Behavior\BuildLiteBehavior [ RunTime:0.000030s ]
INFO: [ app_init ] --END-- [ RunTime:0.000712s ]
ERR: 无法加载模块:Public

[ 2016-12-12T16:12:20+08:00 ] 127.0.0.1 /html5-xidian/Public/home/js/food_list_cartoon.js
INFO: [ app_init ] --START--
INFO: Run Behavior\BuildLiteBehavior [ RunTime:0.000026s ]
INFO: [ app_init ] --END-- [ RunTime:0.000649s ]
ERR: 无法加载模块:Public

[ 2016-12-12T16:12:59+08:00 ] 127.0.0.1 /html5-xidian/Public/home/js/food_list_cartoon.js
INFO: [ app_init ] --START--
INFO: Run Behavior\BuildLiteBehavior [ RunTime:0.000028s ]
INFO: [ app_init ] --END-- [ RunTime:0.000694s ]
ERR: 无法加载模块:Public

[ 2016-12-12T16:13:10+08:00 ] 127.0.0.1 /html5-xidian/Public/home/js/food_list_cartoon.js
INFO: [ app_init ] --START--
INFO: Run Behavior\BuildLiteBehavior [ RunTime:0.000032s ]
INFO: [ app_init ] --END-- [ RunTime:0.000901s ]
ERR: 无法加载模块:Public

[ 2016-12-12T16:13:19+08:00 ] 127.0.0.1 /html5-xidian/Public/home/js/food_list_cartoon.js
INFO: [ app_init ] --START--
INFO: Run Behavior\BuildLiteBehavior [ RunTime:0.000029s ]
INFO: [ app_init ] --END-- [ RunTime:0.000716s ]
ERR: 无法加载模块:Public

[ 2016-12-12T16:13:33+08:00 ] 127.0.0.1 /html5-xidian/Public/home/js/food_list_cartoon.js
INFO: [ app_init ] --START--
INFO: Run Behavior\BuildLiteBehavior [ RunTime:0.000164s ]
INFO: [ app_init ] --END-- [ RunTime:0.001714s ]
ERR: 无法加载模块:Public

[ 2016-12-12T16:13:45+08:00 ] 127.0.0.1 /html5-xidian/Public/home/js/food_list_cartoon.js
INFO: [ app_init ] --START--
INFO: Run Behavior\BuildLiteBehavior [ RunTime:0.000030s ]
INFO: [ app_init ] --END-- [ RunTime:0.000697s ]
ERR: 无法加载模块:Public

[ 2016-12-12T16:13:56+08:00 ] 127.0.0.1 /html5-xidian/Public/home/js/food_list_cartoon.js
INFO: [ app_init ] --START--
INFO: Run Behavior\BuildLiteBehavior [ RunTime:0.000076s ]
INFO: [ app_init ] --END-- [ RunTime:0.000716s ]
ERR: 无法加载模块:Public

[ 2016-12-12T16:14:33+08:00 ] 127.0.0.1 /html5-xidian/Public/home/js/food_list_cartoon.js
INFO: [ app_init ] --START--
INFO: Run Behavior\BuildLiteBehavior [ RunTime:0.000031s ]
INFO: [ app_init ] --END-- [ RunTime:0.001287s ]
ERR: 无法加载模块:Public

[ 2016-12-12T16:14:40+08:00 ] 127.0.0.1 /html5-xidian/Public/home/js/food_list_cartoon.js
INFO: [ app_init ] --START--
INFO: Run Behavior\BuildLiteBehavior [ RunTime:0.000030s ]
INFO: [ app_init ] --END-- [ RunTime:0.000762s ]
ERR: 无法加载模块:Public

[ 2016-12-12T16:14:49+08:00 ] 127.0.0.1 /html5-xidian/Public/home/js/food_list_cartoon.js
INFO: [ app_init ] --START--
INFO: Run Behavior\BuildLiteBehavior [ RunTime:0.000029s ]
INFO: [ app_init ] --END-- [ RunTime:0.000731s ]
ERR: 无法加载模块:Public

[ 2016-12-12T16:16:18+08:00 ] 127.0.0.1 /html5-xidian/Public/home/js/food_list_cartoon.js
INFO: [ app_init ] --START--
INFO: Run Behavior\BuildLiteBehavior [ RunTime:0.000030s ]
INFO: [ app_init ] --END-- [ RunTime:0.002050s ]
ERR: 无法加载模块:Public

[ 2016-12-12T16:18:12+08:00 ] 127.0.0.1 /html5-xidian/Public/home/js/food_list_cartoon.js
INFO: [ app_init ] --START--
INFO: Run Behavior\BuildLiteBehavior [ RunTime:0.000051s ]
INFO: [ app_init ] --END-- [ RunTime:0.001076s ]
ERR: 无法加载模块:Public

[ 2016-12-12T16:18:23+08:00 ] 127.0.0.1 /html5-xidian/Public/home/js/food_list_cartoon.js
INFO: [ app_init ] --START--
INFO: Run Behavior\BuildLiteBehavior [ RunTime:0.000037s ]
INFO: [ app_init ] --END-- [ RunTime:0.000753s ]
ERR: 无法加载模块:Public

[ 2016-12-12T16:18:33+08:00 ] 127.0.0.1 /html5-xidian/Public/home/js/food_list_cartoon.js
INFO: [ app_init ] --START--
INFO: Run Behavior\BuildLiteBehavior [ RunTime:0.000031s ]
INFO: [ app_init ] --END-- [ RunTime:0.000681s ]
ERR: 无法加载模块:Public

[ 2016-12-12T16:18:59+08:00 ] 127.0.0.1 /html5-xidian/Public/home/js/food_list_cartoon.js
INFO: [ app_init ] --START--
INFO: Run Behavior\BuildLiteBehavior [ RunTime:0.000028s ]
INFO: [ app_init ] --END-- [ RunTime:0.000751s ]
ERR: 无法加载模块:Public

[ 2016-12-12T16:19:05+08:00 ] 127.0.0.1 /html5-xidian/Public/home/js/food_list_cartoon.js
INFO: [ app_init ] --START--
INFO: Run Behavior\BuildLiteBehavior [ RunTime:0.000029s ]
INFO: [ app_init ] --END-- [ RunTime:0.000835s ]
ERR: 无法加载模块:Public

[ 2016-12-12T16:19:59+08:00 ] 127.0.0.1 /html5-xidian/Public/home/js/food_list_cartoon.js
INFO: [ app_init ] --START--
INFO: Run Behavior\BuildLiteBehavior [ RunTime:0.000029s ]
INFO: [ app_init ] --END-- [ RunTime:0.000657s ]
ERR: 无法加载模块:Public

[ 2016-12-12T16:20:14+08:00 ] 127.0.0.1 /html5-xidian/Public/home/js/food_list_cartoon.js
INFO: [ app_init ] --START--
INFO: Run Behavior\BuildLiteBehavior [ RunTime:0.000031s ]
INFO: [ app_init ] --END-- [ RunTime:0.000770s ]
ERR: 无法加载模块:Public

[ 2016-12-12T16:21:00+08:00 ] 127.0.0.1 /html5-xidian/Public/home/js/food_list_cartoon.js
INFO: [ app_init ] --START--
INFO: Run Behavior\BuildLiteBehavior [ RunTime:0.000030s ]
INFO: [ app_init ] --END-- [ RunTime:0.001798s ]
ERR: 无法加载模块:Public

[ 2016-12-12T16:21:13+08:00 ] 127.0.0.1 /html5-xidian/Public/home/js/food_list_cartoon.js
INFO: [ app_init ] --START--
INFO: Run Behavior\BuildLiteBehavior [ RunTime:0.000029s ]
INFO: [ app_init ] --END-- [ RunTime:0.000757s ]
ERR: 无法加载模块:Public

[ 2016-12-12T16:21:45+08:00 ] 127.0.0.1 /html5-xidian/Public/home/js/food_list_cartoon.js
INFO: [ app_init ] --START--
INFO: Run Behavior\BuildLiteBehavior [ RunTime:0.000031s ]
INFO: [ app_init ] --END-- [ RunTime:0.001196s ]
ERR: 无法加载模块:Public

[ 2016-12-12T16:21:59+08:00 ] 127.0.0.1 /html5-xidian/Public/home/js/food_list_cartoon.js
INFO: [ app_init ] --START--
INFO: Run Behavior\BuildLiteBehavior [ RunTime:0.000030s ]
INFO: [ app_init ] --END-- [ RunTime:0.000707s ]
ERR: 无法加载模块:Public

[ 2016-12-12T16:22:03+08:00 ] 127.0.0.1 /html5-xidian/Public/home/js/food_list_cartoon.js
INFO: [ app_init ] --START--
INFO: Run Behavior\BuildLiteBehavior [ RunTime:0.000029s ]
INFO: [ app_init ] --END-- [ RunTime:0.000713s ]
ERR: 无法加载模块:Public

[ 2016-12-12T16:23:12+08:00 ] 127.0.0.1 /html5-xidian/Public/home/js/food_list_cartoon.js
INFO: [ app_init ] --START--
INFO: Run Behavior\BuildLiteBehavior [ RunTime:0.000032s ]
INFO: [ app_init ] --END-- [ RunTime:0.002105s ]
ERR: 无法加载模块:Public

[ 2016-12-12T16:23:19+08:00 ] 127.0.0.1 /html5-xidian/Public/home/js/food_list_cartoon.js
INFO: [ app_init ] --START--
INFO: Run Behavior\BuildLiteBehavior [ RunTime:0.000042s ]
INFO: [ app_init ] --END-- [ RunTime:0.001230s ]
ERR: 无法加载模块:Public

[ 2016-12-12T16:23:54+08:00 ] 127.0.0.1 /html5-xidian/Public/home/js/food_list_cartoon.js
INFO: [ app_init ] --START--
INFO: Run Behavior\BuildLiteBehavior [ RunTime:0.000033s ]
INFO: [ app_init ] --END-- [ RunTime:0.001273s ]
ERR: 无法加载模块:Public

[ 2016-12-12T16:24:16+08:00 ] 127.0.0.1 /html5-xidian/Public/home/js/food_list_cartoon.js
INFO: [ app_init ] --START--
INFO: Run Behavior\BuildLiteBehavior [ RunTime:0.000028s ]
INFO: [ app_init ] --END-- [ RunTime:0.000903s ]
ERR: 无法加载模块:Public

[ 2016-12-12T16:25:20+08:00 ] 127.0.0.1 /html5-xidian/Public/home/js/food_list_cartoon.js
INFO: [ app_init ] --START--
INFO: Run Behavior\BuildLiteBehavior [ RunTime:0.000036s ]
INFO: [ app_init ] --END-- [ RunTime:0.000875s ]
ERR: 无法加载模块:Public

[ 2016-12-12T16:25:30+08:00 ] 127.0.0.1 /html5-xidian/Public/home/js/food_list_cartoon.js
INFO: [ app_init ] --START--
INFO: Run Behavior\BuildLiteBehavior [ RunTime:0.000040s ]
INFO: [ app_init ] --END-- [ RunTime:0.001153s ]
ERR: 无法加载模块:Public

[ 2016-12-12T16:26:32+08:00 ] 127.0.0.1 /html5-xidian/Public/home/js/food_list_cartoon.js
INFO: [ app_init ] --START--
INFO: Run Behavior\BuildLiteBehavior [ RunTime:0.000031s ]
INFO: [ app_init ] --END-- [ RunTime:0.001178s ]
ERR: 无法加载模块:Public

[ 2016-12-12T16:28:02+08:00 ] 127.0.0.1 /html5-xidian/Public/home/js/food_list_cartoon.js
INFO: [ app_init ] --START--
INFO: Run Behavior\BuildLiteBehavior [ RunTime:0.000033s ]
INFO: [ app_init ] --END-- [ RunTime:0.002025s ]
ERR: 无法加载模块:Public

[ 2016-12-12T16:28:10+08:00 ] 127.0.0.1 /html5-xidian/Public/home/js/food_list_cartoon.js
INFO: [ app_init ] --START--
INFO: Run Behavior\BuildLiteBehavior [ RunTime:0.000052s ]
INFO: [ app_init ] --END-- [ RunTime:0.001037s ]
ERR: 无法加载模块:Public

[ 2016-12-12T16:29:12+08:00 ] 127.0.0.1 /html5-xidian/Public/home/js/food_list_cartoon.js
INFO: [ app_init ] --START--
INFO: Run Behavior\BuildLiteBehavior [ RunTime:0.000031s ]
INFO: [ app_init ] --END-- [ RunTime:0.002126s ]
ERR: 无法加载模块:Public

[ 2016-12-12T16:29:30+08:00 ] 127.0.0.1 /html5-xidian/Public/home/js/food_list_cartoon.js
INFO: [ app_init ] --START--
INFO: Run Behavior\BuildLiteBehavior [ RunTime:0.000030s ]
INFO: [ app_init ] --END-- [ RunTime:0.000698s ]
ERR: 无法加载模块:Public

[ 2016-12-12T16:31:56+08:00 ] 127.0.0.1 /html5-xidian/Public/home/js/food_list_cartoon.js
INFO: [ app_init ] --START--
INFO: Run Behavior\BuildLiteBehavior [ RunTime:0.000030s ]
INFO: [ app_init ] --END-- [ RunTime:0.000726s ]
ERR: 无法加载模块:Public

[ 2016-12-12T16:32:06+08:00 ] 127.0.0.1 /html5-xidian/Public/home/js/food_list_cartoon.js
INFO: [ app_init ] --START--
INFO: Run Behavior\BuildLiteBehavior [ RunTime:0.000028s ]
INFO: [ app_init ] --END-- [ RunTime:0.000762s ]
ERR: 无法加载模块:Public

[ 2016-12-12T16:32:37+08:00 ] 127.0.0.1 /html5-xidian/Public/home/js/food_list_cartoon.js
INFO: [ app_init ] --START--
INFO: Run Behavior\BuildLiteBehavior [ RunTime:0.000027s ]
INFO: [ app_init ] --END-- [ RunTime:0.000881s ]
ERR: 无法加载模块:Public

[ 2016-12-12T16:33:32+08:00 ] 127.0.0.1 /html5-xidian/Public/home/js/food_list_cartoon.js
INFO: [ app_init ] --START--
INFO: Run Behavior\BuildLiteBehavior [ RunTime:0.000031s ]
INFO: [ app_init ] --END-- [ RunTime:0.000902s ]
ERR: 无法加载模块:Public

[ 2016-12-12T16:33:49+08:00 ] 127.0.0.1 /html5-xidian/Public/home/js/food_list_cartoon.js
INFO: [ app_init ] --START--
INFO: Run Behavior\BuildLiteBehavior [ RunTime:0.000033s ]
INFO: [ app_init ] --END-- [ RunTime:0.001345s ]
ERR: 无法加载模块:Public

[ 2016-12-12T16:34:11+08:00 ] 127.0.0.1 /html5-xidian/Public/home/js/food_list_cartoon.js
INFO: [ app_init ] --START--
INFO: Run Behavior\BuildLiteBehavior [ RunTime:0.000031s ]
INFO: [ app_init ] --END-- [ RunTime:0.000668s ]
ERR: 无法加载模块:Public

[ 2016-12-12T16:34:41+08:00 ] 127.0.0.1 /html5-xidian/Public/home/js/food_list_cartoon.js
INFO: [ app_init ] --START--
INFO: Run Behavior\BuildLiteBehavior [ RunTime:0.000029s ]
INFO: [ app_init ] --END-- [ RunTime:0.000924s ]
ERR: 无法加载模块:Public

[ 2016-12-12T16:37:33+08:00 ] 127.0.0.1 /html5-xidian/Public/home/js/food_list_cartoon.js
INFO: [ app_init ] --START--
INFO: Run Behavior\BuildLiteBehavior [ RunTime:0.000029s ]
INFO: [ app_init ] --END-- [ RunTime:0.000840s ]
ERR: 无法加载模块:Public

[ 2016-12-12T16:39:05+08:00 ] 127.0.0.1 /html5-xidian/Public/home/js/food_list_cartoon.js
INFO: [ app_init ] --START--
INFO: Run Behavior\BuildLiteBehavior [ RunTime:0.000030s ]
INFO: [ app_init ] --END-- [ RunTime:0.000995s ]
ERR: 无法加载模块:Public

[ 2016-12-12T16:39:33+08:00 ] 127.0.0.1 /html5-xidian/Public/home/js/food_list_cartoon.js
INFO: [ app_init ] --START--
INFO: Run Behavior\BuildLiteBehavior [ RunTime:0.000029s ]
INFO: [ app_init ] --END-- [ RunTime:0.001120s ]
ERR: 无法加载模块:Public

[ 2016-12-12T16:44:39+08:00 ] 127.0.0.1 /html5-xidian/Public/home/js/food_list_cartoon.js
INFO: [ app_init ] --START--
INFO: Run Behavior\BuildLiteBehavior [ RunTime:0.000028s ]
INFO: [ app_init ] --END-- [ RunTime:0.000684s ]
ERR: 无法加载模块:Public

[ 2016-12-12T16:45:38+08:00 ] 127.0.0.1 /html5-xidian/Public/home/js/food_list_cartoon.js
INFO: [ app_init ] --START--
INFO: Run Behavior\BuildLiteBehavior [ RunTime:0.000030s ]
INFO: [ app_init ] --END-- [ RunTime:0.000705s ]
ERR: 无法加载模块:Public

[ 2016-12-12T16:45:53+08:00 ] 127.0.0.1 /html5-xidian/Public/home/js/food_list_cartoon.js
INFO: [ app_init ] --START--
INFO: Run Behavior\BuildLiteBehavior [ RunTime:0.000028s ]
INFO: [ app_init ] --END-- [ RunTime:0.000682s ]
ERR: 无法加载模块:Public

[ 2016-12-12T16:46:05+08:00 ] 127.0.0.1 /html5-xidian/Public/home/js/food_list_cartoon.js
INFO: [ app_init ] --START--
INFO: Run Behavior\BuildLiteBehavior [ RunTime:0.000033s ]
INFO: [ app_init ] --END-- [ RunTime:0.000928s ]
ERR: 无法加载模块:Public

[ 2016-12-12T16:47:21+08:00 ] 127.0.0.1 /html5-xidian/Public/home/js/food_list_cartoon.js
INFO: [ app_init ] --START--
INFO: Run Behavior\BuildLiteBehavior [ RunTime:0.000027s ]
INFO: [ app_init ] --END-- [ RunTime:0.000878s ]
ERR: 无法加载模块:Public

[ 2016-12-12T16:47:32+08:00 ] 127.0.0.1 /html5-xidian/Public/home/js/food_list_cartoon.js
INFO: [ app_init ] --START--
INFO: Run Behavior\BuildLiteBehavior [ RunTime:0.000030s ]
INFO: [ app_init ] --END-- [ RunTime:0.001094s ]
ERR: 无法加载模块:Public

[ 2016-12-12T16:48:30+08:00 ] 127.0.0.1 /html5-xidian/Public/home/js/food_list_cartoon.js
INFO: [ app_init ] --START--
INFO: Run Behavior\BuildLiteBehavior [ RunTime:0.000029s ]
INFO: [ app_init ] --END-- [ RunTime:0.000755s ]
ERR: 无法加载模块:Public

[ 2016-12-12T16:49:25+08:00 ] 127.0.0.1 /html5-xidian/Public/home/js/food_list_cartoon.js
INFO: [ app_init ] --START--
INFO: Run Behavior\BuildLiteBehavior [ RunTime:0.000029s ]
INFO: [ app_init ] --END-- [ RunTime:0.000766s ]
ERR: 无法加载模块:Public

[ 2016-12-12T16:50:31+08:00 ] 127.0.0.1 /html5-xidian/Public/home/js/food_list_cartoon.js
INFO: [ app_init ] --START--
INFO: Run Behavior\BuildLiteBehavior [ RunTime:0.000032s ]
INFO: [ app_init ] --END-- [ RunTime:0.000780s ]
ERR: 无法加载模块:Public

[ 2016-12-12T16:50:42+08:00 ] 127.0.0.1 /html5-xidian/Public/home/js/food_list_cartoon.js
INFO: [ app_init ] --START--
INFO: Run Behavior\BuildLiteBehavior [ RunTime:0.000030s ]
INFO: [ app_init ] --END-- [ RunTime:0.000780s ]
ERR: 无法加载模块:Public

[ 2016-12-12T16:52:04+08:00 ] 127.0.0.1 /html5-xidian/Public/home/js/food_list_cartoon.js
INFO: [ app_init ] --START--
INFO: Run Behavior\BuildLiteBehavior [ RunTime:0.000016s ]
INFO: [ app_init ] --END-- [ RunTime:0.000471s ]
ERR: 无法加载模块:Public

[ 2016-12-12T16:52:55+08:00 ] 127.0.0.1 /html5-xidian/Public/home/js/food_list_cartoon.js
INFO: [ app_init ] --START--
INFO: Run Behavior\BuildLiteBehavior [ RunTime:0.000048s ]
INFO: [ app_init ] --END-- [ RunTime:0.001486s ]
ERR: 无法加载模块:Public

[ 2016-12-12T16:55:37+08:00 ] 127.0.0.1 /html5-xidian/Public/home/js/food_list_cartoon.js
INFO: [ app_init ] --START--
INFO: Run Behavior\BuildLiteBehavior [ RunTime:0.000029s ]
INFO: [ app_init ] --END-- [ RunTime:0.000802s ]
ERR: 无法加载模块:Public

[ 2016-12-12T16:55:58+08:00 ] 127.0.0.1 /html5-xidian/Public/home/js/food_templet.js
INFO: [ app_init ] --START--
INFO: Run Behavior\BuildLiteBehavior [ RunTime:0.000028s ]
INFO: [ app_init ] --END-- [ RunTime:0.000644s ]
ERR: 无法加载模块:Public

[ 2016-12-12T16:56:04+08:00 ] 127.0.0.1 /html5-xidian/Public/home/js/food_templet.js
INFO: [ app_init ] --START--
INFO: Run Behavior\BuildLiteBehavior [ RunTime:0.000028s ]
INFO: [ app_init ] --END-- [ RunTime:0.000731s ]
ERR: 无法加载模块:Public

[ 2016-12-12T16:56:10+08:00 ] 127.0.0.1 /html5-xidian/Public/home/js/food_list_cartoon.js
INFO: [ app_init ] --START--
INFO: Run Behavior\BuildLiteBehavior [ RunTime:0.000051s ]
INFO: [ app_init ] --END-- [ RunTime:0.001099s ]
ERR: 无法加载模块:Public

[ 2016-12-12T16:57:02+08:00 ] 127.0.0.1 /html5-xidian/Public/home/js/food_list_cartoon.js
INFO: [ app_init ] --START--
INFO: Run Behavior\BuildLiteBehavior [ RunTime:0.000030s ]
INFO: [ app_init ] --END-- [ RunTime:0.001230s ]
ERR: 无法加载模块:Public

[ 2016-12-12T16:57:32+08:00 ] 127.0.0.1 /html5-xidian/Public/home/js/food_list_cartoon.js
INFO: [ app_init ] --START--
INFO: Run Behavior\BuildLiteBehavior [ RunTime:0.000028s ]
INFO: [ app_init ] --END-- [ RunTime:0.000813s ]
ERR: 无法加载模块:Public

[ 2016-12-12T16:58:13+08:00 ] 127.0.0.1 /html5-xidian/Public/home/js/food_list_cartoon.js
INFO: [ app_init ] --START--
INFO: Run Behavior\BuildLiteBehavior [ RunTime:0.000033s ]
INFO: [ app_init ] --END-- [ RunTime:0.003279s ]
ERR: 无法加载模块:Public

[ 2016-12-12T16:58:34+08:00 ] 127.0.0.1 /html5-xidian/Public/home/js/food_list_cartoon.js
INFO: [ app_init ] --START--
INFO: Run Behavior\BuildLiteBehavior [ RunTime:0.000064s ]
INFO: [ app_init ] --END-- [ RunTime:0.000734s ]
ERR: 无法加载模块:Public

[ 2016-12-12T16:59:37+08:00 ] 127.0.0.1 /html5-xidian/Public/home/js/food_list_cartoon.js
INFO: [ app_init ] --START--
INFO: Run Behavior\BuildLiteBehavior [ RunTime:0.000033s ]
INFO: [ app_init ] --END-- [ RunTime:0.001925s ]
ERR: 无法加载模块:Public

[ 2016-12-12T17:00:02+08:00 ] 127.0.0.1 /html5-xidian/Public/home/js/food_list_cartoon.js
INFO: [ app_init ] --START--
INFO: Run Behavior\BuildLiteBehavior [ RunTime:0.000029s ]
INFO: [ app_init ] --END-- [ RunTime:0.000757s ]
ERR: 无法加载模块:Public

[ 2016-12-12T17:00:18+08:00 ] 127.0.0.1 /html5-xidian/Public/home/js/food_list_cartoon.js
INFO: [ app_init ] --START--
INFO: Run Behavior\BuildLiteBehavior [ RunTime:0.000031s ]
INFO: [ app_init ] --END-- [ RunTime:0.001160s ]
ERR: 无法加载模块:Public

[ 2016-12-12T17:01:11+08:00 ] 127.0.0.1 /html5-xidian/Public/home/js/food_list_cartoon.js
INFO: [ app_init ] --START--
INFO: Run Behavior\BuildLiteBehavior [ RunTime:0.000190s ]
INFO: [ app_init ] --END-- [ RunTime:0.001540s ]
ERR: 无法加载模块:Public

[ 2016-12-12T17:02:18+08:00 ] 127.0.0.1 /html5-xidian/Public/home/js/food_list_cartoon.js
INFO: [ app_init ] --START--
INFO: Run Behavior\BuildLiteBehavior [ RunTime:0.000018s ]
INFO: [ app_init ] --END-- [ RunTime:0.000442s ]
ERR: 无法加载模块:Public

[ 2016-12-12T17:02:47+08:00 ] 127.0.0.1 /html5-xidian/Public/home/js/food_list_cartoon.js
INFO: [ app_init ] --START--
INFO: Run Behavior\BuildLiteBehavior [ RunTime:0.000030s ]
INFO: [ app_init ] --END-- [ RunTime:0.002009s ]
ERR: 无法加载模块:Public

[ 2016-12-12T17:03:18+08:00 ] 127.0.0.1 /html5-xidian/Public/home/js/food_list_cartoon.js
INFO: [ app_init ] --START--
INFO: Run Behavior\BuildLiteBehavior [ RunTime:0.000030s ]
INFO: [ app_init ] --END-- [ RunTime:0.000784s ]
ERR: 无法加载模块:Public

[ 2016-12-12T17:04:29+08:00 ] 127.0.0.1 /html5-xidian/Public/home/js/food_list_cartoon.js
INFO: [ app_init ] --START--
INFO: Run Behavior\BuildLiteBehavior [ RunTime:0.000032s ]
INFO: [ app_init ] --END-- [ RunTime:0.002244s ]
ERR: 无法加载模块:Public

[ 2016-12-12T18:08:02+08:00 ] 127.0.0.1 /html5-xidian/Public/home/js/food_templet.js
INFO: [ app_init ] --START--
INFO: Run Behavior\BuildLiteBehavior [ RunTime:0.000016s ]
INFO: [ app_init ] --END-- [ RunTime:0.000416s ]
ERR: 无法加载模块:Public

[ 2016-12-12T18:13:40+08:00 ] 127.0.0.1 /html5-xidian/Public/home/js/food_templet.js
INFO: [ app_init ] --START--
INFO: Run Behavior\BuildLiteBehavior [ RunTime:0.000038s ]
INFO: [ app_init ] --END-- [ RunTime:0.002371s ]
ERR: 无法加载模块:Public

[ 2016-12-12T18:27:08+08:00 ] 127.0.0.1 /html5-xidian/Public/home/js/food_templet.js
INFO: [ app_init ] --START--
INFO: Run Behavior\BuildLiteBehavior [ RunTime:0.000016s ]
INFO: [ app_init ] --END-- [ RunTime:0.000496s ]
ERR: 无法加载模块:Public

[ 2016-12-12T18:27:19+08:00 ] 127.0.0.1 /html5-xidian/Public/home/js/food_templet.js
INFO: [ app_init ] --START--
INFO: Run Behavior\BuildLiteBehavior [ RunTime:0.000015s ]
INFO: [ app_init ] --END-- [ RunTime:0.000410s ]
ERR: 无法加载模块:Public

[ 2016-12-12T18:37:43+08:00 ] 127.0.0.1 /html5-xidian/Public/home/js/food_templet.js
INFO: [ app_init ] --START--
INFO: Run Behavior\BuildLiteBehavior [ RunTime:0.000016s ]
INFO: [ app_init ] --END-- [ RunTime:0.000425s ]
ERR: 无法加载模块:Public

