[ 2016-12-09T11:50:33+08:00 ] 127.0.0.1 /html5-xidian/home.php
INFO: [ app_init ] --START--
INFO: Run Behavior\BuildLiteBehavior [ RunTime:0.000018s ]
INFO: [ app_init ] --END-- [ RunTime:0.000975s ]
INFO: [ app_begin ] --START--
INFO: Run Behavior\ReadHtmlCacheBehavior [ RunTime:0.001041s ]
INFO: [ app_begin ] --END-- [ RunTime:0.001116s ]
SQL: SHOW COLUMNS FROM `tags` [ RunTime:0.0276s ]
SQL: SELECT * FROM `tags`  [ RunTime:0.0004s ]
INFO: [ view_parse ] --START--
INFO: [ template_filter ] --START--
INFO: Run Behavior\ContentReplaceBehavior [ RunTime:0.000122s ]
INFO: [ template_filter ] --END-- [ RunTime:0.000199s ]
INFO: Run Behavior\ParseTemplateBehavior [ RunTime:0.049929s ]
INFO: [ view_parse ] --END-- [ RunTime:0.050012s ]
INFO: [ view_filter ] --START--
INFO: Run Behavior\WriteHtmlCacheBehavior [ RunTime:0.001003s ]
INFO: [ view_filter ] --END-- [ RunTime:0.001065s ]
INFO: [ app_end ] --START--
INFO: Run Behavior\ShowPageTraceBehavior [ RunTime:0.001398s ]
INFO: [ app_end ] --END-- [ RunTime:0.001513s ]

[ 2016-12-09T11:50:51+08:00 ] 127.0.0.1 /html5-xidian/home.php/Home/food/french_cate.html
INFO: [ app_init ] --START--
INFO: Run Behavior\BuildLiteBehavior [ RunTime:0.000017s ]
INFO: [ app_init ] --END-- [ RunTime:0.000561s ]
INFO: [ app_begin ] --START--
INFO: Run Behavior\ReadHtmlCacheBehavior [ RunTime:0.000708s ]
INFO: [ app_begin ] --END-- [ RunTime:0.000767s ]
SQL: SHOW COLUMNS FROM `foods` [ RunTime:0.0598s ]
SQL: SELECT * FROM `foods` WHERE `classify` = '法式菜肴'  [ RunTime:0.0006s ]
INFO: [ view_parse ] --START--
INFO: [ template_filter ] --START--
INFO: Run Behavior\ContentReplaceBehavior [ RunTime:0.000103s ]
INFO: [ template_filter ] --END-- [ RunTime:0.000170s ]
NOTIC: [8] Undefined variable: username K:\html5\wwwroot\html5-xidian\Application\Runtime\Cache\Home\d1d0aea2e74c765d43a3164d9cf8ab49.php 第 184 行.
NOTIC: [8] Undefined variable: username K:\html5\wwwroot\html5-xidian\Application\Runtime\Cache\Home\d1d0aea2e74c765d43a3164d9cf8ab49.php 第 184 行.
NOTIC: [8] Undefined variable: username K:\html5\wwwroot\html5-xidian\Application\Runtime\Cache\Home\d1d0aea2e74c765d43a3164d9cf8ab49.php 第 184 行.
NOTIC: [8] Undefined variable: username K:\html5\wwwroot\html5-xidian\Application\Runtime\Cache\Home\d1d0aea2e74c765d43a3164d9cf8ab49.php 第 184 行.
NOTIC: [8] Undefined variable: username K:\html5\wwwroot\html5-xidian\Application\Runtime\Cache\Home\d1d0aea2e74c765d43a3164d9cf8ab49.php 第 184 行.
INFO: Run Behavior\ParseTemplateBehavior [ RunTime:0.039254s ]
INFO: [ view_parse ] --END-- [ RunTime:0.039321s ]
INFO: [ view_filter ] --START--
INFO: Run Behavior\WriteHtmlCacheBehavior [ RunTime:0.000518s ]
INFO: [ view_filter ] --END-- [ RunTime:0.000571s ]
INFO: [ app_end ] --START--
INFO: Run Behavior\ShowPageTraceBehavior [ RunTime:0.001030s ]
INFO: [ app_end ] --END-- [ RunTime:0.001132s ]

[ 2016-12-09T11:50:53+08:00 ] 127.0.0.1 /html5-xidian/home.php/Home/food/getFav
INFO: [ app_init ] --START--
INFO: Run Behavior\BuildLiteBehavior [ RunTime:0.000030s ]
INFO: [ app_init ] --END-- [ RunTime:0.000757s ]
INFO: [ app_begin ] --START--
INFO: Run Behavior\ReadHtmlCacheBehavior [ RunTime:0.000921s ]
INFO: [ app_begin ] --END-- [ RunTime:0.001063s ]
SQL: SHOW COLUMNS FROM `favorite` [ RunTime:0.0171s ]
SQL: SELECT * FROM `favorite` WHERE `food_id` = 14 AND `user_name` = '' LIMIT 1   [ RunTime:0.0010s ]
INFO: [ app_end ] --START--
INFO: Run Behavior\ShowPageTraceBehavior [ RunTime:0.000725s ]
INFO: [ app_end ] --END-- [ RunTime:0.000786s ]

[ 2016-12-09T11:50:54+08:00 ] 127.0.0.1 /html5-xidian/home.php/Home/food/getFav
INFO: [ app_init ] --START--
INFO: Run Behavior\BuildLiteBehavior [ RunTime:0.000033s ]
INFO: [ app_init ] --END-- [ RunTime:0.005999s ]
INFO: [ app_begin ] --START--
INFO: Run Behavior\ReadHtmlCacheBehavior [ RunTime:0.001571s ]
INFO: [ app_begin ] --END-- [ RunTime:0.001697s ]
SQL: SHOW COLUMNS FROM `favorite` [ RunTime:0.0050s ]
SQL: SELECT * FROM `favorite` WHERE `food_id` = 15 AND `user_name` = '' LIMIT 1   [ RunTime:0.0005s ]
INFO: [ app_end ] --START--
INFO: Run Behavior\ShowPageTraceBehavior [ RunTime:0.000880s ]
INFO: [ app_end ] --END-- [ RunTime:0.000946s ]

[ 2016-12-09T11:50:55+08:00 ] 127.0.0.1 /html5-xidian/home.php/Home/food/getFav
INFO: [ app_init ] --START--
INFO: Run Behavior\BuildLiteBehavior [ RunTime:0.000029s ]
INFO: [ app_init ] --END-- [ RunTime:0.000912s ]
INFO: [ app_begin ] --START--
INFO: Run Behavior\ReadHtmlCacheBehavior [ RunTime:0.002293s ]
INFO: [ app_begin ] --END-- [ RunTime:0.002457s ]
SQL: SHOW COLUMNS FROM `favorite` [ RunTime:0.0045s ]
SQL: SELECT * FROM `favorite` WHERE `food_id` = 39 AND `user_name` = '' LIMIT 1   [ RunTime:0.0004s ]
INFO: [ app_end ] --START--
INFO: Run Behavior\ShowPageTraceBehavior [ RunTime:0.000826s ]
INFO: [ app_end ] --END-- [ RunTime:0.000883s ]

[ 2016-12-09T11:50:56+08:00 ] 127.0.0.1 /html5-xidian/home.php/Home/food/getFav
INFO: [ app_init ] --START--
INFO: Run Behavior\BuildLiteBehavior [ RunTime:0.000026s ]
INFO: [ app_init ] --END-- [ RunTime:0.001389s ]
INFO: [ app_begin ] --START--
INFO: Run Behavior\ReadHtmlCacheBehavior [ RunTime:0.001125s ]
INFO: [ app_begin ] --END-- [ RunTime:0.001262s ]
SQL: SHOW COLUMNS FROM `favorite` [ RunTime:0.0104s ]
SQL: SELECT * FROM `favorite` WHERE `food_id` = 18 AND `user_name` = '' LIMIT 1   [ RunTime:0.0014s ]
INFO: [ app_end ] --START--
INFO: Run Behavior\ShowPageTraceBehavior [ RunTime:0.001227s ]
INFO: [ app_end ] --END-- [ RunTime:0.001361s ]

[ 2016-12-09T11:50:57+08:00 ] 127.0.0.1 /html5-xidian/home.php/Home/food/getFav
INFO: [ app_init ] --START--
INFO: Run Behavior\BuildLiteBehavior [ RunTime:0.000029s ]
INFO: [ app_init ] --END-- [ RunTime:0.000887s ]
INFO: [ app_begin ] --START--
INFO: Run Behavior\ReadHtmlCacheBehavior [ RunTime:0.001417s ]
INFO: [ app_begin ] --END-- [ RunTime:0.001533s ]
SQL: SHOW COLUMNS FROM `favorite` [ RunTime:0.0045s ]
SQL: SELECT * FROM `favorite` WHERE `food_id` = 17 AND `user_name` = '' LIMIT 1   [ RunTime:0.0005s ]
INFO: [ app_end ] --START--
INFO: Run Behavior\ShowPageTraceBehavior [ RunTime:0.000820s ]
INFO: [ app_end ] --END-- [ RunTime:0.000877s ]

