[ 2016-12-19T13:59:46+08:00 ] 127.0.0.1 /html5-xidian/home.php
INFO: [ app_init ] --START--
INFO: Run Behavior\BuildLiteBehavior [ RunTime:0.000020s ]
INFO: [ app_init ] --END-- [ RunTime:0.001086s ]
INFO: [ app_begin ] --START--
INFO: Run Behavior\ReadHtmlCacheBehavior [ RunTime:0.000923s ]
INFO: [ app_begin ] --END-- [ RunTime:0.000990s ]
SQL: SHOW COLUMNS FROM `tuisong` [ RunTime:0.0390s ]
SQL: SELECT * FROM `tuisong` ORDER BY id desc LIMIT 3   [ RunTime:0.0007s ]
INFO: [ view_parse ] --START--
INFO: [ template_filter ] --START--
INFO: Run Behavior\ContentReplaceBehavior [ RunTime:0.000123s ]
INFO: [ template_filter ] --END-- [ RunTime:0.000198s ]
INFO: Run Behavior\ParseTemplateBehavior [ RunTime:0.041668s ]
INFO: [ view_parse ] --END-- [ RunTime:0.041763s ]
INFO: [ view_filter ] --START--
INFO: Run Behavior\WriteHtmlCacheBehavior [ RunTime:0.000789s ]
INFO: [ view_filter ] --END-- [ RunTime:0.000843s ]
INFO: [ app_end ] --START--
INFO: Run Behavior\ShowPageTraceBehavior [ RunTime:0.001001s ]
INFO: [ app_end ] --END-- [ RunTime:0.001102s ]

[ 2016-12-19T13:59:50+08:00 ] 127.0.0.1 /html5-xidian/home.php/Home/food/french_cate.html
INFO: [ app_init ] --START--
INFO: Run Behavior\BuildLiteBehavior [ RunTime:0.000016s ]
INFO: [ app_init ] --END-- [ RunTime:0.000501s ]
INFO: [ app_begin ] --START--
INFO: Run Behavior\ReadHtmlCacheBehavior [ RunTime:0.000700s ]
INFO: [ app_begin ] --END-- [ RunTime:0.000762s ]
SQL: SHOW COLUMNS FROM `foods` [ RunTime:0.3089s ]
SQL: SELECT * FROM `foods` WHERE `classify` = '法式菜肴'  [ RunTime:0.0006s ]
INFO: [ view_parse ] --START--
INFO: [ template_filter ] --START--
INFO: Run Behavior\ContentReplaceBehavior [ RunTime:0.000104s ]
INFO: [ template_filter ] --END-- [ RunTime:0.000170s ]
NOTIC: [8] Undefined variable: username K:\html5\wwwroot\html5-xidian\Application\Runtime\Cache\Home\d1d0aea2e74c765d43a3164d9cf8ab49.php 第 200 行.
NOTIC: [8] Undefined variable: username K:\html5\wwwroot\html5-xidian\Application\Runtime\Cache\Home\d1d0aea2e74c765d43a3164d9cf8ab49.php 第 200 行.
NOTIC: [8] Undefined variable: username K:\html5\wwwroot\html5-xidian\Application\Runtime\Cache\Home\d1d0aea2e74c765d43a3164d9cf8ab49.php 第 200 行.
NOTIC: [8] Undefined variable: username K:\html5\wwwroot\html5-xidian\Application\Runtime\Cache\Home\d1d0aea2e74c765d43a3164d9cf8ab49.php 第 200 行.
NOTIC: [8] Undefined variable: username K:\html5\wwwroot\html5-xidian\Application\Runtime\Cache\Home\d1d0aea2e74c765d43a3164d9cf8ab49.php 第 200 行.
NOTIC: [8] Undefined variable: username K:\html5\wwwroot\html5-xidian\Application\Runtime\Cache\Home\d1d0aea2e74c765d43a3164d9cf8ab49.php 第 200 行.
NOTIC: [8] Undefined variable: username K:\html5\wwwroot\html5-xidian\Application\Runtime\Cache\Home\d1d0aea2e74c765d43a3164d9cf8ab49.php 第 200 行.
NOTIC: [8] Undefined variable: username K:\html5\wwwroot\html5-xidian\Application\Runtime\Cache\Home\d1d0aea2e74c765d43a3164d9cf8ab49.php 第 200 行.
NOTIC: [8] Undefined variable: username K:\html5\wwwroot\html5-xidian\Application\Runtime\Cache\Home\d1d0aea2e74c765d43a3164d9cf8ab49.php 第 200 行.
INFO: Run Behavior\ParseTemplateBehavior [ RunTime:0.021308s ]
INFO: [ view_parse ] --END-- [ RunTime:0.021395s ]
INFO: [ view_filter ] --START--
INFO: Run Behavior\WriteHtmlCacheBehavior [ RunTime:0.000484s ]
INFO: [ view_filter ] --END-- [ RunTime:0.000539s ]
INFO: [ app_end ] --START--
INFO: Run Behavior\ShowPageTraceBehavior [ RunTime:0.000736s ]
INFO: [ app_end ] --END-- [ RunTime:0.000832s ]

[ 2016-12-19T13:59:52+08:00 ] 127.0.0.1 /html5-xidian/home.php/Home/food/getFav
INFO: [ app_init ] --START--
INFO: Run Behavior\BuildLiteBehavior [ RunTime:0.000029s ]
INFO: [ app_init ] --END-- [ RunTime:0.000634s ]
INFO: [ app_begin ] --START--
INFO: Run Behavior\ReadHtmlCacheBehavior [ RunTime:0.000838s ]
INFO: [ app_begin ] --END-- [ RunTime:0.000943s ]
SQL: SHOW COLUMNS FROM `favorite` [ RunTime:0.0142s ]
SQL: SELECT * FROM `favorite` WHERE `food_id` = 15 AND `user_name` = '' LIMIT 1   [ RunTime:0.0005s ]
INFO: [ app_end ] --START--
INFO: Run Behavior\ShowPageTraceBehavior [ RunTime:0.000682s ]
INFO: [ app_end ] --END-- [ RunTime:0.000738s ]

[ 2016-12-19T13:59:53+08:00 ] 127.0.0.1 /html5-xidian/home.php/Home/food/getFav
INFO: [ app_init ] --START--
INFO: Run Behavior\BuildLiteBehavior [ RunTime:0.000023s ]
INFO: [ app_init ] --END-- [ RunTime:0.000655s ]
INFO: [ app_begin ] --START--
INFO: Run Behavior\ReadHtmlCacheBehavior [ RunTime:0.001004s ]
INFO: [ app_begin ] --END-- [ RunTime:0.001103s ]
SQL: SHOW COLUMNS FROM `favorite` [ RunTime:0.0045s ]
SQL: SELECT * FROM `favorite` WHERE `food_id` = 14 AND `user_name` = '' LIMIT 1   [ RunTime:0.0005s ]
INFO: [ app_end ] --START--
INFO: Run Behavior\ShowPageTraceBehavior [ RunTime:0.000880s ]
INFO: [ app_end ] --END-- [ RunTime:0.000942s ]

[ 2016-12-19T13:59:54+08:00 ] 127.0.0.1 /html5-xidian/home.php/Home/food/getFav
INFO: [ app_init ] --START--
INFO: Run Behavior\BuildLiteBehavior [ RunTime:0.000023s ]
INFO: [ app_init ] --END-- [ RunTime:0.000673s ]
INFO: [ app_begin ] --START--
INFO: Run Behavior\ReadHtmlCacheBehavior [ RunTime:0.001029s ]
INFO: [ app_begin ] --END-- [ RunTime:0.001156s ]
SQL: SHOW COLUMNS FROM `favorite` [ RunTime:0.0045s ]
SQL: SELECT * FROM `favorite` WHERE `food_id` = 45 AND `user_name` = '' LIMIT 1   [ RunTime:0.0004s ]
INFO: [ app_end ] --START--
INFO: Run Behavior\ShowPageTraceBehavior [ RunTime:0.000864s ]
INFO: [ app_end ] --END-- [ RunTime:0.000931s ]

[ 2016-12-19T13:59:55+08:00 ] 127.0.0.1 /html5-xidian/home.php/Home/food/getFav
INFO: [ app_init ] --START--
INFO: Run Behavior\BuildLiteBehavior [ RunTime:0.000024s ]
INFO: [ app_init ] --END-- [ RunTime:0.000593s ]
INFO: [ app_begin ] --START--
INFO: Run Behavior\ReadHtmlCacheBehavior [ RunTime:0.000900s ]
INFO: [ app_begin ] --END-- [ RunTime:0.001015s ]
SQL: SHOW COLUMNS FROM `favorite` [ RunTime:0.0055s ]
SQL: SELECT * FROM `favorite` WHERE `food_id` = 47 AND `user_name` = '' LIMIT 1   [ RunTime:0.0005s ]
INFO: [ app_end ] --START--
INFO: Run Behavior\ShowPageTraceBehavior [ RunTime:0.000754s ]
INFO: [ app_end ] --END-- [ RunTime:0.000825s ]

[ 2016-12-19T13:59:56+08:00 ] 127.0.0.1 /html5-xidian/home.php/Home/food/getFav
INFO: [ app_init ] --START--
INFO: Run Behavior\BuildLiteBehavior [ RunTime:0.000028s ]
INFO: [ app_init ] --END-- [ RunTime:0.000665s ]
INFO: [ app_begin ] --START--
INFO: Run Behavior\ReadHtmlCacheBehavior [ RunTime:0.000997s ]
INFO: [ app_begin ] --END-- [ RunTime:0.001107s ]
SQL: SHOW COLUMNS FROM `favorite` [ RunTime:0.0046s ]
SQL: SELECT * FROM `favorite` WHERE `food_id` = 46 AND `user_name` = '' LIMIT 1   [ RunTime:0.0005s ]
INFO: [ app_end ] --START--
INFO: Run Behavior\ShowPageTraceBehavior [ RunTime:0.000960s ]
INFO: [ app_end ] --END-- [ RunTime:0.001043s ]

[ 2016-12-19T13:59:57+08:00 ] 127.0.0.1 /html5-xidian/home.php/Home/food/getFav
INFO: [ app_init ] --START--
INFO: Run Behavior\BuildLiteBehavior [ RunTime:0.000015s ]
INFO: [ app_init ] --END-- [ RunTime:0.000430s ]
INFO: [ app_begin ] --START--
INFO: Run Behavior\ReadHtmlCacheBehavior [ RunTime:0.000626s ]
INFO: [ app_begin ] --END-- [ RunTime:0.000687s ]
SQL: SHOW COLUMNS FROM `favorite` [ RunTime:0.0056s ]
SQL: SELECT * FROM `favorite` WHERE `food_id` = 43 AND `user_name` = '' LIMIT 1   [ RunTime:0.0005s ]
INFO: [ app_end ] --START--
INFO: Run Behavior\ShowPageTraceBehavior [ RunTime:0.000773s ]
INFO: [ app_end ] --END-- [ RunTime:0.000833s ]

[ 2016-12-19T13:59:58+08:00 ] 127.0.0.1 /html5-xidian/home.php/Home/food/getFav
INFO: [ app_init ] --START--
INFO: Run Behavior\BuildLiteBehavior [ RunTime:0.000036s ]
INFO: [ app_init ] --END-- [ RunTime:0.000828s ]
INFO: [ app_begin ] --START--
INFO: Run Behavior\ReadHtmlCacheBehavior [ RunTime:0.000856s ]
INFO: [ app_begin ] --END-- [ RunTime:0.000964s ]
SQL: SHOW COLUMNS FROM `favorite` [ RunTime:0.0045s ]
SQL: SELECT * FROM `favorite` WHERE `food_id` = 44 AND `user_name` = '' LIMIT 1   [ RunTime:0.0005s ]
INFO: [ app_end ] --START--
INFO: Run Behavior\ShowPageTraceBehavior [ RunTime:0.000721s ]
INFO: [ app_end ] --END-- [ RunTime:0.000782s ]

[ 2016-12-19T13:59:59+08:00 ] 127.0.0.1 /html5-xidian/home.php/Home/food/content/id/14
INFO: [ app_init ] --START--
INFO: Run Behavior\BuildLiteBehavior [ RunTime:0.000015s ]
INFO: [ app_init ] --END-- [ RunTime:0.000421s ]
INFO: [ app_begin ] --START--
INFO: Run Behavior\ReadHtmlCacheBehavior [ RunTime:0.000543s ]
INFO: [ app_begin ] --END-- [ RunTime:0.000601s ]
SQL: SHOW COLUMNS FROM `foods` [ RunTime:0.0047s ]
SQL: SELECT * FROM `foods` WHERE `id` = 14 LIMIT 1   [ RunTime:0.0006s ]
SQL: SHOW COLUMNS FROM `tag_food_relation` [ RunTime:0.0535s ]
SQL: SELECT * FROM `tag_food_relation` WHERE `food_name` = '草莓慕斯'  [ RunTime:0.0005s ]
SQL: SHOW COLUMNS FROM `comment` [ RunTime:0.0175s ]
SQL: SELECT * FROM `comment` WHERE `food_id` = 14  [ RunTime:0.0007s ]
SQL: SELECT * FROM `comment` WHERE `food_id` = 14 ORDER BY id desc LIMIT 0,5   [ RunTime:0.0007s ]
INFO: [ view_parse ] --START--
INFO: [ template_filter ] --START--
INFO: Run Behavior\ContentReplaceBehavior [ RunTime:0.000142s ]
INFO: [ template_filter ] --END-- [ RunTime:0.000220s ]
NOTIC: [8] Undefined variable: username K:\html5\wwwroot\html5-xidian\Application\Runtime\Cache\Home\9e7f3b8699fd931840ddd7d722dfdfde.php 第 166 行.
NOTIC: [8] Undefined variable: username K:\html5\wwwroot\html5-xidian\Application\Runtime\Cache\Home\9e7f3b8699fd931840ddd7d722dfdfde.php 第 275 行.
NOTIC: [8] Undefined variable: username K:\html5\wwwroot\html5-xidian\Application\Runtime\Cache\Home\9e7f3b8699fd931840ddd7d722dfdfde.php 第 283 行.
INFO: Run Behavior\ParseTemplateBehavior [ RunTime:0.044784s ]
INFO: [ view_parse ] --END-- [ RunTime:0.044858s ]
INFO: [ view_filter ] --START--
INFO: Run Behavior\WriteHtmlCacheBehavior [ RunTime:0.000499s ]
INFO: [ view_filter ] --END-- [ RunTime:0.000552s ]
INFO: [ app_end ] --START--
INFO: Run Behavior\ShowPageTraceBehavior [ RunTime:0.000873s ]
INFO: [ app_end ] --END-- [ RunTime:0.000966s ]

[ 2016-12-19T14:00:00+08:00 ] 127.0.0.1 /html5-xidian/home.php/Home/food/getFav
INFO: [ app_init ] --START--
INFO: Run Behavior\BuildLiteBehavior [ RunTime:0.000017s ]
INFO: [ app_init ] --END-- [ RunTime:0.000461s ]
INFO: [ app_begin ] --START--
INFO: Run Behavior\ReadHtmlCacheBehavior [ RunTime:0.000559s ]
INFO: [ app_begin ] --END-- [ RunTime:0.000616s ]
SQL: SHOW COLUMNS FROM `favorite` [ RunTime:0.0044s ]
SQL: SELECT * FROM `favorite` WHERE `food_id` = 40 AND `user_name` = '' LIMIT 1   [ RunTime:0.0004s ]
INFO: [ app_end ] --START--
INFO: Run Behavior\ShowPageTraceBehavior [ RunTime:0.000684s ]
INFO: [ app_end ] --END-- [ RunTime:0.000738s ]

[ 2016-12-19T14:00:01+08:00 ] 127.0.0.1 /html5-xidian/home.php/Home/food/getFav
INFO: [ app_init ] --START--
INFO: Run Behavior\BuildLiteBehavior [ RunTime:0.000015s ]
INFO: [ app_init ] --END-- [ RunTime:0.000414s ]
INFO: [ app_begin ] --START--
INFO: Run Behavior\ReadHtmlCacheBehavior [ RunTime:0.000568s ]
INFO: [ app_begin ] --END-- [ RunTime:0.000628s ]
SQL: SHOW COLUMNS FROM `favorite` [ RunTime:0.0045s ]
SQL: SELECT * FROM `favorite` WHERE `food_id` = 39 AND `user_name` = '' LIMIT 1   [ RunTime:0.0005s ]
INFO: [ app_end ] --START--
INFO: Run Behavior\ShowPageTraceBehavior [ RunTime:0.000728s ]
INFO: [ app_end ] --END-- [ RunTime:0.000790s ]

[ 2016-12-19T14:01:46+08:00 ] 127.0.0.1 /html5-xidian/home.php/Home/food/content/id/46
INFO: [ app_init ] --START--
INFO: Run Behavior\BuildLiteBehavior [ RunTime:0.000016s ]
INFO: [ app_init ] --END-- [ RunTime:0.000487s ]
INFO: [ app_begin ] --START--
INFO: Run Behavior\ReadHtmlCacheBehavior [ RunTime:0.000567s ]
INFO: [ app_begin ] --END-- [ RunTime:0.000625s ]
SQL: SHOW COLUMNS FROM `foods` [ RunTime:0.0050s ]
SQL: SELECT * FROM `foods` WHERE `id` = 46 LIMIT 1   [ RunTime:0.0006s ]
SQL: SHOW COLUMNS FROM `tag_food_relation` [ RunTime:0.0045s ]
SQL: SELECT * FROM `tag_food_relation` WHERE `food_name` = '牛排'  [ RunTime:0.0004s ]
SQL: SHOW COLUMNS FROM `comment` [ RunTime:0.0040s ]
SQL: SELECT * FROM `comment` WHERE `food_id` = 46  [ RunTime:0.0004s ]
SQL: SELECT * FROM `comment` WHERE `food_id` = 46 ORDER BY id desc LIMIT 0,5   [ RunTime:0.0004s ]
INFO: [ view_parse ] --START--
INFO: [ template_filter ] --START--
INFO: Run Behavior\ContentReplaceBehavior [ RunTime:0.000237s ]
INFO: [ template_filter ] --END-- [ RunTime:0.000313s ]
NOTIC: [8] Undefined variable: username K:\html5\wwwroot\html5-xidian\Application\Runtime\Cache\Home\9e7f3b8699fd931840ddd7d722dfdfde.php 第 166 行.
NOTIC: [8] Undefined variable: username K:\html5\wwwroot\html5-xidian\Application\Runtime\Cache\Home\9e7f3b8699fd931840ddd7d722dfdfde.php 第 275 行.
NOTIC: [8] Undefined variable: username K:\html5\wwwroot\html5-xidian\Application\Runtime\Cache\Home\9e7f3b8699fd931840ddd7d722dfdfde.php 第 283 行.
INFO: Run Behavior\ParseTemplateBehavior [ RunTime:0.015019s ]
INFO: [ view_parse ] --END-- [ RunTime:0.015089s ]
INFO: [ view_filter ] --START--
INFO: Run Behavior\WriteHtmlCacheBehavior [ RunTime:0.000501s ]
INFO: [ view_filter ] --END-- [ RunTime:0.000579s ]
INFO: [ app_end ] --START--
INFO: Run Behavior\ShowPageTraceBehavior [ RunTime:0.000945s ]
INFO: [ app_end ] --END-- [ RunTime:0.001040s ]

[ 2016-12-19T14:19:30+08:00 ] 127.0.0.1 /html5-xidian/home.php/Home/index/index.html
INFO: [ app_init ] --START--
INFO: Run Behavior\BuildLiteBehavior [ RunTime:0.000016s ]
INFO: [ app_init ] --END-- [ RunTime:0.000562s ]
INFO: [ app_begin ] --START--
INFO: Run Behavior\ReadHtmlCacheBehavior [ RunTime:0.000979s ]
INFO: [ app_begin ] --END-- [ RunTime:0.001056s ]
SQL: SHOW COLUMNS FROM `tuisong` [ RunTime:0.0049s ]
SQL: SELECT * FROM `tuisong` ORDER BY id desc LIMIT 3   [ RunTime:0.0005s ]
INFO: [ view_parse ] --START--
INFO: [ template_filter ] --START--
INFO: Run Behavior\ContentReplaceBehavior [ RunTime:0.000118s ]
INFO: [ template_filter ] --END-- [ RunTime:0.000187s ]
INFO: Run Behavior\ParseTemplateBehavior [ RunTime:0.010877s ]
INFO: [ view_parse ] --END-- [ RunTime:0.010950s ]
INFO: [ view_filter ] --START--
INFO: Run Behavior\WriteHtmlCacheBehavior [ RunTime:0.000540s ]
INFO: [ view_filter ] --END-- [ RunTime:0.000666s ]
INFO: [ app_end ] --START--
INFO: Run Behavior\ShowPageTraceBehavior [ RunTime:0.001526s ]
INFO: [ app_end ] --END-- [ RunTime:0.001667s ]

[ 2016-12-19T14:57:28+08:00 ] 127.0.0.1 /html5-xidian/home.php/Home/index/index.html
INFO: [ app_init ] --START--
INFO: Run Behavior\BuildLiteBehavior [ RunTime:0.000030s ]
INFO: [ app_init ] --END-- [ RunTime:0.000772s ]
INFO: [ app_begin ] --START--
INFO: Run Behavior\ReadHtmlCacheBehavior [ RunTime:0.001121s ]
INFO: [ app_begin ] --END-- [ RunTime:0.001255s ]
SQL: SHOW COLUMNS FROM `tuisong` [ RunTime:0.0105s ]
SQL: SELECT * FROM `tuisong` ORDER BY id desc LIMIT 3   [ RunTime:0.0007s ]
INFO: [ view_parse ] --START--
INFO: [ template_filter ] --START--
INFO: Run Behavior\ContentReplaceBehavior [ RunTime:0.000118s ]
INFO: [ template_filter ] --END-- [ RunTime:0.000193s ]
INFO: Run Behavior\ParseTemplateBehavior [ RunTime:0.011512s ]
INFO: [ view_parse ] --END-- [ RunTime:0.011620s ]
INFO: [ view_filter ] --START--
INFO: Run Behavior\WriteHtmlCacheBehavior [ RunTime:0.000423s ]
INFO: [ view_filter ] --END-- [ RunTime:0.000482s ]
INFO: [ app_end ] --START--
INFO: Run Behavior\ShowPageTraceBehavior [ RunTime:0.001037s ]
INFO: [ app_end ] --END-- [ RunTime:0.001168s ]

[ 2016-12-19T14:57:31+08:00 ] 127.0.0.1 /html5-xidian/home.php/Home/food/french_cate.html
INFO: [ app_init ] --START--
INFO: Run Behavior\BuildLiteBehavior [ RunTime:0.000027s ]
INFO: [ app_init ] --END-- [ RunTime:0.000687s ]
INFO: [ app_begin ] --START--
INFO: Run Behavior\ReadHtmlCacheBehavior [ RunTime:0.000620s ]
INFO: [ app_begin ] --END-- [ RunTime:0.000681s ]
SQL: SHOW COLUMNS FROM `foods` [ RunTime:0.0082s ]
SQL: SELECT * FROM `foods` WHERE `classify` = '法式菜肴'  [ RunTime:0.0008s ]
INFO: [ view_parse ] --START--
INFO: [ template_filter ] --START--
INFO: Run Behavior\ContentReplaceBehavior [ RunTime:0.000111s ]
INFO: [ template_filter ] --END-- [ RunTime:0.000188s ]
NOTIC: [8] Undefined variable: username K:\html5\wwwroot\html5-xidian\Application\Runtime\Cache\Home\d1d0aea2e74c765d43a3164d9cf8ab49.php 第 200 行.
NOTIC: [8] Undefined variable: username K:\html5\wwwroot\html5-xidian\Application\Runtime\Cache\Home\d1d0aea2e74c765d43a3164d9cf8ab49.php 第 200 行.
NOTIC: [8] Undefined variable: username K:\html5\wwwroot\html5-xidian\Application\Runtime\Cache\Home\d1d0aea2e74c765d43a3164d9cf8ab49.php 第 200 行.
NOTIC: [8] Undefined variable: username K:\html5\wwwroot\html5-xidian\Application\Runtime\Cache\Home\d1d0aea2e74c765d43a3164d9cf8ab49.php 第 200 行.
NOTIC: [8] Undefined variable: username K:\html5\wwwroot\html5-xidian\Application\Runtime\Cache\Home\d1d0aea2e74c765d43a3164d9cf8ab49.php 第 200 行.
NOTIC: [8] Undefined variable: username K:\html5\wwwroot\html5-xidian\Application\Runtime\Cache\Home\d1d0aea2e74c765d43a3164d9cf8ab49.php 第 200 行.
NOTIC: [8] Undefined variable: username K:\html5\wwwroot\html5-xidian\Application\Runtime\Cache\Home\d1d0aea2e74c765d43a3164d9cf8ab49.php 第 200 行.
NOTIC: [8] Undefined variable: username K:\html5\wwwroot\html5-xidian\Application\Runtime\Cache\Home\d1d0aea2e74c765d43a3164d9cf8ab49.php 第 200 行.
NOTIC: [8] Undefined variable: username K:\html5\wwwroot\html5-xidian\Application\Runtime\Cache\Home\d1d0aea2e74c765d43a3164d9cf8ab49.php 第 200 行.
INFO: Run Behavior\ParseTemplateBehavior [ RunTime:0.016142s ]
INFO: [ view_parse ] --END-- [ RunTime:0.016218s ]
INFO: [ view_filter ] --START--
INFO: Run Behavior\WriteHtmlCacheBehavior [ RunTime:0.000427s ]
INFO: [ view_filter ] --END-- [ RunTime:0.000484s ]
INFO: [ app_end ] --START--
INFO: Run Behavior\ShowPageTraceBehavior [ RunTime:0.001043s ]
INFO: [ app_end ] --END-- [ RunTime:0.001165s ]

[ 2016-12-19T14:57:33+08:00 ] 127.0.0.1 /html5-xidian/home.php/Home/food/getFav
INFO: [ app_init ] --START--
INFO: Run Behavior\BuildLiteBehavior [ RunTime:0.000030s ]
INFO: [ app_init ] --END-- [ RunTime:0.001010s ]
INFO: [ app_begin ] --START--
INFO: Run Behavior\ReadHtmlCacheBehavior [ RunTime:0.000858s ]
INFO: [ app_begin ] --END-- [ RunTime:0.000972s ]
SQL: SHOW COLUMNS FROM `favorite` [ RunTime:0.0118s ]
SQL: SELECT * FROM `favorite` WHERE `food_id` = 14 AND `user_name` = '' LIMIT 1   [ RunTime:0.0006s ]
INFO: [ app_end ] --START--
INFO: Run Behavior\ShowPageTraceBehavior [ RunTime:0.001009s ]
INFO: [ app_end ] --END-- [ RunTime:0.001140s ]

[ 2016-12-19T14:57:34+08:00 ] 127.0.0.1 /html5-xidian/home.php/Home/food/getFav
INFO: [ app_init ] --START--
INFO: Run Behavior\BuildLiteBehavior [ RunTime:0.000024s ]
INFO: [ app_init ] --END-- [ RunTime:0.000581s ]
INFO: [ app_begin ] --START--
INFO: Run Behavior\ReadHtmlCacheBehavior [ RunTime:0.000819s ]
INFO: [ app_begin ] --END-- [ RunTime:0.000915s ]
SQL: SHOW COLUMNS FROM `favorite` [ RunTime:0.0117s ]
SQL: SELECT * FROM `favorite` WHERE `food_id` = 47 AND `user_name` = '' LIMIT 1   [ RunTime:0.0006s ]
INFO: [ app_end ] --START--
INFO: Run Behavior\ShowPageTraceBehavior [ RunTime:0.001052s ]
INFO: [ app_end ] --END-- [ RunTime:0.001199s ]

[ 2016-12-19T14:57:35+08:00 ] 127.0.0.1 /html5-xidian/home.php/Home/food/getFav
INFO: [ app_init ] --START--
INFO: Run Behavior\BuildLiteBehavior [ RunTime:0.000027s ]
INFO: [ app_init ] --END-- [ RunTime:0.000758s ]
INFO: [ app_begin ] --START--
INFO: Run Behavior\ReadHtmlCacheBehavior [ RunTime:0.001546s ]
INFO: [ app_begin ] --END-- [ RunTime:0.001741s ]
SQL: SHOW COLUMNS FROM `favorite` [ RunTime:0.0092s ]
SQL: SELECT * FROM `favorite` WHERE `food_id` = 15 AND `user_name` = '' LIMIT 1   [ RunTime:0.0005s ]
INFO: [ app_end ] --START--
INFO: Run Behavior\ShowPageTraceBehavior [ RunTime:0.001321s ]
INFO: [ app_end ] --END-- [ RunTime:0.001423s ]

[ 2016-12-19T14:57:36+08:00 ] 127.0.0.1 /html5-xidian/home.php/Home/food/getFav
INFO: [ app_init ] --START--
INFO: Run Behavior\BuildLiteBehavior [ RunTime:0.000029s ]
INFO: [ app_init ] --END-- [ RunTime:0.000683s ]
INFO: [ app_begin ] --START--
INFO: Run Behavior\ReadHtmlCacheBehavior [ RunTime:0.001152s ]
INFO: [ app_begin ] --END-- [ RunTime:0.001280s ]
SQL: SHOW COLUMNS FROM `favorite` [ RunTime:0.0066s ]
SQL: SELECT * FROM `favorite` WHERE `food_id` = 45 AND `user_name` = '' LIMIT 1   [ RunTime:0.0004s ]
INFO: [ app_end ] --START--
INFO: Run Behavior\ShowPageTraceBehavior [ RunTime:0.000754s ]
INFO: [ app_end ] --END-- [ RunTime:0.000812s ]

[ 2016-12-19T14:57:37+08:00 ] 127.0.0.1 /html5-xidian/home.php/Home/food/getFav
INFO: [ app_init ] --START--
INFO: Run Behavior\BuildLiteBehavior [ RunTime:0.000032s ]
INFO: [ app_init ] --END-- [ RunTime:0.000857s ]
INFO: [ app_begin ] --START--
INFO: Run Behavior\ReadHtmlCacheBehavior [ RunTime:0.001145s ]
INFO: [ app_begin ] --END-- [ RunTime:0.001330s ]
SQL: SHOW COLUMNS FROM `favorite` [ RunTime:0.0094s ]
SQL: SELECT * FROM `favorite` WHERE `food_id` = 46 AND `user_name` = '' LIMIT 1   [ RunTime:0.0004s ]
INFO: [ app_end ] --START--
INFO: Run Behavior\ShowPageTraceBehavior [ RunTime:0.000794s ]
INFO: [ app_end ] --END-- [ RunTime:0.000852s ]

[ 2016-12-19T14:57:38+08:00 ] 127.0.0.1 /html5-xidian/home.php/Home/food/getFav
INFO: [ app_init ] --START--
INFO: Run Behavior\BuildLiteBehavior [ RunTime:0.000029s ]
INFO: [ app_init ] --END-- [ RunTime:0.000757s ]
INFO: [ app_begin ] --START--
INFO: Run Behavior\ReadHtmlCacheBehavior [ RunTime:0.001058s ]
INFO: [ app_begin ] --END-- [ RunTime:0.001179s ]
SQL: SHOW COLUMNS FROM `favorite` [ RunTime:0.0060s ]
SQL: SELECT * FROM `favorite` WHERE `food_id` = 43 AND `user_name` = '' LIMIT 1   [ RunTime:0.0004s ]
INFO: [ app_end ] --START--
INFO: Run Behavior\ShowPageTraceBehavior [ RunTime:0.000808s ]
INFO: [ app_end ] --END-- [ RunTime:0.000864s ]

[ 2016-12-19T14:57:39+08:00 ] 127.0.0.1 /html5-xidian/home.php/Home/food/getFav
INFO: [ app_init ] --START--
INFO: Run Behavior\BuildLiteBehavior [ RunTime:0.000026s ]
INFO: [ app_init ] --END-- [ RunTime:0.000601s ]
INFO: [ app_begin ] --START--
INFO: Run Behavior\ReadHtmlCacheBehavior [ RunTime:0.000848s ]
INFO: [ app_begin ] --END-- [ RunTime:0.000955s ]
SQL: SHOW COLUMNS FROM `favorite` [ RunTime:0.0061s ]
SQL: SELECT * FROM `favorite` WHERE `food_id` = 44 AND `user_name` = '' LIMIT 1   [ RunTime:0.0004s ]
INFO: [ app_end ] --START--
INFO: Run Behavior\ShowPageTraceBehavior [ RunTime:0.000791s ]
INFO: [ app_end ] --END-- [ RunTime:0.000883s ]

[ 2016-12-19T14:57:40+08:00 ] 127.0.0.1 /html5-xidian/home.php/Home/food/content/id/14
INFO: [ app_init ] --START--
INFO: Run Behavior\BuildLiteBehavior [ RunTime:0.000027s ]
INFO: [ app_init ] --END-- [ RunTime:0.000613s ]
INFO: [ app_begin ] --START--
INFO: Run Behavior\ReadHtmlCacheBehavior [ RunTime:0.000838s ]
INFO: [ app_begin ] --END-- [ RunTime:0.000945s ]
SQL: SHOW COLUMNS FROM `foods` [ RunTime:0.0069s ]
SQL: SELECT * FROM `foods` WHERE `id` = 14 LIMIT 1   [ RunTime:0.0005s ]
SQL: SHOW COLUMNS FROM `tag_food_relation` [ RunTime:0.0082s ]
SQL: SELECT * FROM `tag_food_relation` WHERE `food_name` = '草莓慕斯'  [ RunTime:0.0005s ]
SQL: SHOW COLUMNS FROM `comment` [ RunTime:0.0074s ]
SQL: SELECT * FROM `comment` WHERE `food_id` = 14  [ RunTime:0.0005s ]
SQL: SELECT * FROM `comment` WHERE `food_id` = 14 ORDER BY id desc LIMIT 0,5   [ RunTime:0.0006s ]
INFO: [ view_parse ] --START--
INFO: [ template_filter ] --START--
INFO: Run Behavior\ContentReplaceBehavior [ RunTime:0.000172s ]
INFO: [ template_filter ] --END-- [ RunTime:0.000236s ]
NOTIC: [8] Undefined variable: username K:\html5\wwwroot\html5-xidian\Application\Runtime\Cache\Home\9e7f3b8699fd931840ddd7d722dfdfde.php 第 169 行.
NOTIC: [8] Undefined variable: username K:\html5\wwwroot\html5-xidian\Application\Runtime\Cache\Home\9e7f3b8699fd931840ddd7d722dfdfde.php 第 502 行.
NOTIC: [8] Undefined variable: username K:\html5\wwwroot\html5-xidian\Application\Runtime\Cache\Home\9e7f3b8699fd931840ddd7d722dfdfde.php 第 510 行.
INFO: Run Behavior\ParseTemplateBehavior [ RunTime:0.017157s ]
INFO: [ view_parse ] --END-- [ RunTime:0.017228s ]
INFO: [ view_filter ] --START--
INFO: Run Behavior\WriteHtmlCacheBehavior [ RunTime:0.000391s ]
INFO: [ view_filter ] --END-- [ RunTime:0.000446s ]
INFO: [ app_end ] --START--
INFO: Run Behavior\ShowPageTraceBehavior [ RunTime:0.000767s ]
INFO: [ app_end ] --END-- [ RunTime:0.000870s ]

[ 2016-12-19T14:57:41+08:00 ] 127.0.0.1 /html5-xidian/home.php/Home/food/getFav
INFO: [ app_init ] --START--
INFO: Run Behavior\BuildLiteBehavior [ RunTime:0.000017s ]
INFO: [ app_init ] --END-- [ RunTime:0.000424s ]
INFO: [ app_begin ] --START--
INFO: Run Behavior\ReadHtmlCacheBehavior [ RunTime:0.000527s ]
INFO: [ app_begin ] --END-- [ RunTime:0.000585s ]
SQL: SHOW COLUMNS FROM `favorite` [ RunTime:0.0066s ]
SQL: SELECT * FROM `favorite` WHERE `food_id` = 40 AND `user_name` = '' LIMIT 1   [ RunTime:0.0005s ]
INFO: [ app_end ] --START--
INFO: Run Behavior\ShowPageTraceBehavior [ RunTime:0.000684s ]
INFO: [ app_end ] --END-- [ RunTime:0.000738s ]

[ 2016-12-19T14:57:42+08:00 ] 127.0.0.1 /html5-xidian/home.php/Home/food/getFav
INFO: [ app_init ] --START--
INFO: Run Behavior\BuildLiteBehavior [ RunTime:0.000015s ]
INFO: [ app_init ] --END-- [ RunTime:0.000392s ]
INFO: [ app_begin ] --START--
INFO: Run Behavior\ReadHtmlCacheBehavior [ RunTime:0.000509s ]
INFO: [ app_begin ] --END-- [ RunTime:0.000563s ]
SQL: SHOW COLUMNS FROM `favorite` [ RunTime:0.0073s ]
SQL: SELECT * FROM `favorite` WHERE `food_id` = 39 AND `user_name` = '' LIMIT 1   [ RunTime:0.0005s ]
INFO: [ app_end ] --START--
INFO: Run Behavior\ShowPageTraceBehavior [ RunTime:0.000849s ]
INFO: [ app_end ] --END-- [ RunTime:0.000945s ]

[ 2016-12-19T14:58:05+08:00 ] 127.0.0.1 /html5-xidian/home.php/Home/food/content/id/14
INFO: [ app_init ] --START--
INFO: Run Behavior\BuildLiteBehavior [ RunTime:0.000030s ]
INFO: [ app_init ] --END-- [ RunTime:0.000677s ]
INFO: [ app_begin ] --START--
INFO: Run Behavior\ReadHtmlCacheBehavior [ RunTime:0.000590s ]
INFO: [ app_begin ] --END-- [ RunTime:0.000661s ]
SQL: SHOW COLUMNS FROM `foods` [ RunTime:0.0074s ]
SQL: SELECT * FROM `foods` WHERE `id` = 14 LIMIT 1   [ RunTime:0.0005s ]
SQL: SHOW COLUMNS FROM `tag_food_relation` [ RunTime:0.0078s ]
SQL: SELECT * FROM `tag_food_relation` WHERE `food_name` = '草莓慕斯'  [ RunTime:0.0007s ]
SQL: SHOW COLUMNS FROM `comment` [ RunTime:0.0080s ]
SQL: SELECT * FROM `comment` WHERE `food_id` = 14  [ RunTime:0.0005s ]
SQL: SELECT * FROM `comment` WHERE `food_id` = 14 ORDER BY id desc LIMIT 0,5   [ RunTime:0.0007s ]
INFO: [ view_parse ] --START--
INFO: [ template_filter ] --START--
INFO: Run Behavior\ContentReplaceBehavior [ RunTime:0.000313s ]
INFO: [ template_filter ] --END-- [ RunTime:0.000439s ]
NOTIC: [8] Undefined variable: username K:\html5\wwwroot\html5-xidian\Application\Runtime\Cache\Home\9e7f3b8699fd931840ddd7d722dfdfde.php 第 170 行.
NOTIC: [8] Undefined variable: username K:\html5\wwwroot\html5-xidian\Application\Runtime\Cache\Home\9e7f3b8699fd931840ddd7d722dfdfde.php 第 503 行.
NOTIC: [8] Undefined variable: username K:\html5\wwwroot\html5-xidian\Application\Runtime\Cache\Home\9e7f3b8699fd931840ddd7d722dfdfde.php 第 511 行.
INFO: Run Behavior\ParseTemplateBehavior [ RunTime:0.022465s ]
INFO: [ view_parse ] --END-- [ RunTime:0.022531s ]
INFO: [ view_filter ] --START--
INFO: Run Behavior\WriteHtmlCacheBehavior [ RunTime:0.000442s ]
INFO: [ view_filter ] --END-- [ RunTime:0.000492s ]
INFO: [ app_end ] --START--
INFO: Run Behavior\ShowPageTraceBehavior [ RunTime:0.001091s ]
INFO: [ app_end ] --END-- [ RunTime:0.001221s ]

[ 2016-12-19T14:59:18+08:00 ] 127.0.0.1 /html5-xidian/home.php/Home/food/content/id/14
INFO: [ app_init ] --START--
INFO: Run Behavior\BuildLiteBehavior [ RunTime:0.000017s ]
INFO: [ app_init ] --END-- [ RunTime:0.000480s ]
INFO: [ app_begin ] --START--
INFO: Run Behavior\ReadHtmlCacheBehavior [ RunTime:0.000567s ]
INFO: [ app_begin ] --END-- [ RunTime:0.000634s ]
SQL: SHOW COLUMNS FROM `foods` [ RunTime:0.0079s ]
SQL: SELECT * FROM `foods` WHERE `id` = 14 LIMIT 1   [ RunTime:0.0006s ]
SQL: SHOW COLUMNS FROM `tag_food_relation` [ RunTime:0.0059s ]
SQL: SELECT * FROM `tag_food_relation` WHERE `food_name` = '草莓慕斯'  [ RunTime:0.0005s ]
SQL: SHOW COLUMNS FROM `comment` [ RunTime:0.0062s ]
SQL: SELECT * FROM `comment` WHERE `food_id` = 14  [ RunTime:0.0006s ]
SQL: SELECT * FROM `comment` WHERE `food_id` = 14 ORDER BY id desc LIMIT 0,5   [ RunTime:0.0006s ]
INFO: [ view_parse ] --START--
INFO: [ template_filter ] --START--
INFO: Run Behavior\ContentReplaceBehavior [ RunTime:0.000198s ]
INFO: [ template_filter ] --END-- [ RunTime:0.000280s ]
NOTIC: [8] Undefined variable: username K:\html5\wwwroot\html5-xidian\Application\Runtime\Cache\Home\9e7f3b8699fd931840ddd7d722dfdfde.php 第 170 行.
NOTIC: [8] Undefined variable: username K:\html5\wwwroot\html5-xidian\Application\Runtime\Cache\Home\9e7f3b8699fd931840ddd7d722dfdfde.php 第 503 行.
NOTIC: [8] Undefined variable: username K:\html5\wwwroot\html5-xidian\Application\Runtime\Cache\Home\9e7f3b8699fd931840ddd7d722dfdfde.php 第 511 行.
INFO: Run Behavior\ParseTemplateBehavior [ RunTime:0.018269s ]
INFO: [ view_parse ] --END-- [ RunTime:0.018332s ]
INFO: [ view_filter ] --START--
INFO: Run Behavior\WriteHtmlCacheBehavior [ RunTime:0.000311s ]
INFO: [ view_filter ] --END-- [ RunTime:0.000363s ]
INFO: [ app_end ] --START--
INFO: Run Behavior\ShowPageTraceBehavior [ RunTime:0.000598s ]
INFO: [ app_end ] --END-- [ RunTime:0.000666s ]

[ 2016-12-19T14:59:54+08:00 ] 127.0.0.1 /html5-xidian/home.php/Home/food/content/id/14
INFO: [ app_init ] --START--
INFO: Run Behavior\BuildLiteBehavior [ RunTime:0.000031s ]
INFO: [ app_init ] --END-- [ RunTime:0.000801s ]
INFO: [ app_begin ] --START--
INFO: Run Behavior\ReadHtmlCacheBehavior [ RunTime:0.000731s ]
INFO: [ app_begin ] --END-- [ RunTime:0.000810s ]
SQL: SHOW COLUMNS FROM `foods` [ RunTime:0.0111s ]
SQL: SELECT * FROM `foods` WHERE `id` = 14 LIMIT 1   [ RunTime:0.0009s ]
SQL: SHOW COLUMNS FROM `tag_food_relation` [ RunTime:0.0110s ]
SQL: SELECT * FROM `tag_food_relation` WHERE `food_name` = '草莓慕斯'  [ RunTime:0.0005s ]
SQL: SHOW COLUMNS FROM `comment` [ RunTime:0.0112s ]
SQL: SELECT * FROM `comment` WHERE `food_id` = 14  [ RunTime:0.0011s ]
SQL: SELECT * FROM `comment` WHERE `food_id` = 14 ORDER BY id desc LIMIT 0,5   [ RunTime:0.0007s ]
INFO: [ view_parse ] --START--
INFO: [ template_filter ] --START--
INFO: Run Behavior\ContentReplaceBehavior [ RunTime:0.000312s ]
INFO: [ template_filter ] --END-- [ RunTime:0.000447s ]
NOTIC: [8] Undefined variable: username K:\html5\wwwroot\html5-xidian\Application\Runtime\Cache\Home\9e7f3b8699fd931840ddd7d722dfdfde.php 第 170 行.
NOTIC: [8] Undefined variable: username K:\html5\wwwroot\html5-xidian\Application\Runtime\Cache\Home\9e7f3b8699fd931840ddd7d722dfdfde.php 第 503 行.
NOTIC: [8] Undefined variable: username K:\html5\wwwroot\html5-xidian\Application\Runtime\Cache\Home\9e7f3b8699fd931840ddd7d722dfdfde.php 第 511 行.
INFO: Run Behavior\ParseTemplateBehavior [ RunTime:0.030375s ]
INFO: [ view_parse ] --END-- [ RunTime:0.030497s ]
INFO: [ view_filter ] --START--
INFO: Run Behavior\WriteHtmlCacheBehavior [ RunTime:0.001125s ]
INFO: [ view_filter ] --END-- [ RunTime:0.001271s ]
INFO: [ app_end ] --START--
INFO: Run Behavior\ShowPageTraceBehavior [ RunTime:0.000998s ]
INFO: [ app_end ] --END-- [ RunTime:0.001125s ]

[ 2016-12-19T15:00:20+08:00 ] 127.0.0.1 /html5-xidian/home.php/Home/food/content/id/14
INFO: [ app_init ] --START--
INFO: Run Behavior\BuildLiteBehavior [ RunTime:0.000020s ]
INFO: [ app_init ] --END-- [ RunTime:0.000613s ]
INFO: [ app_begin ] --START--
INFO: Run Behavior\ReadHtmlCacheBehavior [ RunTime:0.000905s ]
INFO: [ app_begin ] --END-- [ RunTime:0.001010s ]
SQL: SHOW COLUMNS FROM `foods` [ RunTime:0.0064s ]
SQL: SELECT * FROM `foods` WHERE `id` = 14 LIMIT 1   [ RunTime:0.0006s ]
SQL: SHOW COLUMNS FROM `tag_food_relation` [ RunTime:0.0058s ]
SQL: SELECT * FROM `tag_food_relation` WHERE `food_name` = '草莓慕斯'  [ RunTime:0.0004s ]
SQL: SHOW COLUMNS FROM `comment` [ RunTime:0.0069s ]
SQL: SELECT * FROM `comment` WHERE `food_id` = 14  [ RunTime:0.0006s ]
SQL: SELECT * FROM `comment` WHERE `food_id` = 14 ORDER BY id desc LIMIT 0,5   [ RunTime:0.0006s ]
INFO: [ view_parse ] --START--
INFO: [ template_filter ] --START--
INFO: Run Behavior\ContentReplaceBehavior [ RunTime:0.000208s ]
INFO: [ template_filter ] --END-- [ RunTime:0.000275s ]
NOTIC: [8] Undefined variable: username K:\html5\wwwroot\html5-xidian\Application\Runtime\Cache\Home\9e7f3b8699fd931840ddd7d722dfdfde.php 第 169 行.
NOTIC: [8] Undefined variable: username K:\html5\wwwroot\html5-xidian\Application\Runtime\Cache\Home\9e7f3b8699fd931840ddd7d722dfdfde.php 第 502 行.
NOTIC: [8] Undefined variable: username K:\html5\wwwroot\html5-xidian\Application\Runtime\Cache\Home\9e7f3b8699fd931840ddd7d722dfdfde.php 第 510 行.
INFO: Run Behavior\ParseTemplateBehavior [ RunTime:0.017602s ]
INFO: [ view_parse ] --END-- [ RunTime:0.017687s ]
INFO: [ view_filter ] --START--
INFO: Run Behavior\WriteHtmlCacheBehavior [ RunTime:0.000379s ]
INFO: [ view_filter ] --END-- [ RunTime:0.000433s ]
INFO: [ app_end ] --START--
INFO: Run Behavior\ShowPageTraceBehavior [ RunTime:0.000669s ]
INFO: [ app_end ] --END-- [ RunTime:0.000738s ]

[ 2016-12-19T15:00:54+08:00 ] 127.0.0.1 /html5-xidian/home.php/Home/shop/index.html
INFO: [ app_init ] --START--
INFO: Run Behavior\BuildLiteBehavior [ RunTime:0.000016s ]
INFO: [ app_init ] --END-- [ RunTime:0.000417s ]
INFO: [ app_begin ] --START--
INFO: Run Behavior\ReadHtmlCacheBehavior [ RunTime:0.000719s ]
INFO: [ app_begin ] --END-- [ RunTime:0.000787s ]
SQL: SHOW COLUMNS FROM `mall` [ RunTime:0.0109s ]
SQL: SELECT * FROM `mall`  [ RunTime:0.0007s ]
INFO: [ view_parse ] --START--
INFO: [ template_filter ] --START--
INFO: Run Behavior\ContentReplaceBehavior [ RunTime:0.000170s ]
INFO: [ template_filter ] --END-- [ RunTime:0.000316s ]
NOTIC: [8] Use of undefined constant utf8 - assumed 'utf8' K:\html5\wwwroot\html5-xidian\Application\Runtime\Cache\Home\58c9b418295366ada92ef91abf88ff39.php 第 149 行.
NOTIC: [8] Undefined variable: username K:\html5\wwwroot\html5-xidian\Application\Runtime\Cache\Home\58c9b418295366ada92ef91abf88ff39.php 第 151 行.
NOTIC: [8] Use of undefined constant utf8 - assumed 'utf8' K:\html5\wwwroot\html5-xidian\Application\Runtime\Cache\Home\58c9b418295366ada92ef91abf88ff39.php 第 149 行.
NOTIC: [8] Undefined variable: username K:\html5\wwwroot\html5-xidian\Application\Runtime\Cache\Home\58c9b418295366ada92ef91abf88ff39.php 第 151 行.
INFO: Run Behavior\ParseTemplateBehavior [ RunTime:0.063875s ]
INFO: [ view_parse ] --END-- [ RunTime:0.063998s ]
INFO: [ view_filter ] --START--
INFO: Run Behavior\WriteHtmlCacheBehavior [ RunTime:0.001408s ]
INFO: [ view_filter ] --END-- [ RunTime:0.001524s ]
INFO: [ app_end ] --START--
INFO: Run Behavior\ShowPageTraceBehavior [ RunTime:0.001468s ]
INFO: [ app_end ] --END-- [ RunTime:0.001598s ]

[ 2016-12-19T15:00:56+08:00 ] 127.0.0.1 /html5-xidian/home.php/Home/shop/content/id/9
INFO: [ app_init ] --START--
INFO: Run Behavior\BuildLiteBehavior [ RunTime:0.000016s ]
INFO: [ app_init ] --END-- [ RunTime:0.000496s ]
INFO: [ app_begin ] --START--
INFO: Run Behavior\ReadHtmlCacheBehavior [ RunTime:0.000608s ]
INFO: [ app_begin ] --END-- [ RunTime:0.000667s ]
SQL: SHOW COLUMNS FROM `mall` [ RunTime:0.0093s ]
SQL: SELECT * FROM `mall` WHERE `id` = 9 LIMIT 1   [ RunTime:0.0005s ]
INFO: [ view_parse ] --START--
INFO: [ template_filter ] --START--
INFO: Run Behavior\ContentReplaceBehavior [ RunTime:0.000229s ]
INFO: [ template_filter ] --END-- [ RunTime:0.000319s ]
NOTIC: [8] Undefined variable: username K:\html5\wwwroot\html5-xidian\Application\Runtime\Cache\Home\3e5c81e1c9d789eb6bf14f52a0c5a720.php 第 209 行.
INFO: Run Behavior\ParseTemplateBehavior [ RunTime:0.017072s ]
INFO: [ view_parse ] --END-- [ RunTime:0.017140s ]
INFO: [ view_filter ] --START--
INFO: Run Behavior\WriteHtmlCacheBehavior [ RunTime:0.000447s ]
INFO: [ view_filter ] --END-- [ RunTime:0.000505s ]
INFO: [ app_end ] --START--
INFO: Run Behavior\ShowPageTraceBehavior [ RunTime:0.000998s ]
INFO: [ app_end ] --END-- [ RunTime:0.001093s ]

[ 2016-12-19T15:08:55+08:00 ] 127.0.0.1 /html5-xidian/home.php/Home/food/content/id/14
INFO: [ app_init ] --START--
INFO: Run Behavior\BuildLiteBehavior [ RunTime:0.000030s ]
INFO: [ app_init ] --END-- [ RunTime:0.000943s ]
INFO: [ app_begin ] --START--
INFO: Run Behavior\ReadHtmlCacheBehavior [ RunTime:0.000894s ]
INFO: [ app_begin ] --END-- [ RunTime:0.001008s ]
SQL: SHOW COLUMNS FROM `foods` [ RunTime:0.0532s ]
SQL: SELECT * FROM `foods` WHERE `id` = 14 LIMIT 1   [ RunTime:0.0006s ]
SQL: SHOW COLUMNS FROM `tag_food_relation` [ RunTime:0.0076s ]
SQL: SELECT * FROM `tag_food_relation` WHERE `food_name` = '草莓慕斯'  [ RunTime:0.0005s ]
SQL: SHOW COLUMNS FROM `comment` [ RunTime:0.0073s ]
SQL: SELECT * FROM `comment` WHERE `food_id` = 14  [ RunTime:0.0006s ]
SQL: SELECT * FROM `comment` WHERE `food_id` = 14 ORDER BY id desc LIMIT 0,5   [ RunTime:0.0006s ]
INFO: [ view_parse ] --START--
INFO: [ template_filter ] --START--
INFO: Run Behavior\ContentReplaceBehavior [ RunTime:0.000131s ]
INFO: [ template_filter ] --END-- [ RunTime:0.000208s ]
NOTIC: [8] Undefined variable: username K:\html5\wwwroot\html5-xidian\Application\Runtime\Cache\Home\9e7f3b8699fd931840ddd7d722dfdfde.php 第 169 行.
NOTIC: [8] Undefined variable: username K:\html5\wwwroot\html5-xidian\Application\Runtime\Cache\Home\9e7f3b8699fd931840ddd7d722dfdfde.php 第 310 行.
NOTIC: [8] Undefined variable: username K:\html5\wwwroot\html5-xidian\Application\Runtime\Cache\Home\9e7f3b8699fd931840ddd7d722dfdfde.php 第 318 行.
INFO: Run Behavior\ParseTemplateBehavior [ RunTime:0.017501s ]
INFO: [ view_parse ] --END-- [ RunTime:0.017576s ]
INFO: [ view_filter ] --START--
INFO: Run Behavior\WriteHtmlCacheBehavior [ RunTime:0.000499s ]
INFO: [ view_filter ] --END-- [ RunTime:0.000558s ]
INFO: [ app_end ] --START--
INFO: Run Behavior\ShowPageTraceBehavior [ RunTime:0.000722s ]
INFO: [ app_end ] --END-- [ RunTime:0.000795s ]

[ 2016-12-19T15:09:48+08:00 ] 127.0.0.1 /html5-xidian/home.php/Home/food/content/id/14
INFO: [ app_init ] --START--
INFO: Run Behavior\BuildLiteBehavior [ RunTime:0.000018s ]
INFO: [ app_init ] --END-- [ RunTime:0.000547s ]
INFO: [ app_begin ] --START--
INFO: Run Behavior\ReadHtmlCacheBehavior [ RunTime:0.001651s ]
INFO: [ app_begin ] --END-- [ RunTime:0.001767s ]
SQL: SHOW COLUMNS FROM `foods` [ RunTime:0.0065s ]
SQL: SELECT * FROM `foods` WHERE `id` = 14 LIMIT 1   [ RunTime:0.0006s ]
SQL: SHOW COLUMNS FROM `tag_food_relation` [ RunTime:0.0070s ]
SQL: SELECT * FROM `tag_food_relation` WHERE `food_name` = '草莓慕斯'  [ RunTime:0.0008s ]
SQL: SHOW COLUMNS FROM `comment` [ RunTime:0.0061s ]
SQL: SELECT * FROM `comment` WHERE `food_id` = 14  [ RunTime:0.0006s ]
SQL: SELECT * FROM `comment` WHERE `food_id` = 14 ORDER BY id desc LIMIT 0,5   [ RunTime:0.0005s ]
INFO: [ view_parse ] --START--
INFO: [ template_filter ] --START--
INFO: Run Behavior\ContentReplaceBehavior [ RunTime:0.000129s ]
INFO: [ template_filter ] --END-- [ RunTime:0.000201s ]
NOTIC: [8] Undefined variable: username K:\html5\wwwroot\html5-xidian\Application\Runtime\Cache\Home\9e7f3b8699fd931840ddd7d722dfdfde.php 第 169 行.
NOTIC: [8] Undefined variable: username K:\html5\wwwroot\html5-xidian\Application\Runtime\Cache\Home\9e7f3b8699fd931840ddd7d722dfdfde.php 第 310 行.
NOTIC: [8] Undefined variable: username K:\html5\wwwroot\html5-xidian\Application\Runtime\Cache\Home\9e7f3b8699fd931840ddd7d722dfdfde.php 第 318 行.
INFO: Run Behavior\ParseTemplateBehavior [ RunTime:0.014252s ]
INFO: [ view_parse ] --END-- [ RunTime:0.014321s ]
INFO: [ view_filter ] --START--
INFO: Run Behavior\WriteHtmlCacheBehavior [ RunTime:0.000592s ]
INFO: [ view_filter ] --END-- [ RunTime:0.000681s ]
INFO: [ app_end ] --START--
INFO: Run Behavior\ShowPageTraceBehavior [ RunTime:0.000941s ]
INFO: [ app_end ] --END-- [ RunTime:0.001073s ]

[ 2016-12-19T15:10:09+08:00 ] 127.0.0.1 /html5-xidian/home.php/Home/food/content/id/14
INFO: [ app_init ] --START--
INFO: Run Behavior\BuildLiteBehavior [ RunTime:0.000032s ]
INFO: [ app_init ] --END-- [ RunTime:0.000785s ]
INFO: [ app_begin ] --START--
INFO: Run Behavior\ReadHtmlCacheBehavior [ RunTime:0.001468s ]
INFO: [ app_begin ] --END-- [ RunTime:0.001579s ]
SQL: SHOW COLUMNS FROM `foods` [ RunTime:0.0070s ]
SQL: SELECT * FROM `foods` WHERE `id` = 14 LIMIT 1   [ RunTime:0.0006s ]
SQL: SHOW COLUMNS FROM `tag_food_relation` [ RunTime:0.0060s ]
SQL: SELECT * FROM `tag_food_relation` WHERE `food_name` = '草莓慕斯'  [ RunTime:0.0004s ]
SQL: SHOW COLUMNS FROM `comment` [ RunTime:0.0072s ]
SQL: SELECT * FROM `comment` WHERE `food_id` = 14  [ RunTime:0.0005s ]
SQL: SELECT * FROM `comment` WHERE `food_id` = 14 ORDER BY id desc LIMIT 0,5   [ RunTime:0.0006s ]
INFO: [ view_parse ] --START--
INFO: [ template_filter ] --START--
INFO: Run Behavior\ContentReplaceBehavior [ RunTime:0.000128s ]
INFO: [ template_filter ] --END-- [ RunTime:0.000199s ]
NOTIC: [8] Undefined variable: username K:\html5\wwwroot\html5-xidian\Application\Runtime\Cache\Home\9e7f3b8699fd931840ddd7d722dfdfde.php 第 169 行.
NOTIC: [8] Undefined variable: username K:\html5\wwwroot\html5-xidian\Application\Runtime\Cache\Home\9e7f3b8699fd931840ddd7d722dfdfde.php 第 310 行.
NOTIC: [8] Undefined variable: username K:\html5\wwwroot\html5-xidian\Application\Runtime\Cache\Home\9e7f3b8699fd931840ddd7d722dfdfde.php 第 318 行.
INFO: Run Behavior\ParseTemplateBehavior [ RunTime:0.014228s ]
INFO: [ view_parse ] --END-- [ RunTime:0.014326s ]
INFO: [ view_filter ] --START--
INFO: Run Behavior\WriteHtmlCacheBehavior [ RunTime:0.000436s ]
INFO: [ view_filter ] --END-- [ RunTime:0.000486s ]
INFO: [ app_end ] --START--
INFO: Run Behavior\ShowPageTraceBehavior [ RunTime:0.000691s ]
INFO: [ app_end ] --END-- [ RunTime:0.000760s ]

[ 2016-12-19T15:10:22+08:00 ] 127.0.0.1 /html5-xidian/home.php/Home/food/content/id/14
INFO: [ app_init ] --START--
INFO: Run Behavior\BuildLiteBehavior [ RunTime:0.000017s ]
INFO: [ app_init ] --END-- [ RunTime:0.000514s ]
INFO: [ app_begin ] --START--
INFO: Run Behavior\ReadHtmlCacheBehavior [ RunTime:0.000674s ]
INFO: [ app_begin ] --END-- [ RunTime:0.000748s ]
SQL: SHOW COLUMNS FROM `foods` [ RunTime:0.0449s ]
SQL: SELECT * FROM `foods` WHERE `id` = 14 LIMIT 1   [ RunTime:0.0006s ]
SQL: SHOW COLUMNS FROM `tag_food_relation` [ RunTime:0.0059s ]
SQL: SELECT * FROM `tag_food_relation` WHERE `food_name` = '草莓慕斯'  [ RunTime:0.0005s ]
SQL: SHOW COLUMNS FROM `comment` [ RunTime:0.0068s ]
SQL: SELECT * FROM `comment` WHERE `food_id` = 14  [ RunTime:0.0006s ]
SQL: SELECT * FROM `comment` WHERE `food_id` = 14 ORDER BY id desc LIMIT 0,5   [ RunTime:0.0007s ]
INFO: [ view_parse ] --START--
INFO: [ template_filter ] --START--
INFO: Run Behavior\ContentReplaceBehavior [ RunTime:0.000228s ]
INFO: [ template_filter ] --END-- [ RunTime:0.000329s ]
NOTIC: [8] Undefined variable: username K:\html5\wwwroot\html5-xidian\Application\Runtime\Cache\Home\9e7f3b8699fd931840ddd7d722dfdfde.php 第 169 行.
NOTIC: [8] Undefined variable: username K:\html5\wwwroot\html5-xidian\Application\Runtime\Cache\Home\9e7f3b8699fd931840ddd7d722dfdfde.php 第 310 行.
NOTIC: [8] Undefined variable: username K:\html5\wwwroot\html5-xidian\Application\Runtime\Cache\Home\9e7f3b8699fd931840ddd7d722dfdfde.php 第 318 行.
INFO: Run Behavior\ParseTemplateBehavior [ RunTime:0.015061s ]
INFO: [ view_parse ] --END-- [ RunTime:0.015132s ]
INFO: [ view_filter ] --START--
INFO: Run Behavior\WriteHtmlCacheBehavior [ RunTime:0.000453s ]
INFO: [ view_filter ] --END-- [ RunTime:0.000504s ]
INFO: [ app_end ] --START--
INFO: Run Behavior\ShowPageTraceBehavior [ RunTime:0.000722s ]
INFO: [ app_end ] --END-- [ RunTime:0.000791s ]

[ 2016-12-19T15:11:10+08:00 ] 127.0.0.1 /html5-xidian/home.php/Home/food/content/id/14
INFO: [ app_init ] --START--
INFO: Run Behavior\BuildLiteBehavior [ RunTime:0.000016s ]
INFO: [ app_init ] --END-- [ RunTime:0.000448s ]
INFO: [ app_begin ] --START--
INFO: Run Behavior\ReadHtmlCacheBehavior [ RunTime:0.000554s ]
INFO: [ app_begin ] --END-- [ RunTime:0.000614s ]
SQL: SHOW COLUMNS FROM `foods` [ RunTime:0.0232s ]
SQL: SELECT * FROM `foods` WHERE `id` = 14 LIMIT 1   [ RunTime:0.0007s ]
SQL: SHOW COLUMNS FROM `tag_food_relation` [ RunTime:0.0067s ]
SQL: SELECT * FROM `tag_food_relation` WHERE `food_name` = '草莓慕斯'  [ RunTime:0.0005s ]
SQL: SHOW COLUMNS FROM `comment` [ RunTime:0.0062s ]
SQL: SELECT * FROM `comment` WHERE `food_id` = 14  [ RunTime:0.0006s ]
SQL: SELECT * FROM `comment` WHERE `food_id` = 14 ORDER BY id desc LIMIT 0,5   [ RunTime:0.0007s ]
INFO: [ view_parse ] --START--
INFO: [ template_filter ] --START--
INFO: Run Behavior\ContentReplaceBehavior [ RunTime:0.000130s ]
INFO: [ template_filter ] --END-- [ RunTime:0.000214s ]
NOTIC: [8] Undefined variable: username K:\html5\wwwroot\html5-xidian\Application\Runtime\Cache\Home\9e7f3b8699fd931840ddd7d722dfdfde.php 第 169 行.
NOTIC: [8] Undefined variable: username K:\html5\wwwroot\html5-xidian\Application\Runtime\Cache\Home\9e7f3b8699fd931840ddd7d722dfdfde.php 第 310 行.
NOTIC: [8] Undefined variable: username K:\html5\wwwroot\html5-xidian\Application\Runtime\Cache\Home\9e7f3b8699fd931840ddd7d722dfdfde.php 第 318 行.
INFO: Run Behavior\ParseTemplateBehavior [ RunTime:0.013777s ]
INFO: [ view_parse ] --END-- [ RunTime:0.013845s ]
INFO: [ view_filter ] --START--
INFO: Run Behavior\WriteHtmlCacheBehavior [ RunTime:0.000377s ]
INFO: [ view_filter ] --END-- [ RunTime:0.000436s ]
INFO: [ app_end ] --START--
INFO: Run Behavior\ShowPageTraceBehavior [ RunTime:0.000798s ]
INFO: [ app_end ] --END-- [ RunTime:0.000923s ]

[ 2016-12-19T15:11:16+08:00 ] 127.0.0.1 /html5-xidian/home.php/Home/food/content/id/14
INFO: [ app_init ] --START--
INFO: Run Behavior\BuildLiteBehavior [ RunTime:0.000016s ]
INFO: [ app_init ] --END-- [ RunTime:0.000393s ]
INFO: [ app_begin ] --START--
INFO: Run Behavior\ReadHtmlCacheBehavior [ RunTime:0.000525s ]
INFO: [ app_begin ] --END-- [ RunTime:0.000583s ]
SQL: SHOW COLUMNS FROM `foods` [ RunTime:0.0071s ]
SQL: SELECT * FROM `foods` WHERE `id` = 14 LIMIT 1   [ RunTime:0.0006s ]
SQL: SHOW COLUMNS FROM `tag_food_relation` [ RunTime:0.0076s ]
SQL: SELECT * FROM `tag_food_relation` WHERE `food_name` = '草莓慕斯'  [ RunTime:0.0005s ]
SQL: SHOW COLUMNS FROM `comment` [ RunTime:0.0064s ]
SQL: SELECT * FROM `comment` WHERE `food_id` = 14  [ RunTime:0.0006s ]
SQL: SELECT * FROM `comment` WHERE `food_id` = 14 ORDER BY id desc LIMIT 0,5   [ RunTime:0.0006s ]
INFO: [ view_parse ] --START--
INFO: [ template_filter ] --START--
INFO: Run Behavior\ContentReplaceBehavior [ RunTime:0.000135s ]
INFO: [ template_filter ] --END-- [ RunTime:0.000203s ]
NOTIC: [8] Undefined variable: username K:\html5\wwwroot\html5-xidian\Application\Runtime\Cache\Home\9e7f3b8699fd931840ddd7d722dfdfde.php 第 169 行.
NOTIC: [8] Undefined variable: username K:\html5\wwwroot\html5-xidian\Application\Runtime\Cache\Home\9e7f3b8699fd931840ddd7d722dfdfde.php 第 310 行.
NOTIC: [8] Undefined variable: username K:\html5\wwwroot\html5-xidian\Application\Runtime\Cache\Home\9e7f3b8699fd931840ddd7d722dfdfde.php 第 318 行.
INFO: Run Behavior\ParseTemplateBehavior [ RunTime:0.014796s ]
INFO: [ view_parse ] --END-- [ RunTime:0.014865s ]
INFO: [ view_filter ] --START--
INFO: Run Behavior\WriteHtmlCacheBehavior [ RunTime:0.000491s ]
INFO: [ view_filter ] --END-- [ RunTime:0.000543s ]
INFO: [ app_end ] --START--
INFO: Run Behavior\ShowPageTraceBehavior [ RunTime:0.001038s ]
INFO: [ app_end ] --END-- [ RunTime:0.001261s ]

[ 2016-12-19T15:11:26+08:00 ] 127.0.0.1 /html5-xidian/home.php/Home/food/content/id/14
INFO: [ app_init ] --START--
INFO: Run Behavior\BuildLiteBehavior [ RunTime:0.000015s ]
INFO: [ app_init ] --END-- [ RunTime:0.000417s ]
INFO: [ app_begin ] --START--
INFO: Run Behavior\ReadHtmlCacheBehavior [ RunTime:0.000706s ]
INFO: [ app_begin ] --END-- [ RunTime:0.000797s ]
SQL: SHOW COLUMNS FROM `foods` [ RunTime:0.0068s ]
SQL: SELECT * FROM `foods` WHERE `id` = 14 LIMIT 1   [ RunTime:0.0005s ]
SQL: SHOW COLUMNS FROM `tag_food_relation` [ RunTime:0.0060s ]
SQL: SELECT * FROM `tag_food_relation` WHERE `food_name` = '草莓慕斯'  [ RunTime:0.0004s ]
SQL: SHOW COLUMNS FROM `comment` [ RunTime:0.0069s ]
SQL: SELECT * FROM `comment` WHERE `food_id` = 14  [ RunTime:0.0005s ]
SQL: SELECT * FROM `comment` WHERE `food_id` = 14 ORDER BY id desc LIMIT 0,5   [ RunTime:0.0009s ]
INFO: [ view_parse ] --START--
INFO: [ template_filter ] --START--
INFO: Run Behavior\ContentReplaceBehavior [ RunTime:0.000122s ]
INFO: [ template_filter ] --END-- [ RunTime:0.000187s ]
NOTIC: [8] Undefined variable: username K:\html5\wwwroot\html5-xidian\Application\Runtime\Cache\Home\9e7f3b8699fd931840ddd7d722dfdfde.php 第 169 行.
NOTIC: [8] Undefined variable: username K:\html5\wwwroot\html5-xidian\Application\Runtime\Cache\Home\9e7f3b8699fd931840ddd7d722dfdfde.php 第 310 行.
NOTIC: [8] Undefined variable: username K:\html5\wwwroot\html5-xidian\Application\Runtime\Cache\Home\9e7f3b8699fd931840ddd7d722dfdfde.php 第 318 行.
INFO: Run Behavior\ParseTemplateBehavior [ RunTime:0.013756s ]
INFO: [ view_parse ] --END-- [ RunTime:0.013821s ]
INFO: [ view_filter ] --START--
INFO: Run Behavior\WriteHtmlCacheBehavior [ RunTime:0.000320s ]
INFO: [ view_filter ] --END-- [ RunTime:0.000369s ]
INFO: [ app_end ] --START--
INFO: Run Behavior\ShowPageTraceBehavior [ RunTime:0.000584s ]
INFO: [ app_end ] --END-- [ RunTime:0.000668s ]

[ 2016-12-19T15:12:48+08:00 ] 127.0.0.1 /html5-xidian/home.php/Home/food/content/id/14
INFO: [ app_init ] --START--
INFO: Run Behavior\BuildLiteBehavior [ RunTime:0.000019s ]
INFO: [ app_init ] --END-- [ RunTime:0.000484s ]
INFO: [ app_begin ] --START--
INFO: Run Behavior\ReadHtmlCacheBehavior [ RunTime:0.000674s ]
INFO: [ app_begin ] --END-- [ RunTime:0.000740s ]
SQL: SHOW COLUMNS FROM `foods` [ RunTime:0.0062s ]
SQL: SELECT * FROM `foods` WHERE `id` = 14 LIMIT 1   [ RunTime:0.0006s ]
SQL: SHOW COLUMNS FROM `tag_food_relation` [ RunTime:0.0059s ]
SQL: SELECT * FROM `tag_food_relation` WHERE `food_name` = '草莓慕斯'  [ RunTime:0.0004s ]
SQL: SHOW COLUMNS FROM `comment` [ RunTime:0.0069s ]
SQL: SELECT * FROM `comment` WHERE `food_id` = 14  [ RunTime:0.0005s ]
SQL: SELECT * FROM `comment` WHERE `food_id` = 14 ORDER BY id desc LIMIT 0,5   [ RunTime:0.0008s ]
INFO: [ view_parse ] --START--
INFO: [ template_filter ] --START--
INFO: Run Behavior\ContentReplaceBehavior [ RunTime:0.000124s ]
INFO: [ template_filter ] --END-- [ RunTime:0.000188s ]
NOTIC: [8] Undefined variable: username K:\html5\wwwroot\html5-xidian\Application\Runtime\Cache\Home\9e7f3b8699fd931840ddd7d722dfdfde.php 第 169 行.
NOTIC: [8] Undefined variable: username K:\html5\wwwroot\html5-xidian\Application\Runtime\Cache\Home\9e7f3b8699fd931840ddd7d722dfdfde.php 第 325 行.
NOTIC: [8] Undefined variable: username K:\html5\wwwroot\html5-xidian\Application\Runtime\Cache\Home\9e7f3b8699fd931840ddd7d722dfdfde.php 第 333 行.
INFO: Run Behavior\ParseTemplateBehavior [ RunTime:0.013846s ]
INFO: [ view_parse ] --END-- [ RunTime:0.013910s ]
INFO: [ view_filter ] --START--
INFO: Run Behavior\WriteHtmlCacheBehavior [ RunTime:0.000471s ]
INFO: [ view_filter ] --END-- [ RunTime:0.000534s ]
INFO: [ app_end ] --START--
INFO: Run Behavior\ShowPageTraceBehavior [ RunTime:0.000772s ]
INFO: [ app_end ] --END-- [ RunTime:0.000845s ]

[ 2016-12-19T15:14:26+08:00 ] 127.0.0.1 /html5-xidian/home.php/Home/food/content/id/14
INFO: [ app_init ] --START--
INFO: Run Behavior\BuildLiteBehavior [ RunTime:0.000016s ]
INFO: [ app_init ] --END-- [ RunTime:0.000438s ]
INFO: [ app_begin ] --START--
INFO: Run Behavior\ReadHtmlCacheBehavior [ RunTime:0.000619s ]
INFO: [ app_begin ] --END-- [ RunTime:0.000679s ]
SQL: SHOW COLUMNS FROM `foods` [ RunTime:0.0156s ]
SQL: SELECT * FROM `foods` WHERE `id` = 14 LIMIT 1   [ RunTime:0.0006s ]
SQL: SHOW COLUMNS FROM `tag_food_relation` [ RunTime:0.0059s ]
SQL: SELECT * FROM `tag_food_relation` WHERE `food_name` = '草莓慕斯'  [ RunTime:0.0005s ]
SQL: SHOW COLUMNS FROM `comment` [ RunTime:0.0059s ]
SQL: SELECT * FROM `comment` WHERE `food_id` = 14  [ RunTime:0.0005s ]
SQL: SELECT * FROM `comment` WHERE `food_id` = 14 ORDER BY id desc LIMIT 0,5   [ RunTime:0.0006s ]
INFO: [ view_parse ] --START--
INFO: [ template_filter ] --START--
INFO: Run Behavior\ContentReplaceBehavior [ RunTime:0.000121s ]
INFO: [ template_filter ] --END-- [ RunTime:0.000187s ]
NOTIC: [8] Undefined variable: username K:\html5\wwwroot\html5-xidian\Application\Runtime\Cache\Home\9e7f3b8699fd931840ddd7d722dfdfde.php 第 169 行.
NOTIC: [8] Undefined variable: username K:\html5\wwwroot\html5-xidian\Application\Runtime\Cache\Home\9e7f3b8699fd931840ddd7d722dfdfde.php 第 314 行.
NOTIC: [8] Undefined variable: username K:\html5\wwwroot\html5-xidian\Application\Runtime\Cache\Home\9e7f3b8699fd931840ddd7d722dfdfde.php 第 322 行.
INFO: Run Behavior\ParseTemplateBehavior [ RunTime:0.014769s ]
INFO: [ view_parse ] --END-- [ RunTime:0.014835s ]
INFO: [ view_filter ] --START--
INFO: Run Behavior\WriteHtmlCacheBehavior [ RunTime:0.000423s ]
INFO: [ view_filter ] --END-- [ RunTime:0.000474s ]
INFO: [ app_end ] --START--
INFO: Run Behavior\ShowPageTraceBehavior [ RunTime:0.000701s ]
INFO: [ app_end ] --END-- [ RunTime:0.000771s ]

[ 2016-12-19T15:14:33+08:00 ] 127.0.0.1 /html5-xidian/home.php/Home/food/content/id/14
INFO: [ app_init ] --START--
INFO: Run Behavior\BuildLiteBehavior [ RunTime:0.000016s ]
INFO: [ app_init ] --END-- [ RunTime:0.000397s ]
INFO: [ app_begin ] --START--
INFO: Run Behavior\ReadHtmlCacheBehavior [ RunTime:0.000634s ]
INFO: [ app_begin ] --END-- [ RunTime:0.000695s ]
SQL: SHOW COLUMNS FROM `foods` [ RunTime:0.0074s ]
SQL: SELECT * FROM `foods` WHERE `id` = 14 LIMIT 1   [ RunTime:0.0006s ]
SQL: SHOW COLUMNS FROM `tag_food_relation` [ RunTime:0.0066s ]
SQL: SELECT * FROM `tag_food_relation` WHERE `food_name` = '草莓慕斯'  [ RunTime:0.0005s ]
SQL: SHOW COLUMNS FROM `comment` [ RunTime:0.0062s ]
SQL: SELECT * FROM `comment` WHERE `food_id` = 14  [ RunTime:0.0006s ]
SQL: SELECT * FROM `comment` WHERE `food_id` = 14 ORDER BY id desc LIMIT 0,5   [ RunTime:0.0006s ]
INFO: [ view_parse ] --START--
INFO: [ template_filter ] --START--
INFO: Run Behavior\ContentReplaceBehavior [ RunTime:0.000128s ]
INFO: [ template_filter ] --END-- [ RunTime:0.000198s ]
NOTIC: [8] Undefined variable: username K:\html5\wwwroot\html5-xidian\Application\Runtime\Cache\Home\9e7f3b8699fd931840ddd7d722dfdfde.php 第 169 行.
NOTIC: [8] Undefined variable: username K:\html5\wwwroot\html5-xidian\Application\Runtime\Cache\Home\9e7f3b8699fd931840ddd7d722dfdfde.php 第 314 行.
NOTIC: [8] Undefined variable: username K:\html5\wwwroot\html5-xidian\Application\Runtime\Cache\Home\9e7f3b8699fd931840ddd7d722dfdfde.php 第 322 行.
INFO: Run Behavior\ParseTemplateBehavior [ RunTime:0.016150s ]
INFO: [ view_parse ] --END-- [ RunTime:0.016252s ]
INFO: [ view_filter ] --START--
INFO: Run Behavior\WriteHtmlCacheBehavior [ RunTime:0.000529s ]
INFO: [ view_filter ] --END-- [ RunTime:0.000598s ]
INFO: [ app_end ] --START--
INFO: Run Behavior\ShowPageTraceBehavior [ RunTime:0.000689s ]
INFO: [ app_end ] --END-- [ RunTime:0.000758s ]

[ 2016-12-19T15:14:48+08:00 ] 127.0.0.1 /html5-xidian/home.php/Home/food/content/id/14
INFO: [ app_init ] --START--
INFO: Run Behavior\BuildLiteBehavior [ RunTime:0.000017s ]
INFO: [ app_init ] --END-- [ RunTime:0.000429s ]
INFO: [ app_begin ] --START--
INFO: Run Behavior\ReadHtmlCacheBehavior [ RunTime:0.000640s ]
INFO: [ app_begin ] --END-- [ RunTime:0.000702s ]
SQL: SHOW COLUMNS FROM `foods` [ RunTime:0.0067s ]
SQL: SELECT * FROM `foods` WHERE `id` = 14 LIMIT 1   [ RunTime:0.0005s ]
SQL: SHOW COLUMNS FROM `tag_food_relation` [ RunTime:0.0068s ]
SQL: SELECT * FROM `tag_food_relation` WHERE `food_name` = '草莓慕斯'  [ RunTime:0.0004s ]
SQL: SHOW COLUMNS FROM `comment` [ RunTime:0.0078s ]
SQL: SELECT * FROM `comment` WHERE `food_id` = 14  [ RunTime:0.0005s ]
SQL: SELECT * FROM `comment` WHERE `food_id` = 14 ORDER BY id desc LIMIT 0,5   [ RunTime:0.0006s ]
INFO: [ view_parse ] --START--
INFO: [ template_filter ] --START--
INFO: Run Behavior\ContentReplaceBehavior [ RunTime:0.000186s ]
INFO: [ template_filter ] --END-- [ RunTime:0.000279s ]
NOTIC: [8] Undefined variable: username K:\html5\wwwroot\html5-xidian\Application\Runtime\Cache\Home\9e7f3b8699fd931840ddd7d722dfdfde.php 第 169 行.
NOTIC: [8] Undefined variable: username K:\html5\wwwroot\html5-xidian\Application\Runtime\Cache\Home\9e7f3b8699fd931840ddd7d722dfdfde.php 第 314 行.
NOTIC: [8] Undefined variable: username K:\html5\wwwroot\html5-xidian\Application\Runtime\Cache\Home\9e7f3b8699fd931840ddd7d722dfdfde.php 第 322 行.
INFO: Run Behavior\ParseTemplateBehavior [ RunTime:0.018073s ]
INFO: [ view_parse ] --END-- [ RunTime:0.018138s ]
INFO: [ view_filter ] --START--
INFO: Run Behavior\WriteHtmlCacheBehavior [ RunTime:0.000479s ]
INFO: [ view_filter ] --END-- [ RunTime:0.000533s ]
INFO: [ app_end ] --START--
INFO: Run Behavior\ShowPageTraceBehavior [ RunTime:0.001054s ]
INFO: [ app_end ] --END-- [ RunTime:0.001180s ]

[ 2016-12-19T15:21:18+08:00 ] 127.0.0.1 /html5-xidian/home.php/Home/food/content/id/14
INFO: [ app_init ] --START--
INFO: Run Behavior\BuildLiteBehavior [ RunTime:0.000017s ]
INFO: [ app_init ] --END-- [ RunTime:0.000491s ]
INFO: [ app_begin ] --START--
INFO: Run Behavior\ReadHtmlCacheBehavior [ RunTime:0.000740s ]
INFO: [ app_begin ] --END-- [ RunTime:0.000799s ]
SQL: SHOW COLUMNS FROM `public_users` [ RunTime:0.0085s ]
SQL: SHOW COLUMNS FROM `foods` [ RunTime:0.0071s ]
SQL: SELECT * FROM `foods` WHERE `id` = 14 LIMIT 1   [ RunTime:0.0005s ]
SQL: SHOW COLUMNS FROM `mall` [ RunTime:0.0064s ]
SQL: SELECT * FROM `mall` ORDER BY public_time desc  [ RunTime:0.0006s ]
SQL: SHOW COLUMNS FROM `tag_food_relation` [ RunTime:0.0060s ]
SQL: SELECT * FROM `tag_food_relation` WHERE `food_name` = '草莓慕斯'  [ RunTime:0.0004s ]
SQL: SHOW COLUMNS FROM `comment` [ RunTime:0.0071s ]
SQL: SELECT * FROM `comment` WHERE `food_id` = 14  [ RunTime:0.0005s ]
SQL: SELECT * FROM `comment` WHERE `food_id` = 14 ORDER BY id desc LIMIT 0,5   [ RunTime:0.0010s ]
INFO: [ view_parse ] --START--
INFO: [ template_filter ] --START--
INFO: Run Behavior\ContentReplaceBehavior [ RunTime:0.000124s ]
INFO: [ template_filter ] --END-- [ RunTime:0.000189s ]
INFO: Run Behavior\ParseTemplateBehavior [ RunTime:0.015083s ]
INFO: [ view_parse ] --END-- [ RunTime:0.015174s ]
INFO: [ view_filter ] --START--
INFO: Run Behavior\WriteHtmlCacheBehavior [ RunTime:0.000444s ]
INFO: [ view_filter ] --END-- [ RunTime:0.000496s ]
INFO: [ app_end ] --START--
INFO: Run Behavior\ShowPageTraceBehavior [ RunTime:0.000701s ]
INFO: [ app_end ] --END-- [ RunTime:0.000771s ]

[ 2016-12-19T15:24:49+08:00 ] 127.0.0.1 /html5-xidian/home.php/Home/food/content/id/14
INFO: [ app_init ] --START--
INFO: Run Behavior\BuildLiteBehavior [ RunTime:0.000017s ]
INFO: [ app_init ] --END-- [ RunTime:0.000483s ]
INFO: [ app_begin ] --START--
INFO: Run Behavior\ReadHtmlCacheBehavior [ RunTime:0.000753s ]
INFO: [ app_begin ] --END-- [ RunTime:0.000824s ]
SQL: SHOW COLUMNS FROM `public_users` [ RunTime:0.0073s ]
SQL: SHOW COLUMNS FROM `foods` [ RunTime:0.0079s ]
SQL: SELECT * FROM `foods` WHERE `id` = 14 LIMIT 1   [ RunTime:0.0006s ]
SQL: SHOW COLUMNS FROM `mall` [ RunTime:0.0089s ]
SQL: SELECT * FROM `mall` ORDER BY public_time desc  [ RunTime:0.0006s ]
SQL: SHOW COLUMNS FROM `tag_food_relation` [ RunTime:0.0086s ]
SQL: SELECT * FROM `tag_food_relation` WHERE `food_name` = '草莓慕斯'  [ RunTime:0.0006s ]
SQL: SHOW COLUMNS FROM `comment` [ RunTime:0.0076s ]
SQL: SELECT * FROM `comment` WHERE `food_id` = 14  [ RunTime:0.0007s ]
SQL: SELECT * FROM `comment` WHERE `food_id` = 14 ORDER BY id desc LIMIT 0,5   [ RunTime:0.0007s ]
INFO: [ view_parse ] --START--
INFO: [ template_filter ] --START--
INFO: Run Behavior\ContentReplaceBehavior [ RunTime:0.000134s ]
INFO: [ template_filter ] --END-- [ RunTime:0.000209s ]
INFO: Run Behavior\ParseTemplateBehavior [ RunTime:0.017514s ]
INFO: [ view_parse ] --END-- [ RunTime:0.017604s ]
INFO: [ view_filter ] --START--
INFO: Run Behavior\WriteHtmlCacheBehavior [ RunTime:0.000476s ]
INFO: [ view_filter ] --END-- [ RunTime:0.000538s ]
INFO: [ app_end ] --START--
INFO: Run Behavior\ShowPageTraceBehavior [ RunTime:0.000848s ]
INFO: [ app_end ] --END-- [ RunTime:0.000932s ]

[ 2016-12-19T15:27:16+08:00 ] 127.0.0.1 /html5-xidian/home.php/Home/food/content/id/14
INFO: [ app_init ] --START--
INFO: Run Behavior\BuildLiteBehavior [ RunTime:0.000031s ]
INFO: [ app_init ] --END-- [ RunTime:0.000646s ]
INFO: [ app_begin ] --START--
INFO: Run Behavior\ReadHtmlCacheBehavior [ RunTime:0.000954s ]
INFO: [ app_begin ] --END-- [ RunTime:0.001075s ]
SQL: SHOW COLUMNS FROM `public_users` [ RunTime:0.0436s ]
SQL: SHOW COLUMNS FROM `foods` [ RunTime:0.0061s ]
SQL: SELECT * FROM `foods` WHERE `id` = 14 LIMIT 1   [ RunTime:0.0006s ]
SQL: SHOW COLUMNS FROM `mall` [ RunTime:0.0062s ]
SQL: SELECT * FROM `mall` ORDER BY public_time desc  [ RunTime:0.0006s ]
SQL: SHOW COLUMNS FROM `tag_food_relation` [ RunTime:0.0060s ]
SQL: SELECT * FROM `tag_food_relation` WHERE `food_name` = '草莓慕斯'  [ RunTime:0.0005s ]
SQL: SHOW COLUMNS FROM `comment` [ RunTime:0.0073s ]
SQL: SELECT * FROM `comment` WHERE `food_id` = 14  [ RunTime:0.0007s ]
SQL: SELECT * FROM `comment` WHERE `food_id` = 14 ORDER BY id desc LIMIT 0,5   [ RunTime:0.0006s ]
INFO: [ view_parse ] --START--
INFO: [ template_filter ] --START--
INFO: Run Behavior\ContentReplaceBehavior [ RunTime:0.000124s ]
INFO: [ template_filter ] --END-- [ RunTime:0.000200s ]
INFO: Run Behavior\ParseTemplateBehavior [ RunTime:0.014948s ]
INFO: [ view_parse ] --END-- [ RunTime:0.015024s ]
INFO: [ view_filter ] --START--
INFO: Run Behavior\WriteHtmlCacheBehavior [ RunTime:0.000418s ]
INFO: [ view_filter ] --END-- [ RunTime:0.000470s ]
INFO: [ app_end ] --START--
INFO: Run Behavior\ShowPageTraceBehavior [ RunTime:0.000684s ]
INFO: [ app_end ] --END-- [ RunTime:0.000749s ]

[ 2016-12-19T15:27:38+08:00 ] 127.0.0.1 /html5-xidian/home.php/Home/food/content/id/14
INFO: [ app_init ] --START--
INFO: Run Behavior\BuildLiteBehavior [ RunTime:0.000017s ]
INFO: [ app_init ] --END-- [ RunTime:0.000480s ]
INFO: [ app_begin ] --START--
INFO: Run Behavior\ReadHtmlCacheBehavior [ RunTime:0.000731s ]
INFO: [ app_begin ] --END-- [ RunTime:0.000805s ]
SQL: SHOW COLUMNS FROM `public_users` [ RunTime:0.0074s ]
SQL: SHOW COLUMNS FROM `foods` [ RunTime:0.0084s ]
SQL: SELECT * FROM `foods` WHERE `id` = 14 LIMIT 1   [ RunTime:0.0006s ]
SQL: SHOW COLUMNS FROM `mall` [ RunTime:0.0079s ]
SQL: SELECT * FROM `mall` ORDER BY public_time desc  [ RunTime:0.0006s ]
SQL: SHOW COLUMNS FROM `tag_food_relation` [ RunTime:0.0109s ]
SQL: SELECT * FROM `tag_food_relation` WHERE `food_name` = '草莓慕斯'  [ RunTime:0.0006s ]
SQL: SHOW COLUMNS FROM `comment` [ RunTime:0.0068s ]
SQL: SELECT * FROM `comment` WHERE `food_id` = 14  [ RunTime:0.0009s ]
SQL: SELECT * FROM `comment` WHERE `food_id` = 14 ORDER BY id desc LIMIT 0,5   [ RunTime:0.0009s ]
INFO: [ view_parse ] --START--
INFO: [ template_filter ] --START--
INFO: Run Behavior\ContentReplaceBehavior [ RunTime:0.000213s ]
INFO: [ template_filter ] --END-- [ RunTime:0.000419s ]
INFO: Run Behavior\ParseTemplateBehavior [ RunTime:0.017848s ]
INFO: [ view_parse ] --END-- [ RunTime:0.017930s ]
INFO: [ view_filter ] --START--
INFO: Run Behavior\WriteHtmlCacheBehavior [ RunTime:0.000492s ]
INFO: [ view_filter ] --END-- [ RunTime:0.000551s ]
INFO: [ app_end ] --START--
INFO: Run Behavior\ShowPageTraceBehavior [ RunTime:0.001322s ]
INFO: [ app_end ] --END-- [ RunTime:0.001467s ]

[ 2016-12-19T15:30:00+08:00 ] 127.0.0.1 /html5-xidian/home.php/Home/shop/index.html
INFO: [ app_init ] --START--
INFO: Run Behavior\BuildLiteBehavior [ RunTime:0.000015s ]
INFO: [ app_init ] --END-- [ RunTime:0.000463s ]
INFO: [ app_begin ] --START--
INFO: Run Behavior\ReadHtmlCacheBehavior [ RunTime:0.000668s ]
INFO: [ app_begin ] --END-- [ RunTime:0.000728s ]
SQL: SHOW COLUMNS FROM `public_users` [ RunTime:0.0205s ]
SQL: SHOW COLUMNS FROM `mall` [ RunTime:0.0061s ]
SQL: SELECT * FROM `mall`  [ RunTime:0.0007s ]
INFO: [ view_parse ] --START--
INFO: [ template_filter ] --START--
INFO: Run Behavior\ContentReplaceBehavior [ RunTime:0.000099s ]
INFO: [ template_filter ] --END-- [ RunTime:0.000169s ]
NOTIC: [8] Use of undefined constant utf8 - assumed 'utf8' K:\html5\wwwroot\html5-xidian\Application\Runtime\Cache\Home\58c9b418295366ada92ef91abf88ff39.php 第 149 行.
NOTIC: [8] Use of undefined constant utf8 - assumed 'utf8' K:\html5\wwwroot\html5-xidian\Application\Runtime\Cache\Home\58c9b418295366ada92ef91abf88ff39.php 第 149 行.
NOTIC: [8] Use of undefined constant utf8 - assumed 'utf8' K:\html5\wwwroot\html5-xidian\Application\Runtime\Cache\Home\58c9b418295366ada92ef91abf88ff39.php 第 149 行.
NOTIC: [8] Use of undefined constant utf8 - assumed 'utf8' K:\html5\wwwroot\html5-xidian\Application\Runtime\Cache\Home\58c9b418295366ada92ef91abf88ff39.php 第 149 行.
NOTIC: [8] Use of undefined constant utf8 - assumed 'utf8' K:\html5\wwwroot\html5-xidian\Application\Runtime\Cache\Home\58c9b418295366ada92ef91abf88ff39.php 第 149 行.
NOTIC: [8] Use of undefined constant utf8 - assumed 'utf8' K:\html5\wwwroot\html5-xidian\Application\Runtime\Cache\Home\58c9b418295366ada92ef91abf88ff39.php 第 149 行.
INFO: Run Behavior\ParseTemplateBehavior [ RunTime:0.014130s ]
INFO: [ view_parse ] --END-- [ RunTime:0.014197s ]
INFO: [ view_filter ] --START--
INFO: Run Behavior\WriteHtmlCacheBehavior [ RunTime:0.000467s ]
INFO: [ view_filter ] --END-- [ RunTime:0.000520s ]
INFO: [ app_end ] --START--
INFO: Run Behavior\ShowPageTraceBehavior [ RunTime:0.000879s ]
INFO: [ app_end ] --END-- [ RunTime:0.000976s ]

[ 2016-12-19T15:30:04+08:00 ] 127.0.0.1 /html5-xidian/home.php/Home/shop/content/id/9
INFO: [ app_init ] --START--
INFO: Run Behavior\BuildLiteBehavior [ RunTime:0.000014s ]
INFO: [ app_init ] --END-- [ RunTime:0.000447s ]
INFO: [ app_begin ] --START--
INFO: Run Behavior\ReadHtmlCacheBehavior [ RunTime:0.000617s ]
INFO: [ app_begin ] --END-- [ RunTime:0.000676s ]
SQL: SHOW COLUMNS FROM `public_users` [ RunTime:0.0068s ]
SQL: SHOW COLUMNS FROM `mall` [ RunTime:0.0062s ]
SQL: SELECT * FROM `mall` WHERE `id` = 9 LIMIT 1   [ RunTime:0.0006s ]
SQL: SELECT * FROM `mall` ORDER BY public_time desc  [ RunTime:0.0005s ]
INFO: [ view_parse ] --START--
INFO: [ template_filter ] --START--
INFO: Run Behavior\ContentReplaceBehavior [ RunTime:0.000107s ]
INFO: [ template_filter ] --END-- [ RunTime:0.000167s ]
INFO: Run Behavior\ParseTemplateBehavior [ RunTime:0.011608s ]
INFO: [ view_parse ] --END-- [ RunTime:0.011696s ]
INFO: [ view_filter ] --START--
INFO: Run Behavior\WriteHtmlCacheBehavior [ RunTime:0.000469s ]
INFO: [ view_filter ] --END-- [ RunTime:0.000539s ]
INFO: [ app_end ] --START--
INFO: Run Behavior\ShowPageTraceBehavior [ RunTime:0.000882s ]
INFO: [ app_end ] --END-- [ RunTime:0.001017s ]

