[ 2016-12-21T08:34:51+08:00 ] 127.0.0.1 /html5-xidian/home.php
INFO: [ app_init ] --START--
INFO: Run Behavior\BuildLiteBehavior [ RunTime:0.000032s ]
INFO: [ app_init ] --END-- [ RunTime:0.001475s ]
INFO: [ app_begin ] --START--
INFO: Run Behavior\ReadHtmlCacheBehavior [ RunTime:0.001034s ]
INFO: [ app_begin ] --END-- [ RunTime:0.001105s ]
SQL: SHOW COLUMNS FROM `tuisong` [ RunTime:0.2146s ]
SQL: SELECT * FROM `tuisong` ORDER BY id desc LIMIT 3   [ RunTime:0.0016s ]
INFO: [ view_parse ] --START--
INFO: [ template_filter ] --START--
INFO: Run Behavior\ContentReplaceBehavior [ RunTime:0.000142s ]
INFO: [ template_filter ] --END-- [ RunTime:0.000237s ]
INFO: Run Behavior\ParseTemplateBehavior [ RunTime:0.046144s ]
INFO: [ view_parse ] --END-- [ RunTime:0.046240s ]
INFO: [ view_filter ] --START--
INFO: Run Behavior\WriteHtmlCacheBehavior [ RunTime:0.000908s ]
INFO: [ view_filter ] --END-- [ RunTime:0.000965s ]
INFO: [ app_end ] --START--
INFO: Run Behavior\ShowPageTraceBehavior [ RunTime:0.001063s ]
INFO: [ app_end ] --END-- [ RunTime:0.001145s ]

[ 2016-12-21T08:35:02+08:00 ] 127.0.0.1 /html5-xidian/home.php/Home/food/french_cate.html
INFO: [ app_init ] --START--
INFO: Run Behavior\BuildLiteBehavior [ RunTime:0.000018s ]
INFO: [ app_init ] --END-- [ RunTime:0.000957s ]
INFO: [ app_begin ] --START--
INFO: Run Behavior\ReadHtmlCacheBehavior [ RunTime:0.000680s ]
INFO: [ app_begin ] --END-- [ RunTime:0.000744s ]
SQL: SHOW COLUMNS FROM `foods` [ RunTime:0.0501s ]
SQL: SELECT * FROM `foods` WHERE `classify` = '法式菜肴'  [ RunTime:0.0091s ]
INFO: [ view_parse ] --START--
INFO: [ template_filter ] --START--
INFO: Run Behavior\ContentReplaceBehavior [ RunTime:0.000103s ]
INFO: [ template_filter ] --END-- [ RunTime:0.000170s ]
NOTIC: [8] Undefined variable: username K:\html5\wwwroot\html5-xidian\Application\Runtime\Cache\Home\d1d0aea2e74c765d43a3164d9cf8ab49.php 第 192 行.
NOTIC: [8] Undefined variable: username K:\html5\wwwroot\html5-xidian\Application\Runtime\Cache\Home\d1d0aea2e74c765d43a3164d9cf8ab49.php 第 192 行.
NOTIC: [8] Undefined variable: username K:\html5\wwwroot\html5-xidian\Application\Runtime\Cache\Home\d1d0aea2e74c765d43a3164d9cf8ab49.php 第 192 行.
NOTIC: [8] Undefined variable: username K:\html5\wwwroot\html5-xidian\Application\Runtime\Cache\Home\d1d0aea2e74c765d43a3164d9cf8ab49.php 第 192 行.
NOTIC: [8] Undefined variable: username K:\html5\wwwroot\html5-xidian\Application\Runtime\Cache\Home\d1d0aea2e74c765d43a3164d9cf8ab49.php 第 192 行.
NOTIC: [8] Undefined variable: username K:\html5\wwwroot\html5-xidian\Application\Runtime\Cache\Home\d1d0aea2e74c765d43a3164d9cf8ab49.php 第 192 行.
NOTIC: [8] Undefined variable: username K:\html5\wwwroot\html5-xidian\Application\Runtime\Cache\Home\d1d0aea2e74c765d43a3164d9cf8ab49.php 第 192 行.
INFO: Run Behavior\ParseTemplateBehavior [ RunTime:0.030651s ]
INFO: [ view_parse ] --END-- [ RunTime:0.030736s ]
INFO: [ view_filter ] --START--
INFO: Run Behavior\WriteHtmlCacheBehavior [ RunTime:0.000587s ]
INFO: [ view_filter ] --END-- [ RunTime:0.000644s ]
INFO: [ app_end ] --START--
INFO: Run Behavior\ShowPageTraceBehavior [ RunTime:0.000843s ]
INFO: [ app_end ] --END-- [ RunTime:0.000915s ]

[ 2016-12-21T08:35:04+08:00 ] 127.0.0.1 /html5-xidian/home.php/Home/food/getFav
INFO: [ app_init ] --START--
INFO: Run Behavior\BuildLiteBehavior [ RunTime:0.000026s ]
INFO: [ app_init ] --END-- [ RunTime:0.001014s ]
INFO: [ app_begin ] --START--
INFO: Run Behavior\ReadHtmlCacheBehavior [ RunTime:0.000894s ]
INFO: [ app_begin ] --END-- [ RunTime:0.001003s ]
SQL: SHOW COLUMNS FROM `favorite` [ RunTime:0.0717s ]
SQL: SELECT * FROM `favorite` WHERE `food_id` = 46 AND `user_name` = '' LIMIT 1   [ RunTime:0.0341s ]
INFO: [ app_end ] --START--
INFO: Run Behavior\ShowPageTraceBehavior [ RunTime:0.000934s ]
INFO: [ app_end ] --END-- [ RunTime:0.001012s ]

[ 2016-12-21T08:35:05+08:00 ] 127.0.0.1 /html5-xidian/home.php/Home/food/getFav
INFO: [ app_init ] --START--
INFO: Run Behavior\BuildLiteBehavior [ RunTime:0.000025s ]
INFO: [ app_init ] --END-- [ RunTime:0.000721s ]
INFO: [ app_begin ] --START--
INFO: Run Behavior\ReadHtmlCacheBehavior [ RunTime:0.001005s ]
INFO: [ app_begin ] --END-- [ RunTime:0.001112s ]
SQL: SHOW COLUMNS FROM `favorite` [ RunTime:0.0062s ]
SQL: SELECT * FROM `favorite` WHERE `food_id` = 43 AND `user_name` = '' LIMIT 1   [ RunTime:0.0005s ]
INFO: [ app_end ] --START--
INFO: Run Behavior\ShowPageTraceBehavior [ RunTime:0.000877s ]
INFO: [ app_end ] --END-- [ RunTime:0.000940s ]

[ 2016-12-21T08:35:06+08:00 ] 127.0.0.1 /html5-xidian/home.php/Home/food/getFav
INFO: [ app_init ] --START--
INFO: Run Behavior\BuildLiteBehavior [ RunTime:0.000024s ]
INFO: [ app_init ] --END-- [ RunTime:0.000711s ]
INFO: [ app_begin ] --START--
INFO: Run Behavior\ReadHtmlCacheBehavior [ RunTime:0.001222s ]
INFO: [ app_begin ] --END-- [ RunTime:0.001337s ]
SQL: SHOW COLUMNS FROM `favorite` [ RunTime:0.0063s ]
SQL: SELECT * FROM `favorite` WHERE `food_id` = 44 AND `user_name` = '' LIMIT 1   [ RunTime:0.0005s ]
INFO: [ app_end ] --START--
INFO: Run Behavior\ShowPageTraceBehavior [ RunTime:0.000838s ]
INFO: [ app_end ] --END-- [ RunTime:0.000897s ]

[ 2016-12-21T08:35:07+08:00 ] 127.0.0.1 /html5-xidian/home.php/Home/food/getFav
INFO: [ app_init ] --START--
INFO: Run Behavior\BuildLiteBehavior [ RunTime:0.000024s ]
INFO: [ app_init ] --END-- [ RunTime:0.002003s ]
INFO: [ app_begin ] --START--
INFO: Run Behavior\ReadHtmlCacheBehavior [ RunTime:0.008760s ]
INFO: [ app_begin ] --END-- [ RunTime:0.008870s ]
SQL: SHOW COLUMNS FROM `favorite` [ RunTime:0.0073s ]
SQL: SELECT * FROM `favorite` WHERE `food_id` = 15 AND `user_name` = '' LIMIT 1   [ RunTime:0.0005s ]
INFO: [ app_end ] --START--
INFO: Run Behavior\ShowPageTraceBehavior [ RunTime:0.000869s ]
INFO: [ app_end ] --END-- [ RunTime:0.000953s ]

[ 2016-12-21T08:35:08+08:00 ] 127.0.0.1 /html5-xidian/home.php/Home/food/getFav
INFO: [ app_init ] --START--
INFO: Run Behavior\BuildLiteBehavior [ RunTime:0.000027s ]
INFO: [ app_init ] --END-- [ RunTime:0.000771s ]
INFO: [ app_begin ] --START--
INFO: Run Behavior\ReadHtmlCacheBehavior [ RunTime:0.001225s ]
INFO: [ app_begin ] --END-- [ RunTime:0.001356s ]
SQL: SHOW COLUMNS FROM `favorite` [ RunTime:0.0062s ]
SQL: SELECT * FROM `favorite` WHERE `food_id` = 45 AND `user_name` = '' LIMIT 1   [ RunTime:0.0005s ]
INFO: [ app_end ] --START--
INFO: Run Behavior\ShowPageTraceBehavior [ RunTime:0.000866s ]
INFO: [ app_end ] --END-- [ RunTime:0.000927s ]

[ 2016-12-21T08:35:09+08:00 ] 127.0.0.1 /html5-xidian/home.php/Home/food/getFav
INFO: [ app_init ] --START--
INFO: Run Behavior\BuildLiteBehavior [ RunTime:0.000031s ]
INFO: [ app_init ] --END-- [ RunTime:0.000904s ]
INFO: [ app_begin ] --START--
INFO: Run Behavior\ReadHtmlCacheBehavior [ RunTime:0.001931s ]
INFO: [ app_begin ] --END-- [ RunTime:0.002279s ]
SQL: SHOW COLUMNS FROM `favorite` [ RunTime:0.0084s ]
SQL: SELECT * FROM `favorite` WHERE `food_id` = 40 AND `user_name` = '' LIMIT 1   [ RunTime:0.0006s ]
INFO: [ app_end ] --START--
INFO: Run Behavior\ShowPageTraceBehavior [ RunTime:0.001480s ]
INFO: [ app_end ] --END-- [ RunTime:0.001636s ]

[ 2016-12-21T08:35:10+08:00 ] 127.0.0.1 /html5-xidian/home.php/Home/food/getFav
INFO: [ app_init ] --START--
INFO: Run Behavior\BuildLiteBehavior [ RunTime:0.000026s ]
INFO: [ app_init ] --END-- [ RunTime:0.000566s ]
INFO: [ app_begin ] --START--
INFO: Run Behavior\ReadHtmlCacheBehavior [ RunTime:0.000692s ]
INFO: [ app_begin ] --END-- [ RunTime:0.000778s ]
SQL: SHOW COLUMNS FROM `favorite` [ RunTime:0.0086s ]
SQL: SELECT * FROM `favorite` WHERE `food_id` = 39 AND `user_name` = '' LIMIT 1   [ RunTime:0.0006s ]
INFO: [ app_end ] --START--
INFO: Run Behavior\ShowPageTraceBehavior [ RunTime:0.001133s ]
INFO: [ app_end ] --END-- [ RunTime:0.001256s ]

[ 2016-12-21T08:35:52+08:00 ] 127.0.0.1 /html5-xidian/home.php/Home/index/index.html
INFO: [ app_init ] --START--
INFO: Run Behavior\BuildLiteBehavior [ RunTime:0.000017s ]
INFO: [ app_init ] --END-- [ RunTime:0.000490s ]
INFO: [ app_begin ] --START--
INFO: Run Behavior\ReadHtmlCacheBehavior [ RunTime:0.000678s ]
INFO: [ app_begin ] --END-- [ RunTime:0.000762s ]
SQL: SHOW COLUMNS FROM `tuisong` [ RunTime:0.0072s ]
SQL: SELECT * FROM `tuisong` ORDER BY id desc LIMIT 3   [ RunTime:0.0006s ]
INFO: [ view_parse ] --START--
INFO: [ template_filter ] --START--
INFO: Run Behavior\ContentReplaceBehavior [ RunTime:0.000146s ]
INFO: [ template_filter ] --END-- [ RunTime:0.000220s ]
INFO: Run Behavior\ParseTemplateBehavior [ RunTime:0.011052s ]
INFO: [ view_parse ] --END-- [ RunTime:0.011131s ]
INFO: [ view_filter ] --START--
INFO: Run Behavior\WriteHtmlCacheBehavior [ RunTime:0.000428s ]
INFO: [ view_filter ] --END-- [ RunTime:0.000486s ]
INFO: [ app_end ] --START--
INFO: Run Behavior\ShowPageTraceBehavior [ RunTime:0.000984s ]
INFO: [ app_end ] --END-- [ RunTime:0.001060s ]

[ 2016-12-21T08:35:55+08:00 ] 127.0.0.1 /html5-xidian/home.php/Home/food/uk_cate.html
INFO: [ app_init ] --START--
INFO: Run Behavior\BuildLiteBehavior [ RunTime:0.000027s ]
INFO: [ app_init ] --END-- [ RunTime:0.000640s ]
INFO: [ app_begin ] --START--
INFO: Run Behavior\ReadHtmlCacheBehavior [ RunTime:0.000558s ]
INFO: [ app_begin ] --END-- [ RunTime:0.000617s ]
SQL: SHOW COLUMNS FROM `foods` [ RunTime:0.0081s ]
SQL: SELECT * FROM `foods` WHERE `classify` = '英式菜肴'  [ RunTime:0.0007s ]
INFO: [ view_parse ] --START--
INFO: [ template_filter ] --START--
INFO: Run Behavior\ContentReplaceBehavior [ RunTime:0.000108s ]
INFO: [ template_filter ] --END-- [ RunTime:0.000179s ]
NOTIC: [8] Undefined variable: username K:\html5\wwwroot\html5-xidian\Application\Runtime\Cache\Home\9f19c95f7ce4623efb5a74e704b1276b.php 第 188 行.
NOTIC: [8] Undefined variable: username K:\html5\wwwroot\html5-xidian\Application\Runtime\Cache\Home\9f19c95f7ce4623efb5a74e704b1276b.php 第 188 行.
NOTIC: [8] Undefined variable: username K:\html5\wwwroot\html5-xidian\Application\Runtime\Cache\Home\9f19c95f7ce4623efb5a74e704b1276b.php 第 188 行.
NOTIC: [8] Undefined variable: username K:\html5\wwwroot\html5-xidian\Application\Runtime\Cache\Home\9f19c95f7ce4623efb5a74e704b1276b.php 第 188 行.
INFO: Run Behavior\ParseTemplateBehavior [ RunTime:0.033405s ]
INFO: [ view_parse ] --END-- [ RunTime:0.033477s ]
INFO: [ view_filter ] --START--
INFO: Run Behavior\WriteHtmlCacheBehavior [ RunTime:0.000470s ]
INFO: [ view_filter ] --END-- [ RunTime:0.000535s ]
INFO: [ app_end ] --START--
INFO: Run Behavior\ShowPageTraceBehavior [ RunTime:0.001048s ]
INFO: [ app_end ] --END-- [ RunTime:0.001177s ]

[ 2016-12-21T08:35:57+08:00 ] 127.0.0.1 /html5-xidian/home.php/Home/food/getFav
INFO: [ app_init ] --START--
INFO: Run Behavior\BuildLiteBehavior [ RunTime:0.000026s ]
INFO: [ app_init ] --END-- [ RunTime:0.000680s ]
INFO: [ app_begin ] --START--
INFO: Run Behavior\ReadHtmlCacheBehavior [ RunTime:0.001020s ]
INFO: [ app_begin ] --END-- [ RunTime:0.001147s ]
SQL: SHOW COLUMNS FROM `favorite` [ RunTime:0.0098s ]
SQL: SELECT * FROM `favorite` WHERE `food_id` = 30 AND `user_name` = '' LIMIT 1   [ RunTime:0.0005s ]
INFO: [ app_end ] --START--
INFO: Run Behavior\ShowPageTraceBehavior [ RunTime:0.001044s ]
INFO: [ app_end ] --END-- [ RunTime:0.001142s ]

[ 2016-12-21T08:35:58+08:00 ] 127.0.0.1 /html5-xidian/home.php/Home/food/getFav
INFO: [ app_init ] --START--
INFO: Run Behavior\BuildLiteBehavior [ RunTime:0.000032s ]
INFO: [ app_init ] --END-- [ RunTime:0.000778s ]
INFO: [ app_begin ] --START--
INFO: Run Behavior\ReadHtmlCacheBehavior [ RunTime:0.000937s ]
INFO: [ app_begin ] --END-- [ RunTime:0.001137s ]
SQL: SHOW COLUMNS FROM `favorite` [ RunTime:0.0062s ]
SQL: SELECT * FROM `favorite` WHERE `food_id` = 31 AND `user_name` = '' LIMIT 1   [ RunTime:0.0005s ]
INFO: [ app_end ] --START--
INFO: Run Behavior\ShowPageTraceBehavior [ RunTime:0.000743s ]
INFO: [ app_end ] --END-- [ RunTime:0.000811s ]

[ 2016-12-21T08:35:59+08:00 ] 127.0.0.1 /html5-xidian/home.php/Home/food/getFav
INFO: [ app_init ] --START--
INFO: Run Behavior\BuildLiteBehavior [ RunTime:0.000017s ]
INFO: [ app_init ] --END-- [ RunTime:0.000504s ]
INFO: [ app_begin ] --START--
INFO: Run Behavior\ReadHtmlCacheBehavior [ RunTime:0.000651s ]
INFO: [ app_begin ] --END-- [ RunTime:0.000740s ]
SQL: SHOW COLUMNS FROM `favorite` [ RunTime:0.0064s ]
SQL: SELECT * FROM `favorite` WHERE `food_id` = 32 AND `user_name` = '' LIMIT 1   [ RunTime:0.0005s ]
INFO: [ app_end ] --START--
INFO: Run Behavior\ShowPageTraceBehavior [ RunTime:0.000770s ]
INFO: [ app_end ] --END-- [ RunTime:0.000830s ]

[ 2016-12-21T08:36:00+08:00 ] 127.0.0.1 /html5-xidian/home.php/Home/food/getFav
INFO: [ app_init ] --START--
INFO: Run Behavior\BuildLiteBehavior [ RunTime:0.000015s ]
INFO: [ app_init ] --END-- [ RunTime:0.000418s ]
INFO: [ app_begin ] --START--
INFO: Run Behavior\ReadHtmlCacheBehavior [ RunTime:0.000652s ]
INFO: [ app_begin ] --END-- [ RunTime:0.000732s ]
SQL: SHOW COLUMNS FROM `favorite` [ RunTime:0.0091s ]
SQL: SELECT * FROM `favorite` WHERE `food_id` = 42 AND `user_name` = '' LIMIT 1   [ RunTime:0.0005s ]
INFO: [ app_end ] --START--
INFO: Run Behavior\ShowPageTraceBehavior [ RunTime:0.000859s ]
INFO: [ app_end ] --END-- [ RunTime:0.000959s ]

[ 2016-12-21T08:36:16+08:00 ] 127.0.0.1 /html5-xidian/home.php/Home/publish/index.html
INFO: [ app_init ] --START--
INFO: Run Behavior\BuildLiteBehavior [ RunTime:0.000016s ]
INFO: [ app_init ] --END-- [ RunTime:0.000457s ]
INFO: [ app_begin ] --START--
INFO: Run Behavior\ReadHtmlCacheBehavior [ RunTime:0.000564s ]
INFO: [ app_begin ] --END-- [ RunTime:0.000624s ]
SQL: SHOW COLUMNS FROM `tags` [ RunTime:0.0845s ]
SQL: SELECT * FROM `tags`  [ RunTime:0.0005s ]
INFO: [ view_parse ] --START--
INFO: [ template_filter ] --START--
INFO: Run Behavior\ContentReplaceBehavior [ RunTime:0.000147s ]
INFO: [ template_filter ] --END-- [ RunTime:0.000252s ]
NOTIC: [8] Undefined variable: username K:\html5\wwwroot\html5-xidian\Application\Runtime\Cache\Home\5d3bb405c7b7f5e0f8b86556a3e7ee21.php 第 201 行.
INFO: Run Behavior\ParseTemplateBehavior [ RunTime:0.041177s ]
INFO: [ view_parse ] --END-- [ RunTime:0.041249s ]
INFO: [ view_filter ] --START--
INFO: Run Behavior\WriteHtmlCacheBehavior [ RunTime:0.000453s ]
INFO: [ view_filter ] --END-- [ RunTime:0.000509s ]
INFO: [ app_end ] --START--
INFO: Run Behavior\ShowPageTraceBehavior [ RunTime:0.000813s ]
INFO: [ app_end ] --END-- [ RunTime:0.000898s ]

[ 2016-12-21T08:36:21+08:00 ] 127.0.0.1 /html5-xidian/home.php/Home/index/index
INFO: [ app_init ] --START--
INFO: Run Behavior\BuildLiteBehavior [ RunTime:0.000015s ]
INFO: [ app_init ] --END-- [ RunTime:0.000459s ]
INFO: [ app_begin ] --START--
INFO: Run Behavior\ReadHtmlCacheBehavior [ RunTime:0.000579s ]
INFO: [ app_begin ] --END-- [ RunTime:0.000637s ]
SQL: SHOW COLUMNS FROM `tuisong` [ RunTime:0.0064s ]
SQL: SELECT * FROM `tuisong` ORDER BY id desc LIMIT 3   [ RunTime:0.0006s ]
INFO: [ view_parse ] --START--
INFO: [ template_filter ] --START--
INFO: Run Behavior\ContentReplaceBehavior [ RunTime:0.000134s ]
INFO: [ template_filter ] --END-- [ RunTime:0.000200s ]
INFO: Run Behavior\ParseTemplateBehavior [ RunTime:0.010662s ]
INFO: [ view_parse ] --END-- [ RunTime:0.010738s ]
INFO: [ view_filter ] --START--
INFO: Run Behavior\WriteHtmlCacheBehavior [ RunTime:0.000490s ]
INFO: [ view_filter ] --END-- [ RunTime:0.000552s ]
INFO: [ app_end ] --START--
INFO: Run Behavior\ShowPageTraceBehavior [ RunTime:0.000772s ]
INFO: [ app_end ] --END-- [ RunTime:0.000856s ]

[ 2016-12-21T08:36:23+08:00 ] 127.0.0.1 /html5-xidian/home.php/Home/shop/index.html
INFO: [ app_init ] --START--
INFO: Run Behavior\BuildLiteBehavior [ RunTime:0.000015s ]
INFO: [ app_init ] --END-- [ RunTime:0.000517s ]
INFO: [ app_begin ] --START--
INFO: Run Behavior\ReadHtmlCacheBehavior [ RunTime:0.000587s ]
INFO: [ app_begin ] --END-- [ RunTime:0.000644s ]
SQL: SHOW COLUMNS FROM `mall` [ RunTime:0.0796s ]
SQL: SELECT * FROM `mall`  [ RunTime:0.0009s ]
INFO: [ view_parse ] --START--
INFO: [ template_filter ] --START--
INFO: Run Behavior\ContentReplaceBehavior [ RunTime:0.000103s ]
INFO: [ template_filter ] --END-- [ RunTime:0.000192s ]
NOTIC: [8] Use of undefined constant utf8 - assumed 'utf8' K:\html5\wwwroot\html5-xidian\Application\Runtime\Cache\Home\58c9b418295366ada92ef91abf88ff39.php 第 142 行.
NOTIC: [8] Undefined variable: username K:\html5\wwwroot\html5-xidian\Application\Runtime\Cache\Home\58c9b418295366ada92ef91abf88ff39.php 第 144 行.
NOTIC: [8] Use of undefined constant utf8 - assumed 'utf8' K:\html5\wwwroot\html5-xidian\Application\Runtime\Cache\Home\58c9b418295366ada92ef91abf88ff39.php 第 142 行.
NOTIC: [8] Undefined variable: username K:\html5\wwwroot\html5-xidian\Application\Runtime\Cache\Home\58c9b418295366ada92ef91abf88ff39.php 第 144 行.
NOTIC: [8] Use of undefined constant utf8 - assumed 'utf8' K:\html5\wwwroot\html5-xidian\Application\Runtime\Cache\Home\58c9b418295366ada92ef91abf88ff39.php 第 142 行.
NOTIC: [8] Undefined variable: username K:\html5\wwwroot\html5-xidian\Application\Runtime\Cache\Home\58c9b418295366ada92ef91abf88ff39.php 第 144 行.
NOTIC: [8] Use of undefined constant utf8 - assumed 'utf8' K:\html5\wwwroot\html5-xidian\Application\Runtime\Cache\Home\58c9b418295366ada92ef91abf88ff39.php 第 142 行.
NOTIC: [8] Undefined variable: username K:\html5\wwwroot\html5-xidian\Application\Runtime\Cache\Home\58c9b418295366ada92ef91abf88ff39.php 第 144 行.
NOTIC: [8] Use of undefined constant utf8 - assumed 'utf8' K:\html5\wwwroot\html5-xidian\Application\Runtime\Cache\Home\58c9b418295366ada92ef91abf88ff39.php 第 142 行.
NOTIC: [8] Undefined variable: username K:\html5\wwwroot\html5-xidian\Application\Runtime\Cache\Home\58c9b418295366ada92ef91abf88ff39.php 第 144 行.
NOTIC: [8] Use of undefined constant utf8 - assumed 'utf8' K:\html5\wwwroot\html5-xidian\Application\Runtime\Cache\Home\58c9b418295366ada92ef91abf88ff39.php 第 142 行.
NOTIC: [8] Undefined variable: username K:\html5\wwwroot\html5-xidian\Application\Runtime\Cache\Home\58c9b418295366ada92ef91abf88ff39.php 第 144 行.
INFO: Run Behavior\ParseTemplateBehavior [ RunTime:0.035252s ]
INFO: [ view_parse ] --END-- [ RunTime:0.035348s ]
INFO: [ view_filter ] --START--
INFO: Run Behavior\WriteHtmlCacheBehavior [ RunTime:0.000512s ]
INFO: [ view_filter ] --END-- [ RunTime:0.000572s ]
INFO: [ app_end ] --START--
INFO: Run Behavior\ShowPageTraceBehavior [ RunTime:0.001424s ]
INFO: [ app_end ] --END-- [ RunTime:0.001578s ]

[ 2016-12-21T08:36:26+08:00 ] 127.0.0.1 /html5-xidian/home.php/Home/index/index.html
INFO: [ app_init ] --START--
INFO: Run Behavior\BuildLiteBehavior [ RunTime:0.000015s ]
INFO: [ app_init ] --END-- [ RunTime:0.000542s ]
INFO: [ app_begin ] --START--
INFO: Run Behavior\ReadHtmlCacheBehavior [ RunTime:0.000675s ]
INFO: [ app_begin ] --END-- [ RunTime:0.000737s ]
SQL: SHOW COLUMNS FROM `tuisong` [ RunTime:0.0062s ]
SQL: SELECT * FROM `tuisong` ORDER BY id desc LIMIT 3   [ RunTime:0.0006s ]
INFO: [ view_parse ] --START--
INFO: [ template_filter ] --START--
INFO: Run Behavior\ContentReplaceBehavior [ RunTime:0.000114s ]
INFO: [ template_filter ] --END-- [ RunTime:0.000178s ]
INFO: Run Behavior\ParseTemplateBehavior [ RunTime:0.010227s ]
INFO: [ view_parse ] --END-- [ RunTime:0.010302s ]
INFO: [ view_filter ] --START--
INFO: Run Behavior\WriteHtmlCacheBehavior [ RunTime:0.000424s ]
INFO: [ view_filter ] --END-- [ RunTime:0.000477s ]
INFO: [ app_end ] --START--
INFO: Run Behavior\ShowPageTraceBehavior [ RunTime:0.000792s ]
INFO: [ app_end ] --END-- [ RunTime:0.000877s ]

[ 2016-12-21T08:36:28+08:00 ] 127.0.0.1 /html5-xidian/home.php/Home/users/index.html
INFO: [ app_init ] --START--
INFO: Run Behavior\BuildLiteBehavior [ RunTime:0.000015s ]
INFO: [ app_init ] --END-- [ RunTime:0.000477s ]
INFO: [ app_begin ] --START--
INFO: Run Behavior\ReadHtmlCacheBehavior [ RunTime:0.001028s ]
INFO: [ app_begin ] --END-- [ RunTime:0.001131s ]
SQL: SHOW COLUMNS FROM `favorite` [ RunTime:0.0096s ]
SQL: SELECT * FROM `favorite` INNER JOIN foods on favorite.food_id=foods.id  WHERE `user_name` = null  [ RunTime:0.0174s ]
SQL: SELECT * FROM `favorite` INNER JOIN foods on favorite.food_id=foods.id  WHERE `user_name` = null ORDER BY id desc LIMIT 0,5   [ RunTime:0.0006s ]
SQL: SHOW COLUMNS FROM `foods` [ RunTime:0.0085s ]
SQL: SELECT * FROM `foods` WHERE `publish_name` = null ORDER BY food_public_time desc  [ RunTime:0.0005s ]
INFO: [ view_parse ] --START--
INFO: [ template_filter ] --START--
INFO: Run Behavior\ContentReplaceBehavior [ RunTime:0.000109s ]
INFO: [ template_filter ] --END-- [ RunTime:0.000179s ]
NOTIC: [8] Undefined variable: username K:\html5\wwwroot\html5-xidian\Application\Runtime\Cache\Home\01ae37688dffcbab07848a689969c234.php 第 130 行.
INFO: Run Behavior\ParseTemplateBehavior [ RunTime:0.018770s ]
INFO: [ view_parse ] --END-- [ RunTime:0.018883s ]
INFO: [ view_filter ] --START--
INFO: Run Behavior\WriteHtmlCacheBehavior [ RunTime:0.000474s ]
INFO: [ view_filter ] --END-- [ RunTime:0.000553s ]
INFO: [ app_end ] --START--
INFO: Run Behavior\ShowPageTraceBehavior [ RunTime:0.000854s ]
INFO: [ app_end ] --END-- [ RunTime:0.000964s ]

[ 2016-12-21T08:36:34+08:00 ] 127.0.0.1 /html5-xidian/home.php/Home/index/index.html
INFO: [ app_init ] --START--
INFO: Run Behavior\BuildLiteBehavior [ RunTime:0.000015s ]
INFO: [ app_init ] --END-- [ RunTime:0.000419s ]
INFO: [ app_begin ] --START--
INFO: Run Behavior\ReadHtmlCacheBehavior [ RunTime:0.000544s ]
INFO: [ app_begin ] --END-- [ RunTime:0.000603s ]
SQL: SHOW COLUMNS FROM `tuisong` [ RunTime:0.0069s ]
SQL: SELECT * FROM `tuisong` ORDER BY id desc LIMIT 3   [ RunTime:0.0006s ]
INFO: [ view_parse ] --START--
INFO: [ template_filter ] --START--
INFO: Run Behavior\ContentReplaceBehavior [ RunTime:0.000119s ]
INFO: [ template_filter ] --END-- [ RunTime:0.000194s ]
INFO: Run Behavior\ParseTemplateBehavior [ RunTime:0.010629s ]
INFO: [ view_parse ] --END-- [ RunTime:0.010701s ]
INFO: [ view_filter ] --START--
INFO: Run Behavior\WriteHtmlCacheBehavior [ RunTime:0.000416s ]
INFO: [ view_filter ] --END-- [ RunTime:0.000470s ]
INFO: [ app_end ] --START--
INFO: Run Behavior\ShowPageTraceBehavior [ RunTime:0.000794s ]
INFO: [ app_end ] --END-- [ RunTime:0.000879s ]

[ 2016-12-21T08:45:08+08:00 ] 127.0.0.1 /html5-xidian/home.php/Home/shop/index.html
INFO: [ app_init ] --START--
INFO: Run Behavior\BuildLiteBehavior [ RunTime:0.000017s ]
INFO: [ app_init ] --END-- [ RunTime:0.000480s ]
INFO: [ app_begin ] --START--
INFO: Run Behavior\ReadHtmlCacheBehavior [ RunTime:0.000703s ]
INFO: [ app_begin ] --END-- [ RunTime:0.000767s ]
SQL: SHOW COLUMNS FROM `public_users` [ RunTime:0.0089s ]
SQL: SHOW COLUMNS FROM `mall` [ RunTime:0.0078s ]
SQL: SELECT * FROM `mall`  [ RunTime:0.0007s ]
INFO: [ view_parse ] --START--
INFO: [ template_filter ] --START--
INFO: Run Behavior\ContentReplaceBehavior [ RunTime:0.000114s ]
INFO: [ template_filter ] --END-- [ RunTime:0.000195s ]
NOTIC: [8] Use of undefined constant utf8 - assumed 'utf8' K:\html5\wwwroot\html5-xidian\Application\Runtime\Cache\Home\58c9b418295366ada92ef91abf88ff39.php 第 142 行.
NOTIC: [8] Use of undefined constant utf8 - assumed 'utf8' K:\html5\wwwroot\html5-xidian\Application\Runtime\Cache\Home\58c9b418295366ada92ef91abf88ff39.php 第 142 行.
NOTIC: [8] Use of undefined constant utf8 - assumed 'utf8' K:\html5\wwwroot\html5-xidian\Application\Runtime\Cache\Home\58c9b418295366ada92ef91abf88ff39.php 第 142 行.
NOTIC: [8] Use of undefined constant utf8 - assumed 'utf8' K:\html5\wwwroot\html5-xidian\Application\Runtime\Cache\Home\58c9b418295366ada92ef91abf88ff39.php 第 142 行.
NOTIC: [8] Use of undefined constant utf8 - assumed 'utf8' K:\html5\wwwroot\html5-xidian\Application\Runtime\Cache\Home\58c9b418295366ada92ef91abf88ff39.php 第 142 行.
NOTIC: [8] Use of undefined constant utf8 - assumed 'utf8' K:\html5\wwwroot\html5-xidian\Application\Runtime\Cache\Home\58c9b418295366ada92ef91abf88ff39.php 第 142 行.
INFO: Run Behavior\ParseTemplateBehavior [ RunTime:0.015073s ]
INFO: [ view_parse ] --END-- [ RunTime:0.015149s ]
INFO: [ view_filter ] --START--
INFO: Run Behavior\WriteHtmlCacheBehavior [ RunTime:0.000483s ]
INFO: [ view_filter ] --END-- [ RunTime:0.000535s ]
INFO: [ app_end ] --START--
INFO: Run Behavior\ShowPageTraceBehavior [ RunTime:0.000945s ]
INFO: [ app_end ] --END-- [ RunTime:0.001084s ]

[ 2016-12-21T08:45:10+08:00 ] 127.0.0.1 /html5-xidian/home.php/Home/shop/content/id/9
INFO: [ app_init ] --START--
INFO: Run Behavior\BuildLiteBehavior [ RunTime:0.000017s ]
INFO: [ app_init ] --END-- [ RunTime:0.000521s ]
INFO: [ app_begin ] --START--
INFO: Run Behavior\ReadHtmlCacheBehavior [ RunTime:0.000825s ]
INFO: [ app_begin ] --END-- [ RunTime:0.000895s ]
SQL: SHOW COLUMNS FROM `public_users` [ RunTime:0.0062s ]
SQL: SHOW COLUMNS FROM `mall` [ RunTime:0.0059s ]
SQL: SELECT * FROM `mall` WHERE `id` = 9 LIMIT 1   [ RunTime:0.0006s ]
SQL: SELECT * FROM `mall` ORDER BY public_time desc  [ RunTime:0.0005s ]
INFO: [ view_parse ] --START--
INFO: [ template_filter ] --START--
INFO: Run Behavior\ContentReplaceBehavior [ RunTime:0.000148s ]
INFO: [ template_filter ] --END-- [ RunTime:0.000243s ]
INFO: Run Behavior\ParseTemplateBehavior [ RunTime:0.031003s ]
INFO: [ view_parse ] --END-- [ RunTime:0.031078s ]
INFO: [ view_filter ] --START--
INFO: Run Behavior\WriteHtmlCacheBehavior [ RunTime:0.000423s ]
INFO: [ view_filter ] --END-- [ RunTime:0.000478s ]
INFO: [ app_end ] --START--
INFO: Run Behavior\ShowPageTraceBehavior [ RunTime:0.000891s ]
INFO: [ app_end ] --END-- [ RunTime:0.000987s ]

[ 2016-12-21T08:45:27+08:00 ] 127.0.0.1 /html5-xidian/home.php/Home/shop/content/id/9
INFO: [ app_init ] --START--
INFO: Run Behavior\BuildLiteBehavior [ RunTime:0.000016s ]
INFO: [ app_init ] --END-- [ RunTime:0.000515s ]
INFO: [ app_begin ] --START--
INFO: Run Behavior\ReadHtmlCacheBehavior [ RunTime:0.000745s ]
INFO: [ app_begin ] --END-- [ RunTime:0.000831s ]
SQL: SHOW COLUMNS FROM `public_users` [ RunTime:0.0068s ]
SQL: SHOW COLUMNS FROM `mall` [ RunTime:0.0060s ]
SQL: SELECT * FROM `mall` WHERE `id` = 9 LIMIT 1   [ RunTime:0.0005s ]
SQL: SELECT * FROM `mall` ORDER BY public_time desc  [ RunTime:0.0005s ]
INFO: [ view_parse ] --START--
INFO: [ template_filter ] --START--
INFO: Run Behavior\ContentReplaceBehavior [ RunTime:0.000109s ]
INFO: [ template_filter ] --END-- [ RunTime:0.000176s ]
INFO: Run Behavior\ParseTemplateBehavior [ RunTime:0.013273s ]
INFO: [ view_parse ] --END-- [ RunTime:0.013348s ]
INFO: [ view_filter ] --START--
INFO: Run Behavior\WriteHtmlCacheBehavior [ RunTime:0.000480s ]
INFO: [ view_filter ] --END-- [ RunTime:0.000530s ]
INFO: [ app_end ] --START--
INFO: Run Behavior\ShowPageTraceBehavior [ RunTime:0.000861s ]
INFO: [ app_end ] --END-- [ RunTime:0.000936s ]

[ 2016-12-21T08:45:36+08:00 ] 127.0.0.1 /html5-xidian/home.php/Home/shop/content/id/9
INFO: [ app_init ] --START--
INFO: Run Behavior\BuildLiteBehavior [ RunTime:0.000016s ]
INFO: [ app_init ] --END-- [ RunTime:0.000519s ]
INFO: [ app_begin ] --START--
INFO: Run Behavior\ReadHtmlCacheBehavior [ RunTime:0.000710s ]
INFO: [ app_begin ] --END-- [ RunTime:0.000773s ]
SQL: SHOW COLUMNS FROM `public_users` [ RunTime:0.0085s ]
SQL: SHOW COLUMNS FROM `mall` [ RunTime:0.0062s ]
SQL: SELECT * FROM `mall` WHERE `id` = 9 LIMIT 1   [ RunTime:0.0006s ]
SQL: SELECT * FROM `mall` ORDER BY public_time desc  [ RunTime:0.0006s ]
INFO: [ view_parse ] --START--
INFO: [ template_filter ] --START--
INFO: Run Behavior\ContentReplaceBehavior [ RunTime:0.000109s ]
INFO: [ template_filter ] --END-- [ RunTime:0.000173s ]
INFO: Run Behavior\ParseTemplateBehavior [ RunTime:0.014745s ]
INFO: [ view_parse ] --END-- [ RunTime:0.014820s ]
INFO: [ view_filter ] --START--
INFO: Run Behavior\WriteHtmlCacheBehavior [ RunTime:0.000525s ]
INFO: [ view_filter ] --END-- [ RunTime:0.000578s ]
INFO: [ app_end ] --START--
INFO: Run Behavior\ShowPageTraceBehavior [ RunTime:0.000958s ]
INFO: [ app_end ] --END-- [ RunTime:0.001032s ]

[ 2016-12-21T08:46:19+08:00 ] 127.0.0.1 /html5-xidian/home.php/Home/food/french_cate.html
INFO: [ app_init ] --START--
INFO: Run Behavior\BuildLiteBehavior [ RunTime:0.000027s ]
INFO: [ app_init ] --END-- [ RunTime:0.000592s ]
INFO: [ app_begin ] --START--
INFO: Run Behavior\ReadHtmlCacheBehavior [ RunTime:0.000973s ]
INFO: [ app_begin ] --END-- [ RunTime:0.001078s ]
SQL: SHOW COLUMNS FROM `public_users` [ RunTime:0.0074s ]
SQL: SHOW COLUMNS FROM `foods` [ RunTime:0.0068s ]
SQL: SELECT * FROM `foods` WHERE `classify` = '法式菜肴'  [ RunTime:0.0007s ]
INFO: [ view_parse ] --START--
INFO: [ template_filter ] --START--
INFO: Run Behavior\ContentReplaceBehavior [ RunTime:0.000104s ]
INFO: [ template_filter ] --END-- [ RunTime:0.000170s ]
INFO: Run Behavior\ParseTemplateBehavior [ RunTime:0.012409s ]
INFO: [ view_parse ] --END-- [ RunTime:0.012499s ]
INFO: [ view_filter ] --START--
INFO: Run Behavior\WriteHtmlCacheBehavior [ RunTime:0.000465s ]
INFO: [ view_filter ] --END-- [ RunTime:0.000524s ]
INFO: [ app_end ] --START--
INFO: Run Behavior\ShowPageTraceBehavior [ RunTime:0.001142s ]
INFO: [ app_end ] --END-- [ RunTime:0.001279s ]

[ 2016-12-21T08:46:21+08:00 ] 127.0.0.1 /html5-xidian/home.php/Home/food/getFav
INFO: [ app_init ] --START--
INFO: Run Behavior\BuildLiteBehavior [ RunTime:0.000017s ]
INFO: [ app_init ] --END-- [ RunTime:0.000525s ]
INFO: [ app_begin ] --START--
INFO: Run Behavior\ReadHtmlCacheBehavior [ RunTime:0.000564s ]
INFO: [ app_begin ] --END-- [ RunTime:0.000627s ]
SQL: SHOW COLUMNS FROM `public_users` [ RunTime:0.0105s ]
SQL: SHOW COLUMNS FROM `favorite` [ RunTime:0.0106s ]
SQL: SELECT * FROM `favorite` WHERE `food_id` = 15 AND `user_name` = 'ssssss' LIMIT 1   [ RunTime:0.0005s ]
INFO: [ app_end ] --START--
INFO: Run Behavior\ShowPageTraceBehavior [ RunTime:0.000726s ]
INFO: [ app_end ] --END-- [ RunTime:0.000815s ]

[ 2016-12-21T08:46:22+08:00 ] 127.0.0.1 /html5-xidian/home.php/Home/food/getFav
INFO: [ app_init ] --START--
INFO: Run Behavior\BuildLiteBehavior [ RunTime:0.000014s ]
INFO: [ app_init ] --END-- [ RunTime:0.000455s ]
INFO: [ app_begin ] --START--
INFO: Run Behavior\ReadHtmlCacheBehavior [ RunTime:0.000653s ]
INFO: [ app_begin ] --END-- [ RunTime:0.000719s ]
SQL: SHOW COLUMNS FROM `public_users` [ RunTime:0.0072s ]
SQL: SHOW COLUMNS FROM `favorite` [ RunTime:0.0095s ]
SQL: SELECT * FROM `favorite` WHERE `food_id` = 45 AND `user_name` = 'ssssss' LIMIT 1   [ RunTime:0.0010s ]
INFO: [ app_end ] --START--
INFO: Run Behavior\ShowPageTraceBehavior [ RunTime:0.000839s ]
INFO: [ app_end ] --END-- [ RunTime:0.000900s ]

[ 2016-12-21T08:46:23+08:00 ] 127.0.0.1 /html5-xidian/home.php/Home/food/getFav
INFO: [ app_init ] --START--
INFO: Run Behavior\BuildLiteBehavior [ RunTime:0.000028s ]
INFO: [ app_init ] --END-- [ RunTime:0.000669s ]
INFO: [ app_begin ] --START--
INFO: Run Behavior\ReadHtmlCacheBehavior [ RunTime:0.000937s ]
INFO: [ app_begin ] --END-- [ RunTime:0.001056s ]
SQL: SHOW COLUMNS FROM `public_users` [ RunTime:0.0121s ]
SQL: SHOW COLUMNS FROM `favorite` [ RunTime:0.0134s ]
SQL: SELECT * FROM `favorite` WHERE `food_id` = 46 AND `user_name` = 'ssssss' LIMIT 1   [ RunTime:0.0007s ]
INFO: [ app_end ] --START--
INFO: Run Behavior\ShowPageTraceBehavior [ RunTime:0.001425s ]
INFO: [ app_end ] --END-- [ RunTime:0.001565s ]

[ 2016-12-21T08:46:24+08:00 ] 127.0.0.1 /html5-xidian/home.php/Home/food/getFav
INFO: [ app_init ] --START--
INFO: Run Behavior\BuildLiteBehavior [ RunTime:0.000025s ]
INFO: [ app_init ] --END-- [ RunTime:0.000686s ]
INFO: [ app_begin ] --START--
INFO: Run Behavior\ReadHtmlCacheBehavior [ RunTime:0.000866s ]
INFO: [ app_begin ] --END-- [ RunTime:0.000961s ]
SQL: SHOW COLUMNS FROM `public_users` [ RunTime:0.0115s ]
SQL: SHOW COLUMNS FROM `favorite` [ RunTime:0.0109s ]
SQL: SELECT * FROM `favorite` WHERE `food_id` = 40 AND `user_name` = 'ssssss' LIMIT 1   [ RunTime:0.0016s ]
INFO: [ app_end ] --START--
INFO: Run Behavior\ShowPageTraceBehavior [ RunTime:0.001340s ]
INFO: [ app_end ] --END-- [ RunTime:0.001484s ]

[ 2016-12-21T08:46:25+08:00 ] 127.0.0.1 /html5-xidian/home.php/Home/food/getFav
INFO: [ app_init ] --START--
INFO: Run Behavior\BuildLiteBehavior [ RunTime:0.000025s ]
INFO: [ app_init ] --END-- [ RunTime:0.000728s ]
INFO: [ app_begin ] --START--
INFO: Run Behavior\ReadHtmlCacheBehavior [ RunTime:0.001062s ]
INFO: [ app_begin ] --END-- [ RunTime:0.001166s ]
SQL: SHOW COLUMNS FROM `public_users` [ RunTime:0.0091s ]
SQL: SHOW COLUMNS FROM `favorite` [ RunTime:0.0063s ]
SQL: SELECT * FROM `favorite` WHERE `food_id` = 43 AND `user_name` = 'ssssss' LIMIT 1   [ RunTime:0.0004s ]
INFO: [ app_end ] --START--
INFO: Run Behavior\ShowPageTraceBehavior [ RunTime:0.001176s ]
INFO: [ app_end ] --END-- [ RunTime:0.001250s ]

[ 2016-12-21T08:46:26+08:00 ] 127.0.0.1 /html5-xidian/home.php/Home/food/getFav
INFO: [ app_init ] --START--
INFO: Run Behavior\BuildLiteBehavior [ RunTime:0.000016s ]
INFO: [ app_init ] --END-- [ RunTime:0.000418s ]
INFO: [ app_begin ] --START--
INFO: Run Behavior\ReadHtmlCacheBehavior [ RunTime:0.000546s ]
INFO: [ app_begin ] --END-- [ RunTime:0.000600s ]
SQL: SHOW COLUMNS FROM `public_users` [ RunTime:0.0075s ]
SQL: SHOW COLUMNS FROM `favorite` [ RunTime:0.0063s ]
SQL: SELECT * FROM `favorite` WHERE `food_id` = 44 AND `user_name` = 'ssssss' LIMIT 1   [ RunTime:0.0005s ]
INFO: [ app_end ] --START--
INFO: Run Behavior\ShowPageTraceBehavior [ RunTime:0.000771s ]
INFO: [ app_end ] --END-- [ RunTime:0.000828s ]

[ 2016-12-21T08:46:27+08:00 ] 127.0.0.1 /html5-xidian/home.php/Home/food/getFav
INFO: [ app_init ] --START--
INFO: Run Behavior\BuildLiteBehavior [ RunTime:0.000032s ]
INFO: [ app_init ] --END-- [ RunTime:0.000901s ]
INFO: [ app_begin ] --START--
INFO: Run Behavior\ReadHtmlCacheBehavior [ RunTime:0.001339s ]
INFO: [ app_begin ] --END-- [ RunTime:0.001505s ]
SQL: SHOW COLUMNS FROM `public_users` [ RunTime:0.0081s ]
SQL: SHOW COLUMNS FROM `favorite` [ RunTime:0.0065s ]
SQL: SELECT * FROM `favorite` WHERE `food_id` = 39 AND `user_name` = 'ssssss' LIMIT 1   [ RunTime:0.0004s ]
INFO: [ app_end ] --START--
INFO: Run Behavior\ShowPageTraceBehavior [ RunTime:0.000725s ]
INFO: [ app_end ] --END-- [ RunTime:0.000818s ]

[ 2016-12-21T08:46:28+08:00 ] 127.0.0.1 /html5-xidian/home.php/Home/food/content/id/15
INFO: [ app_init ] --START--
INFO: Run Behavior\BuildLiteBehavior [ RunTime:0.000025s ]
INFO: [ app_init ] --END-- [ RunTime:0.000500s ]
INFO: [ app_begin ] --START--
INFO: Run Behavior\ReadHtmlCacheBehavior [ RunTime:0.000578s ]
INFO: [ app_begin ] --END-- [ RunTime:0.000642s ]
SQL: SHOW COLUMNS FROM `public_users` [ RunTime:0.0073s ]
SQL: SHOW COLUMNS FROM `foods` [ RunTime:0.0072s ]
SQL: SELECT * FROM `foods` WHERE `id` = 15 LIMIT 1   [ RunTime:0.0005s ]
SQL: SHOW COLUMNS FROM `mall` [ RunTime:0.0071s ]
SQL: SELECT * FROM `mall` ORDER BY public_time desc  [ RunTime:0.0006s ]
SQL: SHOW COLUMNS FROM `tag_food_relation` [ RunTime:0.0713s ]
SQL: SELECT * FROM `tag_food_relation` WHERE `food_name` = '草莓慕斯'  [ RunTime:0.0007s ]
SQL: SHOW COLUMNS FROM `comment` [ RunTime:0.0516s ]
SQL: SELECT * FROM `comment` WHERE `food_id` = 15  [ RunTime:0.0007s ]
SQL: SELECT * FROM `comment` WHERE `food_id` = 15 ORDER BY id desc LIMIT 0,5   [ RunTime:0.0007s ]
INFO: [ view_parse ] --START--
INFO: [ template_filter ] --START--
INFO: Run Behavior\ContentReplaceBehavior [ RunTime:0.000227s ]
INFO: [ template_filter ] --END-- [ RunTime:0.000348s ]
INFO: Run Behavior\ParseTemplateBehavior [ RunTime:0.054445s ]
INFO: [ view_parse ] --END-- [ RunTime:0.054575s ]
INFO: [ view_filter ] --START--
INFO: Run Behavior\WriteHtmlCacheBehavior [ RunTime:0.000663s ]
INFO: [ view_filter ] --END-- [ RunTime:0.000772s ]
INFO: [ app_end ] --START--
INFO: Run Behavior\ShowPageTraceBehavior [ RunTime:0.001179s ]
INFO: [ app_end ] --END-- [ RunTime:0.001334s ]

[ 2016-12-21T08:46:29+08:00 ] 127.0.0.1 /html5-xidian/home.php/Home/food/content/images/bg.jpg
INFO: [ app_init ] --START--
INFO: Run Behavior\BuildLiteBehavior [ RunTime:0.000017s ]
INFO: [ app_init ] --END-- [ RunTime:0.000450s ]

[ 2016-12-21T08:46:47+08:00 ] 127.0.0.1 /html5-xidian/home.php/Home/shop/content/id/11.html
INFO: [ app_init ] --START--
INFO: Run Behavior\BuildLiteBehavior [ RunTime:0.000017s ]
INFO: [ app_init ] --END-- [ RunTime:0.000519s ]
INFO: [ app_begin ] --START--
INFO: Run Behavior\ReadHtmlCacheBehavior [ RunTime:0.000626s ]
INFO: [ app_begin ] --END-- [ RunTime:0.000710s ]
SQL: SHOW COLUMNS FROM `public_users` [ RunTime:0.0079s ]
SQL: SHOW COLUMNS FROM `mall` [ RunTime:0.0063s ]
SQL: SELECT * FROM `mall` WHERE `id` = 11 LIMIT 1   [ RunTime:0.0006s ]
SQL: SELECT * FROM `mall` ORDER BY public_time desc  [ RunTime:0.0006s ]
INFO: [ view_parse ] --START--
INFO: [ template_filter ] --START--
INFO: Run Behavior\ContentReplaceBehavior [ RunTime:0.000109s ]
INFO: [ template_filter ] --END-- [ RunTime:0.000173s ]
INFO: Run Behavior\ParseTemplateBehavior [ RunTime:0.012598s ]
INFO: [ view_parse ] --END-- [ RunTime:0.012710s ]
INFO: [ view_filter ] --START--
INFO: Run Behavior\WriteHtmlCacheBehavior [ RunTime:0.000399s ]
INFO: [ view_filter ] --END-- [ RunTime:0.000455s ]
INFO: [ app_end ] --START--
INFO: Run Behavior\ShowPageTraceBehavior [ RunTime:0.000821s ]
INFO: [ app_end ] --END-- [ RunTime:0.000923s ]

[ 2016-12-21T08:53:38+08:00 ] 127.0.0.1 /html5-xidian/home.php/Home/publish/index.html
INFO: [ app_init ] --START--
INFO: Run Behavior\BuildLiteBehavior [ RunTime:0.000016s ]
INFO: [ app_init ] --END-- [ RunTime:0.000495s ]
INFO: [ app_begin ] --START--
INFO: Run Behavior\ReadHtmlCacheBehavior [ RunTime:0.000717s ]
INFO: [ app_begin ] --END-- [ RunTime:0.000787s ]
SQL: SHOW COLUMNS FROM `public_users` [ RunTime:0.0065s ]
SQL: SHOW COLUMNS FROM `tags` [ RunTime:0.0074s ]
SQL: SELECT * FROM `tags`  [ RunTime:0.0006s ]
INFO: [ view_parse ] --START--
INFO: [ template_filter ] --START--
INFO: Run Behavior\ContentReplaceBehavior [ RunTime:0.000105s ]
INFO: [ template_filter ] --END-- [ RunTime:0.000170s ]
INFO: Run Behavior\ParseTemplateBehavior [ RunTime:0.012935s ]
INFO: [ view_parse ] --END-- [ RunTime:0.013041s ]
INFO: [ view_filter ] --START--
INFO: Run Behavior\WriteHtmlCacheBehavior [ RunTime:0.000523s ]
INFO: [ view_filter ] --END-- [ RunTime:0.000592s ]
INFO: [ app_end ] --START--
INFO: Run Behavior\ShowPageTraceBehavior [ RunTime:0.000891s ]
INFO: [ app_end ] --END-- [ RunTime:0.000962s ]

[ 2016-12-21T08:55:28+08:00 ] 127.0.0.1 /html5-xidian/home.php/Home/publish/index.html
INFO: [ app_init ] --START--
INFO: Run Behavior\BuildLiteBehavior [ RunTime:0.000030s ]
INFO: [ app_init ] --END-- [ RunTime:0.000770s ]
INFO: [ app_begin ] --START--
INFO: Run Behavior\ReadHtmlCacheBehavior [ RunTime:0.001267s ]
INFO: [ app_begin ] --END-- [ RunTime:0.001435s ]
SQL: SHOW COLUMNS FROM `public_users` [ RunTime:0.0067s ]
SQL: SHOW COLUMNS FROM `tags` [ RunTime:0.0061s ]
SQL: SELECT * FROM `tags`  [ RunTime:0.0005s ]
INFO: [ view_parse ] --START--
INFO: [ template_filter ] --START--
INFO: Run Behavior\ContentReplaceBehavior [ RunTime:0.000113s ]
INFO: [ template_filter ] --END-- [ RunTime:0.000188s ]
INFO: Run Behavior\ParseTemplateBehavior [ RunTime:0.015837s ]
INFO: [ view_parse ] --END-- [ RunTime:0.015922s ]
INFO: [ view_filter ] --START--
INFO: Run Behavior\WriteHtmlCacheBehavior [ RunTime:0.000450s ]
INFO: [ view_filter ] --END-- [ RunTime:0.000509s ]
INFO: [ app_end ] --START--
INFO: Run Behavior\ShowPageTraceBehavior [ RunTime:0.001185s ]
INFO: [ app_end ] --END-- [ RunTime:0.001315s ]

[ 2016-12-21T08:56:08+08:00 ] 127.0.0.1 /html5-xidian/home.php/Home/publish/index.html
INFO: [ app_init ] --START--
INFO: Run Behavior\BuildLiteBehavior [ RunTime:0.000016s ]
INFO: [ app_init ] --END-- [ RunTime:0.000491s ]
INFO: [ app_begin ] --START--
INFO: Run Behavior\ReadHtmlCacheBehavior [ RunTime:0.000695s ]
INFO: [ app_begin ] --END-- [ RunTime:0.000763s ]
SQL: SHOW COLUMNS FROM `public_users` [ RunTime:0.0064s ]
SQL: SHOW COLUMNS FROM `tags` [ RunTime:0.0072s ]
SQL: SELECT * FROM `tags`  [ RunTime:0.0006s ]
INFO: [ view_parse ] --START--
INFO: [ template_filter ] --START--
INFO: Run Behavior\ContentReplaceBehavior [ RunTime:0.000104s ]
INFO: [ template_filter ] --END-- [ RunTime:0.000173s ]
INFO: Run Behavior\ParseTemplateBehavior [ RunTime:0.013557s ]
INFO: [ view_parse ] --END-- [ RunTime:0.013634s ]
INFO: [ view_filter ] --START--
INFO: Run Behavior\WriteHtmlCacheBehavior [ RunTime:0.000473s ]
INFO: [ view_filter ] --END-- [ RunTime:0.000530s ]
INFO: [ app_end ] --START--
INFO: Run Behavior\ShowPageTraceBehavior [ RunTime:0.001323s ]
INFO: [ app_end ] --END-- [ RunTime:0.001429s ]

[ 2016-12-21T08:57:37+08:00 ] 127.0.0.1 /html5-xidian/home.php/Home/publish/index.html
INFO: [ app_init ] --START--
INFO: Run Behavior\BuildLiteBehavior [ RunTime:0.000019s ]
INFO: [ app_init ] --END-- [ RunTime:0.000706s ]
INFO: [ app_begin ] --START--
INFO: Run Behavior\ReadHtmlCacheBehavior [ RunTime:0.000825s ]
INFO: [ app_begin ] --END-- [ RunTime:0.000900s ]
SQL: SHOW COLUMNS FROM `public_users` [ RunTime:0.0065s ]
SQL: SHOW COLUMNS FROM `tags` [ RunTime:0.0069s ]
SQL: SELECT * FROM `tags`  [ RunTime:0.0005s ]
INFO: [ view_parse ] --START--
INFO: [ template_filter ] --START--
INFO: Run Behavior\ContentReplaceBehavior [ RunTime:0.000106s ]
INFO: [ template_filter ] --END-- [ RunTime:0.000172s ]
INFO: Run Behavior\ParseTemplateBehavior [ RunTime:0.013178s ]
INFO: [ view_parse ] --END-- [ RunTime:0.013260s ]
INFO: [ view_filter ] --START--
INFO: Run Behavior\WriteHtmlCacheBehavior [ RunTime:0.000443s ]
INFO: [ view_filter ] --END-- [ RunTime:0.000498s ]
INFO: [ app_end ] --START--
INFO: Run Behavior\ShowPageTraceBehavior [ RunTime:0.000916s ]
INFO: [ app_end ] --END-- [ RunTime:0.001017s ]

[ 2016-12-21T08:57:56+08:00 ] 127.0.0.1 /html5-xidian/home.php/Home/login/quit
INFO: [ app_init ] --START--
INFO: Run Behavior\BuildLiteBehavior [ RunTime:0.000019s ]
INFO: [ app_init ] --END-- [ RunTime:0.000572s ]
INFO: [ app_begin ] --START--
INFO: Run Behavior\ReadHtmlCacheBehavior [ RunTime:0.000719s ]
INFO: [ app_begin ] --END-- [ RunTime:0.000787s ]
SQL: SHOW COLUMNS FROM `public_users` [ RunTime:0.0062s ]

[ 2016-12-21T08:57:56+08:00 ] 127.0.0.1 /html5-xidian/home.php/Home/login/index.html
INFO: [ app_init ] --START--
INFO: Run Behavior\BuildLiteBehavior [ RunTime:0.000016s ]
INFO: [ app_init ] --END-- [ RunTime:0.000461s ]
INFO: [ app_begin ] --START--
INFO: Run Behavior\ReadHtmlCacheBehavior [ RunTime:0.000582s ]
INFO: [ app_begin ] --END-- [ RunTime:0.000640s ]
INFO: [ view_parse ] --START--
INFO: [ template_filter ] --START--
INFO: Run Behavior\ContentReplaceBehavior [ RunTime:0.000069s ]
INFO: [ template_filter ] --END-- [ RunTime:0.000141s ]
INFO: Run Behavior\ParseTemplateBehavior [ RunTime:0.008634s ]
INFO: [ view_parse ] --END-- [ RunTime:0.008699s ]
INFO: [ view_filter ] --START--
INFO: Run Behavior\WriteHtmlCacheBehavior [ RunTime:0.000412s ]
INFO: [ view_filter ] --END-- [ RunTime:0.000464s ]
INFO: [ app_end ] --START--
INFO: Run Behavior\ShowPageTraceBehavior [ RunTime:0.000697s ]
INFO: [ app_end ] --END-- [ RunTime:0.000751s ]

[ 2016-12-21T08:58:26+08:00 ] 127.0.0.1 /html5-xidian/home.php/Home/login/index.html
INFO: [ app_init ] --START--
INFO: Run Behavior\BuildLiteBehavior [ RunTime:0.000018s ]
INFO: [ app_init ] --END-- [ RunTime:0.000488s ]
INFO: [ app_begin ] --START--
INFO: Run Behavior\ReadHtmlCacheBehavior [ RunTime:0.000669s ]
INFO: [ app_begin ] --END-- [ RunTime:0.000757s ]
INFO: [ view_parse ] --START--
INFO: [ template_filter ] --START--
INFO: Run Behavior\ContentReplaceBehavior [ RunTime:0.000062s ]
INFO: [ template_filter ] --END-- [ RunTime:0.000131s ]
INFO: Run Behavior\ParseTemplateBehavior [ RunTime:0.008473s ]
INFO: [ view_parse ] --END-- [ RunTime:0.008579s ]
INFO: [ view_filter ] --START--
INFO: Run Behavior\WriteHtmlCacheBehavior [ RunTime:0.000430s ]
INFO: [ view_filter ] --END-- [ RunTime:0.000513s ]
INFO: [ app_end ] --START--
INFO: Run Behavior\ShowPageTraceBehavior [ RunTime:0.000953s ]
INFO: [ app_end ] --END-- [ RunTime:0.001065s ]

[ 2016-12-21T08:59:27+08:00 ] 127.0.0.1 /html5-xidian/home.php/Home/login/index.html
INFO: [ app_init ] --START--
INFO: Run Behavior\BuildLiteBehavior [ RunTime:0.000017s ]
INFO: [ app_init ] --END-- [ RunTime:0.000550s ]
INFO: [ app_begin ] --START--
INFO: Run Behavior\ReadHtmlCacheBehavior [ RunTime:0.000750s ]
INFO: [ app_begin ] --END-- [ RunTime:0.000820s ]
INFO: [ view_parse ] --START--
INFO: [ template_filter ] --START--
INFO: Run Behavior\ContentReplaceBehavior [ RunTime:0.000105s ]
INFO: [ template_filter ] --END-- [ RunTime:0.000208s ]
INFO: Run Behavior\ParseTemplateBehavior [ RunTime:0.008760s ]
INFO: [ view_parse ] --END-- [ RunTime:0.008834s ]
INFO: [ view_filter ] --START--
INFO: Run Behavior\WriteHtmlCacheBehavior [ RunTime:0.000450s ]
INFO: [ view_filter ] --END-- [ RunTime:0.000495s ]
INFO: [ app_end ] --START--
INFO: Run Behavior\ShowPageTraceBehavior [ RunTime:0.000678s ]
INFO: [ app_end ] --END-- [ RunTime:0.000727s ]

[ 2016-12-21T08:59:29+08:00 ] 127.0.0.1 /html5-xidian/home.php/Home/home/index/index
INFO: [ app_init ] --START--
INFO: Run Behavior\BuildLiteBehavior [ RunTime:0.000016s ]
INFO: [ app_init ] --END-- [ RunTime:0.000432s ]
INFO: [ app_begin ] --START--
INFO: Run Behavior\ReadHtmlCacheBehavior [ RunTime:0.000556s ]
INFO: [ app_begin ] --END-- [ RunTime:0.000615s ]
ERR: 无法加载控制器:Home

[ 2016-12-21T08:59:37+08:00 ] 127.0.0.1 /html5-xidian/home.php/Home/home/index/index
INFO: [ app_init ] --START--
INFO: Run Behavior\BuildLiteBehavior [ RunTime:0.000015s ]
INFO: [ app_init ] --END-- [ RunTime:0.000456s ]
INFO: [ app_begin ] --START--
INFO: Run Behavior\ReadHtmlCacheBehavior [ RunTime:0.000635s ]
INFO: [ app_begin ] --END-- [ RunTime:0.000694s ]
ERR: 无法加载控制器:Home

[ 2016-12-21T08:59:39+08:00 ] 127.0.0.1 /html5-xidian/home.php/Home/home/index/index
INFO: [ app_init ] --START--
INFO: Run Behavior\BuildLiteBehavior [ RunTime:0.000015s ]
INFO: [ app_init ] --END-- [ RunTime:0.000439s ]
INFO: [ app_begin ] --START--
INFO: Run Behavior\ReadHtmlCacheBehavior [ RunTime:0.000563s ]
INFO: [ app_begin ] --END-- [ RunTime:0.000623s ]
ERR: 无法加载控制器:Home

[ 2016-12-21T08:59:39+08:00 ] 127.0.0.1 /html5-xidian/home.php/Home/home/index/index
INFO: [ app_init ] --START--
INFO: Run Behavior\BuildLiteBehavior [ RunTime:0.000016s ]
INFO: [ app_init ] --END-- [ RunTime:0.000416s ]
INFO: [ app_begin ] --START--
INFO: Run Behavior\ReadHtmlCacheBehavior [ RunTime:0.000633s ]
INFO: [ app_begin ] --END-- [ RunTime:0.000712s ]
ERR: 无法加载控制器:Home

[ 2016-12-21T08:59:39+08:00 ] 127.0.0.1 /html5-xidian/home.php/Home/home/index/index
INFO: [ app_init ] --START--
INFO: Run Behavior\BuildLiteBehavior [ RunTime:0.000019s ]
INFO: [ app_init ] --END-- [ RunTime:0.000643s ]
INFO: [ app_begin ] --START--
INFO: Run Behavior\ReadHtmlCacheBehavior [ RunTime:0.000720s ]
INFO: [ app_begin ] --END-- [ RunTime:0.000790s ]
ERR: 无法加载控制器:Home

[ 2016-12-21T08:59:41+08:00 ] 127.0.0.1 /html5-xidian/home.php/Home/login/index.html
INFO: [ app_init ] --START--
INFO: Run Behavior\BuildLiteBehavior [ RunTime:0.000017s ]
INFO: [ app_init ] --END-- [ RunTime:0.000488s ]
INFO: [ app_begin ] --START--
INFO: Run Behavior\ReadHtmlCacheBehavior [ RunTime:0.000585s ]
INFO: [ app_begin ] --END-- [ RunTime:0.000642s ]
INFO: [ view_parse ] --START--
INFO: [ template_filter ] --START--
INFO: Run Behavior\ContentReplaceBehavior [ RunTime:0.000067s ]
INFO: [ template_filter ] --END-- [ RunTime:0.000144s ]
INFO: Run Behavior\ParseTemplateBehavior [ RunTime:0.009016s ]
INFO: [ view_parse ] --END-- [ RunTime:0.009116s ]
INFO: [ view_filter ] --START--
INFO: Run Behavior\WriteHtmlCacheBehavior [ RunTime:0.000950s ]
INFO: [ view_filter ] --END-- [ RunTime:0.001060s ]
INFO: [ app_end ] --START--
INFO: Run Behavior\ShowPageTraceBehavior [ RunTime:0.000753s ]
INFO: [ app_end ] --END-- [ RunTime:0.000811s ]

[ 2016-12-21T08:59:42+08:00 ] 127.0.0.1 /html5-xidian/home.php/Home/Home/index/index
INFO: [ app_init ] --START--
INFO: Run Behavior\BuildLiteBehavior [ RunTime:0.000021s ]
INFO: [ app_init ] --END-- [ RunTime:0.000609s ]
INFO: [ app_begin ] --START--
INFO: Run Behavior\ReadHtmlCacheBehavior [ RunTime:0.000708s ]
INFO: [ app_begin ] --END-- [ RunTime:0.000775s ]
ERR: 无法加载控制器:Home

[ 2016-12-21T08:59:49+08:00 ] 127.0.0.1 /html5-xidian/home.php/Home/login/index.html
INFO: [ app_init ] --START--
INFO: Run Behavior\BuildLiteBehavior [ RunTime:0.000014s ]
INFO: [ app_init ] --END-- [ RunTime:0.000428s ]
INFO: [ app_begin ] --START--
INFO: Run Behavior\ReadHtmlCacheBehavior [ RunTime:0.000551s ]
INFO: [ app_begin ] --END-- [ RunTime:0.000613s ]
INFO: [ view_parse ] --START--
INFO: [ template_filter ] --START--
INFO: Run Behavior\ContentReplaceBehavior [ RunTime:0.000102s ]
INFO: [ template_filter ] --END-- [ RunTime:0.000207s ]
INFO: Run Behavior\ParseTemplateBehavior [ RunTime:0.009336s ]
INFO: [ view_parse ] --END-- [ RunTime:0.009433s ]
INFO: [ view_filter ] --START--
INFO: Run Behavior\WriteHtmlCacheBehavior [ RunTime:0.000463s ]
INFO: [ view_filter ] --END-- [ RunTime:0.000563s ]
INFO: [ app_end ] --START--
INFO: Run Behavior\ShowPageTraceBehavior [ RunTime:0.000759s ]
INFO: [ app_end ] --END-- [ RunTime:0.001151s ]

[ 2016-12-21T08:59:51+08:00 ] 127.0.0.1 /html5-xidian/home.php/Home/index/index
INFO: [ app_init ] --START--
INFO: Run Behavior\BuildLiteBehavior [ RunTime:0.000015s ]
INFO: [ app_init ] --END-- [ RunTime:0.000505s ]
INFO: [ app_begin ] --START--
INFO: Run Behavior\ReadHtmlCacheBehavior [ RunTime:0.000640s ]
INFO: [ app_begin ] --END-- [ RunTime:0.000700s ]
SQL: SHOW COLUMNS FROM `tuisong` [ RunTime:0.0103s ]
SQL: SELECT * FROM `tuisong` ORDER BY id desc LIMIT 3   [ RunTime:0.0006s ]
INFO: [ view_parse ] --START--
INFO: [ template_filter ] --START--
INFO: Run Behavior\ContentReplaceBehavior [ RunTime:0.000194s ]
INFO: [ template_filter ] --END-- [ RunTime:0.000321s ]
INFO: Run Behavior\ParseTemplateBehavior [ RunTime:0.012288s ]
INFO: [ view_parse ] --END-- [ RunTime:0.012396s ]
INFO: [ view_filter ] --START--
INFO: Run Behavior\WriteHtmlCacheBehavior [ RunTime:0.000384s ]
INFO: [ view_filter ] --END-- [ RunTime:0.000450s ]
INFO: [ app_end ] --START--
INFO: Run Behavior\ShowPageTraceBehavior [ RunTime:0.001020s ]
INFO: [ app_end ] --END-- [ RunTime:0.001114s ]

[ 2016-12-21T08:59:56+08:00 ] 127.0.0.1 /html5-xidian/home.php/Home/login/register.html
INFO: [ app_init ] --START--
INFO: Run Behavior\BuildLiteBehavior [ RunTime:0.000016s ]
INFO: [ app_init ] --END-- [ RunTime:0.000429s ]
INFO: [ app_begin ] --START--
INFO: Run Behavior\ReadHtmlCacheBehavior [ RunTime:0.000857s ]
INFO: [ app_begin ] --END-- [ RunTime:0.000972s ]
INFO: [ view_parse ] --START--
INFO: [ template_filter ] --START--
INFO: Run Behavior\ContentReplaceBehavior [ RunTime:0.000127s ]
INFO: [ template_filter ] --END-- [ RunTime:0.000261s ]
INFO: Run Behavior\ParseTemplateBehavior [ RunTime:0.028928s ]
INFO: [ view_parse ] --END-- [ RunTime:0.029050s ]
INFO: [ view_filter ] --START--
INFO: Run Behavior\WriteHtmlCacheBehavior [ RunTime:0.000417s ]
INFO: [ view_filter ] --END-- [ RunTime:0.000505s ]
INFO: [ app_end ] --START--
INFO: Run Behavior\ShowPageTraceBehavior [ RunTime:0.000970s ]
INFO: [ app_end ] --END-- [ RunTime:0.001088s ]

[ 2016-12-21T09:00:17+08:00 ] 127.0.0.1 /html5-xidian/home.php/Home/login/register.html
INFO: [ app_init ] --START--
INFO: Run Behavior\BuildLiteBehavior [ RunTime:0.000017s ]
INFO: [ app_init ] --END-- [ RunTime:0.000601s ]
INFO: [ app_begin ] --START--
INFO: Run Behavior\ReadHtmlCacheBehavior [ RunTime:0.000890s ]
INFO: [ app_begin ] --END-- [ RunTime:0.000973s ]
INFO: [ view_parse ] --START--
INFO: [ template_filter ] --START--
INFO: Run Behavior\ContentReplaceBehavior [ RunTime:0.000075s ]
INFO: [ template_filter ] --END-- [ RunTime:0.000158s ]
INFO: Run Behavior\ParseTemplateBehavior [ RunTime:0.010479s ]
INFO: [ view_parse ] --END-- [ RunTime:0.010589s ]
INFO: [ view_filter ] --START--
INFO: Run Behavior\WriteHtmlCacheBehavior [ RunTime:0.000614s ]
INFO: [ view_filter ] --END-- [ RunTime:0.000686s ]
INFO: [ app_end ] --START--
INFO: Run Behavior\ShowPageTraceBehavior [ RunTime:0.000908s ]
INFO: [ app_end ] --END-- [ RunTime:0.000994s ]

[ 2016-12-21T09:00:19+08:00 ] 127.0.0.1 /html5-xidian/home.php/Home/index/index
INFO: [ app_init ] --START--
INFO: Run Behavior\BuildLiteBehavior [ RunTime:0.000016s ]
INFO: [ app_init ] --END-- [ RunTime:0.000439s ]
INFO: [ app_begin ] --START--
INFO: Run Behavior\ReadHtmlCacheBehavior [ RunTime:0.000545s ]
INFO: [ app_begin ] --END-- [ RunTime:0.000604s ]
SQL: SHOW COLUMNS FROM `tuisong` [ RunTime:0.0099s ]
SQL: SELECT * FROM `tuisong` ORDER BY id desc LIMIT 3   [ RunTime:0.0007s ]
INFO: [ view_parse ] --START--
INFO: [ template_filter ] --START--
INFO: Run Behavior\ContentReplaceBehavior [ RunTime:0.000162s ]
INFO: [ template_filter ] --END-- [ RunTime:0.000259s ]
INFO: Run Behavior\ParseTemplateBehavior [ RunTime:0.013288s ]
INFO: [ view_parse ] --END-- [ RunTime:0.013394s ]
INFO: [ view_filter ] --START--
INFO: Run Behavior\WriteHtmlCacheBehavior [ RunTime:0.000329s ]
INFO: [ view_filter ] --END-- [ RunTime:0.000386s ]
INFO: [ app_end ] --START--
INFO: Run Behavior\ShowPageTraceBehavior [ RunTime:0.001051s ]
INFO: [ app_end ] --END-- [ RunTime:0.001177s ]

[ 2016-12-21T09:00:56+08:00 ] 127.0.0.1 /html5-xidian/home.php/Home/index/search
INFO: [ app_init ] --START--
INFO: Run Behavior\BuildLiteBehavior [ RunTime:0.000016s ]
INFO: [ app_init ] --END-- [ RunTime:0.000500s ]
INFO: [ app_begin ] --START--
INFO: Run Behavior\ReadHtmlCacheBehavior [ RunTime:0.000611s ]
INFO: [ app_begin ] --END-- [ RunTime:0.000670s ]
SQL: SHOW COLUMNS FROM `foods` [ RunTime:0.0571s ]
SQL: SELECT * FROM `foods` WHERE `name` LIKE '法式%'  [ RunTime:0.0099s ]
INFO: [ app_end ] --START--
INFO: Run Behavior\ShowPageTraceBehavior [ RunTime:0.000788s ]
INFO: [ app_end ] --END-- [ RunTime:0.000868s ]

[ 2016-12-21T09:02:47+08:00 ] 127.0.0.1 /html5-xidian/home.php/Home/index/search
INFO: [ app_init ] --START--
INFO: Run Behavior\BuildLiteBehavior [ RunTime:0.000015s ]
INFO: [ app_init ] --END-- [ RunTime:0.000542s ]
INFO: [ app_begin ] --START--
INFO: Run Behavior\ReadHtmlCacheBehavior [ RunTime:0.000861s ]
INFO: [ app_begin ] --END-- [ RunTime:0.000926s ]
SQL: SHOW COLUMNS FROM `foods` [ RunTime:0.0069s ]
SQL: SELECT * FROM `foods` WHERE `name` LIKE '草莓%'  [ RunTime:0.0007s ]
INFO: [ app_end ] --START--
INFO: Run Behavior\ShowPageTraceBehavior [ RunTime:0.001166s ]
INFO: [ app_end ] --END-- [ RunTime:0.001273s ]

[ 2016-12-21T09:02:51+08:00 ] 127.0.0.1 /html5-xidian/home.php/Home/food/content/id/15
INFO: [ app_init ] --START--
INFO: Run Behavior\BuildLiteBehavior [ RunTime:0.000016s ]
INFO: [ app_init ] --END-- [ RunTime:0.000506s ]
INFO: [ app_begin ] --START--
INFO: Run Behavior\ReadHtmlCacheBehavior [ RunTime:0.000604s ]
INFO: [ app_begin ] --END-- [ RunTime:0.000663s ]
SQL: SHOW COLUMNS FROM `foods` [ RunTime:0.0095s ]
SQL: SELECT * FROM `foods` WHERE `id` = 15 LIMIT 1   [ RunTime:0.0006s ]
SQL: SHOW COLUMNS FROM `mall` [ RunTime:0.0077s ]
SQL: SELECT * FROM `mall` ORDER BY public_time desc  [ RunTime:0.0006s ]
SQL: SHOW COLUMNS FROM `tag_food_relation` [ RunTime:0.0071s ]
SQL: SELECT * FROM `tag_food_relation` WHERE `food_name` = '草莓慕斯'  [ RunTime:0.0004s ]
SQL: SHOW COLUMNS FROM `comment` [ RunTime:0.0085s ]
SQL: SELECT * FROM `comment` WHERE `food_id` = 15  [ RunTime:0.0006s ]
SQL: SELECT * FROM `comment` WHERE `food_id` = 15 ORDER BY id desc LIMIT 0,5   [ RunTime:0.0006s ]
INFO: [ view_parse ] --START--
INFO: [ template_filter ] --START--
INFO: Run Behavior\ContentReplaceBehavior [ RunTime:0.000132s ]
INFO: [ template_filter ] --END-- [ RunTime:0.000203s ]
NOTIC: [8] Undefined variable: username K:\html5\wwwroot\html5-xidian\Application\Runtime\Cache\Home\9e7f3b8699fd931840ddd7d722dfdfde.php 第 170 行.
NOTIC: [8] Undefined variable: username K:\html5\wwwroot\html5-xidian\Application\Runtime\Cache\Home\9e7f3b8699fd931840ddd7d722dfdfde.php 第 307 行.
NOTIC: [8] Undefined variable: username K:\html5\wwwroot\html5-xidian\Application\Runtime\Cache\Home\9e7f3b8699fd931840ddd7d722dfdfde.php 第 315 行.
INFO: Run Behavior\ParseTemplateBehavior [ RunTime:0.016167s ]
INFO: [ view_parse ] --END-- [ RunTime:0.016235s ]
INFO: [ view_filter ] --START--
INFO: Run Behavior\WriteHtmlCacheBehavior [ RunTime:0.000448s ]
INFO: [ view_filter ] --END-- [ RunTime:0.000498s ]
INFO: [ app_end ] --START--
INFO: Run Behavior\ShowPageTraceBehavior [ RunTime:0.000641s ]
INFO: [ app_end ] --END-- [ RunTime:0.000726s ]

[ 2016-12-21T09:02:56+08:00 ] 127.0.0.1 /html5-xidian/home.php/Home/index/index.html
INFO: [ app_init ] --START--
INFO: Run Behavior\BuildLiteBehavior [ RunTime:0.000016s ]
INFO: [ app_init ] --END-- [ RunTime:0.000454s ]
INFO: [ app_begin ] --START--
INFO: Run Behavior\ReadHtmlCacheBehavior [ RunTime:0.000575s ]
INFO: [ app_begin ] --END-- [ RunTime:0.000634s ]
SQL: SHOW COLUMNS FROM `tuisong` [ RunTime:0.0064s ]
SQL: SELECT * FROM `tuisong` ORDER BY id desc LIMIT 3   [ RunTime:0.0006s ]
INFO: [ view_parse ] --START--
INFO: [ template_filter ] --START--
INFO: Run Behavior\ContentReplaceBehavior [ RunTime:0.000134s ]
INFO: [ template_filter ] --END-- [ RunTime:0.000213s ]
INFO: Run Behavior\ParseTemplateBehavior [ RunTime:0.011400s ]
INFO: [ view_parse ] --END-- [ RunTime:0.011477s ]
INFO: [ view_filter ] --START--
INFO: Run Behavior\WriteHtmlCacheBehavior [ RunTime:0.000378s ]
INFO: [ view_filter ] --END-- [ RunTime:0.000428s ]
INFO: [ app_end ] --START--
INFO: Run Behavior\ShowPageTraceBehavior [ RunTime:0.000927s ]
INFO: [ app_end ] --END-- [ RunTime:0.001032s ]

[ 2016-12-21T09:04:32+08:00 ] 127.0.0.1 /html5-xidian/home.php/Home/publish/index.html
INFO: [ app_init ] --START--
INFO: Run Behavior\BuildLiteBehavior [ RunTime:0.000016s ]
INFO: [ app_init ] --END-- [ RunTime:0.000460s ]
INFO: [ app_begin ] --START--
INFO: Run Behavior\ReadHtmlCacheBehavior [ RunTime:0.000635s ]
INFO: [ app_begin ] --END-- [ RunTime:0.000697s ]
SQL: SHOW COLUMNS FROM `tags` [ RunTime:0.0098s ]
SQL: SELECT * FROM `tags`  [ RunTime:0.0006s ]
INFO: [ view_parse ] --START--
INFO: [ template_filter ] --START--
INFO: Run Behavior\ContentReplaceBehavior [ RunTime:0.000122s ]
INFO: [ template_filter ] --END-- [ RunTime:0.000187s ]
NOTIC: [8] Undefined variable: username K:\html5\wwwroot\html5-xidian\Application\Runtime\Cache\Home\5d3bb405c7b7f5e0f8b86556a3e7ee21.php 第 201 行.
INFO: Run Behavior\ParseTemplateBehavior [ RunTime:0.012292s ]
INFO: [ view_parse ] --END-- [ RunTime:0.012357s ]
INFO: [ view_filter ] --START--
INFO: Run Behavior\WriteHtmlCacheBehavior [ RunTime:0.000434s ]
INFO: [ view_filter ] --END-- [ RunTime:0.000491s ]
INFO: [ app_end ] --START--
INFO: Run Behavior\ShowPageTraceBehavior [ RunTime:0.000897s ]
INFO: [ app_end ] --END-- [ RunTime:0.000987s ]

[ 2016-12-21T09:04:37+08:00 ] 127.0.0.1 /html5-xidian/home.php/Home/index/index.html
INFO: [ app_init ] --START--
INFO: Run Behavior\BuildLiteBehavior [ RunTime:0.000015s ]
INFO: [ app_init ] --END-- [ RunTime:0.000419s ]
INFO: [ app_begin ] --START--
INFO: Run Behavior\ReadHtmlCacheBehavior [ RunTime:0.000551s ]
INFO: [ app_begin ] --END-- [ RunTime:0.000612s ]
SQL: SHOW COLUMNS FROM `tuisong` [ RunTime:0.0071s ]
SQL: SELECT * FROM `tuisong` ORDER BY id desc LIMIT 3   [ RunTime:0.0007s ]
INFO: [ view_parse ] --START--
INFO: [ template_filter ] --START--
INFO: Run Behavior\ContentReplaceBehavior [ RunTime:0.000131s ]
INFO: [ template_filter ] --END-- [ RunTime:0.000199s ]
INFO: Run Behavior\ParseTemplateBehavior [ RunTime:0.010952s ]
INFO: [ view_parse ] --END-- [ RunTime:0.011023s ]
INFO: [ view_filter ] --START--
INFO: Run Behavior\WriteHtmlCacheBehavior [ RunTime:0.000358s ]
INFO: [ view_filter ] --END-- [ RunTime:0.000409s ]
INFO: [ app_end ] --START--
INFO: Run Behavior\ShowPageTraceBehavior [ RunTime:0.000743s ]
INFO: [ app_end ] --END-- [ RunTime:0.000814s ]

[ 2016-12-21T09:04:41+08:00 ] 127.0.0.1 /html5-xidian/home.php/Home/publish/index.html
INFO: [ app_init ] --START--
INFO: Run Behavior\BuildLiteBehavior [ RunTime:0.000028s ]
INFO: [ app_init ] --END-- [ RunTime:0.000650s ]
INFO: [ app_begin ] --START--
INFO: Run Behavior\ReadHtmlCacheBehavior [ RunTime:0.000577s ]
INFO: [ app_begin ] --END-- [ RunTime:0.000636s ]
SQL: SHOW COLUMNS FROM `tags` [ RunTime:0.0077s ]
SQL: SELECT * FROM `tags`  [ RunTime:0.0007s ]
INFO: [ view_parse ] --START--
INFO: [ template_filter ] --START--
INFO: Run Behavior\ContentReplaceBehavior [ RunTime:0.000116s ]
INFO: [ template_filter ] --END-- [ RunTime:0.000186s ]
NOTIC: [8] Undefined variable: username K:\html5\wwwroot\html5-xidian\Application\Runtime\Cache\Home\5d3bb405c7b7f5e0f8b86556a3e7ee21.php 第 201 行.
INFO: Run Behavior\ParseTemplateBehavior [ RunTime:0.012128s ]
INFO: [ view_parse ] --END-- [ RunTime:0.012212s ]
INFO: [ view_filter ] --START--
INFO: Run Behavior\WriteHtmlCacheBehavior [ RunTime:0.000357s ]
INFO: [ view_filter ] --END-- [ RunTime:0.000409s ]
INFO: [ app_end ] --START--
INFO: Run Behavior\ShowPageTraceBehavior [ RunTime:0.000782s ]
INFO: [ app_end ] --END-- [ RunTime:0.000857s ]

[ 2016-12-21T09:04:44+08:00 ] 127.0.0.1 /html5-xidian/home.php/Home/index/index.html
INFO: [ app_init ] --START--
INFO: Run Behavior\BuildLiteBehavior [ RunTime:0.000015s ]
INFO: [ app_init ] --END-- [ RunTime:0.000420s ]
INFO: [ app_begin ] --START--
INFO: Run Behavior\ReadHtmlCacheBehavior [ RunTime:0.000538s ]
INFO: [ app_begin ] --END-- [ RunTime:0.000598s ]
SQL: SHOW COLUMNS FROM `tuisong` [ RunTime:0.0078s ]
SQL: SELECT * FROM `tuisong` ORDER BY id desc LIMIT 3   [ RunTime:0.0006s ]
INFO: [ view_parse ] --START--
INFO: [ template_filter ] --START--
INFO: Run Behavior\ContentReplaceBehavior [ RunTime:0.000114s ]
INFO: [ template_filter ] --END-- [ RunTime:0.000180s ]
INFO: Run Behavior\ParseTemplateBehavior [ RunTime:0.010777s ]
INFO: [ view_parse ] --END-- [ RunTime:0.010850s ]
INFO: [ view_filter ] --START--
INFO: Run Behavior\WriteHtmlCacheBehavior [ RunTime:0.000369s ]
INFO: [ view_filter ] --END-- [ RunTime:0.000424s ]
INFO: [ app_end ] --START--
INFO: Run Behavior\ShowPageTraceBehavior [ RunTime:0.000783s ]
INFO: [ app_end ] --END-- [ RunTime:0.000872s ]

[ 2016-12-21T09:09:51+08:00 ] 127.0.0.1 /html5-xidian/home.php/Home/shop/index.html
INFO: [ app_init ] --START--
INFO: Run Behavior\BuildLiteBehavior [ RunTime:0.000021s ]
INFO: [ app_init ] --END-- [ RunTime:0.000553s ]
INFO: [ app_begin ] --START--
INFO: Run Behavior\ReadHtmlCacheBehavior [ RunTime:0.000808s ]
INFO: [ app_begin ] --END-- [ RunTime:0.000876s ]
SQL: SHOW COLUMNS FROM `mall` [ RunTime:0.0078s ]
SQL: SELECT * FROM `mall`  [ RunTime:0.0006s ]
INFO: [ view_parse ] --START--
INFO: [ template_filter ] --START--
INFO: Run Behavior\ContentReplaceBehavior [ RunTime:0.000096s ]
INFO: [ template_filter ] --END-- [ RunTime:0.000159s ]
NOTIC: [8] Use of undefined constant utf8 - assumed 'utf8' K:\html5\wwwroot\html5-xidian\Application\Runtime\Cache\Home\58c9b418295366ada92ef91abf88ff39.php 第 142 行.
NOTIC: [8] Undefined variable: username K:\html5\wwwroot\html5-xidian\Application\Runtime\Cache\Home\58c9b418295366ada92ef91abf88ff39.php 第 144 行.
NOTIC: [8] Use of undefined constant utf8 - assumed 'utf8' K:\html5\wwwroot\html5-xidian\Application\Runtime\Cache\Home\58c9b418295366ada92ef91abf88ff39.php 第 142 行.
NOTIC: [8] Undefined variable: username K:\html5\wwwroot\html5-xidian\Application\Runtime\Cache\Home\58c9b418295366ada92ef91abf88ff39.php 第 144 行.
NOTIC: [8] Use of undefined constant utf8 - assumed 'utf8' K:\html5\wwwroot\html5-xidian\Application\Runtime\Cache\Home\58c9b418295366ada92ef91abf88ff39.php 第 142 行.
NOTIC: [8] Undefined variable: username K:\html5\wwwroot\html5-xidian\Application\Runtime\Cache\Home\58c9b418295366ada92ef91abf88ff39.php 第 144 行.
NOTIC: [8] Use of undefined constant utf8 - assumed 'utf8' K:\html5\wwwroot\html5-xidian\Application\Runtime\Cache\Home\58c9b418295366ada92ef91abf88ff39.php 第 142 行.
NOTIC: [8] Undefined variable: username K:\html5\wwwroot\html5-xidian\Application\Runtime\Cache\Home\58c9b418295366ada92ef91abf88ff39.php 第 144 行.
NOTIC: [8] Use of undefined constant utf8 - assumed 'utf8' K:\html5\wwwroot\html5-xidian\Application\Runtime\Cache\Home\58c9b418295366ada92ef91abf88ff39.php 第 142 行.
NOTIC: [8] Undefined variable: username K:\html5\wwwroot\html5-xidian\Application\Runtime\Cache\Home\58c9b418295366ada92ef91abf88ff39.php 第 144 行.
NOTIC: [8] Use of undefined constant utf8 - assumed 'utf8' K:\html5\wwwroot\html5-xidian\Application\Runtime\Cache\Home\58c9b418295366ada92ef91abf88ff39.php 第 142 行.
NOTIC: [8] Undefined variable: username K:\html5\wwwroot\html5-xidian\Application\Runtime\Cache\Home\58c9b418295366ada92ef91abf88ff39.php 第 144 行.
INFO: Run Behavior\ParseTemplateBehavior [ RunTime:0.013208s ]
INFO: [ view_parse ] --END-- [ RunTime:0.013276s ]
INFO: [ view_filter ] --START--
INFO: Run Behavior\WriteHtmlCacheBehavior [ RunTime:0.000494s ]
INFO: [ view_filter ] --END-- [ RunTime:0.000551s ]
INFO: [ app_end ] --START--
INFO: Run Behavior\ShowPageTraceBehavior [ RunTime:0.001364s ]
INFO: [ app_end ] --END-- [ RunTime:0.001563s ]

[ 2016-12-21T09:09:53+08:00 ] 127.0.0.1 /html5-xidian/home.php/Home/shop/content/id/9
INFO: [ app_init ] --START--
INFO: Run Behavior\BuildLiteBehavior [ RunTime:0.000023s ]
INFO: [ app_init ] --END-- [ RunTime:0.000469s ]
INFO: [ app_begin ] --START--
INFO: Run Behavior\ReadHtmlCacheBehavior [ RunTime:0.000548s ]
INFO: [ app_begin ] --END-- [ RunTime:0.000608s ]
SQL: SHOW COLUMNS FROM `mall` [ RunTime:0.0085s ]
SQL: SELECT * FROM `mall` WHERE `id` = 9 LIMIT 1   [ RunTime:0.0006s ]
SQL: SELECT * FROM `mall` ORDER BY public_time desc  [ RunTime:0.0005s ]
INFO: [ view_parse ] --START--
INFO: [ template_filter ] --START--
INFO: Run Behavior\ContentReplaceBehavior [ RunTime:0.000122s ]
INFO: [ template_filter ] --END-- [ RunTime:0.000208s ]
NOTIC: [8] Undefined variable: username K:\html5\wwwroot\html5-xidian\Application\Runtime\Cache\Home\3e5c81e1c9d789eb6bf14f52a0c5a720.php 第 200 行.
INFO: Run Behavior\ParseTemplateBehavior [ RunTime:0.015137s ]
INFO: [ view_parse ] --END-- [ RunTime:0.015210s ]
INFO: [ view_filter ] --START--
INFO: Run Behavior\WriteHtmlCacheBehavior [ RunTime:0.000437s ]
INFO: [ view_filter ] --END-- [ RunTime:0.000491s ]
INFO: [ app_end ] --START--
INFO: Run Behavior\ShowPageTraceBehavior [ RunTime:0.001182s ]
INFO: [ app_end ] --END-- [ RunTime:0.001307s ]

[ 2016-12-21T09:11:59+08:00 ] 127.0.0.1 /html5-xidian/home.php/Home/shop/content/id/9
INFO: [ app_init ] --START--
INFO: Run Behavior\BuildLiteBehavior [ RunTime:0.000018s ]
INFO: [ app_init ] --END-- [ RunTime:0.000535s ]
INFO: [ app_begin ] --START--
INFO: Run Behavior\ReadHtmlCacheBehavior [ RunTime:0.000765s ]
INFO: [ app_begin ] --END-- [ RunTime:0.000840s ]
SQL: SHOW COLUMNS FROM `mall` [ RunTime:0.0120s ]
SQL: SELECT * FROM `mall` WHERE `id` = 9 LIMIT 1   [ RunTime:0.0005s ]
SQL: SELECT * FROM `mall` ORDER BY public_time desc  [ RunTime:0.0005s ]
INFO: [ view_parse ] --START--
INFO: [ template_filter ] --START--
INFO: Run Behavior\ContentReplaceBehavior [ RunTime:0.000185s ]
INFO: [ template_filter ] --END-- [ RunTime:0.000309s ]
NOTIC: [8] Undefined variable: username K:\html5\wwwroot\html5-xidian\Application\Runtime\Cache\Home\3e5c81e1c9d789eb6bf14f52a0c5a720.php 第 200 行.
INFO: Run Behavior\ParseTemplateBehavior [ RunTime:0.015727s ]
INFO: [ view_parse ] --END-- [ RunTime:0.015830s ]
INFO: [ view_filter ] --START--
INFO: Run Behavior\WriteHtmlCacheBehavior [ RunTime:0.000667s ]
INFO: [ view_filter ] --END-- [ RunTime:0.000775s ]
INFO: [ app_end ] --START--
INFO: Run Behavior\ShowPageTraceBehavior [ RunTime:0.001359s ]
INFO: [ app_end ] --END-- [ RunTime:0.001505s ]

[ 2016-12-21T09:12:07+08:00 ] 127.0.0.1 /html5-xidian/home.php/Home/food/french_cate.html
INFO: [ app_init ] --START--
INFO: Run Behavior\BuildLiteBehavior [ RunTime:0.000016s ]
INFO: [ app_init ] --END-- [ RunTime:0.000537s ]
INFO: [ app_begin ] --START--
INFO: Run Behavior\ReadHtmlCacheBehavior [ RunTime:0.000671s ]
INFO: [ app_begin ] --END-- [ RunTime:0.000733s ]
SQL: SHOW COLUMNS FROM `foods` [ RunTime:0.0107s ]
SQL: SELECT * FROM `foods` WHERE `classify` = '法式菜肴'  [ RunTime:0.0014s ]
INFO: [ view_parse ] --START--
INFO: [ template_filter ] --START--
INFO: Run Behavior\ContentReplaceBehavior [ RunTime:0.000112s ]
INFO: [ template_filter ] --END-- [ RunTime:0.000195s ]
NOTIC: [8] Undefined variable: username K:\html5\wwwroot\html5-xidian\Application\Runtime\Cache\Home\d1d0aea2e74c765d43a3164d9cf8ab49.php 第 192 行.
NOTIC: [8] Undefined variable: username K:\html5\wwwroot\html5-xidian\Application\Runtime\Cache\Home\d1d0aea2e74c765d43a3164d9cf8ab49.php 第 192 行.
NOTIC: [8] Undefined variable: username K:\html5\wwwroot\html5-xidian\Application\Runtime\Cache\Home\d1d0aea2e74c765d43a3164d9cf8ab49.php 第 192 行.
NOTIC: [8] Undefined variable: username K:\html5\wwwroot\html5-xidian\Application\Runtime\Cache\Home\d1d0aea2e74c765d43a3164d9cf8ab49.php 第 192 行.
NOTIC: [8] Undefined variable: username K:\html5\wwwroot\html5-xidian\Application\Runtime\Cache\Home\d1d0aea2e74c765d43a3164d9cf8ab49.php 第 192 行.
NOTIC: [8] Undefined variable: username K:\html5\wwwroot\html5-xidian\Application\Runtime\Cache\Home\d1d0aea2e74c765d43a3164d9cf8ab49.php 第 192 行.
NOTIC: [8] Undefined variable: username K:\html5\wwwroot\html5-xidian\Application\Runtime\Cache\Home\d1d0aea2e74c765d43a3164d9cf8ab49.php 第 192 行.
INFO: Run Behavior\ParseTemplateBehavior [ RunTime:0.015228s ]
INFO: [ view_parse ] --END-- [ RunTime:0.015404s ]
INFO: [ view_filter ] --START--
INFO: Run Behavior\WriteHtmlCacheBehavior [ RunTime:0.001010s ]
INFO: [ view_filter ] --END-- [ RunTime:0.001182s ]
INFO: [ app_end ] --START--
INFO: Run Behavior\ShowPageTraceBehavior [ RunTime:0.001274s ]
INFO: [ app_end ] --END-- [ RunTime:0.001409s ]

[ 2016-12-21T09:12:08+08:00 ] 127.0.0.1 /html5-xidian/home.php/Home/food/getFav
INFO: [ app_init ] --START--
INFO: Run Behavior\BuildLiteBehavior [ RunTime:0.000030s ]
INFO: [ app_init ] --END-- [ RunTime:0.000661s ]
INFO: [ app_begin ] --START--
INFO: Run Behavior\ReadHtmlCacheBehavior [ RunTime:0.001024s ]
INFO: [ app_begin ] --END-- [ RunTime:0.001137s ]
SQL: SHOW COLUMNS FROM `favorite` [ RunTime:0.0100s ]
SQL: SELECT * FROM `favorite` WHERE `food_id` = 15 AND `user_name` = '' LIMIT 1   [ RunTime:0.0006s ]
INFO: [ app_end ] --START--
INFO: Run Behavior\ShowPageTraceBehavior [ RunTime:0.001362s ]
INFO: [ app_end ] --END-- [ RunTime:0.001503s ]

[ 2016-12-21T09:12:09+08:00 ] 127.0.0.1 /html5-xidian/home.php/Home/food/getFav
INFO: [ app_init ] --START--
INFO: Run Behavior\BuildLiteBehavior [ RunTime:0.000026s ]
INFO: [ app_init ] --END-- [ RunTime:0.000783s ]
INFO: [ app_begin ] --START--
INFO: Run Behavior\ReadHtmlCacheBehavior [ RunTime:0.001437s ]
INFO: [ app_begin ] --END-- [ RunTime:0.001609s ]
SQL: SHOW COLUMNS FROM `favorite` [ RunTime:0.0072s ]
SQL: SELECT * FROM `favorite` WHERE `food_id` = 45 AND `user_name` = '' LIMIT 1   [ RunTime:0.0006s ]
INFO: [ app_end ] --START--
INFO: Run Behavior\ShowPageTraceBehavior [ RunTime:0.000830s ]
INFO: [ app_end ] --END-- [ RunTime:0.000893s ]

[ 2016-12-21T09:12:11+08:00 ] 127.0.0.1 /html5-xidian/home.php/Home/food/getFav
INFO: [ app_init ] --START--
INFO: Run Behavior\BuildLiteBehavior [ RunTime:0.000027s ]
INFO: [ app_init ] --END-- [ RunTime:0.000972s ]
INFO: [ app_begin ] --START--
INFO: Run Behavior\ReadHtmlCacheBehavior [ RunTime:0.001277s ]
INFO: [ app_begin ] --END-- [ RunTime:0.001390s ]
SQL: SHOW COLUMNS FROM `favorite` [ RunTime:0.0064s ]
SQL: SELECT * FROM `favorite` WHERE `food_id` = 46 AND `user_name` = '' LIMIT 1   [ RunTime:0.0006s ]
INFO: [ app_end ] --START--
INFO: Run Behavior\ShowPageTraceBehavior [ RunTime:0.000820s ]
INFO: [ app_end ] --END-- [ RunTime:0.000878s ]

[ 2016-12-21T09:12:12+08:00 ] 127.0.0.1 /html5-xidian/home.php/Home/food/getFav
INFO: [ app_init ] --START--
INFO: Run Behavior\BuildLiteBehavior [ RunTime:0.000032s ]
INFO: [ app_init ] --END-- [ RunTime:0.000969s ]
INFO: [ app_begin ] --START--
INFO: Run Behavior\ReadHtmlCacheBehavior [ RunTime:0.001186s ]
INFO: [ app_begin ] --END-- [ RunTime:0.001330s ]
SQL: SHOW COLUMNS FROM `favorite` [ RunTime:0.0074s ]
SQL: SELECT * FROM `favorite` WHERE `food_id` = 43 AND `user_name` = '' LIMIT 1   [ RunTime:0.0005s ]
INFO: [ app_end ] --START--
INFO: Run Behavior\ShowPageTraceBehavior [ RunTime:0.000867s ]
INFO: [ app_end ] --END-- [ RunTime:0.000930s ]

[ 2016-12-21T09:12:13+08:00 ] 127.0.0.1 /html5-xidian/home.php/Home/food/getFav
INFO: [ app_init ] --START--
INFO: Run Behavior\BuildLiteBehavior [ RunTime:0.000028s ]
INFO: [ app_init ] --END-- [ RunTime:0.001927s ]
INFO: [ app_begin ] --START--
INFO: Run Behavior\ReadHtmlCacheBehavior [ RunTime:0.001125s ]
INFO: [ app_begin ] --END-- [ RunTime:0.001243s ]
SQL: SHOW COLUMNS FROM `favorite` [ RunTime:0.0100s ]
SQL: SELECT * FROM `favorite` WHERE `food_id` = 44 AND `user_name` = '' LIMIT 1   [ RunTime:0.0007s ]
INFO: [ app_end ] --START--
INFO: Run Behavior\ShowPageTraceBehavior [ RunTime:0.001504s ]
INFO: [ app_end ] --END-- [ RunTime:0.001638s ]

[ 2016-12-21T09:12:14+08:00 ] 127.0.0.1 /html5-xidian/home.php/Home/food/getFav
INFO: [ app_init ] --START--
INFO: Run Behavior\BuildLiteBehavior [ RunTime:0.000029s ]
INFO: [ app_init ] --END-- [ RunTime:0.000899s ]
INFO: [ app_begin ] --START--
INFO: Run Behavior\ReadHtmlCacheBehavior [ RunTime:0.000930s ]
INFO: [ app_begin ] --END-- [ RunTime:0.001033s ]
SQL: SHOW COLUMNS FROM `favorite` [ RunTime:0.0106s ]
SQL: SELECT * FROM `favorite` WHERE `food_id` = 40 AND `user_name` = '' LIMIT 1   [ RunTime:0.0005s ]
INFO: [ app_end ] --START--
INFO: Run Behavior\ShowPageTraceBehavior [ RunTime:0.001018s ]
INFO: [ app_end ] --END-- [ RunTime:0.001097s ]

[ 2016-12-21T09:12:15+08:00 ] 127.0.0.1 /html5-xidian/home.php/Home/food/getFav
INFO: [ app_init ] --START--
INFO: Run Behavior\BuildLiteBehavior [ RunTime:0.000029s ]
INFO: [ app_init ] --END-- [ RunTime:0.000719s ]
INFO: [ app_begin ] --START--
INFO: Run Behavior\ReadHtmlCacheBehavior [ RunTime:0.001383s ]
INFO: [ app_begin ] --END-- [ RunTime:0.001551s ]
SQL: SHOW COLUMNS FROM `favorite` [ RunTime:0.0065s ]
SQL: SELECT * FROM `favorite` WHERE `food_id` = 39 AND `user_name` = '' LIMIT 1   [ RunTime:0.0005s ]
INFO: [ app_end ] --START--
INFO: Run Behavior\ShowPageTraceBehavior [ RunTime:0.000957s ]
INFO: [ app_end ] --END-- [ RunTime:0.001046s ]

[ 2016-12-21T09:12:16+08:00 ] 127.0.0.1 /html5-xidian/home.php/Home/food/content/id/15
INFO: [ app_init ] --START--
INFO: Run Behavior\BuildLiteBehavior [ RunTime:0.000016s ]
INFO: [ app_init ] --END-- [ RunTime:0.000436s ]
INFO: [ app_begin ] --START--
INFO: Run Behavior\ReadHtmlCacheBehavior [ RunTime:0.001920s ]
INFO: [ app_begin ] --END-- [ RunTime:0.002044s ]
SQL: SHOW COLUMNS FROM `foods` [ RunTime:0.0084s ]
SQL: SELECT * FROM `foods` WHERE `id` = 15 LIMIT 1   [ RunTime:0.0006s ]
SQL: SHOW COLUMNS FROM `mall` [ RunTime:0.0074s ]
SQL: SELECT * FROM `mall` ORDER BY public_time desc  [ RunTime:0.0007s ]
SQL: SHOW COLUMNS FROM `tag_food_relation` [ RunTime:0.0070s ]
SQL: SELECT * FROM `tag_food_relation` WHERE `food_name` = '草莓慕斯'  [ RunTime:0.0006s ]
SQL: SHOW COLUMNS FROM `comment` [ RunTime:0.0069s ]
SQL: SELECT * FROM `comment` WHERE `food_id` = 15  [ RunTime:0.0010s ]
SQL: SELECT * FROM `comment` WHERE `food_id` = 15 ORDER BY id desc LIMIT 0,5   [ RunTime:0.0005s ]
INFO: [ view_parse ] --START--
INFO: [ template_filter ] --START--
INFO: Run Behavior\ContentReplaceBehavior [ RunTime:0.000144s ]
INFO: [ template_filter ] --END-- [ RunTime:0.000217s ]
NOTIC: [8] Undefined variable: username K:\html5\wwwroot\html5-xidian\Application\Runtime\Cache\Home\9e7f3b8699fd931840ddd7d722dfdfde.php 第 170 行.
NOTIC: [8] Undefined variable: username K:\html5\wwwroot\html5-xidian\Application\Runtime\Cache\Home\9e7f3b8699fd931840ddd7d722dfdfde.php 第 307 行.
NOTIC: [8] Undefined variable: username K:\html5\wwwroot\html5-xidian\Application\Runtime\Cache\Home\9e7f3b8699fd931840ddd7d722dfdfde.php 第 315 行.
INFO: Run Behavior\ParseTemplateBehavior [ RunTime:0.016113s ]
INFO: [ view_parse ] --END-- [ RunTime:0.016190s ]
INFO: [ view_filter ] --START--
INFO: Run Behavior\WriteHtmlCacheBehavior [ RunTime:0.000456s ]
INFO: [ view_filter ] --END-- [ RunTime:0.000510s ]
INFO: [ app_end ] --START--
INFO: Run Behavior\ShowPageTraceBehavior [ RunTime:0.000750s ]
INFO: [ app_end ] --END-- [ RunTime:0.000820s ]

[ 2016-12-21T09:12:21+08:00 ] 127.0.0.1 /html5-xidian/home.php/Home/shop/index.html
INFO: [ app_init ] --START--
INFO: Run Behavior\BuildLiteBehavior [ RunTime:0.000016s ]
INFO: [ app_init ] --END-- [ RunTime:0.000433s ]
INFO: [ app_begin ] --START--
INFO: Run Behavior\ReadHtmlCacheBehavior [ RunTime:0.000555s ]
INFO: [ app_begin ] --END-- [ RunTime:0.000616s ]
SQL: SHOW COLUMNS FROM `mall` [ RunTime:0.0065s ]
SQL: SELECT * FROM `mall`  [ RunTime:0.0006s ]
INFO: [ view_parse ] --START--
INFO: [ template_filter ] --START--
INFO: Run Behavior\ContentReplaceBehavior [ RunTime:0.000095s ]
INFO: [ template_filter ] --END-- [ RunTime:0.000177s ]
NOTIC: [8] Use of undefined constant utf8 - assumed 'utf8' K:\html5\wwwroot\html5-xidian\Application\Runtime\Cache\Home\58c9b418295366ada92ef91abf88ff39.php 第 142 行.
NOTIC: [8] Undefined variable: username K:\html5\wwwroot\html5-xidian\Application\Runtime\Cache\Home\58c9b418295366ada92ef91abf88ff39.php 第 144 行.
NOTIC: [8] Use of undefined constant utf8 - assumed 'utf8' K:\html5\wwwroot\html5-xidian\Application\Runtime\Cache\Home\58c9b418295366ada92ef91abf88ff39.php 第 142 行.
NOTIC: [8] Undefined variable: username K:\html5\wwwroot\html5-xidian\Application\Runtime\Cache\Home\58c9b418295366ada92ef91abf88ff39.php 第 144 行.
NOTIC: [8] Use of undefined constant utf8 - assumed 'utf8' K:\html5\wwwroot\html5-xidian\Application\Runtime\Cache\Home\58c9b418295366ada92ef91abf88ff39.php 第 142 行.
NOTIC: [8] Undefined variable: username K:\html5\wwwroot\html5-xidian\Application\Runtime\Cache\Home\58c9b418295366ada92ef91abf88ff39.php 第 144 行.
NOTIC: [8] Use of undefined constant utf8 - assumed 'utf8' K:\html5\wwwroot\html5-xidian\Application\Runtime\Cache\Home\58c9b418295366ada92ef91abf88ff39.php 第 142 行.
NOTIC: [8] Undefined variable: username K:\html5\wwwroot\html5-xidian\Application\Runtime\Cache\Home\58c9b418295366ada92ef91abf88ff39.php 第 144 行.
NOTIC: [8] Use of undefined constant utf8 - assumed 'utf8' K:\html5\wwwroot\html5-xidian\Application\Runtime\Cache\Home\58c9b418295366ada92ef91abf88ff39.php 第 142 行.
NOTIC: [8] Undefined variable: username K:\html5\wwwroot\html5-xidian\Application\Runtime\Cache\Home\58c9b418295366ada92ef91abf88ff39.php 第 144 行.
NOTIC: [8] Use of undefined constant utf8 - assumed 'utf8' K:\html5\wwwroot\html5-xidian\Application\Runtime\Cache\Home\58c9b418295366ada92ef91abf88ff39.php 第 142 行.
NOTIC: [8] Undefined variable: username K:\html5\wwwroot\html5-xidian\Application\Runtime\Cache\Home\58c9b418295366ada92ef91abf88ff39.php 第 144 行.
INFO: Run Behavior\ParseTemplateBehavior [ RunTime:0.014659s ]
INFO: [ view_parse ] --END-- [ RunTime:0.014741s ]
INFO: [ view_filter ] --START--
INFO: Run Behavior\WriteHtmlCacheBehavior [ RunTime:0.000467s ]
INFO: [ view_filter ] --END-- [ RunTime:0.000523s ]
INFO: [ app_end ] --START--
INFO: Run Behavior\ShowPageTraceBehavior [ RunTime:0.000700s ]
INFO: [ app_end ] --END-- [ RunTime:0.000767s ]

[ 2016-12-21T09:12:22+08:00 ] 127.0.0.1 /html5-xidian/home.php/Home/shop/index.html
INFO: [ app_init ] --START--
INFO: Run Behavior\BuildLiteBehavior [ RunTime:0.000016s ]
INFO: [ app_init ] --END-- [ RunTime:0.000448s ]
INFO: [ app_begin ] --START--
INFO: Run Behavior\ReadHtmlCacheBehavior [ RunTime:0.000545s ]
INFO: [ app_begin ] --END-- [ RunTime:0.000604s ]
SQL: SHOW COLUMNS FROM `mall` [ RunTime:0.0066s ]
SQL: SELECT * FROM `mall`  [ RunTime:0.0006s ]
INFO: [ view_parse ] --START--
INFO: [ template_filter ] --START--
INFO: Run Behavior\ContentReplaceBehavior [ RunTime:0.000092s ]
INFO: [ template_filter ] --END-- [ RunTime:0.000157s ]
NOTIC: [8] Use of undefined constant utf8 - assumed 'utf8' K:\html5\wwwroot\html5-xidian\Application\Runtime\Cache\Home\58c9b418295366ada92ef91abf88ff39.php 第 142 行.
NOTIC: [8] Undefined variable: username K:\html5\wwwroot\html5-xidian\Application\Runtime\Cache\Home\58c9b418295366ada92ef91abf88ff39.php 第 144 行.
NOTIC: [8] Use of undefined constant utf8 - assumed 'utf8' K:\html5\wwwroot\html5-xidian\Application\Runtime\Cache\Home\58c9b418295366ada92ef91abf88ff39.php 第 142 行.
NOTIC: [8] Undefined variable: username K:\html5\wwwroot\html5-xidian\Application\Runtime\Cache\Home\58c9b418295366ada92ef91abf88ff39.php 第 144 行.
NOTIC: [8] Use of undefined constant utf8 - assumed 'utf8' K:\html5\wwwroot\html5-xidian\Application\Runtime\Cache\Home\58c9b418295366ada92ef91abf88ff39.php 第 142 行.
NOTIC: [8] Undefined variable: username K:\html5\wwwroot\html5-xidian\Application\Runtime\Cache\Home\58c9b418295366ada92ef91abf88ff39.php 第 144 行.
NOTIC: [8] Use of undefined constant utf8 - assumed 'utf8' K:\html5\wwwroot\html5-xidian\Application\Runtime\Cache\Home\58c9b418295366ada92ef91abf88ff39.php 第 142 行.
NOTIC: [8] Undefined variable: username K:\html5\wwwroot\html5-xidian\Application\Runtime\Cache\Home\58c9b418295366ada92ef91abf88ff39.php 第 144 行.
NOTIC: [8] Use of undefined constant utf8 - assumed 'utf8' K:\html5\wwwroot\html5-xidian\Application\Runtime\Cache\Home\58c9b418295366ada92ef91abf88ff39.php 第 142 行.
NOTIC: [8] Undefined variable: username K:\html5\wwwroot\html5-xidian\Application\Runtime\Cache\Home\58c9b418295366ada92ef91abf88ff39.php 第 144 行.
NOTIC: [8] Use of undefined constant utf8 - assumed 'utf8' K:\html5\wwwroot\html5-xidian\Application\Runtime\Cache\Home\58c9b418295366ada92ef91abf88ff39.php 第 142 行.
NOTIC: [8] Undefined variable: username K:\html5\wwwroot\html5-xidian\Application\Runtime\Cache\Home\58c9b418295366ada92ef91abf88ff39.php 第 144 行.
INFO: Run Behavior\ParseTemplateBehavior [ RunTime:0.014785s ]
INFO: [ view_parse ] --END-- [ RunTime:0.014872s ]
INFO: [ view_filter ] --START--
INFO: Run Behavior\WriteHtmlCacheBehavior [ RunTime:0.000367s ]
INFO: [ view_filter ] --END-- [ RunTime:0.000416s ]
INFO: [ app_end ] --START--
INFO: Run Behavior\ShowPageTraceBehavior [ RunTime:0.000781s ]
INFO: [ app_end ] --END-- [ RunTime:0.000880s ]

[ 2016-12-21T09:12:24+08:00 ] 127.0.0.1 /html5-xidian/home.php/Home/shop/content/id/9
INFO: [ app_init ] --START--
INFO: Run Behavior\BuildLiteBehavior [ RunTime:0.000017s ]
INFO: [ app_init ] --END-- [ RunTime:0.000480s ]
INFO: [ app_begin ] --START--
INFO: Run Behavior\ReadHtmlCacheBehavior [ RunTime:0.000598s ]
INFO: [ app_begin ] --END-- [ RunTime:0.000658s ]
SQL: SHOW COLUMNS FROM `mall` [ RunTime:0.0070s ]
SQL: SELECT * FROM `mall` WHERE `id` = 9 LIMIT 1   [ RunTime:0.0005s ]
SQL: SELECT * FROM `mall` ORDER BY public_time desc  [ RunTime:0.0007s ]
INFO: [ view_parse ] --START--
INFO: [ template_filter ] --START--
INFO: Run Behavior\ContentReplaceBehavior [ RunTime:0.000171s ]
INFO: [ template_filter ] --END-- [ RunTime:0.000282s ]
NOTIC: [8] Undefined variable: username K:\html5\wwwroot\html5-xidian\Application\Runtime\Cache\Home\3e5c81e1c9d789eb6bf14f52a0c5a720.php 第 200 行.
INFO: Run Behavior\ParseTemplateBehavior [ RunTime:0.013353s ]
INFO: [ view_parse ] --END-- [ RunTime:0.013427s ]
INFO: [ view_filter ] --START--
INFO: Run Behavior\WriteHtmlCacheBehavior [ RunTime:0.000447s ]
INFO: [ view_filter ] --END-- [ RunTime:0.000520s ]
INFO: [ app_end ] --START--
INFO: Run Behavior\ShowPageTraceBehavior [ RunTime:0.000909s ]
INFO: [ app_end ] --END-- [ RunTime:0.001028s ]

[ 2016-12-21T09:13:02+08:00 ] 127.0.0.1 /html5-xidian/home.php/Home/shop/content/id/9
INFO: [ app_init ] --START--
INFO: Run Behavior\BuildLiteBehavior [ RunTime:0.000032s ]
INFO: [ app_init ] --END-- [ RunTime:0.001013s ]
INFO: [ app_begin ] --START--
INFO: Run Behavior\ReadHtmlCacheBehavior [ RunTime:0.000985s ]
INFO: [ app_begin ] --END-- [ RunTime:0.001083s ]
SQL: SHOW COLUMNS FROM `mall` [ RunTime:0.0111s ]
SQL: SELECT * FROM `mall` WHERE `id` = 9 LIMIT 1   [ RunTime:0.0009s ]
SQL: SELECT * FROM `mall` ORDER BY public_time desc  [ RunTime:0.0007s ]
INFO: [ view_parse ] --START--
INFO: [ template_filter ] --START--
INFO: Run Behavior\ContentReplaceBehavior [ RunTime:0.000183s ]
INFO: [ template_filter ] --END-- [ RunTime:0.000309s ]
NOTIC: [8] Undefined variable: username K:\html5\wwwroot\html5-xidian\Application\Runtime\Cache\Home\3e5c81e1c9d789eb6bf14f52a0c5a720.php 第 171 行.
INFO: Run Behavior\ParseTemplateBehavior [ RunTime:0.020331s ]
INFO: [ view_parse ] --END-- [ RunTime:0.020461s ]
INFO: [ view_filter ] --START--
INFO: Run Behavior\WriteHtmlCacheBehavior [ RunTime:0.001212s ]
INFO: [ view_filter ] --END-- [ RunTime:0.001560s ]
INFO: [ app_end ] --START--
INFO: Run Behavior\ShowPageTraceBehavior [ RunTime:0.001604s ]
INFO: [ app_end ] --END-- [ RunTime:0.001839s ]

