[ 2016-12-23T20:36:44+08:00 ] 127.0.0.1 /html5-xidian/home.php
INFO: [ app_init ] --START--
INFO: Run Behavior\BuildLiteBehavior [ RunTime:0.000050s ]
INFO: [ app_init ] --END-- [ RunTime:0.000869s ]
INFO: [ app_begin ] --START--
INFO: Run Behavior\ReadHtmlCacheBehavior [ RunTime:0.000595s ]
INFO: [ app_begin ] --END-- [ RunTime:0.000658s ]
SQL: SHOW COLUMNS FROM `public_users` [ RunTime:0.0105s ]
SQL: SHOW COLUMNS FROM `tuisong` [ RunTime:0.0505s ]
SQL: SELECT * FROM `tuisong` ORDER BY id desc LIMIT 3   [ RunTime:0.0006s ]
INFO: [ view_parse ] --START--
INFO: [ template_filter ] --START--
INFO: Run Behavior\ContentReplaceBehavior [ RunTime:0.000116s ]
INFO: [ template_filter ] --END-- [ RunTime:0.000189s ]
INFO: Run Behavior\ParseTemplateBehavior [ RunTime:0.061501s ]
INFO: [ view_parse ] --END-- [ RunTime:0.061603s ]
INFO: [ view_filter ] --START--
INFO: Run Behavior\WriteHtmlCacheBehavior [ RunTime:0.000434s ]
INFO: [ view_filter ] --END-- [ RunTime:0.000493s ]
INFO: [ app_end ] --START--
INFO: Run Behavior\ShowPageTraceBehavior [ RunTime:0.001006s ]
INFO: [ app_end ] --END-- [ RunTime:0.001155s ]

[ 2016-12-23T20:36:47+08:00 ] 127.0.0.1 /html5-xidian/home.php/Home/food/french_cate.html
INFO: [ app_init ] --START--
INFO: Run Behavior\BuildLiteBehavior [ RunTime:0.000014s ]
INFO: [ app_init ] --END-- [ RunTime:0.000503s ]
INFO: [ app_begin ] --START--
INFO: Run Behavior\ReadHtmlCacheBehavior [ RunTime:0.000890s ]
INFO: [ app_begin ] --END-- [ RunTime:0.001009s ]
SQL: SHOW COLUMNS FROM `public_users` [ RunTime:0.0066s ]
SQL: SHOW COLUMNS FROM `foods` [ RunTime:0.0062s ]
SQL: SELECT * FROM `foods` WHERE `classify` = '法式菜肴' ORDER BY food_public_time desc  [ RunTime:0.0007s ]
INFO: [ view_parse ] --START--
INFO: [ template_filter ] --START--
INFO: Run Behavior\ContentReplaceBehavior [ RunTime:0.000101s ]
INFO: [ template_filter ] --END-- [ RunTime:0.000162s ]
INFO: Run Behavior\ParseTemplateBehavior [ RunTime:0.038440s ]
INFO: [ view_parse ] --END-- [ RunTime:0.038556s ]
INFO: [ view_filter ] --START--
INFO: Run Behavior\WriteHtmlCacheBehavior [ RunTime:0.000445s ]
INFO: [ view_filter ] --END-- [ RunTime:0.000497s ]
INFO: [ app_end ] --START--
INFO: Run Behavior\ShowPageTraceBehavior [ RunTime:0.000707s ]
INFO: [ app_end ] --END-- [ RunTime:0.000777s ]

[ 2016-12-23T20:36:49+08:00 ] 127.0.0.1 /html5-xidian/home.php/Home/food/getFav
INFO: [ app_init ] --START--
INFO: Run Behavior\BuildLiteBehavior [ RunTime:0.000028s ]
INFO: [ app_init ] --END-- [ RunTime:0.000660s ]
INFO: [ app_begin ] --START--
INFO: Run Behavior\ReadHtmlCacheBehavior [ RunTime:0.000940s ]
INFO: [ app_begin ] --END-- [ RunTime:0.001040s ]
SQL: SHOW COLUMNS FROM `public_users` [ RunTime:0.0084s ]
SQL: SHOW COLUMNS FROM `favorite` [ RunTime:0.0636s ]
SQL: SELECT * FROM `favorite` WHERE `food_id` = 56 AND `user_name` = 'ssssss' LIMIT 1   [ RunTime:0.0383s ]
INFO: [ app_end ] --START--
INFO: Run Behavior\ShowPageTraceBehavior [ RunTime:0.001112s ]
INFO: [ app_end ] --END-- [ RunTime:0.001207s ]

[ 2016-12-23T20:36:50+08:00 ] 127.0.0.1 /html5-xidian/home.php/Home/food/getFav
INFO: [ app_init ] --START--
INFO: Run Behavior\BuildLiteBehavior [ RunTime:0.000026s ]
INFO: [ app_init ] --END-- [ RunTime:0.000660s ]
INFO: [ app_begin ] --START--
INFO: Run Behavior\ReadHtmlCacheBehavior [ RunTime:0.000911s ]
INFO: [ app_begin ] --END-- [ RunTime:0.001011s ]
SQL: SHOW COLUMNS FROM `public_users` [ RunTime:0.0065s ]
SQL: SHOW COLUMNS FROM `favorite` [ RunTime:0.0065s ]
SQL: SELECT * FROM `favorite` WHERE `food_id` = 43 AND `user_name` = 'ssssss' LIMIT 1   [ RunTime:0.0005s ]
INFO: [ app_end ] --START--
INFO: Run Behavior\ShowPageTraceBehavior [ RunTime:0.000741s ]
INFO: [ app_end ] --END-- [ RunTime:0.000799s ]

[ 2016-12-23T20:36:51+08:00 ] 127.0.0.1 /html5-xidian/home.php/Home/food/getFav
INFO: [ app_init ] --START--
INFO: Run Behavior\BuildLiteBehavior [ RunTime:0.000026s ]
INFO: [ app_init ] --END-- [ RunTime:0.001846s ]
INFO: [ app_begin ] --START--
INFO: Run Behavior\ReadHtmlCacheBehavior [ RunTime:0.001041s ]
INFO: [ app_begin ] --END-- [ RunTime:0.001153s ]
SQL: SHOW COLUMNS FROM `public_users` [ RunTime:0.0071s ]
SQL: SHOW COLUMNS FROM `favorite` [ RunTime:0.0067s ]
SQL: SELECT * FROM `favorite` WHERE `food_id` = 45 AND `user_name` = 'ssssss' LIMIT 1   [ RunTime:0.0005s ]
INFO: [ app_end ] --START--
INFO: Run Behavior\ShowPageTraceBehavior [ RunTime:0.000767s ]
INFO: [ app_end ] --END-- [ RunTime:0.000841s ]

[ 2016-12-23T20:36:52+08:00 ] 127.0.0.1 /html5-xidian/home.php/Home/food/getFav
INFO: [ app_init ] --START--
INFO: Run Behavior\BuildLiteBehavior [ RunTime:0.000025s ]
INFO: [ app_init ] --END-- [ RunTime:0.000638s ]
INFO: [ app_begin ] --START--
INFO: Run Behavior\ReadHtmlCacheBehavior [ RunTime:0.001064s ]
INFO: [ app_begin ] --END-- [ RunTime:0.001190s ]
SQL: SHOW COLUMNS FROM `public_users` [ RunTime:0.0084s ]
SQL: SHOW COLUMNS FROM `favorite` [ RunTime:0.0104s ]
SQL: SELECT * FROM `favorite` WHERE `food_id` = 46 AND `user_name` = 'ssssss' LIMIT 1   [ RunTime:0.0006s ]
INFO: [ app_end ] --START--
INFO: Run Behavior\ShowPageTraceBehavior [ RunTime:0.001488s ]
INFO: [ app_end ] --END-- [ RunTime:0.001611s ]

[ 2016-12-23T20:36:53+08:00 ] 127.0.0.1 /html5-xidian/home.php/Home/food/getFav
INFO: [ app_init ] --START--
INFO: Run Behavior\BuildLiteBehavior [ RunTime:0.000016s ]
INFO: [ app_init ] --END-- [ RunTime:0.000529s ]
INFO: [ app_begin ] --START--
INFO: Run Behavior\ReadHtmlCacheBehavior [ RunTime:0.000667s ]
INFO: [ app_begin ] --END-- [ RunTime:0.000729s ]
SQL: SHOW COLUMNS FROM `public_users` [ RunTime:0.0064s ]
SQL: SHOW COLUMNS FROM `favorite` [ RunTime:0.0060s ]
SQL: SELECT * FROM `favorite` WHERE `food_id` = 40 AND `user_name` = 'ssssss' LIMIT 1   [ RunTime:0.0004s ]
INFO: [ app_end ] --START--
INFO: Run Behavior\ShowPageTraceBehavior [ RunTime:0.000794s ]
INFO: [ app_end ] --END-- [ RunTime:0.000853s ]

[ 2016-12-23T20:36:54+08:00 ] 127.0.0.1 /html5-xidian/home.php/Home/food/getFav
INFO: [ app_init ] --START--
INFO: Run Behavior\BuildLiteBehavior [ RunTime:0.000030s ]
INFO: [ app_init ] --END-- [ RunTime:0.000814s ]
INFO: [ app_begin ] --START--
INFO: Run Behavior\ReadHtmlCacheBehavior [ RunTime:0.000672s ]
INFO: [ app_begin ] --END-- [ RunTime:0.000746s ]
SQL: SHOW COLUMNS FROM `public_users` [ RunTime:0.0087s ]
SQL: SHOW COLUMNS FROM `favorite` [ RunTime:0.0067s ]
SQL: SELECT * FROM `favorite` WHERE `food_id` = 44 AND `user_name` = 'ssssss' LIMIT 1   [ RunTime:0.0005s ]
INFO: [ app_end ] --START--
INFO: Run Behavior\ShowPageTraceBehavior [ RunTime:0.000841s ]
INFO: [ app_end ] --END-- [ RunTime:0.000949s ]

[ 2016-12-23T20:36:56+08:00 ] 127.0.0.1 /html5-xidian/home.php/Home/food/getFav
INFO: [ app_init ] --START--
INFO: Run Behavior\BuildLiteBehavior [ RunTime:0.000029s ]
INFO: [ app_init ] --END-- [ RunTime:0.000757s ]
INFO: [ app_begin ] --START--
INFO: Run Behavior\ReadHtmlCacheBehavior [ RunTime:0.000992s ]
INFO: [ app_begin ] --END-- [ RunTime:0.001109s ]
SQL: SHOW COLUMNS FROM `public_users` [ RunTime:0.0061s ]
SQL: SHOW COLUMNS FROM `favorite` [ RunTime:0.0061s ]
SQL: SELECT * FROM `favorite` WHERE `food_id` = 39 AND `user_name` = 'ssssss' LIMIT 1   [ RunTime:0.0005s ]
INFO: [ app_end ] --START--
INFO: Run Behavior\ShowPageTraceBehavior [ RunTime:0.000725s ]
INFO: [ app_end ] --END-- [ RunTime:0.000792s ]

[ 2016-12-23T20:36:57+08:00 ] 127.0.0.1 /html5-xidian/home.php/Home/food/content/id/56
INFO: [ app_init ] --START--
INFO: Run Behavior\BuildLiteBehavior [ RunTime:0.000015s ]
INFO: [ app_init ] --END-- [ RunTime:0.000441s ]
INFO: [ app_begin ] --START--
INFO: Run Behavior\ReadHtmlCacheBehavior [ RunTime:0.000569s ]
INFO: [ app_begin ] --END-- [ RunTime:0.000633s ]
SQL: SHOW COLUMNS FROM `public_users` [ RunTime:0.0068s ]
SQL: SHOW COLUMNS FROM `foods` [ RunTime:0.0070s ]
SQL: SELECT * FROM `foods` WHERE `id` = 56 LIMIT 1   [ RunTime:0.0007s ]
SQL: SHOW COLUMNS FROM `mall` [ RunTime:0.0464s ]
SQL: SELECT * FROM `mall` ORDER BY public_time desc  [ RunTime:0.0009s ]
SQL: SHOW COLUMNS FROM `tag_food_relation` [ RunTime:0.0076s ]
SQL: SELECT * FROM `tag_food_relation` WHERE `food_name` = '巧煎西冷牛排'  [ RunTime:0.0006s ]
SQL: SHOW COLUMNS FROM `comment` [ RunTime:0.0217s ]
SQL: SELECT * FROM `comment` WHERE `food_id` = 56  [ RunTime:0.0261s ]
SQL: SELECT * FROM `comment` WHERE `food_id` = 56 ORDER BY id desc LIMIT 0,5   [ RunTime:0.0005s ]
INFO: [ view_parse ] --START--
INFO: [ template_filter ] --START--
INFO: Run Behavior\ContentReplaceBehavior [ RunTime:0.000219s ]
INFO: [ template_filter ] --END-- [ RunTime:0.000333s ]
INFO: Run Behavior\ParseTemplateBehavior [ RunTime:0.052178s ]
INFO: [ view_parse ] --END-- [ RunTime:0.052308s ]
INFO: [ view_filter ] --START--
INFO: Run Behavior\WriteHtmlCacheBehavior [ RunTime:0.000479s ]
INFO: [ view_filter ] --END-- [ RunTime:0.000571s ]
INFO: [ app_end ] --START--
INFO: Run Behavior\ShowPageTraceBehavior [ RunTime:0.001176s ]
INFO: [ app_end ] --END-- [ RunTime:0.001305s ]

[ 2016-12-23T20:36:57+08:00 ] 127.0.0.1 /html5-xidian/home.php/Home/food/content/images/bg.jpg
INFO: [ app_init ] --START--
INFO: Run Behavior\BuildLiteBehavior [ RunTime:0.000030s ]
INFO: [ app_init ] --END-- [ RunTime:0.000782s ]

[ 2016-12-23T20:36:58+08:00 ] 127.0.0.1 /html5-xidian/home.php/Home/food/getFav
INFO: [ app_init ] --START--
INFO: Run Behavior\BuildLiteBehavior [ RunTime:0.000015s ]
INFO: [ app_init ] --END-- [ RunTime:0.000428s ]
INFO: [ app_begin ] --START--
INFO: Run Behavior\ReadHtmlCacheBehavior [ RunTime:0.000698s ]
INFO: [ app_begin ] --END-- [ RunTime:0.000763s ]
SQL: SHOW COLUMNS FROM `public_users` [ RunTime:0.0109s ]
SQL: SHOW COLUMNS FROM `favorite` [ RunTime:0.0085s ]
SQL: SELECT * FROM `favorite` WHERE `food_id` = 15 AND `user_name` = 'ssssss' LIMIT 1   [ RunTime:0.0005s ]
INFO: [ app_end ] --START--
INFO: Run Behavior\ShowPageTraceBehavior [ RunTime:0.000972s ]
INFO: [ app_end ] --END-- [ RunTime:0.001062s ]

[ 2016-12-23T20:37:03+08:00 ] 127.0.0.1 /html5-xidian/home.php/Home/food/content/id/56
INFO: [ app_init ] --START--
INFO: Run Behavior\BuildLiteBehavior [ RunTime:0.000015s ]
INFO: [ app_init ] --END-- [ RunTime:0.000456s ]
INFO: [ app_begin ] --START--
INFO: Run Behavior\ReadHtmlCacheBehavior [ RunTime:0.000592s ]
INFO: [ app_begin ] --END-- [ RunTime:0.000648s ]
SQL: SHOW COLUMNS FROM `public_users` [ RunTime:0.0062s ]
SQL: SHOW COLUMNS FROM `foods` [ RunTime:0.0068s ]
SQL: SELECT * FROM `foods` WHERE `id` = 56 LIMIT 1   [ RunTime:0.0006s ]
SQL: SHOW COLUMNS FROM `mall` [ RunTime:0.0064s ]
SQL: SELECT * FROM `mall` ORDER BY public_time desc  [ RunTime:0.0005s ]
SQL: SHOW COLUMNS FROM `tag_food_relation` [ RunTime:0.0060s ]
SQL: SELECT * FROM `tag_food_relation` WHERE `food_name` = '巧煎西冷牛排'  [ RunTime:0.0004s ]
SQL: SHOW COLUMNS FROM `comment` [ RunTime:0.0059s ]
SQL: SELECT * FROM `comment` WHERE `food_id` = 56  [ RunTime:0.0004s ]
SQL: SELECT * FROM `comment` WHERE `food_id` = 56 ORDER BY id desc LIMIT 0,5   [ RunTime:0.0005s ]
INFO: [ view_parse ] --START--
INFO: [ template_filter ] --START--
INFO: Run Behavior\ContentReplaceBehavior [ RunTime:0.000129s ]
INFO: [ template_filter ] --END-- [ RunTime:0.000193s ]
INFO: Run Behavior\ParseTemplateBehavior [ RunTime:0.014844s ]
INFO: [ view_parse ] --END-- [ RunTime:0.014918s ]
INFO: [ view_filter ] --START--
INFO: Run Behavior\WriteHtmlCacheBehavior [ RunTime:0.000348s ]
INFO: [ view_filter ] --END-- [ RunTime:0.000400s ]
INFO: [ app_end ] --START--
INFO: Run Behavior\ShowPageTraceBehavior [ RunTime:0.000884s ]
INFO: [ app_end ] --END-- [ RunTime:0.000996s ]

[ 2016-12-23T20:37:03+08:00 ] 127.0.0.1 /html5-xidian/home.php/Home/food/content/images/bg.jpg
INFO: [ app_init ] --START--
INFO: Run Behavior\BuildLiteBehavior [ RunTime:0.000028s ]
INFO: [ app_init ] --END-- [ RunTime:0.000738s ]

[ 2016-12-23T20:37:30+08:00 ] 127.0.0.1 /html5-xidian/home.php/Home/food/content/id/56
INFO: [ app_init ] --START--
INFO: Run Behavior\BuildLiteBehavior [ RunTime:0.000018s ]
INFO: [ app_init ] --END-- [ RunTime:0.000507s ]
INFO: [ app_begin ] --START--
INFO: Run Behavior\ReadHtmlCacheBehavior [ RunTime:0.000740s ]
INFO: [ app_begin ] --END-- [ RunTime:0.000833s ]
SQL: SHOW COLUMNS FROM `public_users` [ RunTime:0.0061s ]
SQL: SHOW COLUMNS FROM `foods` [ RunTime:0.0062s ]
SQL: SELECT * FROM `foods` WHERE `id` = 56 LIMIT 1   [ RunTime:0.0006s ]
SQL: SHOW COLUMNS FROM `mall` [ RunTime:0.0062s ]
SQL: SELECT * FROM `mall` ORDER BY public_time desc  [ RunTime:0.0006s ]
SQL: SHOW COLUMNS FROM `tag_food_relation` [ RunTime:0.0068s ]
SQL: SELECT * FROM `tag_food_relation` WHERE `food_name` = '巧煎西冷牛排'  [ RunTime:0.0005s ]
SQL: SHOW COLUMNS FROM `comment` [ RunTime:0.0063s ]
SQL: SELECT * FROM `comment` WHERE `food_id` = 56  [ RunTime:0.0004s ]
SQL: SELECT * FROM `comment` WHERE `food_id` = 56 ORDER BY id desc LIMIT 0,5   [ RunTime:0.0004s ]
INFO: [ view_parse ] --START--
INFO: [ template_filter ] --START--
INFO: Run Behavior\ContentReplaceBehavior [ RunTime:0.000126s ]
INFO: [ template_filter ] --END-- [ RunTime:0.000195s ]
NOTIC: [8] Undefined index: practice K:\html5\wwwroot\html5-xidian\Application\Runtime\Cache\Home\9e7f3b8699fd931840ddd7d722dfdfde.php 第 204 行.
INFO: Run Behavior\ParseTemplateBehavior [ RunTime:0.015209s ]
INFO: [ view_parse ] --END-- [ RunTime:0.015297s ]
INFO: [ view_filter ] --START--
INFO: Run Behavior\WriteHtmlCacheBehavior [ RunTime:0.000477s ]
INFO: [ view_filter ] --END-- [ RunTime:0.000529s ]
INFO: [ app_end ] --START--
INFO: Run Behavior\ShowPageTraceBehavior [ RunTime:0.000896s ]
INFO: [ app_end ] --END-- [ RunTime:0.000990s ]

[ 2016-12-23T20:37:30+08:00 ] 127.0.0.1 /html5-xidian/home.php/Home/food/content/images/bg.jpg
INFO: [ app_init ] --START--
INFO: Run Behavior\BuildLiteBehavior [ RunTime:0.000029s ]
INFO: [ app_init ] --END-- [ RunTime:0.000752s ]

[ 2016-12-23T22:10:31+08:00 ] 127.0.0.1 /html5-xidian/home.php
INFO: [ app_init ] --START--
INFO: Run Behavior\BuildLiteBehavior [ RunTime:0.000016s ]
INFO: [ app_init ] --END-- [ RunTime:0.000497s ]
INFO: [ app_begin ] --START--
INFO: Run Behavior\ReadHtmlCacheBehavior [ RunTime:0.000702s ]
INFO: [ app_begin ] --END-- [ RunTime:0.000767s ]
SQL: SHOW COLUMNS FROM `public_users` [ RunTime:0.0073s ]
SQL: SHOW COLUMNS FROM `tuisong` [ RunTime:0.0073s ]
SQL: SELECT * FROM `tuisong` ORDER BY id desc LIMIT 3   [ RunTime:0.0006s ]
INFO: [ view_parse ] --START--
INFO: [ template_filter ] --START--
INFO: Run Behavior\ContentReplaceBehavior [ RunTime:0.000109s ]
INFO: [ template_filter ] --END-- [ RunTime:0.000168s ]
INFO: Run Behavior\ParseTemplateBehavior [ RunTime:0.010765s ]
INFO: [ view_parse ] --END-- [ RunTime:0.010839s ]
INFO: [ view_filter ] --START--
INFO: Run Behavior\WriteHtmlCacheBehavior [ RunTime:0.000393s ]
INFO: [ view_filter ] --END-- [ RunTime:0.000444s ]
INFO: [ app_end ] --START--
INFO: Run Behavior\ShowPageTraceBehavior [ RunTime:0.000870s ]
INFO: [ app_end ] --END-- [ RunTime:0.000965s ]

[ 2016-12-23T22:10:39+08:00 ] 127.0.0.1 /html5-xidian/home.php/Home/food/french_cate.html
INFO: [ app_init ] --START--
INFO: Run Behavior\BuildLiteBehavior [ RunTime:0.000032s ]
INFO: [ app_init ] --END-- [ RunTime:0.000883s ]
INFO: [ app_begin ] --START--
INFO: Run Behavior\ReadHtmlCacheBehavior [ RunTime:0.001407s ]
INFO: [ app_begin ] --END-- [ RunTime:0.001690s ]
SQL: SHOW COLUMNS FROM `public_users` [ RunTime:0.0063s ]
SQL: SHOW COLUMNS FROM `foods` [ RunTime:0.0072s ]
SQL: SELECT * FROM `foods` WHERE `classify` = '法式菜肴' ORDER BY food_public_time desc  [ RunTime:0.0008s ]
INFO: [ view_parse ] --START--
INFO: [ template_filter ] --START--
INFO: Run Behavior\ContentReplaceBehavior [ RunTime:0.000104s ]
INFO: [ template_filter ] --END-- [ RunTime:0.000174s ]
INFO: Run Behavior\ParseTemplateBehavior [ RunTime:0.015757s ]
INFO: [ view_parse ] --END-- [ RunTime:0.015873s ]
INFO: [ view_filter ] --START--
INFO: Run Behavior\WriteHtmlCacheBehavior [ RunTime:0.000749s ]
INFO: [ view_filter ] --END-- [ RunTime:0.000854s ]
INFO: [ app_end ] --START--
INFO: Run Behavior\ShowPageTraceBehavior [ RunTime:0.001087s ]
INFO: [ app_end ] --END-- [ RunTime:0.001238s ]

[ 2016-12-23T22:10:40+08:00 ] 127.0.0.1 /html5-xidian/home.php/Home/food/getFav
INFO: [ app_init ] --START--
INFO: Run Behavior\BuildLiteBehavior [ RunTime:0.000028s ]
INFO: [ app_init ] --END-- [ RunTime:0.000726s ]
INFO: [ app_begin ] --START--
INFO: Run Behavior\ReadHtmlCacheBehavior [ RunTime:0.000658s ]
INFO: [ app_begin ] --END-- [ RunTime:0.000734s ]
SQL: SHOW COLUMNS FROM `public_users` [ RunTime:0.0076s ]
SQL: SHOW COLUMNS FROM `favorite` [ RunTime:0.0087s ]
SQL: SELECT * FROM `favorite` WHERE `food_id` = 56 AND `user_name` = 'ssssss' LIMIT 1   [ RunTime:0.0006s ]
INFO: [ app_end ] --START--
INFO: Run Behavior\ShowPageTraceBehavior [ RunTime:0.000729s ]
INFO: [ app_end ] --END-- [ RunTime:0.000790s ]

[ 2016-12-23T22:10:41+08:00 ] 127.0.0.1 /html5-xidian/home.php/Home/food/getFav
INFO: [ app_init ] --START--
INFO: Run Behavior\BuildLiteBehavior [ RunTime:0.000026s ]
INFO: [ app_init ] --END-- [ RunTime:0.000687s ]
INFO: [ app_begin ] --START--
INFO: Run Behavior\ReadHtmlCacheBehavior [ RunTime:0.001352s ]
INFO: [ app_begin ] --END-- [ RunTime:0.001489s ]
SQL: SHOW COLUMNS FROM `public_users` [ RunTime:0.0069s ]
SQL: SHOW COLUMNS FROM `favorite` [ RunTime:0.0074s ]
SQL: SELECT * FROM `favorite` WHERE `food_id` = 45 AND `user_name` = 'ssssss' LIMIT 1   [ RunTime:0.0005s ]
INFO: [ app_end ] --START--
INFO: Run Behavior\ShowPageTraceBehavior [ RunTime:0.000756s ]
INFO: [ app_end ] --END-- [ RunTime:0.000819s ]

[ 2016-12-23T22:10:42+08:00 ] 127.0.0.1 /html5-xidian/home.php/Home/food/getFav
INFO: [ app_init ] --START--
INFO: Run Behavior\BuildLiteBehavior [ RunTime:0.000043s ]
INFO: [ app_init ] --END-- [ RunTime:0.000746s ]
INFO: [ app_begin ] --START--
INFO: Run Behavior\ReadHtmlCacheBehavior [ RunTime:0.001506s ]
INFO: [ app_begin ] --END-- [ RunTime:0.001646s ]
SQL: SHOW COLUMNS FROM `public_users` [ RunTime:0.0080s ]
SQL: SHOW COLUMNS FROM `favorite` [ RunTime:0.0061s ]
SQL: SELECT * FROM `favorite` WHERE `food_id` = 43 AND `user_name` = 'ssssss' LIMIT 1   [ RunTime:0.0005s ]
INFO: [ app_end ] --START--
INFO: Run Behavior\ShowPageTraceBehavior [ RunTime:0.000832s ]
INFO: [ app_end ] --END-- [ RunTime:0.000889s ]

[ 2016-12-23T22:10:43+08:00 ] 127.0.0.1 /html5-xidian/home.php/Home/food/getFav
INFO: [ app_init ] --START--
INFO: Run Behavior\BuildLiteBehavior [ RunTime:0.000024s ]
INFO: [ app_init ] --END-- [ RunTime:0.000723s ]
INFO: [ app_begin ] --START--
INFO: Run Behavior\ReadHtmlCacheBehavior [ RunTime:0.001159s ]
INFO: [ app_begin ] --END-- [ RunTime:0.001308s ]
SQL: SHOW COLUMNS FROM `public_users` [ RunTime:0.0068s ]
SQL: SHOW COLUMNS FROM `favorite` [ RunTime:0.0076s ]
SQL: SELECT * FROM `favorite` WHERE `food_id` = 46 AND `user_name` = 'ssssss' LIMIT 1   [ RunTime:0.0005s ]
INFO: [ app_end ] --START--
INFO: Run Behavior\ShowPageTraceBehavior [ RunTime:0.000874s ]
INFO: [ app_end ] --END-- [ RunTime:0.000938s ]

[ 2016-12-23T22:10:44+08:00 ] 127.0.0.1 /html5-xidian/home.php/Home/food/getFav
INFO: [ app_init ] --START--
INFO: Run Behavior\BuildLiteBehavior [ RunTime:0.000056s ]
INFO: [ app_init ] --END-- [ RunTime:0.001176s ]
INFO: [ app_begin ] --START--
INFO: Run Behavior\ReadHtmlCacheBehavior [ RunTime:0.001190s ]
INFO: [ app_begin ] --END-- [ RunTime:0.001333s ]
SQL: SHOW COLUMNS FROM `public_users` [ RunTime:0.0082s ]
SQL: SHOW COLUMNS FROM `favorite` [ RunTime:0.0066s ]
SQL: SELECT * FROM `favorite` WHERE `food_id` = 44 AND `user_name` = 'ssssss' LIMIT 1   [ RunTime:0.0005s ]
INFO: [ app_end ] --START--
INFO: Run Behavior\ShowPageTraceBehavior [ RunTime:0.001274s ]
INFO: [ app_end ] --END-- [ RunTime:0.001401s ]

[ 2016-12-23T22:10:46+08:00 ] 127.0.0.1 /html5-xidian/home.php/Home/food/getFav
INFO: [ app_init ] --START--
INFO: Run Behavior\BuildLiteBehavior [ RunTime:0.000026s ]
INFO: [ app_init ] --END-- [ RunTime:0.000843s ]
INFO: [ app_begin ] --START--
INFO: Run Behavior\ReadHtmlCacheBehavior [ RunTime:0.001690s ]
INFO: [ app_begin ] --END-- [ RunTime:0.001828s ]
SQL: SHOW COLUMNS FROM `public_users` [ RunTime:0.0077s ]
SQL: SHOW COLUMNS FROM `favorite` [ RunTime:0.0083s ]
SQL: SELECT * FROM `favorite` WHERE `food_id` = 40 AND `user_name` = 'ssssss' LIMIT 1   [ RunTime:0.0006s ]
INFO: [ app_end ] --START--
INFO: Run Behavior\ShowPageTraceBehavior [ RunTime:0.001219s ]
INFO: [ app_end ] --END-- [ RunTime:0.001292s ]

[ 2016-12-23T22:10:47+08:00 ] 127.0.0.1 /html5-xidian/home.php/Home/food/getFav
INFO: [ app_init ] --START--
INFO: Run Behavior\BuildLiteBehavior [ RunTime:0.000029s ]
INFO: [ app_init ] --END-- [ RunTime:0.000719s ]
INFO: [ app_begin ] --START--
INFO: Run Behavior\ReadHtmlCacheBehavior [ RunTime:0.000702s ]
INFO: [ app_begin ] --END-- [ RunTime:0.000796s ]
SQL: SHOW COLUMNS FROM `public_users` [ RunTime:0.0067s ]
SQL: SHOW COLUMNS FROM `favorite` [ RunTime:0.0068s ]
SQL: SELECT * FROM `favorite` WHERE `food_id` = 39 AND `user_name` = 'ssssss' LIMIT 1   [ RunTime:0.0005s ]
INFO: [ app_end ] --START--
INFO: Run Behavior\ShowPageTraceBehavior [ RunTime:0.000830s ]
INFO: [ app_end ] --END-- [ RunTime:0.000913s ]

[ 2016-12-23T22:10:48+08:00 ] 127.0.0.1 /html5-xidian/home.php/Home/food/content/id/56
INFO: [ app_init ] --START--
INFO: Run Behavior\BuildLiteBehavior [ RunTime:0.000020s ]
INFO: [ app_init ] --END-- [ RunTime:0.000584s ]
INFO: [ app_begin ] --START--
INFO: Run Behavior\ReadHtmlCacheBehavior [ RunTime:0.000700s ]
INFO: [ app_begin ] --END-- [ RunTime:0.000775s ]
SQL: SHOW COLUMNS FROM `public_users` [ RunTime:0.0063s ]
SQL: SHOW COLUMNS FROM `foods` [ RunTime:0.0064s ]
SQL: SELECT * FROM `foods` WHERE `id` = 56 LIMIT 1   [ RunTime:0.0005s ]
SQL: SHOW COLUMNS FROM `mall` [ RunTime:0.0074s ]
SQL: SELECT * FROM `mall` ORDER BY public_time desc  [ RunTime:0.0007s ]
SQL: SHOW COLUMNS FROM `tag_food_relation` [ RunTime:0.0075s ]
SQL: SELECT * FROM `tag_food_relation` WHERE `food_name` = '巧煎西冷牛排'  [ RunTime:0.0004s ]
SQL: SHOW COLUMNS FROM `comment` [ RunTime:0.0067s ]
SQL: SELECT * FROM `comment` WHERE `food_id` = 56  [ RunTime:0.0005s ]
SQL: SELECT * FROM `comment` WHERE `food_id` = 56 ORDER BY id desc LIMIT 0,5   [ RunTime:0.0005s ]
INFO: [ view_parse ] --START--
INFO: [ template_filter ] --START--
INFO: Run Behavior\ContentReplaceBehavior [ RunTime:0.000140s ]
INFO: [ template_filter ] --END-- [ RunTime:0.000216s ]
NOTIC: [8] Undefined index: practice K:\html5\wwwroot\html5-xidian\Application\Runtime\Cache\Home\9e7f3b8699fd931840ddd7d722dfdfde.php 第 204 行.
INFO: Run Behavior\ParseTemplateBehavior [ RunTime:0.015724s ]
INFO: [ view_parse ] --END-- [ RunTime:0.015836s ]
INFO: [ view_filter ] --START--
INFO: Run Behavior\WriteHtmlCacheBehavior [ RunTime:0.000561s ]
INFO: [ view_filter ] --END-- [ RunTime:0.000651s ]
INFO: [ app_end ] --START--
INFO: Run Behavior\ShowPageTraceBehavior [ RunTime:0.001047s ]
INFO: [ app_end ] --END-- [ RunTime:0.001163s ]

[ 2016-12-23T22:10:48+08:00 ] 127.0.0.1 /html5-xidian/home.php/Home/food/content/images/bg.jpg
INFO: [ app_init ] --START--
INFO: Run Behavior\BuildLiteBehavior [ RunTime:0.000028s ]
INFO: [ app_init ] --END-- [ RunTime:0.000843s ]

[ 2016-12-23T22:10:49+08:00 ] 127.0.0.1 /html5-xidian/home.php/Home/food/getFav
INFO: [ app_init ] --START--
INFO: Run Behavior\BuildLiteBehavior [ RunTime:0.000030s ]
INFO: [ app_init ] --END-- [ RunTime:0.000703s ]
INFO: [ app_begin ] --START--
INFO: Run Behavior\ReadHtmlCacheBehavior [ RunTime:0.000670s ]
INFO: [ app_begin ] --END-- [ RunTime:0.000740s ]
SQL: SHOW COLUMNS FROM `public_users` [ RunTime:0.0075s ]
SQL: SHOW COLUMNS FROM `favorite` [ RunTime:0.0065s ]
SQL: SELECT * FROM `favorite` WHERE `food_id` = 15 AND `user_name` = 'ssssss' LIMIT 1   [ RunTime:0.0005s ]
INFO: [ app_end ] --START--
INFO: Run Behavior\ShowPageTraceBehavior [ RunTime:0.000726s ]
INFO: [ app_end ] --END-- [ RunTime:0.000786s ]

[ 2016-12-23T22:11:30+08:00 ] 127.0.0.1 /html5-xidian/home.php/Home/shop/content/id/12.html
INFO: [ app_init ] --START--
INFO: Run Behavior\BuildLiteBehavior [ RunTime:0.000018s ]
INFO: [ app_init ] --END-- [ RunTime:0.000714s ]
INFO: [ app_begin ] --START--
INFO: Run Behavior\ReadHtmlCacheBehavior [ RunTime:0.001039s ]
INFO: [ app_begin ] --END-- [ RunTime:0.001142s ]
SQL: SHOW COLUMNS FROM `public_users` [ RunTime:0.0073s ]
SQL: SHOW COLUMNS FROM `mall` [ RunTime:0.0062s ]
SQL: SELECT * FROM `mall` WHERE `id` = 12 LIMIT 1   [ RunTime:0.0006s ]
SQL: SELECT * FROM `mall` ORDER BY public_time desc  [ RunTime:0.0005s ]
INFO: [ view_parse ] --START--
INFO: [ template_filter ] --START--
INFO: Run Behavior\ContentReplaceBehavior [ RunTime:0.000109s ]
INFO: [ template_filter ] --END-- [ RunTime:0.000217s ]
INFO: Run Behavior\ParseTemplateBehavior [ RunTime:0.052789s ]
INFO: [ view_parse ] --END-- [ RunTime:0.052871s ]
INFO: [ view_filter ] --START--
INFO: Run Behavior\WriteHtmlCacheBehavior [ RunTime:0.000357s ]
INFO: [ view_filter ] --END-- [ RunTime:0.000409s ]
INFO: [ app_end ] --START--
INFO: Run Behavior\ShowPageTraceBehavior [ RunTime:0.000878s ]
INFO: [ app_end ] --END-- [ RunTime:0.001013s ]

[ 2016-12-23T22:11:53+08:00 ] 127.0.0.1 /html5-xidian/home.php/Home/index/index.html
INFO: [ app_init ] --START--
INFO: Run Behavior\BuildLiteBehavior [ RunTime:0.000016s ]
INFO: [ app_init ] --END-- [ RunTime:0.000529s ]
INFO: [ app_begin ] --START--
INFO: Run Behavior\ReadHtmlCacheBehavior [ RunTime:0.000620s ]
INFO: [ app_begin ] --END-- [ RunTime:0.000687s ]
SQL: SHOW COLUMNS FROM `public_users` [ RunTime:0.0089s ]
SQL: SHOW COLUMNS FROM `tuisong` [ RunTime:0.0118s ]
SQL: SELECT * FROM `tuisong` ORDER BY id desc LIMIT 3   [ RunTime:0.0009s ]
INFO: [ view_parse ] --START--
INFO: [ template_filter ] --START--
INFO: Run Behavior\ContentReplaceBehavior [ RunTime:0.000117s ]
INFO: [ template_filter ] --END-- [ RunTime:0.000189s ]
INFO: Run Behavior\ParseTemplateBehavior [ RunTime:0.015416s ]
INFO: [ view_parse ] --END-- [ RunTime:0.015541s ]
INFO: [ view_filter ] --START--
INFO: Run Behavior\WriteHtmlCacheBehavior [ RunTime:0.000351s ]
INFO: [ view_filter ] --END-- [ RunTime:0.000407s ]
INFO: [ app_end ] --START--
INFO: Run Behavior\ShowPageTraceBehavior [ RunTime:0.001010s ]
INFO: [ app_end ] --END-- [ RunTime:0.001177s ]

[ 2016-12-23T22:12:07+08:00 ] 127.0.0.1 /html5-xidian/home.php/Home/food/french_cate.html
INFO: [ app_init ] --START--
INFO: Run Behavior\BuildLiteBehavior [ RunTime:0.000016s ]
INFO: [ app_init ] --END-- [ RunTime:0.000466s ]
INFO: [ app_begin ] --START--
INFO: Run Behavior\ReadHtmlCacheBehavior [ RunTime:0.000580s ]
INFO: [ app_begin ] --END-- [ RunTime:0.000639s ]
SQL: SHOW COLUMNS FROM `public_users` [ RunTime:0.0069s ]
SQL: SHOW COLUMNS FROM `foods` [ RunTime:0.0060s ]
SQL: SELECT * FROM `foods` WHERE `classify` = '法式菜肴' ORDER BY food_public_time desc  [ RunTime:0.0007s ]
INFO: [ view_parse ] --START--
INFO: [ template_filter ] --START--
INFO: Run Behavior\ContentReplaceBehavior [ RunTime:0.000103s ]
INFO: [ template_filter ] --END-- [ RunTime:0.000169s ]
INFO: Run Behavior\ParseTemplateBehavior [ RunTime:0.011854s ]
INFO: [ view_parse ] --END-- [ RunTime:0.011937s ]
INFO: [ view_filter ] --START--
INFO: Run Behavior\WriteHtmlCacheBehavior [ RunTime:0.000376s ]
INFO: [ view_filter ] --END-- [ RunTime:0.000427s ]
INFO: [ app_end ] --START--
INFO: Run Behavior\ShowPageTraceBehavior [ RunTime:0.000647s ]
INFO: [ app_end ] --END-- [ RunTime:0.000721s ]

[ 2016-12-23T22:12:09+08:00 ] 127.0.0.1 /html5-xidian/home.php/Home/food/getFav
INFO: [ app_init ] --START--
INFO: Run Behavior\BuildLiteBehavior [ RunTime:0.000030s ]
INFO: [ app_init ] --END-- [ RunTime:0.000764s ]
INFO: [ app_begin ] --START--
INFO: Run Behavior\ReadHtmlCacheBehavior [ RunTime:0.000949s ]
INFO: [ app_begin ] --END-- [ RunTime:0.001073s ]
SQL: SHOW COLUMNS FROM `public_users` [ RunTime:0.0101s ]
SQL: SHOW COLUMNS FROM `favorite` [ RunTime:0.0096s ]
SQL: SELECT * FROM `favorite` WHERE `food_id` = 45 AND `user_name` = 'ssssss' LIMIT 1   [ RunTime:0.0008s ]
INFO: [ app_end ] --START--
INFO: Run Behavior\ShowPageTraceBehavior [ RunTime:0.001076s ]
INFO: [ app_end ] --END-- [ RunTime:0.001188s ]

[ 2016-12-23T22:12:10+08:00 ] 127.0.0.1 /html5-xidian/home.php/Home/food/getFav
INFO: [ app_init ] --START--
INFO: Run Behavior\BuildLiteBehavior [ RunTime:0.000068s ]
INFO: [ app_init ] --END-- [ RunTime:0.000934s ]
INFO: [ app_begin ] --START--
INFO: Run Behavior\ReadHtmlCacheBehavior [ RunTime:0.001387s ]
INFO: [ app_begin ] --END-- [ RunTime:0.001525s ]
SQL: SHOW COLUMNS FROM `public_users` [ RunTime:0.0068s ]
SQL: SHOW COLUMNS FROM `favorite` [ RunTime:0.0072s ]
SQL: SELECT * FROM `favorite` WHERE `food_id` = 56 AND `user_name` = 'ssssss' LIMIT 1   [ RunTime:0.0006s ]
INFO: [ app_end ] --START--
INFO: Run Behavior\ShowPageTraceBehavior [ RunTime:0.000743s ]
INFO: [ app_end ] --END-- [ RunTime:0.000797s ]

[ 2016-12-23T22:12:11+08:00 ] 127.0.0.1 /html5-xidian/home.php/Home/food/getFav
INFO: [ app_init ] --START--
INFO: Run Behavior\BuildLiteBehavior [ RunTime:0.000025s ]
INFO: [ app_init ] --END-- [ RunTime:0.000692s ]
INFO: [ app_begin ] --START--
INFO: Run Behavior\ReadHtmlCacheBehavior [ RunTime:0.001873s ]
INFO: [ app_begin ] --END-- [ RunTime:0.001992s ]
SQL: SHOW COLUMNS FROM `public_users` [ RunTime:0.0064s ]
SQL: SHOW COLUMNS FROM `favorite` [ RunTime:0.0069s ]
SQL: SELECT * FROM `favorite` WHERE `food_id` = 40 AND `user_name` = 'ssssss' LIMIT 1   [ RunTime:0.0006s ]
INFO: [ app_end ] --START--
INFO: Run Behavior\ShowPageTraceBehavior [ RunTime:0.000760s ]
INFO: [ app_end ] --END-- [ RunTime:0.000820s ]

[ 2016-12-23T22:12:12+08:00 ] 127.0.0.1 /html5-xidian/home.php/Home/food/getFav
INFO: [ app_init ] --START--
INFO: Run Behavior\BuildLiteBehavior [ RunTime:0.000035s ]
INFO: [ app_init ] --END-- [ RunTime:0.001024s ]
INFO: [ app_begin ] --START--
INFO: Run Behavior\ReadHtmlCacheBehavior [ RunTime:0.001352s ]
INFO: [ app_begin ] --END-- [ RunTime:0.001483s ]
SQL: SHOW COLUMNS FROM `public_users` [ RunTime:0.0069s ]
SQL: SHOW COLUMNS FROM `favorite` [ RunTime:0.0061s ]
SQL: SELECT * FROM `favorite` WHERE `food_id` = 44 AND `user_name` = 'ssssss' LIMIT 1   [ RunTime:0.0005s ]
INFO: [ app_end ] --START--
INFO: Run Behavior\ShowPageTraceBehavior [ RunTime:0.000749s ]
INFO: [ app_end ] --END-- [ RunTime:0.000807s ]

[ 2016-12-23T22:12:13+08:00 ] 127.0.0.1 /html5-xidian/home.php/Home/food/getFav
INFO: [ app_init ] --START--
INFO: Run Behavior\BuildLiteBehavior [ RunTime:0.000080s ]
INFO: [ app_init ] --END-- [ RunTime:0.001588s ]
INFO: [ app_begin ] --START--
INFO: Run Behavior\ReadHtmlCacheBehavior [ RunTime:0.001009s ]
INFO: [ app_begin ] --END-- [ RunTime:0.001132s ]
SQL: SHOW COLUMNS FROM `public_users` [ RunTime:0.0125s ]
SQL: SHOW COLUMNS FROM `favorite` [ RunTime:0.0075s ]
SQL: SELECT * FROM `favorite` WHERE `food_id` = 43 AND `user_name` = 'ssssss' LIMIT 1   [ RunTime:0.0013s ]
INFO: [ app_end ] --START--
INFO: Run Behavior\ShowPageTraceBehavior [ RunTime:0.001323s ]
INFO: [ app_end ] --END-- [ RunTime:0.001453s ]

[ 2016-12-23T22:12:14+08:00 ] 127.0.0.1 /html5-xidian/home.php/Home/food/getFav
INFO: [ app_init ] --START--
INFO: Run Behavior\BuildLiteBehavior [ RunTime:0.000030s ]
INFO: [ app_init ] --END-- [ RunTime:0.001249s ]
INFO: [ app_begin ] --START--
INFO: Run Behavior\ReadHtmlCacheBehavior [ RunTime:0.001297s ]
INFO: [ app_begin ] --END-- [ RunTime:0.001478s ]
SQL: SHOW COLUMNS FROM `public_users` [ RunTime:0.0071s ]
SQL: SHOW COLUMNS FROM `favorite` [ RunTime:0.0076s ]
SQL: SELECT * FROM `favorite` WHERE `food_id` = 46 AND `user_name` = 'ssssss' LIMIT 1   [ RunTime:0.0005s ]
INFO: [ app_end ] --START--
INFO: Run Behavior\ShowPageTraceBehavior [ RunTime:0.000742s ]
INFO: [ app_end ] --END-- [ RunTime:0.000799s ]

[ 2016-12-23T22:12:15+08:00 ] 127.0.0.1 /html5-xidian/home.php/Home/food/getFav
INFO: [ app_init ] --START--
INFO: Run Behavior\BuildLiteBehavior [ RunTime:0.000028s ]
INFO: [ app_init ] --END-- [ RunTime:0.001122s ]
INFO: [ app_begin ] --START--
INFO: Run Behavior\ReadHtmlCacheBehavior [ RunTime:0.000949s ]
INFO: [ app_begin ] --END-- [ RunTime:0.001070s ]
SQL: SHOW COLUMNS FROM `public_users` [ RunTime:0.0062s ]
SQL: SHOW COLUMNS FROM `favorite` [ RunTime:0.0062s ]
SQL: SELECT * FROM `favorite` WHERE `food_id` = 39 AND `user_name` = 'ssssss' LIMIT 1   [ RunTime:0.0005s ]
INFO: [ app_end ] --START--
INFO: Run Behavior\ShowPageTraceBehavior [ RunTime:0.000750s ]
INFO: [ app_end ] --END-- [ RunTime:0.000805s ]

[ 2016-12-23T22:12:16+08:00 ] 127.0.0.1 /html5-xidian/home.php/Home/food/getFav
INFO: [ app_init ] --START--
INFO: Run Behavior\BuildLiteBehavior [ RunTime:0.000015s ]
INFO: [ app_init ] --END-- [ RunTime:0.000448s ]
INFO: [ app_begin ] --START--
INFO: Run Behavior\ReadHtmlCacheBehavior [ RunTime:0.000565s ]
INFO: [ app_begin ] --END-- [ RunTime:0.000618s ]
SQL: SHOW COLUMNS FROM `public_users` [ RunTime:0.0064s ]
SQL: SHOW COLUMNS FROM `favorite` [ RunTime:0.0056s ]
SQL: SELECT * FROM `favorite` WHERE `food_id` = 15 AND `user_name` = 'ssssss' LIMIT 1   [ RunTime:0.0004s ]
INFO: [ app_end ] --START--
INFO: Run Behavior\ShowPageTraceBehavior [ RunTime:0.000734s ]
INFO: [ app_end ] --END-- [ RunTime:0.000789s ]

[ 2016-12-23T22:16:48+08:00 ] 127.0.0.1 /html5-xidian/home.php/Home/shop/index.html
INFO: [ app_init ] --START--
INFO: Run Behavior\BuildLiteBehavior [ RunTime:0.000019s ]
INFO: [ app_init ] --END-- [ RunTime:0.000531s ]
INFO: [ app_begin ] --START--
INFO: Run Behavior\ReadHtmlCacheBehavior [ RunTime:0.001280s ]
INFO: [ app_begin ] --END-- [ RunTime:0.001499s ]
SQL: SHOW COLUMNS FROM `public_users` [ RunTime:0.0069s ]
SQL: SHOW COLUMNS FROM `mall` [ RunTime:0.0065s ]
SQL: SELECT * FROM `mall`  [ RunTime:0.0006s ]
INFO: [ view_parse ] --START--
INFO: [ template_filter ] --START--
INFO: Run Behavior\ContentReplaceBehavior [ RunTime:0.000097s ]
INFO: [ template_filter ] --END-- [ RunTime:0.000163s ]
NOTIC: [8] Use of undefined constant utf8 - assumed 'utf8' K:\html5\wwwroot\html5-xidian\Application\Runtime\Cache\Home\58c9b418295366ada92ef91abf88ff39.php 第 142 行.
NOTIC: [8] Use of undefined constant utf8 - assumed 'utf8' K:\html5\wwwroot\html5-xidian\Application\Runtime\Cache\Home\58c9b418295366ada92ef91abf88ff39.php 第 142 行.
NOTIC: [8] Use of undefined constant utf8 - assumed 'utf8' K:\html5\wwwroot\html5-xidian\Application\Runtime\Cache\Home\58c9b418295366ada92ef91abf88ff39.php 第 142 行.
NOTIC: [8] Use of undefined constant utf8 - assumed 'utf8' K:\html5\wwwroot\html5-xidian\Application\Runtime\Cache\Home\58c9b418295366ada92ef91abf88ff39.php 第 142 行.
NOTIC: [8] Use of undefined constant utf8 - assumed 'utf8' K:\html5\wwwroot\html5-xidian\Application\Runtime\Cache\Home\58c9b418295366ada92ef91abf88ff39.php 第 142 行.
NOTIC: [8] Use of undefined constant utf8 - assumed 'utf8' K:\html5\wwwroot\html5-xidian\Application\Runtime\Cache\Home\58c9b418295366ada92ef91abf88ff39.php 第 142 行.
INFO: Run Behavior\ParseTemplateBehavior [ RunTime:0.347972s ]
INFO: [ view_parse ] --END-- [ RunTime:0.348042s ]
INFO: [ view_filter ] --START--
INFO: Run Behavior\WriteHtmlCacheBehavior [ RunTime:0.000416s ]
INFO: [ view_filter ] --END-- [ RunTime:0.000464s ]
INFO: [ app_end ] --START--
INFO: Run Behavior\ShowPageTraceBehavior [ RunTime:0.000964s ]
INFO: [ app_end ] --END-- [ RunTime:0.001067s ]

[ 2016-12-23T22:17:05+08:00 ] 127.0.0.1 /html5-xidian/home.php/Home/food/french_cate.html
INFO: [ app_init ] --START--
INFO: Run Behavior\BuildLiteBehavior [ RunTime:0.000018s ]
INFO: [ app_init ] --END-- [ RunTime:0.000598s ]
INFO: [ app_begin ] --START--
INFO: Run Behavior\ReadHtmlCacheBehavior [ RunTime:0.000798s ]
INFO: [ app_begin ] --END-- [ RunTime:0.000861s ]
SQL: SHOW COLUMNS FROM `public_users` [ RunTime:0.0071s ]
SQL: SHOW COLUMNS FROM `foods` [ RunTime:0.0062s ]
SQL: SELECT * FROM `foods` WHERE `classify` = '法式菜肴' ORDER BY food_public_time desc  [ RunTime:0.0006s ]
INFO: [ view_parse ] --START--
INFO: [ template_filter ] --START--
INFO: Run Behavior\ContentReplaceBehavior [ RunTime:0.000103s ]
INFO: [ template_filter ] --END-- [ RunTime:0.000165s ]
INFO: Run Behavior\ParseTemplateBehavior [ RunTime:0.011851s ]
INFO: [ view_parse ] --END-- [ RunTime:0.011936s ]
INFO: [ view_filter ] --START--
INFO: Run Behavior\WriteHtmlCacheBehavior [ RunTime:0.000408s ]
INFO: [ view_filter ] --END-- [ RunTime:0.000459s ]
INFO: [ app_end ] --START--
INFO: Run Behavior\ShowPageTraceBehavior [ RunTime:0.000885s ]
INFO: [ app_end ] --END-- [ RunTime:0.000959s ]

[ 2016-12-23T22:17:06+08:00 ] 127.0.0.1 /html5-xidian/home.php/Home/food/getFav
INFO: [ app_init ] --START--
INFO: Run Behavior\BuildLiteBehavior [ RunTime:0.000016s ]
INFO: [ app_init ] --END-- [ RunTime:0.000480s ]
INFO: [ app_begin ] --START--
INFO: Run Behavior\ReadHtmlCacheBehavior [ RunTime:0.000545s ]
INFO: [ app_begin ] --END-- [ RunTime:0.000601s ]
SQL: SHOW COLUMNS FROM `public_users` [ RunTime:0.0098s ]
SQL: SHOW COLUMNS FROM `favorite` [ RunTime:0.0083s ]
SQL: SELECT * FROM `favorite` WHERE `food_id` = 56 AND `user_name` = 'ssssss' LIMIT 1   [ RunTime:0.0007s ]
INFO: [ app_end ] --START--
INFO: Run Behavior\ShowPageTraceBehavior [ RunTime:0.000939s ]
INFO: [ app_end ] --END-- [ RunTime:0.001057s ]

[ 2016-12-23T22:17:08+08:00 ] 127.0.0.1 /html5-xidian/home.php/Home/food/getFav
INFO: [ app_init ] --START--
INFO: Run Behavior\BuildLiteBehavior [ RunTime:0.000014s ]
INFO: [ app_init ] --END-- [ RunTime:0.000421s ]
INFO: [ app_begin ] --START--
INFO: Run Behavior\ReadHtmlCacheBehavior [ RunTime:0.000575s ]
INFO: [ app_begin ] --END-- [ RunTime:0.000633s ]
SQL: SHOW COLUMNS FROM `public_users` [ RunTime:0.0082s ]
SQL: SHOW COLUMNS FROM `favorite` [ RunTime:0.0069s ]
SQL: SELECT * FROM `favorite` WHERE `food_id` = 45 AND `user_name` = 'ssssss' LIMIT 1   [ RunTime:0.0005s ]
INFO: [ app_end ] --START--
INFO: Run Behavior\ShowPageTraceBehavior [ RunTime:0.000760s ]
INFO: [ app_end ] --END-- [ RunTime:0.000819s ]

[ 2016-12-23T22:17:09+08:00 ] 127.0.0.1 /html5-xidian/home.php/Home/food/getFav
INFO: [ app_init ] --START--
INFO: Run Behavior\BuildLiteBehavior [ RunTime:0.000031s ]
INFO: [ app_init ] --END-- [ RunTime:0.000728s ]
INFO: [ app_begin ] --START--
INFO: Run Behavior\ReadHtmlCacheBehavior [ RunTime:0.001082s ]
INFO: [ app_begin ] --END-- [ RunTime:0.001194s ]
SQL: SHOW COLUMNS FROM `public_users` [ RunTime:0.0082s ]
SQL: SHOW COLUMNS FROM `favorite` [ RunTime:0.0066s ]
SQL: SELECT * FROM `favorite` WHERE `food_id` = 46 AND `user_name` = 'ssssss' LIMIT 1   [ RunTime:0.0006s ]
INFO: [ app_end ] --START--
INFO: Run Behavior\ShowPageTraceBehavior [ RunTime:0.000783s ]
INFO: [ app_end ] --END-- [ RunTime:0.000838s ]

[ 2016-12-23T22:17:10+08:00 ] 127.0.0.1 /html5-xidian/home.php/Home/food/getFav
INFO: [ app_init ] --START--
INFO: Run Behavior\BuildLiteBehavior [ RunTime:0.000029s ]
INFO: [ app_init ] --END-- [ RunTime:0.000776s ]
INFO: [ app_begin ] --START--
INFO: Run Behavior\ReadHtmlCacheBehavior [ RunTime:0.001117s ]
INFO: [ app_begin ] --END-- [ RunTime:0.001248s ]
SQL: SHOW COLUMNS FROM `public_users` [ RunTime:0.0062s ]
SQL: SHOW COLUMNS FROM `favorite` [ RunTime:0.0064s ]
SQL: SELECT * FROM `favorite` WHERE `food_id` = 40 AND `user_name` = 'ssssss' LIMIT 1   [ RunTime:0.0005s ]
INFO: [ app_end ] --START--
INFO: Run Behavior\ShowPageTraceBehavior [ RunTime:0.000896s ]
INFO: [ app_end ] --END-- [ RunTime:0.000963s ]

[ 2016-12-23T22:17:11+08:00 ] 127.0.0.1 /html5-xidian/home.php/Home/food/getFav
INFO: [ app_init ] --START--
INFO: Run Behavior\BuildLiteBehavior [ RunTime:0.000044s ]
INFO: [ app_init ] --END-- [ RunTime:0.001265s ]
INFO: [ app_begin ] --START--
INFO: Run Behavior\ReadHtmlCacheBehavior [ RunTime:0.001196s ]
INFO: [ app_begin ] --END-- [ RunTime:0.001324s ]
SQL: SHOW COLUMNS FROM `public_users` [ RunTime:0.0062s ]
SQL: SHOW COLUMNS FROM `favorite` [ RunTime:0.0065s ]
SQL: SELECT * FROM `favorite` WHERE `food_id` = 44 AND `user_name` = 'ssssss' LIMIT 1   [ RunTime:0.0005s ]
INFO: [ app_end ] --START--
INFO: Run Behavior\ShowPageTraceBehavior [ RunTime:0.000867s ]
INFO: [ app_end ] --END-- [ RunTime:0.000927s ]

[ 2016-12-23T22:17:12+08:00 ] 127.0.0.1 /html5-xidian/home.php/Home/food/getFav
INFO: [ app_init ] --START--
INFO: Run Behavior\BuildLiteBehavior [ RunTime:0.000061s ]
INFO: [ app_init ] --END-- [ RunTime:0.001663s ]
INFO: [ app_begin ] --START--
INFO: Run Behavior\ReadHtmlCacheBehavior [ RunTime:0.001133s ]
INFO: [ app_begin ] --END-- [ RunTime:0.001254s ]
SQL: SHOW COLUMNS FROM `public_users` [ RunTime:0.0074s ]
SQL: SHOW COLUMNS FROM `favorite` [ RunTime:0.0082s ]
SQL: SELECT * FROM `favorite` WHERE `food_id` = 43 AND `user_name` = 'ssssss' LIMIT 1   [ RunTime:0.0006s ]
INFO: [ app_end ] --START--
INFO: Run Behavior\ShowPageTraceBehavior [ RunTime:0.001236s ]
INFO: [ app_end ] --END-- [ RunTime:0.001337s ]

[ 2016-12-23T22:17:13+08:00 ] 127.0.0.1 /html5-xidian/home.php/Home/food/getFav
INFO: [ app_init ] --START--
INFO: Run Behavior\BuildLiteBehavior [ RunTime:0.000016s ]
INFO: [ app_init ] --END-- [ RunTime:0.000435s ]
INFO: [ app_begin ] --START--
INFO: Run Behavior\ReadHtmlCacheBehavior [ RunTime:0.000564s ]
INFO: [ app_begin ] --END-- [ RunTime:0.000622s ]
SQL: SHOW COLUMNS FROM `public_users` [ RunTime:0.0134s ]
SQL: SHOW COLUMNS FROM `favorite` [ RunTime:0.0079s ]
SQL: SELECT * FROM `favorite` WHERE `food_id` = 39 AND `user_name` = 'ssssss' LIMIT 1   [ RunTime:0.0008s ]
INFO: [ app_end ] --START--
INFO: Run Behavior\ShowPageTraceBehavior [ RunTime:0.001540s ]
INFO: [ app_end ] --END-- [ RunTime:0.001662s ]

[ 2016-12-23T22:17:14+08:00 ] 127.0.0.1 /html5-xidian/home.php/Home/food/content/id/45
INFO: [ app_init ] --START--
INFO: Run Behavior\BuildLiteBehavior [ RunTime:0.000020s ]
INFO: [ app_init ] --END-- [ RunTime:0.000744s ]
INFO: [ app_begin ] --START--
INFO: Run Behavior\ReadHtmlCacheBehavior [ RunTime:0.000650s ]
INFO: [ app_begin ] --END-- [ RunTime:0.000739s ]
SQL: SHOW COLUMNS FROM `public_users` [ RunTime:0.0078s ]
SQL: SHOW COLUMNS FROM `foods` [ RunTime:0.0078s ]
SQL: SELECT * FROM `foods` WHERE `id` = 45 LIMIT 1   [ RunTime:0.0005s ]
SQL: SHOW COLUMNS FROM `mall` [ RunTime:0.0084s ]
SQL: SELECT * FROM `mall` ORDER BY public_time desc  [ RunTime:0.0007s ]
SQL: SHOW COLUMNS FROM `tag_food_relation` [ RunTime:0.0076s ]
SQL: SELECT * FROM `tag_food_relation` WHERE `food_name` = '法式面包'  [ RunTime:0.0005s ]
SQL: SHOW COLUMNS FROM `comment` [ RunTime:0.0087s ]
SQL: SELECT * FROM `comment` WHERE `food_id` = 45  [ RunTime:0.0141s ]
SQL: SELECT * FROM `comment` WHERE `food_id` = 45 ORDER BY id desc LIMIT 0,5   [ RunTime:0.0006s ]
INFO: [ view_parse ] --START--
INFO: [ template_filter ] --START--
INFO: Run Behavior\ContentReplaceBehavior [ RunTime:0.000129s ]
INFO: [ template_filter ] --END-- [ RunTime:0.000225s ]
NOTIC: [8] Undefined index: practice K:\html5\wwwroot\html5-xidian\Application\Runtime\Cache\Home\9e7f3b8699fd931840ddd7d722dfdfde.php 第 204 行.
INFO: Run Behavior\ParseTemplateBehavior [ RunTime:0.016467s ]
INFO: [ view_parse ] --END-- [ RunTime:0.016555s ]
INFO: [ view_filter ] --START--
INFO: Run Behavior\WriteHtmlCacheBehavior [ RunTime:0.000530s ]
INFO: [ view_filter ] --END-- [ RunTime:0.000592s ]
INFO: [ app_end ] --START--
INFO: Run Behavior\ShowPageTraceBehavior [ RunTime:0.001174s ]
INFO: [ app_end ] --END-- [ RunTime:0.001402s ]

[ 2016-12-23T22:17:14+08:00 ] 127.0.0.1 /html5-xidian/home.php/Home/food/content/images/bg.jpg
INFO: [ app_init ] --START--
INFO: Run Behavior\BuildLiteBehavior [ RunTime:0.000028s ]
INFO: [ app_init ] --END-- [ RunTime:0.000751s ]

[ 2016-12-23T22:17:15+08:00 ] 127.0.0.1 /html5-xidian/home.php/Home/food/getFav
INFO: [ app_init ] --START--
INFO: Run Behavior\BuildLiteBehavior [ RunTime:0.000021s ]
INFO: [ app_init ] --END-- [ RunTime:0.000518s ]
INFO: [ app_begin ] --START--
INFO: Run Behavior\ReadHtmlCacheBehavior [ RunTime:0.000631s ]
INFO: [ app_begin ] --END-- [ RunTime:0.000688s ]
SQL: SHOW COLUMNS FROM `public_users` [ RunTime:0.0081s ]
SQL: SHOW COLUMNS FROM `favorite` [ RunTime:0.0081s ]
SQL: SELECT * FROM `favorite` WHERE `food_id` = 15 AND `user_name` = 'ssssss' LIMIT 1   [ RunTime:0.0005s ]
INFO: [ app_end ] --START--
INFO: Run Behavior\ShowPageTraceBehavior [ RunTime:0.000763s ]
INFO: [ app_end ] --END-- [ RunTime:0.000826s ]

[ 2016-12-23T22:22:54+08:00 ] 127.0.0.1 /html5-xidian/home.php/Home/index/index.html
INFO: [ app_init ] --START--
INFO: Run Behavior\BuildLiteBehavior [ RunTime:0.000030s ]
INFO: [ app_init ] --END-- [ RunTime:0.000817s ]
INFO: [ app_begin ] --START--
INFO: Run Behavior\ReadHtmlCacheBehavior [ RunTime:0.001145s ]
INFO: [ app_begin ] --END-- [ RunTime:0.001281s ]
SQL: SHOW COLUMNS FROM `public_users` [ RunTime:0.0081s ]
SQL: SHOW COLUMNS FROM `tuisong` [ RunTime:0.0079s ]
SQL: SELECT * FROM `tuisong` ORDER BY id desc LIMIT 3   [ RunTime:0.0006s ]
INFO: [ view_parse ] --START--
INFO: [ template_filter ] --START--
INFO: Run Behavior\ContentReplaceBehavior [ RunTime:0.000129s ]
INFO: [ template_filter ] --END-- [ RunTime:0.000194s ]
INFO: Run Behavior\ParseTemplateBehavior [ RunTime:0.011041s ]
INFO: [ view_parse ] --END-- [ RunTime:0.011124s ]
INFO: [ view_filter ] --START--
INFO: Run Behavior\WriteHtmlCacheBehavior [ RunTime:0.000544s ]
INFO: [ view_filter ] --END-- [ RunTime:0.000604s ]
INFO: [ app_end ] --START--
INFO: Run Behavior\ShowPageTraceBehavior [ RunTime:0.001004s ]
INFO: [ app_end ] --END-- [ RunTime:0.001110s ]

[ 2016-12-23T22:23:50+08:00 ] 127.0.0.1 /html5-xidian/home.php/Home/index/index.html
INFO: [ app_init ] --START--
INFO: Run Behavior\BuildLiteBehavior [ RunTime:0.000018s ]
INFO: [ app_init ] --END-- [ RunTime:0.000598s ]
INFO: [ app_begin ] --START--
INFO: Run Behavior\ReadHtmlCacheBehavior [ RunTime:0.000779s ]
INFO: [ app_begin ] --END-- [ RunTime:0.000842s ]
SQL: SHOW COLUMNS FROM `public_users` [ RunTime:0.0070s ]
SQL: SHOW COLUMNS FROM `tuisong` [ RunTime:0.0067s ]
SQL: SELECT * FROM `tuisong` ORDER BY id desc LIMIT 3   [ RunTime:0.0006s ]
INFO: [ view_parse ] --START--
INFO: [ template_filter ] --START--
INFO: Run Behavior\ContentReplaceBehavior [ RunTime:0.000110s ]
INFO: [ template_filter ] --END-- [ RunTime:0.000177s ]
INFO: Run Behavior\ParseTemplateBehavior [ RunTime:0.012587s ]
INFO: [ view_parse ] --END-- [ RunTime:0.012682s ]
INFO: [ view_filter ] --START--
INFO: Run Behavior\WriteHtmlCacheBehavior [ RunTime:0.000543s ]
INFO: [ view_filter ] --END-- [ RunTime:0.000624s ]
INFO: [ app_end ] --START--
INFO: Run Behavior\ShowPageTraceBehavior [ RunTime:0.000884s ]
INFO: [ app_end ] --END-- [ RunTime:0.000981s ]

[ 2016-12-23T22:24:25+08:00 ] 127.0.0.1 /html5-xidian/home.php/Home/food/addComment
INFO: [ app_init ] --START--
INFO: Run Behavior\BuildLiteBehavior [ RunTime:0.000018s ]
INFO: [ app_init ] --END-- [ RunTime:0.000533s ]
INFO: [ app_begin ] --START--
INFO: Run Behavior\ReadHtmlCacheBehavior [ RunTime:0.000647s ]
INFO: [ app_begin ] --END-- [ RunTime:0.000711s ]
SQL: SHOW COLUMNS FROM `public_users` [ RunTime:0.0065s ]
SQL: SHOW COLUMNS FROM `comment` [ RunTime:0.0091s ]
SQL: INSERT INTO `comment` (`username`,`food_id`,`comment`,`com_time`) VALUES ('ssssss','45','水水水水','2016-12-23') [ RunTime:0.0005s ]
INFO: [ app_end ] --START--
INFO: Run Behavior\ShowPageTraceBehavior [ RunTime:0.000714s ]
INFO: [ app_end ] --END-- [ RunTime:0.000769s ]

[ 2016-12-23T22:24:27+08:00 ] 127.0.0.1 /html5-xidian/home.php/Home/food/content/id/45
INFO: [ app_init ] --START--
INFO: Run Behavior\BuildLiteBehavior [ RunTime:0.000016s ]
INFO: [ app_init ] --END-- [ RunTime:0.000501s ]
INFO: [ app_begin ] --START--
INFO: Run Behavior\ReadHtmlCacheBehavior [ RunTime:0.000622s ]
INFO: [ app_begin ] --END-- [ RunTime:0.000682s ]
SQL: SHOW COLUMNS FROM `public_users` [ RunTime:0.0077s ]
SQL: SHOW COLUMNS FROM `foods` [ RunTime:0.0070s ]
SQL: SELECT * FROM `foods` WHERE `id` = 45 LIMIT 1   [ RunTime:0.0006s ]
SQL: SHOW COLUMNS FROM `mall` [ RunTime:0.0083s ]
SQL: SELECT * FROM `mall` ORDER BY public_time desc  [ RunTime:0.0006s ]
SQL: SHOW COLUMNS FROM `tag_food_relation` [ RunTime:0.0071s ]
SQL: SELECT * FROM `tag_food_relation` WHERE `food_name` = '法式面包'  [ RunTime:0.0005s ]
SQL: SHOW COLUMNS FROM `comment` [ RunTime:0.0067s ]
SQL: SELECT * FROM `comment` WHERE `food_id` = 45  [ RunTime:0.0005s ]
SQL: SELECT * FROM `comment` WHERE `food_id` = 45 ORDER BY id desc LIMIT 0,5   [ RunTime:0.0005s ]
INFO: [ view_parse ] --START--
INFO: [ template_filter ] --START--
INFO: Run Behavior\ContentReplaceBehavior [ RunTime:0.000168s ]
INFO: [ template_filter ] --END-- [ RunTime:0.000235s ]
NOTIC: [8] Undefined index: practice K:\html5\wwwroot\html5-xidian\Application\Runtime\Cache\Home\9e7f3b8699fd931840ddd7d722dfdfde.php 第 204 行.
INFO: Run Behavior\ParseTemplateBehavior [ RunTime:0.014737s ]
INFO: [ view_parse ] --END-- [ RunTime:0.014802s ]
INFO: [ view_filter ] --START--
INFO: Run Behavior\WriteHtmlCacheBehavior [ RunTime:0.000414s ]
INFO: [ view_filter ] --END-- [ RunTime:0.000463s ]
INFO: [ app_end ] --START--
INFO: Run Behavior\ShowPageTraceBehavior [ RunTime:0.000682s ]
INFO: [ app_end ] --END-- [ RunTime:0.000770s ]

[ 2016-12-23T22:24:27+08:00 ] 127.0.0.1 /html5-xidian/home.php/Home/food/content/images/bg.jpg
INFO: [ app_init ] --START--
INFO: Run Behavior\BuildLiteBehavior [ RunTime:0.000029s ]
INFO: [ app_init ] --END-- [ RunTime:0.000650s ]

[ 2016-12-23T22:24:33+08:00 ] 127.0.0.1 /html5-xidian/home.php/Home/food/addComment
INFO: [ app_init ] --START--
INFO: Run Behavior\BuildLiteBehavior [ RunTime:0.000016s ]
INFO: [ app_init ] --END-- [ RunTime:0.000550s ]
INFO: [ app_begin ] --START--
INFO: Run Behavior\ReadHtmlCacheBehavior [ RunTime:0.001011s ]
INFO: [ app_begin ] --END-- [ RunTime:0.001087s ]
SQL: SHOW COLUMNS FROM `public_users` [ RunTime:0.0123s ]
SQL: SHOW COLUMNS FROM `comment` [ RunTime:0.0099s ]
SQL: INSERT INTO `comment` (`username`,`food_id`,`comment`,`com_time`) VALUES ('ssssss','45','@ssssss 上岁数','2016-12-23') [ RunTime:0.0008s ]
INFO: [ app_end ] --START--
INFO: Run Behavior\ShowPageTraceBehavior [ RunTime:0.001158s ]
INFO: [ app_end ] --END-- [ RunTime:0.001270s ]

[ 2016-12-23T22:24:35+08:00 ] 127.0.0.1 /html5-xidian/home.php/Home/food/content/id/45
INFO: [ app_init ] --START--
INFO: Run Behavior\BuildLiteBehavior [ RunTime:0.000015s ]
INFO: [ app_init ] --END-- [ RunTime:0.000445s ]
INFO: [ app_begin ] --START--
INFO: Run Behavior\ReadHtmlCacheBehavior [ RunTime:0.000625s ]
INFO: [ app_begin ] --END-- [ RunTime:0.000685s ]
SQL: SHOW COLUMNS FROM `public_users` [ RunTime:0.0066s ]
SQL: SHOW COLUMNS FROM `foods` [ RunTime:0.0065s ]
SQL: SELECT * FROM `foods` WHERE `id` = 45 LIMIT 1   [ RunTime:0.0006s ]
SQL: SHOW COLUMNS FROM `mall` [ RunTime:0.0061s ]
SQL: SELECT * FROM `mall` ORDER BY public_time desc  [ RunTime:0.0006s ]
SQL: SHOW COLUMNS FROM `tag_food_relation` [ RunTime:0.0077s ]
SQL: SELECT * FROM `tag_food_relation` WHERE `food_name` = '法式面包'  [ RunTime:0.0005s ]
SQL: SHOW COLUMNS FROM `comment` [ RunTime:0.0062s ]
SQL: SELECT * FROM `comment` WHERE `food_id` = 45  [ RunTime:0.0005s ]
SQL: SELECT * FROM `comment` WHERE `food_id` = 45 ORDER BY id desc LIMIT 0,5   [ RunTime:0.0005s ]
INFO: [ view_parse ] --START--
INFO: [ template_filter ] --START--
INFO: Run Behavior\ContentReplaceBehavior [ RunTime:0.000223s ]
INFO: [ template_filter ] --END-- [ RunTime:0.000352s ]
NOTIC: [8] Undefined index: practice K:\html5\wwwroot\html5-xidian\Application\Runtime\Cache\Home\9e7f3b8699fd931840ddd7d722dfdfde.php 第 204 行.
INFO: Run Behavior\ParseTemplateBehavior [ RunTime:0.017485s ]
INFO: [ view_parse ] --END-- [ RunTime:0.017589s ]
INFO: [ view_filter ] --START--
INFO: Run Behavior\WriteHtmlCacheBehavior [ RunTime:0.000711s ]
INFO: [ view_filter ] --END-- [ RunTime:0.000816s ]
INFO: [ app_end ] --START--
INFO: Run Behavior\ShowPageTraceBehavior [ RunTime:0.001077s ]
INFO: [ app_end ] --END-- [ RunTime:0.001218s ]

[ 2016-12-23T22:24:35+08:00 ] 127.0.0.1 /html5-xidian/home.php/Home/food/content/images/bg.jpg
INFO: [ app_init ] --START--
INFO: Run Behavior\BuildLiteBehavior [ RunTime:0.000024s ]
INFO: [ app_init ] --END-- [ RunTime:0.000668s ]

[ 2016-12-23T22:26:59+08:00 ] 127.0.0.1 /html5-xidian/home.php
INFO: [ app_init ] --START--
INFO: Run Behavior\BuildLiteBehavior [ RunTime:0.000017s ]
INFO: [ app_init ] --END-- [ RunTime:0.000473s ]
INFO: [ app_begin ] --START--
INFO: Run Behavior\ReadHtmlCacheBehavior [ RunTime:0.000682s ]
INFO: [ app_begin ] --END-- [ RunTime:0.000745s ]
SQL: SHOW COLUMNS FROM `public_users` [ RunTime:0.0077s ]
SQL: SHOW COLUMNS FROM `tuisong` [ RunTime:0.0084s ]
SQL: SELECT * FROM `tuisong` ORDER BY id desc LIMIT 3   [ RunTime:0.0006s ]
INFO: [ view_parse ] --START--
INFO: [ template_filter ] --START--
INFO: Run Behavior\ContentReplaceBehavior [ RunTime:0.000118s ]
INFO: [ template_filter ] --END-- [ RunTime:0.000192s ]
INFO: Run Behavior\ParseTemplateBehavior [ RunTime:0.026236s ]
INFO: [ view_parse ] --END-- [ RunTime:0.026325s ]
INFO: [ view_filter ] --START--
INFO: Run Behavior\WriteHtmlCacheBehavior [ RunTime:0.000444s ]
INFO: [ view_filter ] --END-- [ RunTime:0.000499s ]
INFO: [ app_end ] --START--
INFO: Run Behavior\ShowPageTraceBehavior [ RunTime:0.001134s ]
INFO: [ app_end ] --END-- [ RunTime:0.001234s ]

