[ 2016-12-18T17:47:44+08:00 ] 127.0.0.1 /html5-xidian/index.php
INFO: [ app_init ] --START--
INFO: Run Behavior\BuildLiteBehavior [ RunTime:0.000016s ]
INFO: [ app_init ] --END-- [ RunTime:0.000476s ]
INFO: [ app_begin ] --START--
INFO: Run Behavior\ReadHtmlCacheBehavior [ RunTime:0.000649s ]
INFO: [ app_begin ] --END-- [ RunTime:0.000707s ]
INFO: [ view_parse ] --START--
INFO: [ template_filter ] --START--
INFO: Run Behavior\ContentReplaceBehavior [ RunTime:0.000049s ]
INFO: [ template_filter ] --END-- [ RunTime:0.000118s ]
INFO: Run Behavior\ParseTemplateBehavior [ RunTime:0.024046s ]
INFO: [ view_parse ] --END-- [ RunTime:0.024130s ]
INFO: [ view_filter ] --START--
INFO: Run Behavior\WriteHtmlCacheBehavior [ RunTime:0.000791s ]
INFO: [ view_filter ] --END-- [ RunTime:0.000854s ]

[ 2016-12-18T17:47:45+08:00 ] 127.0.0.1 /html5-xidian/index.php/Admin/login/index.html
INFO: [ app_init ] --START--
INFO: Run Behavior\BuildLiteBehavior [ RunTime:0.000016s ]
INFO: [ app_init ] --END-- [ RunTime:0.000431s ]
INFO: [ app_begin ] --START--
INFO: Run Behavior\ReadHtmlCacheBehavior [ RunTime:0.000551s ]
INFO: [ app_begin ] --END-- [ RunTime:0.000610s ]
INFO: [ view_parse ] --START--
INFO: [ template_filter ] --START--
INFO: Run Behavior\ContentReplaceBehavior [ RunTime:0.000060s ]
INFO: [ template_filter ] --END-- [ RunTime:0.000134s ]
INFO: Run Behavior\ParseTemplateBehavior [ RunTime:0.053242s ]
INFO: [ view_parse ] --END-- [ RunTime:0.053327s ]
INFO: [ view_filter ] --START--
INFO: Run Behavior\WriteHtmlCacheBehavior [ RunTime:0.000391s ]
INFO: [ view_filter ] --END-- [ RunTime:0.000443s ]
INFO: [ app_end ] --START--
INFO: Run Behavior\ShowPageTraceBehavior [ RunTime:0.000670s ]
INFO: [ app_end ] --END-- [ RunTime:0.000724s ]

[ 2016-12-18T17:47:47+08:00 ] 127.0.0.1 /html5-xidian/index.php/Admin/login/login
INFO: [ app_init ] --START--
INFO: Run Behavior\BuildLiteBehavior [ RunTime:0.000018s ]
INFO: [ app_init ] --END-- [ RunTime:0.000576s ]
INFO: [ app_begin ] --START--
INFO: Run Behavior\ReadHtmlCacheBehavior [ RunTime:0.000582s ]
INFO: [ app_begin ] --END-- [ RunTime:0.000641s ]
SQL: SHOW COLUMNS FROM `admin_users` [ RunTime:0.0361s ]
SQL: SELECT * FROM `admin_users` WHERE `username` = 'ssssss' LIMIT 1   [ RunTime:0.0131s ]
SQL: UPDATE `admin_users` SET `last_login_time`='2016-12-18 17-47-47' WHERE `username` = 'ssssss' [ RunTime:0.0094s ]

[ 2016-12-18T17:47:48+08:00 ] 127.0.0.1 /html5-xidian/index.php/Admin/index/index.html
INFO: [ app_init ] --START--
INFO: Run Behavior\BuildLiteBehavior [ RunTime:0.000014s ]
INFO: [ app_init ] --END-- [ RunTime:0.000486s ]
INFO: [ app_begin ] --START--
INFO: Run Behavior\ReadHtmlCacheBehavior [ RunTime:0.000595s ]
INFO: [ app_begin ] --END-- [ RunTime:0.000652s ]
SQL: SHOW COLUMNS FROM `admin_users` [ RunTime:0.0058s ]
INFO: [ view_parse ] --START--
INFO: [ template_filter ] --START--
INFO: Run Behavior\ContentReplaceBehavior [ RunTime:0.000117s ]
INFO: [ template_filter ] --END-- [ RunTime:0.000187s ]
INFO: Run Behavior\ParseTemplateBehavior [ RunTime:0.045979s ]
INFO: [ view_parse ] --END-- [ RunTime:0.046045s ]
INFO: [ view_filter ] --START--
INFO: Run Behavior\WriteHtmlCacheBehavior [ RunTime:0.000365s ]
INFO: [ view_filter ] --END-- [ RunTime:0.000416s ]
INFO: [ app_end ] --START--
INFO: Run Behavior\ShowPageTraceBehavior [ RunTime:0.000718s ]
INFO: [ app_end ] --END-- [ RunTime:0.000792s ]

[ 2016-12-18T17:47:54+08:00 ] 127.0.0.1 /html5-xidian/index.php/Admin/public/index.html
INFO: [ app_init ] --START--
INFO: Run Behavior\BuildLiteBehavior [ RunTime:0.000015s ]
INFO: [ app_init ] --END-- [ RunTime:0.000475s ]
INFO: [ app_begin ] --START--
INFO: Run Behavior\ReadHtmlCacheBehavior [ RunTime:0.000932s ]
INFO: [ app_begin ] --END-- [ RunTime:0.001032s ]
SQL: SHOW COLUMNS FROM `admin_users` [ RunTime:0.0045s ]
SQL: SHOW COLUMNS FROM `tuisong` [ RunTime:0.0047s ]
SQL: SELECT COUNT(*) AS tp_count FROM `tuisong` LIMIT 1   [ RunTime:0.0004s ]
SQL: SELECT * FROM `tuisong` ORDER BY id desc LIMIT 0,8   [ RunTime:0.0005s ]
INFO: [ view_parse ] --START--
INFO: [ template_filter ] --START--
INFO: Run Behavior\ContentReplaceBehavior [ RunTime:0.000097s ]
INFO: [ template_filter ] --END-- [ RunTime:0.000168s ]
NOTIC: [8] Undefined index: classify K:\html5\wwwroot\html5-xidian\Application\Runtime\Cache\Admin\e11ea70e85386b2ec23f41c470679e96.php 第 198 行.
NOTIC: [8] Undefined index: classify K:\html5\wwwroot\html5-xidian\Application\Runtime\Cache\Admin\e11ea70e85386b2ec23f41c470679e96.php 第 198 行.
NOTIC: [8] Undefined index: classify K:\html5\wwwroot\html5-xidian\Application\Runtime\Cache\Admin\e11ea70e85386b2ec23f41c470679e96.php 第 198 行.
INFO: Run Behavior\ParseTemplateBehavior [ RunTime:0.037459s ]
INFO: [ view_parse ] --END-- [ RunTime:0.037531s ]
INFO: [ view_filter ] --START--
INFO: Run Behavior\WriteHtmlCacheBehavior [ RunTime:0.000372s ]
INFO: [ view_filter ] --END-- [ RunTime:0.000424s ]
INFO: [ app_end ] --START--
INFO: Run Behavior\ShowPageTraceBehavior [ RunTime:0.000805s ]
INFO: [ app_end ] --END-- [ RunTime:0.000902s ]

[ 2016-12-18T17:48:01+08:00 ] 127.0.0.1 /html5-xidian/index.php/Admin/public/edit/id/2
INFO: [ app_init ] --START--
INFO: Run Behavior\BuildLiteBehavior [ RunTime:0.000014s ]
INFO: [ app_init ] --END-- [ RunTime:0.000440s ]
INFO: [ app_begin ] --START--
INFO: Run Behavior\ReadHtmlCacheBehavior [ RunTime:0.000580s ]
INFO: [ app_begin ] --END-- [ RunTime:0.000637s ]
SQL: SHOW COLUMNS FROM `admin_users` [ RunTime:0.0048s ]
SQL: SHOW COLUMNS FROM `tuisong` [ RunTime:0.0044s ]
SQL: SHOW COLUMNS FROM `tags` [ RunTime:0.0759s ]
SQL: SELECT * FROM `tuisong` WHERE `id` = 2 LIMIT 1   [ RunTime:0.0910s ]
SQL: SELECT * FROM `tags`  [ RunTime:0.0005s ]
ERR: 模板不存在:./Application/Admin/View/Public/edit.html

[ 2016-12-18T17:48:11+08:00 ] 127.0.0.1 /html5-xidian/index.php/Admin/public/add.html
INFO: [ app_init ] --START--
INFO: Run Behavior\BuildLiteBehavior [ RunTime:0.000015s ]
INFO: [ app_init ] --END-- [ RunTime:0.000466s ]
INFO: [ app_begin ] --START--
INFO: Run Behavior\ReadHtmlCacheBehavior [ RunTime:0.000642s ]
INFO: [ app_begin ] --END-- [ RunTime:0.000711s ]
SQL: SHOW COLUMNS FROM `admin_users` [ RunTime:0.0047s ]
SQL: SHOW COLUMNS FROM `tags` [ RunTime:0.0041s ]
SQL: SELECT * FROM `tags`  [ RunTime:0.0004s ]
INFO: [ view_parse ] --START--
INFO: [ template_filter ] --START--
INFO: Run Behavior\ContentReplaceBehavior [ RunTime:0.000093s ]
INFO: [ template_filter ] --END-- [ RunTime:0.000195s ]
INFO: Run Behavior\ParseTemplateBehavior [ RunTime:0.080325s ]
INFO: [ view_parse ] --END-- [ RunTime:0.080419s ]
INFO: [ view_filter ] --START--
INFO: Run Behavior\WriteHtmlCacheBehavior [ RunTime:0.000670s ]
INFO: [ view_filter ] --END-- [ RunTime:0.000785s ]
INFO: [ app_end ] --START--
INFO: Run Behavior\ShowPageTraceBehavior [ RunTime:0.001067s ]
INFO: [ app_end ] --END-- [ RunTime:0.001185s ]

[ 2016-12-18T17:48:26+08:00 ] 127.0.0.1 /html5-xidian/index.php/Admin/public/store.html
INFO: [ app_init ] --START--
INFO: Run Behavior\BuildLiteBehavior [ RunTime:0.000018s ]
INFO: [ app_init ] --END-- [ RunTime:0.000607s ]
INFO: [ app_begin ] --START--
INFO: Run Behavior\ReadHtmlCacheBehavior [ RunTime:0.000764s ]
INFO: [ app_begin ] --END-- [ RunTime:0.000839s ]
SQL: SHOW COLUMNS FROM `admin_users` [ RunTime:0.0057s ]
SQL: SHOW COLUMNS FROM `tuisong` [ RunTime:0.0049s ]
NOTIC: [2] call_user_func() expects parameter 1 to be a valid callback, no array or string given K:\html5\wwwroot\html5-xidian\thinkphp\Library\Think\Upload.class.php 第 170 行.
NOTIC: [8] Undefined index: validate K:\html5\wwwroot\html5-xidian\thinkphp\Library\Think\Model.class.php 第 1185 行.
NOTIC: [8] Undefined index: auto K:\html5\wwwroot\html5-xidian\thinkphp\Library\Think\Model.class.php 第 1128 行.
NOTIC: [8] Undefined index: validate K:\html5\wwwroot\html5-xidian\thinkphp\Library\Think\Model.class.php 第 1185 行.
NOTIC: [8] Undefined index: auto K:\html5\wwwroot\html5-xidian\thinkphp\Library\Think\Model.class.php 第 1128 行.
SQL: INSERT INTO `tuisong` (`name`,`img`,`food_public_time`) VALUES ('aa ','../Public/uploads/2016-12-18/58565b6a8241d.jpg','2016-12-18') [ RunTime:0.0006s ]

[ 2016-12-18T17:48:27+08:00 ] 127.0.0.1 /html5-xidian/index.php/Admin/public/index.html
INFO: [ app_init ] --START--
INFO: Run Behavior\BuildLiteBehavior [ RunTime:0.000015s ]
INFO: [ app_init ] --END-- [ RunTime:0.000488s ]
INFO: [ app_begin ] --START--
INFO: Run Behavior\ReadHtmlCacheBehavior [ RunTime:0.000802s ]
INFO: [ app_begin ] --END-- [ RunTime:0.000861s ]
SQL: SHOW COLUMNS FROM `admin_users` [ RunTime:0.0049s ]
SQL: SHOW COLUMNS FROM `tuisong` [ RunTime:0.0073s ]
SQL: SELECT COUNT(*) AS tp_count FROM `tuisong` LIMIT 1   [ RunTime:0.0004s ]
SQL: SELECT * FROM `tuisong` ORDER BY id desc LIMIT 0,8   [ RunTime:0.0005s ]
INFO: [ view_parse ] --START--
INFO: [ template_filter ] --START--
INFO: Run Behavior\ContentReplaceBehavior [ RunTime:0.000109s ]
INFO: [ template_filter ] --END-- [ RunTime:0.000180s ]
NOTIC: [8] Undefined index: classify K:\html5\wwwroot\html5-xidian\Application\Runtime\Cache\Admin\e11ea70e85386b2ec23f41c470679e96.php 第 198 行.
NOTIC: [8] Undefined index: classify K:\html5\wwwroot\html5-xidian\Application\Runtime\Cache\Admin\e11ea70e85386b2ec23f41c470679e96.php 第 198 行.
NOTIC: [8] Undefined index: classify K:\html5\wwwroot\html5-xidian\Application\Runtime\Cache\Admin\e11ea70e85386b2ec23f41c470679e96.php 第 198 行.
NOTIC: [8] Undefined index: classify K:\html5\wwwroot\html5-xidian\Application\Runtime\Cache\Admin\e11ea70e85386b2ec23f41c470679e96.php 第 198 行.
INFO: Run Behavior\ParseTemplateBehavior [ RunTime:0.018135s ]
INFO: [ view_parse ] --END-- [ RunTime:0.018199s ]
INFO: [ view_filter ] --START--
INFO: Run Behavior\WriteHtmlCacheBehavior [ RunTime:0.000589s ]
INFO: [ view_filter ] --END-- [ RunTime:0.000640s ]
INFO: [ app_end ] --START--
INFO: Run Behavior\ShowPageTraceBehavior [ RunTime:0.001276s ]
INFO: [ app_end ] --END-- [ RunTime:0.001375s ]

[ 2016-12-18T17:49:17+08:00 ] 127.0.0.1 /html5-xidian/index.php/Admin/public/del/id/5
INFO: [ app_init ] --START--
INFO: Run Behavior\BuildLiteBehavior [ RunTime:0.000017s ]
INFO: [ app_init ] --END-- [ RunTime:0.000548s ]
INFO: [ app_begin ] --START--
INFO: Run Behavior\ReadHtmlCacheBehavior [ RunTime:0.000832s ]
INFO: [ app_begin ] --END-- [ RunTime:0.000893s ]
SQL: SHOW COLUMNS FROM `admin_users` [ RunTime:0.0051s ]
SQL: SHOW COLUMNS FROM `tuisong` [ RunTime:0.0045s ]
SQL: DELETE FROM `tuisong` WHERE `id` = 5 [ RunTime:0.0005s ]

[ 2016-12-18T17:49:18+08:00 ] 127.0.0.1 /html5-xidian/index.php/Admin/public/index.html
INFO: [ app_init ] --START--
INFO: Run Behavior\BuildLiteBehavior [ RunTime:0.000019s ]
INFO: [ app_init ] --END-- [ RunTime:0.000549s ]
INFO: [ app_begin ] --START--
INFO: Run Behavior\ReadHtmlCacheBehavior [ RunTime:0.000836s ]
INFO: [ app_begin ] --END-- [ RunTime:0.000896s ]
SQL: SHOW COLUMNS FROM `admin_users` [ RunTime:0.0049s ]
SQL: SHOW COLUMNS FROM `tuisong` [ RunTime:0.0047s ]
SQL: SELECT COUNT(*) AS tp_count FROM `tuisong` LIMIT 1   [ RunTime:0.0004s ]
SQL: SELECT * FROM `tuisong` ORDER BY id desc LIMIT 0,8   [ RunTime:0.0006s ]
INFO: [ view_parse ] --START--
INFO: [ template_filter ] --START--
INFO: Run Behavior\ContentReplaceBehavior [ RunTime:0.000164s ]
INFO: [ template_filter ] --END-- [ RunTime:0.000294s ]
NOTIC: [8] Undefined index: classify K:\html5\wwwroot\html5-xidian\Application\Runtime\Cache\Admin\e11ea70e85386b2ec23f41c470679e96.php 第 198 行.
NOTIC: [8] Undefined index: classify K:\html5\wwwroot\html5-xidian\Application\Runtime\Cache\Admin\e11ea70e85386b2ec23f41c470679e96.php 第 198 行.
NOTIC: [8] Undefined index: classify K:\html5\wwwroot\html5-xidian\Application\Runtime\Cache\Admin\e11ea70e85386b2ec23f41c470679e96.php 第 198 行.
INFO: Run Behavior\ParseTemplateBehavior [ RunTime:0.012975s ]
INFO: [ view_parse ] --END-- [ RunTime:0.013046s ]
INFO: [ view_filter ] --START--
INFO: Run Behavior\WriteHtmlCacheBehavior [ RunTime:0.000600s ]
INFO: [ view_filter ] --END-- [ RunTime:0.000663s ]
INFO: [ app_end ] --START--
INFO: Run Behavior\ShowPageTraceBehavior [ RunTime:0.001287s ]
INFO: [ app_end ] --END-- [ RunTime:0.001408s ]

